2022-06-22 00:23:55.303 {d49ff1ed5eaffa160ce8cf25b50a5015} 200 "POST http localhost:8201 /api/v1/system/login HTTP/1.1" 0.022, ::1, "http://192.168.0.195:8888/", "Mozilla/5.0 (Windows NT 10.0; Win64; x64) AppleWebKit/537.36 (KHTML, like Gecko) Chrome/102.0.5005.124 Safari/537.36 Edg/102.0.1245.44", -1, "", ""
Stack:
1. 验证码输入错误
   1).  iotfast/internal/app/system/controller.(*loginController).Login
    	G:/OCM/private/iotfast/internal/app/system/controller/sys_login.go:44
   2).  reflect.Value.call
    	D:/Go/src/reflect/value.go:556
   3).  reflect.Value.Call
    	D:/Go/src/reflect/value.go:339
   4).  github.com/gogf/gf/v2/net/ghttp.(*middleware).callHandlerFunc.func1
    	C:/Users/Administrator/go/pkg/mod/github.com/gogf/gf/v2@v2.0.6/net/ghttp/ghttp_request_middleware.go:151
   5).  github.com/gogf/gf/v2/net/ghttp.niceCallFunc
    	C:/Users/Administrator/go/pkg/mod/github.com/gogf/gf/v2@v2.0.6/net/ghttp/ghttp_func.go:56
   6).  github.com/gogf/gf/v2/net/ghttp.(*middleware).callHandlerFunc
    	C:/Users/Administrator/go/pkg/mod/github.com/gogf/gf/v2@v2.0.6/net/ghttp/ghttp_request_middleware.go:128
   7).  github.com/gogf/gf/v2/net/ghttp.(*middleware).Next.func1
    	C:/Users/Administrator/go/pkg/mod/github.com/gogf/gf/v2@v2.0.6/net/ghttp/ghttp_request_middleware.go:74
   8).  github.com/gogf/gf/v2/util/gutil.TryCatch
    	C:/Users/Administrator/go/pkg/mod/github.com/gogf/gf/v2@v2.0.6/util/gutil/gutil.go:55
   9).  github.com/gogf/gf/v2/net/ghttp.(*middleware).Next
    	C:/Users/Administrator/go/pkg/mod/github.com/gogf/gf/v2@v2.0.6/net/ghttp/ghttp_request_middleware.go:48
   10). iotfast/internal/app/common/service.(*middlewareImpl).MiddlewareCORS
    	G:/OCM/private/iotfast/internal/app/common/service/middleware.go:29
   11). github.com/gogf/gf/v2/net/ghttp.(*middleware).Next.func1.1
    	C:/Users/Administrator/go/pkg/mod/github.com/gogf/gf/v2@v2.0.6/net/ghttp/ghttp_request_middleware.go:54
   12). github.com/gogf/gf/v2/net/ghttp.niceCallFunc
    	C:/Users/Administrator/go/pkg/mod/github.com/gogf/gf/v2@v2.0.6/net/ghttp/ghttp_func.go:56
   13). github.com/gogf/gf/v2/net/ghttp.(*middleware).Next.func1
    	C:/Users/Administrator/go/pkg/mod/github.com/gogf/gf/v2@v2.0.6/net/ghttp/ghttp_request_middleware.go:53
   14). github.com/gogf/gf/v2/util/gutil.TryCatch
    	C:/Users/Administrator/go/pkg/mod/github.com/gogf/gf/v2@v2.0.6/util/gutil/gutil.go:55
   15). github.com/gogf/gf/v2/net/ghttp.(*middleware).Next
    	C:/Users/Administrator/go/pkg/mod/github.com/gogf/gf/v2@v2.0.6/net/ghttp/ghttp_request_middleware.go:48
   16). github.com/gogf/gf/v2/net/ghttp.MiddlewareHandlerResponse
    	C:/Users/Administrator/go/pkg/mod/github.com/gogf/gf/v2@v2.0.6/net/ghttp/ghttp_middleware_handler_response.go:26
   17). github.com/gogf/gf/v2/net/ghttp.(*middleware).Next.func1.1
    	C:/Users/Administrator/go/pkg/mod/github.com/gogf/gf/v2@v2.0.6/net/ghttp/ghttp_request_middleware.go:54
   18). github.com/gogf/gf/v2/net/ghttp.niceCallFunc
    	C:/Users/Administrator/go/pkg/mod/github.com/gogf/gf/v2@v2.0.6/net/ghttp/ghttp_func.go:56
   19). github.com/gogf/gf/v2/net/ghttp.(*middleware).Next.func1
    	C:/Users/Administrator/go/pkg/mod/github.com/gogf/gf/v2@v2.0.6/net/ghttp/ghttp_request_middleware.go:53
   20). github.com/gogf/gf/v2/util/gutil.TryCatch
    	C:/Users/Administrator/go/pkg/mod/github.com/gogf/gf/v2@v2.0.6/util/gutil/gutil.go:55
   21). github.com/gogf/gf/v2/net/ghttp.(*middleware).Next
    	C:/Users/Administrator/go/pkg/mod/github.com/gogf/gf/v2@v2.0.6/net/ghttp/ghttp_request_middleware.go:48
   22). github.com/gogf/gf/v2/net/ghttp.internalMiddlewareServerTracing
    	C:/Users/Administrator/go/pkg/mod/github.com/gogf/gf/v2@v2.0.6/net/ghttp/ghttp_middleware_tracing.go:78
   23). github.com/gogf/gf/v2/net/ghttp.(*middleware).Next.func1.5
    	C:/Users/Administrator/go/pkg/mod/github.com/gogf/gf/v2@v2.0.6/net/ghttp/ghttp_request_middleware.go:95
   24). github.com/gogf/gf/v2/net/ghttp.niceCallFunc
    	C:/Users/Administrator/go/pkg/mod/github.com/gogf/gf/v2@v2.0.6/net/ghttp/ghttp_func.go:56
   25). github.com/gogf/gf/v2/net/ghttp.(*middleware).Next.func1
    	C:/Users/Administrator/go/pkg/mod/github.com/gogf/gf/v2@v2.0.6/net/ghttp/ghttp_request_middleware.go:94
   26). github.com/gogf/gf/v2/util/gutil.TryCatch
    	C:/Users/Administrator/go/pkg/mod/github.com/gogf/gf/v2@v2.0.6/util/gutil/gutil.go:55
   27). github.com/gogf/gf/v2/net/ghttp.(*middleware).Next
    	C:/Users/Administrator/go/pkg/mod/github.com/gogf/gf/v2@v2.0.6/net/ghttp/ghttp_request_middleware.go:48
   28). github.com/gogf/gf/v2/net/ghttp.(*Server).ServeHTTP
    	C:/Users/Administrator/go/pkg/mod/github.com/gogf/gf/v2@v2.0.6/net/ghttp/ghttp_server_handler.go:121
   29). net/http.HandlerFunc.ServeHTTP
    	D:/Go/src/net/http/server.go:2084
   30). net/http.serverHandler.ServeHTTP
    	D:/Go/src/net/http/server.go:2916
   31). net/http.(*conn).serve
    	D:/Go/src/net/http/server.go:1966
   32). runtime.goexit
    	D:/Go/src/runtime/asm_amd64.s:1571
 
2022-06-22 00:45:47.240 {4478716190b0fa1630e8cf250b7d941b} 200 "PUT http localhost:8201 /api/v1/system/gen/edit HTTP/1.1" 0.072, ::1, "http://192.168.0.195:8888/", "Mozilla/5.0 (Windows NT 10.0; Win64; x64) AppleWebKit/537.36 (KHTML, like Gecko) Chrome/102.0.5005.124 Safari/537.36 Edg/102.0.1245.44", 51, "Validation Failed", ""
Stack:
主键ID不能为空 
2022-06-22 00:46:14.824 {e09daace96b0fa1632e8cf25ed4bfd1e} 200 "PUT http localhost:8201 /api/v1/system/gen/edit HTTP/1.1" 0.055, ::1, "http://192.168.0.195:8888/", "Mozilla/5.0 (Windows NT 10.0; Win64; x64) AppleWebKit/537.36 (KHTML, like Gecko) Chrome/102.0.5005.124 Safari/537.36 Edg/102.0.1245.44", 51, "Validation Failed", ""
Stack:
主键ID不能为空 
2022-06-22 01:03:19.385 {7448e85d85b1fa1654e8cf25b50278c4} 200 "PUT http localhost:8201 /api/v1/system/gen/edit HTTP/1.1" 0.010, ::1, "http://192.168.0.195:8888/", "Mozilla/5.0 (Windows NT 10.0; Win64; x64) AppleWebKit/537.36 (KHTML, like Gecko) Chrome/102.0.5005.124 Safari/537.36 Edg/102.0.1245.44", 51, "Validation Failed", ""
Stack:
主键ID不能为空 
2022-06-22 01:03:28.067 {a010606387b1fa1656e8cf25cf0ba561} 200 "PUT http localhost:8201 /api/v1/system/gen/edit HTTP/1.1" 0.009, ::1, "http://192.168.0.195:8888/", "Mozilla/5.0 (Windows NT 10.0; Win64; x64) AppleWebKit/537.36 (KHTML, like Gecko) Chrome/102.0.5005.124 Safari/537.36 Edg/102.0.1245.44", 51, "Validation Failed", ""
Stack:
主键ID不能为空 
2022-06-22 01:32:02.350 {dcc73e8316b3fa167ee8cf257630c054} 200 "PUT http localhost:8201 /api/v1/system/gen/edit HTTP/1.1" 0.066, ::1, "http://192.168.0.195:8888/", "Mozilla/5.0 (Windows NT 10.0; Win64; x64) AppleWebKit/537.36 (KHTML, like Gecko) Chrome/102.0.5005.124 Safari/537.36 Edg/102.0.1245.44", 51, "Validation Failed", ""
Stack:
主键ID不能为空 
2022-06-22 01:46:15.580 {10c7d028ddb3fa1680e8cf256c04fb8c} 200 "PUT http localhost:8201 /api/v1/system/gen/edit HTTP/1.1" 0.115, ::1, "http://192.168.0.195:8888/", "Mozilla/5.0 (Windows NT 10.0; Win64; x64) AppleWebKit/537.36 (KHTML, like Gecko) Chrome/102.0.5005.124 Safari/537.36 Edg/102.0.1245.44", 51, "Validation Failed", ""
Stack:
主键ID不能为空 
2022-06-22 01:49:22.230 {c0145aa308b4fa1692e8cf252b136a02} 200 "PUT http localhost:8201 /api/v1/system/gen/edit HTTP/1.1" 0.025, ::1, "http://192.168.0.195:8888/", "Mozilla/5.0 (Windows NT 10.0; Win64; x64) AppleWebKit/537.36 (KHTML, like Gecko) Chrome/102.0.5005.124 Safari/537.36 Edg/102.0.1245.44", 51, "Validation Failed", ""
Stack:
主键ID不能为空 
2022-06-22 01:50:17.126 {90fb306315b4fa169ce8cf255a0aa520} 500 "PUT http localhost:8201 /api/v1/system/gen/edit HTTP/1.1" 0.161, ::1, "http://192.168.0.195:8888/", "Mozilla/5.0 (Windows NT 10.0; Win64; x64) AppleWebKit/537.36 (KHTML, like Gecko) Chrome/102.0.5005.124 Safari/537.36 Edg/102.0.1245.44", -1, "", ""
Stack:
1. invalid object kind "func", kind of "struct" is required
   1).  github.com/gogf/gf/v2/os/gstructs.StructType
    	C:/Users/Administrator/go/pkg/mod/github.com/gogf/gf/v2@v2.0.6/os/gstructs/gstructs_type.go:52
   2).  github.com/gogf/gf/v2/database/gdb.getTableNameFromOrmTag
    	C:/Users/Administrator/go/pkg/mod/github.com/gogf/gf/v2@v2.0.6/database/gdb/gdb_func.go:114
   3).  github.com/gogf/gf/v2/database/gdb.(*Core).Model
    	C:/Users/Administrator/go/pkg/mod/github.com/gogf/gf/v2@v2.0.6/database/gdb/gdb_model.go:124
   4).  github.com/gogf/gf/v2/database/gdb.(*TX).Model
    	C:/Users/Administrator/go/pkg/mod/github.com/gogf/gf/v2@v2.0.6/database/gdb/gdb_model.go:186
   5).  iotfast/internal/app/system/service.(*sysGenTableImpl).SaveEdit
    	G:/OCM/private/iotfast/internal/app/system/service/sys_gen_table.go:417
   6).  iotfast/internal/app/system/controller.(*genTableController).Edit
    	G:/OCM/private/iotfast/internal/app/system/controller/gen_table.go:98
   7).  reflect.Value.call
    	D:/Go/src/reflect/value.go:556
   8).  reflect.Value.Call
    	D:/Go/src/reflect/value.go:339
   9).  github.com/gogf/gf/v2/net/ghttp.(*middleware).callHandlerFunc.func1
    	C:/Users/Administrator/go/pkg/mod/github.com/gogf/gf/v2@v2.0.6/net/ghttp/ghttp_request_middleware.go:151
   10). github.com/gogf/gf/v2/net/ghttp.niceCallFunc
    	C:/Users/Administrator/go/pkg/mod/github.com/gogf/gf/v2@v2.0.6/net/ghttp/ghttp_func.go:56
   11). github.com/gogf/gf/v2/net/ghttp.(*middleware).callHandlerFunc
    	C:/Users/Administrator/go/pkg/mod/github.com/gogf/gf/v2@v2.0.6/net/ghttp/ghttp_request_middleware.go:128
   12). github.com/gogf/gf/v2/net/ghttp.(*middleware).Next.func1
    	C:/Users/Administrator/go/pkg/mod/github.com/gogf/gf/v2@v2.0.6/net/ghttp/ghttp_request_middleware.go:74
   13). github.com/gogf/gf/v2/util/gutil.TryCatch
    	C:/Users/Administrator/go/pkg/mod/github.com/gogf/gf/v2@v2.0.6/util/gutil/gutil.go:55
   14). github.com/gogf/gf/v2/net/ghttp.(*middleware).Next
    	C:/Users/Administrator/go/pkg/mod/github.com/gogf/gf/v2@v2.0.6/net/ghttp/ghttp_request_middleware.go:48
   15). iotfast/internal/app/system/service.(*middlewareImpl).Auth
    	G:/OCM/private/iotfast/internal/app/system/service/middleware.go:81
   16). github.com/gogf/gf/v2/net/ghttp.(*middleware).Next.func1.1
    	C:/Users/Administrator/go/pkg/mod/github.com/gogf/gf/v2@v2.0.6/net/ghttp/ghttp_request_middleware.go:54
   17). github.com/gogf/gf/v2/net/ghttp.niceCallFunc
    	C:/Users/Administrator/go/pkg/mod/github.com/gogf/gf/v2@v2.0.6/net/ghttp/ghttp_func.go:56
   18). github.com/gogf/gf/v2/net/ghttp.(*middleware).Next.func1
    	C:/Users/Administrator/go/pkg/mod/github.com/gogf/gf/v2@v2.0.6/net/ghttp/ghttp_request_middleware.go:53
   19). github.com/gogf/gf/v2/util/gutil.TryCatch
    	C:/Users/Administrator/go/pkg/mod/github.com/gogf/gf/v2@v2.0.6/util/gutil/gutil.go:55
   20). github.com/gogf/gf/v2/net/ghttp.(*middleware).Next
    	C:/Users/Administrator/go/pkg/mod/github.com/gogf/gf/v2@v2.0.6/net/ghttp/ghttp_request_middleware.go:48
   21). iotfast/internal/app/system/service.(*middlewareImpl).Ctx
    	G:/OCM/private/iotfast/internal/app/system/service/middleware.go:54
   22). github.com/gogf/gf/v2/net/ghttp.(*middleware).Next.func1.1
    	C:/Users/Administrator/go/pkg/mod/github.com/gogf/gf/v2@v2.0.6/net/ghttp/ghttp_request_middleware.go:54
   23). github.com/gogf/gf/v2/net/ghttp.niceCallFunc
    	C:/Users/Administrator/go/pkg/mod/github.com/gogf/gf/v2@v2.0.6/net/ghttp/ghttp_func.go:56
   24). github.com/gogf/gf/v2/net/ghttp.(*middleware).Next.func1
    	C:/Users/Administrator/go/pkg/mod/github.com/gogf/gf/v2@v2.0.6/net/ghttp/ghttp_request_middleware.go:53
   25). github.com/gogf/gf/v2/util/gutil.TryCatch
    	C:/Users/Administrator/go/pkg/mod/github.com/gogf/gf/v2@v2.0.6/util/gutil/gutil.go:55
   26). github.com/gogf/gf/v2/net/ghttp.(*middleware).Next
    	C:/Users/Administrator/go/pkg/mod/github.com/gogf/gf/v2@v2.0.6/net/ghttp/ghttp_request_middleware.go:48
   27). iotfast/internal/app/common/service.(*middlewareImpl).MiddlewareCORS
    	G:/OCM/private/iotfast/internal/app/common/service/middleware.go:29
   28). github.com/gogf/gf/v2/net/ghttp.(*middleware).Next.func1.1
    	C:/Users/Administrator/go/pkg/mod/github.com/gogf/gf/v2@v2.0.6/net/ghttp/ghttp_request_middleware.go:54
   29). github.com/gogf/gf/v2/net/ghttp.niceCallFunc
    	C:/Users/Administrator/go/pkg/mod/github.com/gogf/gf/v2@v2.0.6/net/ghttp/ghttp_func.go:56
   30). github.com/gogf/gf/v2/net/ghttp.(*middleware).Next.func1
    	C:/Users/Administrator/go/pkg/mod/github.com/gogf/gf/v2@v2.0.6/net/ghttp/ghttp_request_middleware.go:53
   31). github.com/gogf/gf/v2/util/gutil.TryCatch
    	C:/Users/Administrator/go/pkg/mod/github.com/gogf/gf/v2@v2.0.6/util/gutil/gutil.go:55
   32). github.com/gogf/gf/v2/net/ghttp.(*middleware).Next
    	C:/Users/Administrator/go/pkg/mod/github.com/gogf/gf/v2@v2.0.6/net/ghttp/ghttp_request_middleware.go:48
 
2022-06-22 11:10:16.175 {3ce3a336a4d2fa16d4573b67b5256d28} 200 "PUT http localhost:8201 /api/v1/system/gen/genCode HTTP/1.1" 0.431, ::1, "http://192.168.0.195:8888/", "Mozilla/5.0 (Windows NT 10.0; Win64; x64) AppleWebKit/537.36 (KHTML, like Gecko) Chrome/102.0.5005.124 Safari/537.36 Edg/102.0.1245.44", 52, "Database Operation Error", ""
Stack:
1. Error 1062: Duplicate entry 'device/deviceInfo' for key 'name', INSERT INTO `sys_auth_rule` (`pid`,`name`,`title`,`icon`,`condition`,`remark`,`menu_type`,`weigh`,`is_hide`,`always_show`,`path`,`jump_path`,`component`,`is_iframe`,`module_type`,`model_id`,`created_at`,`updated_at`,`deleted_at` )VALUES(0,'device/deviceInfo','设备信息管理','form','','设备信息管理',0,0,1,1,'/device/deviceInfo','','',0,'sys_admin',0,@now,@now,NULL );

   1).  github.com/gogf/gf/v2/database/gdb.(*Core).DoCommit
    	C:/Users/dwx/go/pkg/mod/github.com/gogf/gf/v2@v2.0.6/database/gdb/gdb_core_underlying.go:303
   2).  github.com/gogf/gf/v2/database/gdb.(*Core).DoExec
    	C:/Users/dwx/go/pkg/mod/github.com/gogf/gf/v2@v2.0.6/database/gdb/gdb_core_underlying.go:112
   3).  github.com/gogf/gf/v2/database/gdb.(*TX).Exec
    	C:/Users/dwx/go/pkg/mod/github.com/gogf/gf/v2@v2.0.6/database/gdb/gdb_core_transaction.go:291
   4).  iotfast/internal/app/system/service.(*sysGenTableImpl).writeDb
    	E:/src/iotfast/internal/app/system/service/sys_gen_table.go:954
   5).  iotfast/internal/app/system/service.(*sysGenTableImpl).GenCode
    	E:/src/iotfast/internal/app/system/service/sys_gen_table.go:519
   6).  iotfast/internal/app/system/controller.(*genTableController).GenCode
    	E:/src/iotfast/internal/app/system/controller/gen_table.go:123
   7).  github.com/gogf/gf/v2/net/ghttp.(*middleware).callHandlerFunc.func1
    	C:/Users/dwx/go/pkg/mod/github.com/gogf/gf/v2@v2.0.6/net/ghttp/ghttp_request_middleware.go:151
   8).  github.com/gogf/gf/v2/net/ghttp.niceCallFunc
    	C:/Users/dwx/go/pkg/mod/github.com/gogf/gf/v2@v2.0.6/net/ghttp/ghttp_func.go:56
   9).  github.com/gogf/gf/v2/net/ghttp.(*middleware).callHandlerFunc
    	C:/Users/dwx/go/pkg/mod/github.com/gogf/gf/v2@v2.0.6/net/ghttp/ghttp_request_middleware.go:128
   10). github.com/gogf/gf/v2/net/ghttp.(*middleware).Next.func1
    	C:/Users/dwx/go/pkg/mod/github.com/gogf/gf/v2@v2.0.6/net/ghttp/ghttp_request_middleware.go:74
   11). github.com/gogf/gf/v2/util/gutil.TryCatch
    	C:/Users/dwx/go/pkg/mod/github.com/gogf/gf/v2@v2.0.6/util/gutil/gutil.go:55
   12). github.com/gogf/gf/v2/net/ghttp.(*middleware).Next
    	C:/Users/dwx/go/pkg/mod/github.com/gogf/gf/v2@v2.0.6/net/ghttp/ghttp_request_middleware.go:48
   13). iotfast/internal/app/system/service.(*middlewareImpl).Auth
    	E:/src/iotfast/internal/app/system/service/middleware.go:81
   14). github.com/gogf/gf/v2/net/ghttp.(*middleware).Next.func1.1
    	C:/Users/dwx/go/pkg/mod/github.com/gogf/gf/v2@v2.0.6/net/ghttp/ghttp_request_middleware.go:54
   15). github.com/gogf/gf/v2/net/ghttp.niceCallFunc
    	C:/Users/dwx/go/pkg/mod/github.com/gogf/gf/v2@v2.0.6/net/ghttp/ghttp_func.go:56
   16). github.com/gogf/gf/v2/net/ghttp.(*middleware).Next.func1
    	C:/Users/dwx/go/pkg/mod/github.com/gogf/gf/v2@v2.0.6/net/ghttp/ghttp_request_middleware.go:53
   17). github.com/gogf/gf/v2/util/gutil.TryCatch
    	C:/Users/dwx/go/pkg/mod/github.com/gogf/gf/v2@v2.0.6/util/gutil/gutil.go:55
   18). github.com/gogf/gf/v2/net/ghttp.(*middleware).Next
    	C:/Users/dwx/go/pkg/mod/github.com/gogf/gf/v2@v2.0.6/net/ghttp/ghttp_request_middleware.go:48
   19). iotfast/internal/app/system/service.(*middlewareImpl).Ctx
    	E:/src/iotfast/internal/app/system/service/middleware.go:54
   20). github.com/gogf/gf/v2/net/ghttp.(*middleware).Next.func1.1
    	C:/Users/dwx/go/pkg/mod/github.com/gogf/gf/v2@v2.0.6/net/ghttp/ghttp_request_middleware.go:54
   21). github.com/gogf/gf/v2/net/ghttp.niceCallFunc
    	C:/Users/dwx/go/pkg/mod/github.com/gogf/gf/v2@v2.0.6/net/ghttp/ghttp_func.go:56
   22). github.com/gogf/gf/v2/net/ghttp.(*middleware).Next.func1
    	C:/Users/dwx/go/pkg/mod/github.com/gogf/gf/v2@v2.0.6/net/ghttp/ghttp_request_middleware.go:53
   23). github.com/gogf/gf/v2/util/gutil.TryCatch
    	C:/Users/dwx/go/pkg/mod/github.com/gogf/gf/v2@v2.0.6/util/gutil/gutil.go:55
   24). github.com/gogf/gf/v2/net/ghttp.(*middleware).Next
    	C:/Users/dwx/go/pkg/mod/github.com/gogf/gf/v2@v2.0.6/net/ghttp/ghttp_request_middleware.go:48
   25). iotfast/internal/app/common/service.(*middlewareImpl).MiddlewareCORS
    	E:/src/iotfast/internal/app/common/service/middleware.go:29
   26). github.com/gogf/gf/v2/net/ghttp.(*middleware).Next.func1.1
    	C:/Users/dwx/go/pkg/mod/github.com/gogf/gf/v2@v2.0.6/net/ghttp/ghttp_request_middleware.go:54
   27). github.com/gogf/gf/v2/net/ghttp.niceCallFunc
    	C:/Users/dwx/go/pkg/mod/github.com/gogf/gf/v2@v2.0.6/net/ghttp/ghttp_func.go:56
   28). github.com/gogf/gf/v2/net/ghttp.(*middleware).Next.func1
    	C:/Users/dwx/go/pkg/mod/github.com/gogf/gf/v2@v2.0.6/net/ghttp/ghttp_request_middleware.go:53
   29). github.com/gogf/gf/v2/util/gutil.TryCatch
    	C:/Users/dwx/go/pkg/mod/github.com/gogf/gf/v2@v2.0.6/util/gutil/gutil.go:55
   30). github.com/gogf/gf/v2/net/ghttp.(*middleware).Next
    	C:/Users/dwx/go/pkg/mod/github.com/gogf/gf/v2@v2.0.6/net/ghttp/ghttp_request_middleware.go:48
 
2022-06-22 11:11:19.012 {70ab2ee2b2d2fa16d5573b672592dc22} 200 "PUT http localhost:8201 /api/v1/system/gen/genCode HTTP/1.1" 0.260, ::1, "http://192.168.0.195:8888/", "Mozilla/5.0 (Windows NT 10.0; Win64; x64) AppleWebKit/537.36 (KHTML, like Gecko) Chrome/102.0.5005.124 Safari/537.36 Edg/102.0.1245.44", 52, "Database Operation Error", ""
Stack:
1. Error 1062: Duplicate entry 'device/deviceLabel' for key 'name', INSERT INTO `sys_auth_rule` (`pid`,`name`,`title`,`icon`,`condition`,`remark`,`menu_type`,`weigh`,`is_hide`,`always_show`,`path`,`jump_path`,`component`,`is_iframe`,`module_type`,`model_id`,`created_at`,`updated_at`,`deleted_at` )VALUES(0,'device/deviceLabel','设备标签管理','form','','设备标签管理',0,0,1,1,'/device/deviceLabel','','',0,'sys_admin',0,@now,@now,NULL );

   1).  github.com/gogf/gf/v2/database/gdb.(*Core).DoCommit
    	C:/Users/dwx/go/pkg/mod/github.com/gogf/gf/v2@v2.0.6/database/gdb/gdb_core_underlying.go:303
   2).  github.com/gogf/gf/v2/database/gdb.(*Core).DoExec
    	C:/Users/dwx/go/pkg/mod/github.com/gogf/gf/v2@v2.0.6/database/gdb/gdb_core_underlying.go:112
   3).  github.com/gogf/gf/v2/database/gdb.(*TX).Exec
    	C:/Users/dwx/go/pkg/mod/github.com/gogf/gf/v2@v2.0.6/database/gdb/gdb_core_transaction.go:291
   4).  iotfast/internal/app/system/service.(*sysGenTableImpl).writeDb
    	E:/src/iotfast/internal/app/system/service/sys_gen_table.go:954
   5).  iotfast/internal/app/system/service.(*sysGenTableImpl).GenCode
    	E:/src/iotfast/internal/app/system/service/sys_gen_table.go:519
   6).  iotfast/internal/app/system/controller.(*genTableController).GenCode
    	E:/src/iotfast/internal/app/system/controller/gen_table.go:123
   7).  github.com/gogf/gf/v2/net/ghttp.(*middleware).callHandlerFunc.func1
    	C:/Users/dwx/go/pkg/mod/github.com/gogf/gf/v2@v2.0.6/net/ghttp/ghttp_request_middleware.go:151
   8).  github.com/gogf/gf/v2/net/ghttp.niceCallFunc
    	C:/Users/dwx/go/pkg/mod/github.com/gogf/gf/v2@v2.0.6/net/ghttp/ghttp_func.go:56
   9).  github.com/gogf/gf/v2/net/ghttp.(*middleware).callHandlerFunc
    	C:/Users/dwx/go/pkg/mod/github.com/gogf/gf/v2@v2.0.6/net/ghttp/ghttp_request_middleware.go:128
   10). github.com/gogf/gf/v2/net/ghttp.(*middleware).Next.func1
    	C:/Users/dwx/go/pkg/mod/github.com/gogf/gf/v2@v2.0.6/net/ghttp/ghttp_request_middleware.go:74
   11). github.com/gogf/gf/v2/util/gutil.TryCatch
    	C:/Users/dwx/go/pkg/mod/github.com/gogf/gf/v2@v2.0.6/util/gutil/gutil.go:55
   12). github.com/gogf/gf/v2/net/ghttp.(*middleware).Next
    	C:/Users/dwx/go/pkg/mod/github.com/gogf/gf/v2@v2.0.6/net/ghttp/ghttp_request_middleware.go:48
   13). iotfast/internal/app/system/service.(*middlewareImpl).Auth
    	E:/src/iotfast/internal/app/system/service/middleware.go:81
   14). github.com/gogf/gf/v2/net/ghttp.(*middleware).Next.func1.1
    	C:/Users/dwx/go/pkg/mod/github.com/gogf/gf/v2@v2.0.6/net/ghttp/ghttp_request_middleware.go:54
   15). github.com/gogf/gf/v2/net/ghttp.niceCallFunc
    	C:/Users/dwx/go/pkg/mod/github.com/gogf/gf/v2@v2.0.6/net/ghttp/ghttp_func.go:56
   16). github.com/gogf/gf/v2/net/ghttp.(*middleware).Next.func1
    	C:/Users/dwx/go/pkg/mod/github.com/gogf/gf/v2@v2.0.6/net/ghttp/ghttp_request_middleware.go:53
   17). github.com/gogf/gf/v2/util/gutil.TryCatch
    	C:/Users/dwx/go/pkg/mod/github.com/gogf/gf/v2@v2.0.6/util/gutil/gutil.go:55
   18). github.com/gogf/gf/v2/net/ghttp.(*middleware).Next
    	C:/Users/dwx/go/pkg/mod/github.com/gogf/gf/v2@v2.0.6/net/ghttp/ghttp_request_middleware.go:48
   19). iotfast/internal/app/system/service.(*middlewareImpl).Ctx
    	E:/src/iotfast/internal/app/system/service/middleware.go:54
   20). github.com/gogf/gf/v2/net/ghttp.(*middleware).Next.func1.1
    	C:/Users/dwx/go/pkg/mod/github.com/gogf/gf/v2@v2.0.6/net/ghttp/ghttp_request_middleware.go:54
   21). github.com/gogf/gf/v2/net/ghttp.niceCallFunc
    	C:/Users/dwx/go/pkg/mod/github.com/gogf/gf/v2@v2.0.6/net/ghttp/ghttp_func.go:56
   22). github.com/gogf/gf/v2/net/ghttp.(*middleware).Next.func1
    	C:/Users/dwx/go/pkg/mod/github.com/gogf/gf/v2@v2.0.6/net/ghttp/ghttp_request_middleware.go:53
   23). github.com/gogf/gf/v2/util/gutil.TryCatch
    	C:/Users/dwx/go/pkg/mod/github.com/gogf/gf/v2@v2.0.6/util/gutil/gutil.go:55
   24). github.com/gogf/gf/v2/net/ghttp.(*middleware).Next
    	C:/Users/dwx/go/pkg/mod/github.com/gogf/gf/v2@v2.0.6/net/ghttp/ghttp_request_middleware.go:48
   25). iotfast/internal/app/common/service.(*middlewareImpl).MiddlewareCORS
    	E:/src/iotfast/internal/app/common/service/middleware.go:29
   26). github.com/gogf/gf/v2/net/ghttp.(*middleware).Next.func1.1
    	C:/Users/dwx/go/pkg/mod/github.com/gogf/gf/v2@v2.0.6/net/ghttp/ghttp_request_middleware.go:54
   27). github.com/gogf/gf/v2/net/ghttp.niceCallFunc
    	C:/Users/dwx/go/pkg/mod/github.com/gogf/gf/v2@v2.0.6/net/ghttp/ghttp_func.go:56
   28). github.com/gogf/gf/v2/net/ghttp.(*middleware).Next.func1
    	C:/Users/dwx/go/pkg/mod/github.com/gogf/gf/v2@v2.0.6/net/ghttp/ghttp_request_middleware.go:53
   29). github.com/gogf/gf/v2/util/gutil.TryCatch
    	C:/Users/dwx/go/pkg/mod/github.com/gogf/gf/v2@v2.0.6/util/gutil/gutil.go:55
   30). github.com/gogf/gf/v2/net/ghttp.(*middleware).Next
    	C:/Users/dwx/go/pkg/mod/github.com/gogf/gf/v2@v2.0.6/net/ghttp/ghttp_request_middleware.go:48
 
2022-06-22 11:19:30.901 {c0a2be6525d3fa164bacb077f84cc517} 200 "PUT http localhost:8201 /api/v1/system/gen/genCode HTTP/1.1" 0.315, ::1, "http://192.168.0.195:8888/", "Mozilla/5.0 (Windows NT 10.0; Win64; x64) AppleWebKit/537.36 (KHTML, like Gecko) Chrome/102.0.5005.124 Safari/537.36 Edg/102.0.1245.44", 52, "Database Operation Error", ""
Stack:
1. Error 1062: Duplicate entry 'device/deviceLabel' for key 'name', INSERT INTO `sys_auth_rule` (`pid`,`name`,`title`,`icon`,`condition`,`remark`,`menu_type`,`weigh`,`is_hide`,`always_show`,`path`,`jump_path`,`component`,`is_iframe`,`module_type`,`model_id`,`created_at`,`updated_at`,`deleted_at` )VALUES(0,'device/deviceLabel','设备标签管理','form','','设备标签管理',0,0,1,1,'/device/deviceLabel','','',0,'sys_admin',0,@now,@now,NULL );

   1).  github.com/gogf/gf/v2/database/gdb.(*Core).DoCommit
    	C:/Users/dwx/go/pkg/mod/github.com/gogf/gf/v2@v2.0.6/database/gdb/gdb_core_underlying.go:303
   2).  github.com/gogf/gf/v2/database/gdb.(*Core).DoExec
    	C:/Users/dwx/go/pkg/mod/github.com/gogf/gf/v2@v2.0.6/database/gdb/gdb_core_underlying.go:112
   3).  github.com/gogf/gf/v2/database/gdb.(*TX).Exec
    	C:/Users/dwx/go/pkg/mod/github.com/gogf/gf/v2@v2.0.6/database/gdb/gdb_core_transaction.go:291
   4).  iotfast/internal/app/system/service.(*sysGenTableImpl).writeDb
    	E:/src/iotfast/internal/app/system/service/sys_gen_table.go:954
   5).  iotfast/internal/app/system/service.(*sysGenTableImpl).GenCode
    	E:/src/iotfast/internal/app/system/service/sys_gen_table.go:519
   6).  iotfast/internal/app/system/controller.(*genTableController).GenCode
    	E:/src/iotfast/internal/app/system/controller/gen_table.go:123
   7).  github.com/gogf/gf/v2/net/ghttp.(*middleware).callHandlerFunc.func1
    	C:/Users/dwx/go/pkg/mod/github.com/gogf/gf/v2@v2.0.6/net/ghttp/ghttp_request_middleware.go:151
   8).  github.com/gogf/gf/v2/net/ghttp.niceCallFunc
    	C:/Users/dwx/go/pkg/mod/github.com/gogf/gf/v2@v2.0.6/net/ghttp/ghttp_func.go:56
   9).  github.com/gogf/gf/v2/net/ghttp.(*middleware).callHandlerFunc
    	C:/Users/dwx/go/pkg/mod/github.com/gogf/gf/v2@v2.0.6/net/ghttp/ghttp_request_middleware.go:128
   10). github.com/gogf/gf/v2/net/ghttp.(*middleware).Next.func1
    	C:/Users/dwx/go/pkg/mod/github.com/gogf/gf/v2@v2.0.6/net/ghttp/ghttp_request_middleware.go:74
   11). github.com/gogf/gf/v2/util/gutil.TryCatch
    	C:/Users/dwx/go/pkg/mod/github.com/gogf/gf/v2@v2.0.6/util/gutil/gutil.go:55
   12). github.com/gogf/gf/v2/net/ghttp.(*middleware).Next
    	C:/Users/dwx/go/pkg/mod/github.com/gogf/gf/v2@v2.0.6/net/ghttp/ghttp_request_middleware.go:48
   13). iotfast/internal/app/system/service.(*middlewareImpl).Auth
    	E:/src/iotfast/internal/app/system/service/middleware.go:128
   14). github.com/gogf/gf/v2/net/ghttp.(*middleware).Next.func1.1
    	C:/Users/dwx/go/pkg/mod/github.com/gogf/gf/v2@v2.0.6/net/ghttp/ghttp_request_middleware.go:54
   15). github.com/gogf/gf/v2/net/ghttp.niceCallFunc
    	C:/Users/dwx/go/pkg/mod/github.com/gogf/gf/v2@v2.0.6/net/ghttp/ghttp_func.go:56
   16). github.com/gogf/gf/v2/net/ghttp.(*middleware).Next.func1
    	C:/Users/dwx/go/pkg/mod/github.com/gogf/gf/v2@v2.0.6/net/ghttp/ghttp_request_middleware.go:53
   17). github.com/gogf/gf/v2/util/gutil.TryCatch
    	C:/Users/dwx/go/pkg/mod/github.com/gogf/gf/v2@v2.0.6/util/gutil/gutil.go:55
   18). github.com/gogf/gf/v2/net/ghttp.(*middleware).Next
    	C:/Users/dwx/go/pkg/mod/github.com/gogf/gf/v2@v2.0.6/net/ghttp/ghttp_request_middleware.go:48
   19). iotfast/internal/app/system/service.(*middlewareImpl).Ctx
    	E:/src/iotfast/internal/app/system/service/middleware.go:41
   20). github.com/gogf/gf/v2/net/ghttp.(*middleware).Next.func1.1
    	C:/Users/dwx/go/pkg/mod/github.com/gogf/gf/v2@v2.0.6/net/ghttp/ghttp_request_middleware.go:54
   21). github.com/gogf/gf/v2/net/ghttp.niceCallFunc
    	C:/Users/dwx/go/pkg/mod/github.com/gogf/gf/v2@v2.0.6/net/ghttp/ghttp_func.go:56
   22). github.com/gogf/gf/v2/net/ghttp.(*middleware).Next.func1
    	C:/Users/dwx/go/pkg/mod/github.com/gogf/gf/v2@v2.0.6/net/ghttp/ghttp_request_middleware.go:53
   23). github.com/gogf/gf/v2/util/gutil.TryCatch
    	C:/Users/dwx/go/pkg/mod/github.com/gogf/gf/v2@v2.0.6/util/gutil/gutil.go:55
   24). github.com/gogf/gf/v2/net/ghttp.(*middleware).Next
    	C:/Users/dwx/go/pkg/mod/github.com/gogf/gf/v2@v2.0.6/net/ghttp/ghttp_request_middleware.go:48
   25). iotfast/internal/app/common/service.(*middlewareImpl).MiddlewareCORS
    	E:/src/iotfast/internal/app/common/service/middleware.go:29
   26). github.com/gogf/gf/v2/net/ghttp.(*middleware).Next.func1.1
    	C:/Users/dwx/go/pkg/mod/github.com/gogf/gf/v2@v2.0.6/net/ghttp/ghttp_request_middleware.go:54
   27). github.com/gogf/gf/v2/net/ghttp.niceCallFunc
    	C:/Users/dwx/go/pkg/mod/github.com/gogf/gf/v2@v2.0.6/net/ghttp/ghttp_func.go:56
   28). github.com/gogf/gf/v2/net/ghttp.(*middleware).Next.func1
    	C:/Users/dwx/go/pkg/mod/github.com/gogf/gf/v2@v2.0.6/net/ghttp/ghttp_request_middleware.go:53
   29). github.com/gogf/gf/v2/util/gutil.TryCatch
    	C:/Users/dwx/go/pkg/mod/github.com/gogf/gf/v2@v2.0.6/util/gutil/gutil.go:55
   30). github.com/gogf/gf/v2/net/ghttp.(*middleware).Next
    	C:/Users/dwx/go/pkg/mod/github.com/gogf/gf/v2@v2.0.6/net/ghttp/ghttp_request_middleware.go:48
 
2022-06-22 11:50:26.842 {fcf9647ad5d4fa1673a2052c2507d453} 200 "PUT http localhost:8201 /api/v1/system/gen/genCode HTTP/1.1" 0.484, ::1, "http://192.168.0.195:8888/", "Mozilla/5.0 (Windows NT 10.0; Win64; x64) AppleWebKit/537.36 (KHTML, like Gecko) Chrome/102.0.5005.124 Safari/537.36 Edg/102.0.1245.44", 52, "Database Operation Error", ""
Stack:
1. Error 1062: Duplicate entry 'device/deviceLabel' for key 'name', INSERT INTO `sys_auth_rule` (`pid`,`name`,`title`,`icon`,`condition`,`remark`,`menu_type`,`weigh`,`is_hide`,`always_show`,`path`,`jump_path`,`component`,`is_iframe`,`module_type`,`model_id`,`created_at`,`updated_at`,`deleted_at` )VALUES(0,'device/deviceLabel','设备标签管理','form','','设备标签管理',0,0,0,0,'/device/deviceLabel','','',0,'sys_admin',0,@now,@now,NULL );

   1).  github.com/gogf/gf/v2/database/gdb.(*Core).DoCommit
    	C:/Users/dwx/go/pkg/mod/github.com/gogf/gf/v2@v2.0.6/database/gdb/gdb_core_underlying.go:303
   2).  github.com/gogf/gf/v2/database/gdb.(*Core).DoExec
    	C:/Users/dwx/go/pkg/mod/github.com/gogf/gf/v2@v2.0.6/database/gdb/gdb_core_underlying.go:112
   3).  github.com/gogf/gf/v2/database/gdb.(*TX).Exec
    	C:/Users/dwx/go/pkg/mod/github.com/gogf/gf/v2@v2.0.6/database/gdb/gdb_core_transaction.go:291
   4).  iotfast/internal/app/system/service.(*sysGenTableImpl).writeDb
    	E:/src/iotfast/internal/app/system/service/sys_gen_table.go:954
   5).  iotfast/internal/app/system/service.(*sysGenTableImpl).GenCode
    	E:/src/iotfast/internal/app/system/service/sys_gen_table.go:519
   6).  iotfast/internal/app/system/controller.(*genTableController).GenCode
    	E:/src/iotfast/internal/app/system/controller/gen_table.go:123
   7).  github.com/gogf/gf/v2/net/ghttp.(*middleware).callHandlerFunc.func1
    	C:/Users/dwx/go/pkg/mod/github.com/gogf/gf/v2@v2.0.6/net/ghttp/ghttp_request_middleware.go:151
   8).  github.com/gogf/gf/v2/net/ghttp.niceCallFunc
    	C:/Users/dwx/go/pkg/mod/github.com/gogf/gf/v2@v2.0.6/net/ghttp/ghttp_func.go:56
   9).  github.com/gogf/gf/v2/net/ghttp.(*middleware).callHandlerFunc
    	C:/Users/dwx/go/pkg/mod/github.com/gogf/gf/v2@v2.0.6/net/ghttp/ghttp_request_middleware.go:128
   10). github.com/gogf/gf/v2/net/ghttp.(*middleware).Next.func1
    	C:/Users/dwx/go/pkg/mod/github.com/gogf/gf/v2@v2.0.6/net/ghttp/ghttp_request_middleware.go:74
   11). github.com/gogf/gf/v2/util/gutil.TryCatch
    	C:/Users/dwx/go/pkg/mod/github.com/gogf/gf/v2@v2.0.6/util/gutil/gutil.go:55
   12). github.com/gogf/gf/v2/net/ghttp.(*middleware).Next
    	C:/Users/dwx/go/pkg/mod/github.com/gogf/gf/v2@v2.0.6/net/ghttp/ghttp_request_middleware.go:48
   13). iotfast/internal/app/system/service.(*middlewareImpl).Auth
    	E:/src/iotfast/internal/app/system/service/middleware.go:81
   14). github.com/gogf/gf/v2/net/ghttp.(*middleware).Next.func1.1
    	C:/Users/dwx/go/pkg/mod/github.com/gogf/gf/v2@v2.0.6/net/ghttp/ghttp_request_middleware.go:54
   15). github.com/gogf/gf/v2/net/ghttp.niceCallFunc
    	C:/Users/dwx/go/pkg/mod/github.com/gogf/gf/v2@v2.0.6/net/ghttp/ghttp_func.go:56
   16). github.com/gogf/gf/v2/net/ghttp.(*middleware).Next.func1
    	C:/Users/dwx/go/pkg/mod/github.com/gogf/gf/v2@v2.0.6/net/ghttp/ghttp_request_middleware.go:53
   17). github.com/gogf/gf/v2/util/gutil.TryCatch
    	C:/Users/dwx/go/pkg/mod/github.com/gogf/gf/v2@v2.0.6/util/gutil/gutil.go:55
   18). github.com/gogf/gf/v2/net/ghttp.(*middleware).Next
    	C:/Users/dwx/go/pkg/mod/github.com/gogf/gf/v2@v2.0.6/net/ghttp/ghttp_request_middleware.go:48
   19). iotfast/internal/app/system/service.(*middlewareImpl).Ctx
    	E:/src/iotfast/internal/app/system/service/middleware.go:54
   20). github.com/gogf/gf/v2/net/ghttp.(*middleware).Next.func1.1
    	C:/Users/dwx/go/pkg/mod/github.com/gogf/gf/v2@v2.0.6/net/ghttp/ghttp_request_middleware.go:54
   21). github.com/gogf/gf/v2/net/ghttp.niceCallFunc
    	C:/Users/dwx/go/pkg/mod/github.com/gogf/gf/v2@v2.0.6/net/ghttp/ghttp_func.go:56
   22). github.com/gogf/gf/v2/net/ghttp.(*middleware).Next.func1
    	C:/Users/dwx/go/pkg/mod/github.com/gogf/gf/v2@v2.0.6/net/ghttp/ghttp_request_middleware.go:53
   23). github.com/gogf/gf/v2/util/gutil.TryCatch
    	C:/Users/dwx/go/pkg/mod/github.com/gogf/gf/v2@v2.0.6/util/gutil/gutil.go:55
   24). github.com/gogf/gf/v2/net/ghttp.(*middleware).Next
    	C:/Users/dwx/go/pkg/mod/github.com/gogf/gf/v2@v2.0.6/net/ghttp/ghttp_request_middleware.go:48
   25). iotfast/internal/app/common/service.(*middlewareImpl).MiddlewareCORS
    	E:/src/iotfast/internal/app/common/service/middleware.go:29
   26). github.com/gogf/gf/v2/net/ghttp.(*middleware).Next.func1.1
    	C:/Users/dwx/go/pkg/mod/github.com/gogf/gf/v2@v2.0.6/net/ghttp/ghttp_request_middleware.go:54
   27). github.com/gogf/gf/v2/net/ghttp.niceCallFunc
    	C:/Users/dwx/go/pkg/mod/github.com/gogf/gf/v2@v2.0.6/net/ghttp/ghttp_func.go:56
   28). github.com/gogf/gf/v2/net/ghttp.(*middleware).Next.func1
    	C:/Users/dwx/go/pkg/mod/github.com/gogf/gf/v2@v2.0.6/net/ghttp/ghttp_request_middleware.go:53
   29). github.com/gogf/gf/v2/util/gutil.TryCatch
    	C:/Users/dwx/go/pkg/mod/github.com/gogf/gf/v2@v2.0.6/util/gutil/gutil.go:55
   30). github.com/gogf/gf/v2/net/ghttp.(*middleware).Next
    	C:/Users/dwx/go/pkg/mod/github.com/gogf/gf/v2@v2.0.6/net/ghttp/ghttp_request_middleware.go:48
 
