2022-07-15 22:02:06.641 {b477287b8f050217268aae53f3bddf15} 200 "PUT http localhost:8201 /api/v1/system/gen/edit HTTP/1.1" 0.012, ::1, "http://192.168.0.195:8888/", "Mozilla/5.0 (Windows NT 10.0; Win64; x64) AppleWebKit/537.36 (KHTML, like Gecko) Chrome/103.0.5060.114 Safari/537.36 Edg/103.0.1264.49", 51, "Validation Failed", ""
Stack:
生成功能名不能为空 
2022-07-15 22:13:05.109 {dc117cb7280602173d8aae537b5aad2b} 200 "PUT http localhost:8201 /api/v1/system/gen/genCode HTTP/1.1" 0.338, ::1, "http://192.168.0.195:8888/", "Mozilla/5.0 (Windows NT 10.0; Win64; x64) AppleWebKit/537.36 (KHTML, like Gecko) Chrome/103.0.5060.114 Safari/537.36 Edg/103.0.1264.49", 52, "Database Operation Error", ""
Stack:
1. Error 1062: Duplicate entry 'mqtt/mqttTopic' for key 'name', INSERT INTO `sys_auth_rule` (`pid`,`name`,`title`,`icon`,`condition`,`remark`,`menu_type`,`weigh`,`is_hide`,`always_show`,`path`,`jump_path`,`component`,`is_iframe`,`module_type`,`model_id`,`created_at`,`updated_at`,`deleted_at` )VALUES(0,'mqtt/mqttTopic','订阅的主题信息管理','form','','订阅的主题信息管理',0,0,0,0,'/mqtt/mqttTopic','','',0,'sys_admin',0,@now,@now,NULL );

   1).  github.com/gogf/gf/v2/database/gdb.(*Core).DoCommit
    	C:/Users/dwx/go/pkg/mod/github.com/gogf/gf/v2@v2.0.6/database/gdb/gdb_core_underlying.go:303
   2).  github.com/gogf/gf/v2/database/gdb.(*Core).DoExec
    	C:/Users/dwx/go/pkg/mod/github.com/gogf/gf/v2@v2.0.6/database/gdb/gdb_core_underlying.go:112
   3).  github.com/gogf/gf/v2/database/gdb.(*TX).Exec
    	C:/Users/dwx/go/pkg/mod/github.com/gogf/gf/v2@v2.0.6/database/gdb/gdb_core_transaction.go:291
   4).  github.com/xiaodingding/iotfast/internal/app/system/service.(*sysGenTableImpl).writeDb
    	E:/src/iotfast/internal/app/system/service/sys_gen_table.go:958
   5).  github.com/xiaodingding/iotfast/internal/app/system/service.(*sysGenTableImpl).GenCode
    	E:/src/iotfast/internal/app/system/service/sys_gen_table.go:522
   6).  github.com/xiaodingding/iotfast/server/http/controller/system.(*genTableController).GenCode
    	E:/src/iotfast/server/http/controller/system/gen_table.go:124
   7).  github.com/gogf/gf/v2/net/ghttp.(*middleware).callHandlerFunc.func1
    	C:/Users/dwx/go/pkg/mod/github.com/gogf/gf/v2@v2.0.6/net/ghttp/ghttp_request_middleware.go:151
   8).  github.com/gogf/gf/v2/net/ghttp.niceCallFunc
    	C:/Users/dwx/go/pkg/mod/github.com/gogf/gf/v2@v2.0.6/net/ghttp/ghttp_func.go:56
   9).  github.com/gogf/gf/v2/net/ghttp.(*middleware).callHandlerFunc
    	C:/Users/dwx/go/pkg/mod/github.com/gogf/gf/v2@v2.0.6/net/ghttp/ghttp_request_middleware.go:128
   10). github.com/gogf/gf/v2/net/ghttp.(*middleware).Next.func1
    	C:/Users/dwx/go/pkg/mod/github.com/gogf/gf/v2@v2.0.6/net/ghttp/ghttp_request_middleware.go:74
   11). github.com/gogf/gf/v2/util/gutil.TryCatch
    	C:/Users/dwx/go/pkg/mod/github.com/gogf/gf/v2@v2.0.6/util/gutil/gutil.go:55
   12). github.com/gogf/gf/v2/net/ghttp.(*middleware).Next
    	C:/Users/dwx/go/pkg/mod/github.com/gogf/gf/v2@v2.0.6/net/ghttp/ghttp_request_middleware.go:48
   13). github.com/xiaodingding/iotfast/internal/app/system/service.(*middlewareImpl).Auth
    	E:/src/iotfast/internal/app/system/service/middleware.go:83
   14). github.com/gogf/gf/v2/net/ghttp.(*middleware).Next.func1.1
    	C:/Users/dwx/go/pkg/mod/github.com/gogf/gf/v2@v2.0.6/net/ghttp/ghttp_request_middleware.go:54
   15). github.com/gogf/gf/v2/net/ghttp.niceCallFunc
    	C:/Users/dwx/go/pkg/mod/github.com/gogf/gf/v2@v2.0.6/net/ghttp/ghttp_func.go:56
   16). github.com/gogf/gf/v2/net/ghttp.(*middleware).Next.func1
    	C:/Users/dwx/go/pkg/mod/github.com/gogf/gf/v2@v2.0.6/net/ghttp/ghttp_request_middleware.go:53
   17). github.com/gogf/gf/v2/util/gutil.TryCatch
    	C:/Users/dwx/go/pkg/mod/github.com/gogf/gf/v2@v2.0.6/util/gutil/gutil.go:55
   18). github.com/gogf/gf/v2/net/ghttp.(*middleware).Next
    	C:/Users/dwx/go/pkg/mod/github.com/gogf/gf/v2@v2.0.6/net/ghttp/ghttp_request_middleware.go:48
   19). github.com/xiaodingding/iotfast/internal/app/system/service.(*middlewareImpl).Ctx
    	E:/src/iotfast/internal/app/system/service/middleware.go:56
   20). github.com/gogf/gf/v2/net/ghttp.(*middleware).Next.func1.1
    	C:/Users/dwx/go/pkg/mod/github.com/gogf/gf/v2@v2.0.6/net/ghttp/ghttp_request_middleware.go:54
   21). github.com/gogf/gf/v2/net/ghttp.niceCallFunc
    	C:/Users/dwx/go/pkg/mod/github.com/gogf/gf/v2@v2.0.6/net/ghttp/ghttp_func.go:56
   22). github.com/gogf/gf/v2/net/ghttp.(*middleware).Next.func1
    	C:/Users/dwx/go/pkg/mod/github.com/gogf/gf/v2@v2.0.6/net/ghttp/ghttp_request_middleware.go:53
   23). github.com/gogf/gf/v2/util/gutil.TryCatch
    	C:/Users/dwx/go/pkg/mod/github.com/gogf/gf/v2@v2.0.6/util/gutil/gutil.go:55
   24). github.com/gogf/gf/v2/net/ghttp.(*middleware).Next
    	C:/Users/dwx/go/pkg/mod/github.com/gogf/gf/v2@v2.0.6/net/ghttp/ghttp_request_middleware.go:48
   25). github.com/xiaodingding/iotfast/internal/app/common/service.(*middlewareImpl).MiddlewareCORS
    	E:/src/iotfast/internal/app/common/service/middleware.go:29
   26). github.com/gogf/gf/v2/net/ghttp.(*middleware).Next.func1.1
    	C:/Users/dwx/go/pkg/mod/github.com/gogf/gf/v2@v2.0.6/net/ghttp/ghttp_request_middleware.go:54
   27). github.com/gogf/gf/v2/net/ghttp.niceCallFunc
    	C:/Users/dwx/go/pkg/mod/github.com/gogf/gf/v2@v2.0.6/net/ghttp/ghttp_func.go:56
   28). github.com/gogf/gf/v2/net/ghttp.(*middleware).Next.func1
    	C:/Users/dwx/go/pkg/mod/github.com/gogf/gf/v2@v2.0.6/net/ghttp/ghttp_request_middleware.go:53
   29). github.com/gogf/gf/v2/util/gutil.TryCatch
    	C:/Users/dwx/go/pkg/mod/github.com/gogf/gf/v2@v2.0.6/util/gutil/gutil.go:55
   30). github.com/gogf/gf/v2/net/ghttp.(*middleware).Next
    	C:/Users/dwx/go/pkg/mod/github.com/gogf/gf/v2@v2.0.6/net/ghttp/ghttp_request_middleware.go:48
 
2022-07-15 22:13:11.325 {d4b0c22d2a0602173e8aae53ca632d43} 200 "PUT http localhost:8201 /api/v1/system/gen/genCode HTTP/1.1" 0.274, ::1, "http://192.168.0.195:8888/", "Mozilla/5.0 (Windows NT 10.0; Win64; x64) AppleWebKit/537.36 (KHTML, like Gecko) Chrome/103.0.5060.114 Safari/537.36 Edg/103.0.1264.49", 52, "Database Operation Error", ""
Stack:
1. Error 1062: Duplicate entry 'mqtt/mqttStatus' for key 'name', INSERT INTO `sys_auth_rule` (`pid`,`name`,`title`,`icon`,`condition`,`remark`,`menu_type`,`weigh`,`is_hide`,`always_show`,`path`,`jump_path`,`component`,`is_iframe`,`module_type`,`model_id`,`created_at`,`updated_at`,`deleted_at` )VALUES(0,'mqtt/mqttStatus','客户端连接状态管理','form','','客户端连接状态管理',0,0,0,0,'/mqtt/mqttStatus','','',0,'sys_admin',0,@now,@now,NULL );

   1).  github.com/gogf/gf/v2/database/gdb.(*Core).DoCommit
    	C:/Users/dwx/go/pkg/mod/github.com/gogf/gf/v2@v2.0.6/database/gdb/gdb_core_underlying.go:303
   2).  github.com/gogf/gf/v2/database/gdb.(*Core).DoExec
    	C:/Users/dwx/go/pkg/mod/github.com/gogf/gf/v2@v2.0.6/database/gdb/gdb_core_underlying.go:112
   3).  github.com/gogf/gf/v2/database/gdb.(*TX).Exec
    	C:/Users/dwx/go/pkg/mod/github.com/gogf/gf/v2@v2.0.6/database/gdb/gdb_core_transaction.go:291
   4).  github.com/xiaodingding/iotfast/internal/app/system/service.(*sysGenTableImpl).writeDb
    	E:/src/iotfast/internal/app/system/service/sys_gen_table.go:958
   5).  github.com/xiaodingding/iotfast/internal/app/system/service.(*sysGenTableImpl).GenCode
    	E:/src/iotfast/internal/app/system/service/sys_gen_table.go:522
   6).  github.com/xiaodingding/iotfast/server/http/controller/system.(*genTableController).GenCode
    	E:/src/iotfast/server/http/controller/system/gen_table.go:124
   7).  github.com/gogf/gf/v2/net/ghttp.(*middleware).callHandlerFunc.func1
    	C:/Users/dwx/go/pkg/mod/github.com/gogf/gf/v2@v2.0.6/net/ghttp/ghttp_request_middleware.go:151
   8).  github.com/gogf/gf/v2/net/ghttp.niceCallFunc
    	C:/Users/dwx/go/pkg/mod/github.com/gogf/gf/v2@v2.0.6/net/ghttp/ghttp_func.go:56
   9).  github.com/gogf/gf/v2/net/ghttp.(*middleware).callHandlerFunc
    	C:/Users/dwx/go/pkg/mod/github.com/gogf/gf/v2@v2.0.6/net/ghttp/ghttp_request_middleware.go:128
   10). github.com/gogf/gf/v2/net/ghttp.(*middleware).Next.func1
    	C:/Users/dwx/go/pkg/mod/github.com/gogf/gf/v2@v2.0.6/net/ghttp/ghttp_request_middleware.go:74
   11). github.com/gogf/gf/v2/util/gutil.TryCatch
    	C:/Users/dwx/go/pkg/mod/github.com/gogf/gf/v2@v2.0.6/util/gutil/gutil.go:55
   12). github.com/gogf/gf/v2/net/ghttp.(*middleware).Next
    	C:/Users/dwx/go/pkg/mod/github.com/gogf/gf/v2@v2.0.6/net/ghttp/ghttp_request_middleware.go:48
   13). github.com/xiaodingding/iotfast/internal/app/system/service.(*middlewareImpl).Auth
    	E:/src/iotfast/internal/app/system/service/middleware.go:83
   14). github.com/gogf/gf/v2/net/ghttp.(*middleware).Next.func1.1
    	C:/Users/dwx/go/pkg/mod/github.com/gogf/gf/v2@v2.0.6/net/ghttp/ghttp_request_middleware.go:54
   15). github.com/gogf/gf/v2/net/ghttp.niceCallFunc
    	C:/Users/dwx/go/pkg/mod/github.com/gogf/gf/v2@v2.0.6/net/ghttp/ghttp_func.go:56
   16). github.com/gogf/gf/v2/net/ghttp.(*middleware).Next.func1
    	C:/Users/dwx/go/pkg/mod/github.com/gogf/gf/v2@v2.0.6/net/ghttp/ghttp_request_middleware.go:53
   17). github.com/gogf/gf/v2/util/gutil.TryCatch
    	C:/Users/dwx/go/pkg/mod/github.com/gogf/gf/v2@v2.0.6/util/gutil/gutil.go:55
   18). github.com/gogf/gf/v2/net/ghttp.(*middleware).Next
    	C:/Users/dwx/go/pkg/mod/github.com/gogf/gf/v2@v2.0.6/net/ghttp/ghttp_request_middleware.go:48
   19). github.com/xiaodingding/iotfast/internal/app/system/service.(*middlewareImpl).Ctx
    	E:/src/iotfast/internal/app/system/service/middleware.go:56
   20). github.com/gogf/gf/v2/net/ghttp.(*middleware).Next.func1.1
    	C:/Users/dwx/go/pkg/mod/github.com/gogf/gf/v2@v2.0.6/net/ghttp/ghttp_request_middleware.go:54
   21). github.com/gogf/gf/v2/net/ghttp.niceCallFunc
    	C:/Users/dwx/go/pkg/mod/github.com/gogf/gf/v2@v2.0.6/net/ghttp/ghttp_func.go:56
   22). github.com/gogf/gf/v2/net/ghttp.(*middleware).Next.func1
    	C:/Users/dwx/go/pkg/mod/github.com/gogf/gf/v2@v2.0.6/net/ghttp/ghttp_request_middleware.go:53
   23). github.com/gogf/gf/v2/util/gutil.TryCatch
    	C:/Users/dwx/go/pkg/mod/github.com/gogf/gf/v2@v2.0.6/util/gutil/gutil.go:55
   24). github.com/gogf/gf/v2/net/ghttp.(*middleware).Next
    	C:/Users/dwx/go/pkg/mod/github.com/gogf/gf/v2@v2.0.6/net/ghttp/ghttp_request_middleware.go:48
   25). github.com/xiaodingding/iotfast/internal/app/common/service.(*middlewareImpl).MiddlewareCORS
    	E:/src/iotfast/internal/app/common/service/middleware.go:29
   26). github.com/gogf/gf/v2/net/ghttp.(*middleware).Next.func1.1
    	C:/Users/dwx/go/pkg/mod/github.com/gogf/gf/v2@v2.0.6/net/ghttp/ghttp_request_middleware.go:54
   27). github.com/gogf/gf/v2/net/ghttp.niceCallFunc
    	C:/Users/dwx/go/pkg/mod/github.com/gogf/gf/v2@v2.0.6/net/ghttp/ghttp_func.go:56
   28). github.com/gogf/gf/v2/net/ghttp.(*middleware).Next.func1
    	C:/Users/dwx/go/pkg/mod/github.com/gogf/gf/v2@v2.0.6/net/ghttp/ghttp_request_middleware.go:53
   29). github.com/gogf/gf/v2/util/gutil.TryCatch
    	C:/Users/dwx/go/pkg/mod/github.com/gogf/gf/v2@v2.0.6/util/gutil/gutil.go:55
   30). github.com/gogf/gf/v2/net/ghttp.(*middleware).Next
    	C:/Users/dwx/go/pkg/mod/github.com/gogf/gf/v2@v2.0.6/net/ghttp/ghttp_request_middleware.go:48
 
