2022-06-23 23:55:24.514 {0c3312bcf94afb16c57d09363521a552} 200 "POST http localhost:8201 /api/v1/system/menu/add HTTP/1.1" 0.063, ::1, "http://192.168.0.195:8888/", "Mozilla/5.0 (Windows NT 10.0; Win64; x64) AppleWebKit/537.36 (KHTML, like Gecko) Chrome/102.0.5005.124 Safari/537.36 Edg/102.0.1245.44", 51, "Validation Failed", ""
Stack:
组件路径不能为空 
2022-06-23 23:56:13.795 {c4dd8435054bfb16d67d093661adf487} 200 "PUT http localhost:8201 /api/v1/system/menu/update HTTP/1.1" 0.030, ::1, "http://192.168.0.195:8888/", "Mozilla/5.0 (Windows NT 10.0; Win64; x64) AppleWebKit/537.36 (KHTML, like Gecko) Chrome/102.0.5005.124 Safari/537.36 Edg/102.0.1245.44", -1, "", ""
Stack:
1. 接口规则已经存在
   1).  iotfast/internal/app/system/service.(*ruleImpl).Update
    	E:/src/iotfast/internal/app/system/service/sys_auth_rule.go:211
   2).  iotfast/internal/app/system/controller.(*menuController).Update
    	E:/src/iotfast/internal/app/system/controller/sys_auth_rule.go:71
   3).  github.com/gogf/gf/v2/net/ghttp.(*middleware).callHandlerFunc.func1
    	C:/Users/dwx/go/pkg/mod/github.com/gogf/gf/v2@v2.0.6/net/ghttp/ghttp_request_middleware.go:151
   4).  github.com/gogf/gf/v2/net/ghttp.niceCallFunc
    	C:/Users/dwx/go/pkg/mod/github.com/gogf/gf/v2@v2.0.6/net/ghttp/ghttp_func.go:56
   5).  github.com/gogf/gf/v2/net/ghttp.(*middleware).callHandlerFunc
    	C:/Users/dwx/go/pkg/mod/github.com/gogf/gf/v2@v2.0.6/net/ghttp/ghttp_request_middleware.go:128
   6).  github.com/gogf/gf/v2/net/ghttp.(*middleware).Next.func1
    	C:/Users/dwx/go/pkg/mod/github.com/gogf/gf/v2@v2.0.6/net/ghttp/ghttp_request_middleware.go:74
   7).  github.com/gogf/gf/v2/util/gutil.TryCatch
    	C:/Users/dwx/go/pkg/mod/github.com/gogf/gf/v2@v2.0.6/util/gutil/gutil.go:55
   8).  github.com/gogf/gf/v2/net/ghttp.(*middleware).Next
    	C:/Users/dwx/go/pkg/mod/github.com/gogf/gf/v2@v2.0.6/net/ghttp/ghttp_request_middleware.go:48
   9).  iotfast/internal/app/system/service.(*middlewareImpl).Auth
    	E:/src/iotfast/internal/app/system/service/middleware.go:81
   10). github.com/gogf/gf/v2/net/ghttp.(*middleware).Next.func1.1
    	C:/Users/dwx/go/pkg/mod/github.com/gogf/gf/v2@v2.0.6/net/ghttp/ghttp_request_middleware.go:54
   11). github.com/gogf/gf/v2/net/ghttp.niceCallFunc
    	C:/Users/dwx/go/pkg/mod/github.com/gogf/gf/v2@v2.0.6/net/ghttp/ghttp_func.go:56
   12). github.com/gogf/gf/v2/net/ghttp.(*middleware).Next.func1
    	C:/Users/dwx/go/pkg/mod/github.com/gogf/gf/v2@v2.0.6/net/ghttp/ghttp_request_middleware.go:53
   13). github.com/gogf/gf/v2/util/gutil.TryCatch
    	C:/Users/dwx/go/pkg/mod/github.com/gogf/gf/v2@v2.0.6/util/gutil/gutil.go:55
   14). github.com/gogf/gf/v2/net/ghttp.(*middleware).Next
    	C:/Users/dwx/go/pkg/mod/github.com/gogf/gf/v2@v2.0.6/net/ghttp/ghttp_request_middleware.go:48
   15). iotfast/internal/app/system/service.(*middlewareImpl).Ctx
    	E:/src/iotfast/internal/app/system/service/middleware.go:54
   16). github.com/gogf/gf/v2/net/ghttp.(*middleware).Next.func1.1
    	C:/Users/dwx/go/pkg/mod/github.com/gogf/gf/v2@v2.0.6/net/ghttp/ghttp_request_middleware.go:54
   17). github.com/gogf/gf/v2/net/ghttp.niceCallFunc
    	C:/Users/dwx/go/pkg/mod/github.com/gogf/gf/v2@v2.0.6/net/ghttp/ghttp_func.go:56
   18). github.com/gogf/gf/v2/net/ghttp.(*middleware).Next.func1
    	C:/Users/dwx/go/pkg/mod/github.com/gogf/gf/v2@v2.0.6/net/ghttp/ghttp_request_middleware.go:53
   19). github.com/gogf/gf/v2/util/gutil.TryCatch
    	C:/Users/dwx/go/pkg/mod/github.com/gogf/gf/v2@v2.0.6/util/gutil/gutil.go:55
   20). github.com/gogf/gf/v2/net/ghttp.(*middleware).Next
    	C:/Users/dwx/go/pkg/mod/github.com/gogf/gf/v2@v2.0.6/net/ghttp/ghttp_request_middleware.go:48
   21). iotfast/internal/app/common/service.(*middlewareImpl).MiddlewareCORS
    	E:/src/iotfast/internal/app/common/service/middleware.go:29
   22). github.com/gogf/gf/v2/net/ghttp.(*middleware).Next.func1.1
    	C:/Users/dwx/go/pkg/mod/github.com/gogf/gf/v2@v2.0.6/net/ghttp/ghttp_request_middleware.go:54
   23). github.com/gogf/gf/v2/net/ghttp.niceCallFunc
    	C:/Users/dwx/go/pkg/mod/github.com/gogf/gf/v2@v2.0.6/net/ghttp/ghttp_func.go:56
   24). github.com/gogf/gf/v2/net/ghttp.(*middleware).Next.func1
    	C:/Users/dwx/go/pkg/mod/github.com/gogf/gf/v2@v2.0.6/net/ghttp/ghttp_request_middleware.go:53
   25). github.com/gogf/gf/v2/util/gutil.TryCatch
    	C:/Users/dwx/go/pkg/mod/github.com/gogf/gf/v2@v2.0.6/util/gutil/gutil.go:55
   26). github.com/gogf/gf/v2/net/ghttp.(*middleware).Next
    	C:/Users/dwx/go/pkg/mod/github.com/gogf/gf/v2@v2.0.6/net/ghttp/ghttp_request_middleware.go:48
   27). github.com/gogf/gf/v2/net/ghttp.MiddlewareHandlerResponse
    	C:/Users/dwx/go/pkg/mod/github.com/gogf/gf/v2@v2.0.6/net/ghttp/ghttp_middleware_handler_response.go:26
   28). github.com/gogf/gf/v2/net/ghttp.(*middleware).Next.func1.1
    	C:/Users/dwx/go/pkg/mod/github.com/gogf/gf/v2@v2.0.6/net/ghttp/ghttp_request_middleware.go:54
   29). github.com/gogf/gf/v2/net/ghttp.niceCallFunc
    	C:/Users/dwx/go/pkg/mod/github.com/gogf/gf/v2@v2.0.6/net/ghttp/ghttp_func.go:56
   30). github.com/gogf/gf/v2/net/ghttp.(*middleware).Next.func1
    	C:/Users/dwx/go/pkg/mod/github.com/gogf/gf/v2@v2.0.6/net/ghttp/ghttp_request_middleware.go:53
 
