2022-06-25 00:16:34.462 {8c5809ffb59afb169cc23f0a7f2c5df3} 500 "GET http localhost:8201 /api/v1/device/deviceCategoryData/recent?categoryId=2&deviceId=1&top=10 HTTP/1.1" 0.014, ::1, "http://192.168.0.195:8888/", "Mozilla/5.0 (Windows NT 10.0; Win64; x64) AppleWebKit/537.36 (KHTML, like Gecko) Chrome/102.0.5005.124 Safari/537.36 Edg/102.0.1245.44", 50, "Internal Error", ""
Stack:
1. exception recovered
   1).  iotfast/internal/app/device/controller.(*deviceCategoryDataController).Recent
    	E:/src/iotfast/internal/app/device/controller/device_category_data.go:52
   2).  github.com/gogf/gf/v2/net/ghttp.(*middleware).callHandlerFunc.func1
    	C:/Users/dwx/go/pkg/mod/github.com/gogf/gf/v2@v2.0.6/net/ghttp/ghttp_request_middleware.go:151
   3).  github.com/gogf/gf/v2/net/ghttp.niceCallFunc
    	C:/Users/dwx/go/pkg/mod/github.com/gogf/gf/v2@v2.0.6/net/ghttp/ghttp_func.go:56
   4).  github.com/gogf/gf/v2/net/ghttp.(*middleware).callHandlerFunc
    	C:/Users/dwx/go/pkg/mod/github.com/gogf/gf/v2@v2.0.6/net/ghttp/ghttp_request_middleware.go:128
   5).  github.com/gogf/gf/v2/net/ghttp.(*middleware).Next.func1
    	C:/Users/dwx/go/pkg/mod/github.com/gogf/gf/v2@v2.0.6/net/ghttp/ghttp_request_middleware.go:74
   6).  github.com/gogf/gf/v2/util/gutil.TryCatch
    	C:/Users/dwx/go/pkg/mod/github.com/gogf/gf/v2@v2.0.6/util/gutil/gutil.go:55
   7).  github.com/gogf/gf/v2/net/ghttp.(*middleware).Next
    	C:/Users/dwx/go/pkg/mod/github.com/gogf/gf/v2@v2.0.6/net/ghttp/ghttp_request_middleware.go:48
   8).  iotfast/internal/app/common/service.(*middlewareImpl).MiddlewareCORS
    	E:/src/iotfast/internal/app/common/service/middleware.go:29
   9).  github.com/gogf/gf/v2/net/ghttp.(*middleware).Next.func1.1
    	C:/Users/dwx/go/pkg/mod/github.com/gogf/gf/v2@v2.0.6/net/ghttp/ghttp_request_middleware.go:54
   10). github.com/gogf/gf/v2/net/ghttp.niceCallFunc
    	C:/Users/dwx/go/pkg/mod/github.com/gogf/gf/v2@v2.0.6/net/ghttp/ghttp_func.go:56
   11). github.com/gogf/gf/v2/net/ghttp.(*middleware).Next.func1
    	C:/Users/dwx/go/pkg/mod/github.com/gogf/gf/v2@v2.0.6/net/ghttp/ghttp_request_middleware.go:53
   12). github.com/gogf/gf/v2/util/gutil.TryCatch
    	C:/Users/dwx/go/pkg/mod/github.com/gogf/gf/v2@v2.0.6/util/gutil/gutil.go:55
   13). github.com/gogf/gf/v2/net/ghttp.(*middleware).Next
    	C:/Users/dwx/go/pkg/mod/github.com/gogf/gf/v2@v2.0.6/net/ghttp/ghttp_request_middleware.go:48
   14). github.com/gogf/gf/v2/net/ghttp.MiddlewareHandlerResponse
    	C:/Users/dwx/go/pkg/mod/github.com/gogf/gf/v2@v2.0.6/net/ghttp/ghttp_middleware_handler_response.go:26
   15). github.com/gogf/gf/v2/net/ghttp.(*middleware).Next.func1.1
    	C:/Users/dwx/go/pkg/mod/github.com/gogf/gf/v2@v2.0.6/net/ghttp/ghttp_request_middleware.go:54
   16). github.com/gogf/gf/v2/net/ghttp.niceCallFunc
    	C:/Users/dwx/go/pkg/mod/github.com/gogf/gf/v2@v2.0.6/net/ghttp/ghttp_func.go:56
   17). github.com/gogf/gf/v2/net/ghttp.(*middleware).Next.func1
    	C:/Users/dwx/go/pkg/mod/github.com/gogf/gf/v2@v2.0.6/net/ghttp/ghttp_request_middleware.go:53
   18). github.com/gogf/gf/v2/util/gutil.TryCatch
    	C:/Users/dwx/go/pkg/mod/github.com/gogf/gf/v2@v2.0.6/util/gutil/gutil.go:55
   19). github.com/gogf/gf/v2/net/ghttp.(*middleware).Next
    	C:/Users/dwx/go/pkg/mod/github.com/gogf/gf/v2@v2.0.6/net/ghttp/ghttp_request_middleware.go:48
   20). github.com/gogf/gf/v2/net/ghttp.internalMiddlewareServerTracing
    	C:/Users/dwx/go/pkg/mod/github.com/gogf/gf/v2@v2.0.6/net/ghttp/ghttp_middleware_tracing.go:78
   21). github.com/gogf/gf/v2/net/ghttp.(*middleware).Next.func1.5
    	C:/Users/dwx/go/pkg/mod/github.com/gogf/gf/v2@v2.0.6/net/ghttp/ghttp_request_middleware.go:95
   22). github.com/gogf/gf/v2/net/ghttp.niceCallFunc
    	C:/Users/dwx/go/pkg/mod/github.com/gogf/gf/v2@v2.0.6/net/ghttp/ghttp_func.go:56
   23). github.com/gogf/gf/v2/net/ghttp.(*middleware).Next.func1
    	C:/Users/dwx/go/pkg/mod/github.com/gogf/gf/v2@v2.0.6/net/ghttp/ghttp_request_middleware.go:94
   24). github.com/gogf/gf/v2/util/gutil.TryCatch
    	C:/Users/dwx/go/pkg/mod/github.com/gogf/gf/v2@v2.0.6/util/gutil/gutil.go:55
   25). github.com/gogf/gf/v2/net/ghttp.(*middleware).Next
    	C:/Users/dwx/go/pkg/mod/github.com/gogf/gf/v2@v2.0.6/net/ghttp/ghttp_request_middleware.go:48
   26). github.com/gogf/gf/v2/net/ghttp.(*Server).ServeHTTP
    	C:/Users/dwx/go/pkg/mod/github.com/gogf/gf/v2@v2.0.6/net/ghttp/ghttp_server_handler.go:121
2. runtime error: invalid memory address or nil pointer dereference
 
2022-06-25 00:16:34.472 {b870b6feb59afb169bc23f0ad0d14056} 500 "GET http localhost:8201 /api/v1/device/deviceCategoryData/recent?categoryId=1&deviceId=1&top=10 HTTP/1.1" 0.030, ::1, "http://192.168.0.195:8888/", "Mozilla/5.0 (Windows NT 10.0; Win64; x64) AppleWebKit/537.36 (KHTML, like Gecko) Chrome/102.0.5005.124 Safari/537.36 Edg/102.0.1245.44", 50, "Internal Error", ""
Stack:
1. exception recovered
   1).  iotfast/internal/app/device/controller.(*deviceCategoryDataController).Recent
    	E:/src/iotfast/internal/app/device/controller/device_category_data.go:52
   2).  github.com/gogf/gf/v2/net/ghttp.(*middleware).callHandlerFunc.func1
    	C:/Users/dwx/go/pkg/mod/github.com/gogf/gf/v2@v2.0.6/net/ghttp/ghttp_request_middleware.go:151
   3).  github.com/gogf/gf/v2/net/ghttp.niceCallFunc
    	C:/Users/dwx/go/pkg/mod/github.com/gogf/gf/v2@v2.0.6/net/ghttp/ghttp_func.go:56
   4).  github.com/gogf/gf/v2/net/ghttp.(*middleware).callHandlerFunc
    	C:/Users/dwx/go/pkg/mod/github.com/gogf/gf/v2@v2.0.6/net/ghttp/ghttp_request_middleware.go:128
   5).  github.com/gogf/gf/v2/net/ghttp.(*middleware).Next.func1
    	C:/Users/dwx/go/pkg/mod/github.com/gogf/gf/v2@v2.0.6/net/ghttp/ghttp_request_middleware.go:74
   6).  github.com/gogf/gf/v2/util/gutil.TryCatch
    	C:/Users/dwx/go/pkg/mod/github.com/gogf/gf/v2@v2.0.6/util/gutil/gutil.go:55
   7).  github.com/gogf/gf/v2/net/ghttp.(*middleware).Next
    	C:/Users/dwx/go/pkg/mod/github.com/gogf/gf/v2@v2.0.6/net/ghttp/ghttp_request_middleware.go:48
   8).  iotfast/internal/app/common/service.(*middlewareImpl).MiddlewareCORS
    	E:/src/iotfast/internal/app/common/service/middleware.go:29
   9).  github.com/gogf/gf/v2/net/ghttp.(*middleware).Next.func1.1
    	C:/Users/dwx/go/pkg/mod/github.com/gogf/gf/v2@v2.0.6/net/ghttp/ghttp_request_middleware.go:54
   10). github.com/gogf/gf/v2/net/ghttp.niceCallFunc
    	C:/Users/dwx/go/pkg/mod/github.com/gogf/gf/v2@v2.0.6/net/ghttp/ghttp_func.go:56
   11). github.com/gogf/gf/v2/net/ghttp.(*middleware).Next.func1
    	C:/Users/dwx/go/pkg/mod/github.com/gogf/gf/v2@v2.0.6/net/ghttp/ghttp_request_middleware.go:53
   12). github.com/gogf/gf/v2/util/gutil.TryCatch
    	C:/Users/dwx/go/pkg/mod/github.com/gogf/gf/v2@v2.0.6/util/gutil/gutil.go:55
   13). github.com/gogf/gf/v2/net/ghttp.(*middleware).Next
    	C:/Users/dwx/go/pkg/mod/github.com/gogf/gf/v2@v2.0.6/net/ghttp/ghttp_request_middleware.go:48
   14). github.com/gogf/gf/v2/net/ghttp.MiddlewareHandlerResponse
    	C:/Users/dwx/go/pkg/mod/github.com/gogf/gf/v2@v2.0.6/net/ghttp/ghttp_middleware_handler_response.go:26
   15). github.com/gogf/gf/v2/net/ghttp.(*middleware).Next.func1.1
    	C:/Users/dwx/go/pkg/mod/github.com/gogf/gf/v2@v2.0.6/net/ghttp/ghttp_request_middleware.go:54
   16). github.com/gogf/gf/v2/net/ghttp.niceCallFunc
    	C:/Users/dwx/go/pkg/mod/github.com/gogf/gf/v2@v2.0.6/net/ghttp/ghttp_func.go:56
   17). github.com/gogf/gf/v2/net/ghttp.(*middleware).Next.func1
    	C:/Users/dwx/go/pkg/mod/github.com/gogf/gf/v2@v2.0.6/net/ghttp/ghttp_request_middleware.go:53
   18). github.com/gogf/gf/v2/util/gutil.TryCatch
    	C:/Users/dwx/go/pkg/mod/github.com/gogf/gf/v2@v2.0.6/util/gutil/gutil.go:55
   19). github.com/gogf/gf/v2/net/ghttp.(*middleware).Next
    	C:/Users/dwx/go/pkg/mod/github.com/gogf/gf/v2@v2.0.6/net/ghttp/ghttp_request_middleware.go:48
   20). github.com/gogf/gf/v2/net/ghttp.internalMiddlewareServerTracing
    	C:/Users/dwx/go/pkg/mod/github.com/gogf/gf/v2@v2.0.6/net/ghttp/ghttp_middleware_tracing.go:78
   21). github.com/gogf/gf/v2/net/ghttp.(*middleware).Next.func1.5
    	C:/Users/dwx/go/pkg/mod/github.com/gogf/gf/v2@v2.0.6/net/ghttp/ghttp_request_middleware.go:95
   22). github.com/gogf/gf/v2/net/ghttp.niceCallFunc
    	C:/Users/dwx/go/pkg/mod/github.com/gogf/gf/v2@v2.0.6/net/ghttp/ghttp_func.go:56
   23). github.com/gogf/gf/v2/net/ghttp.(*middleware).Next.func1
    	C:/Users/dwx/go/pkg/mod/github.com/gogf/gf/v2@v2.0.6/net/ghttp/ghttp_request_middleware.go:94
   24). github.com/gogf/gf/v2/util/gutil.TryCatch
    	C:/Users/dwx/go/pkg/mod/github.com/gogf/gf/v2@v2.0.6/util/gutil/gutil.go:55
   25). github.com/gogf/gf/v2/net/ghttp.(*middleware).Next
    	C:/Users/dwx/go/pkg/mod/github.com/gogf/gf/v2@v2.0.6/net/ghttp/ghttp_request_middleware.go:48
   26). github.com/gogf/gf/v2/net/ghttp.(*Server).ServeHTTP
    	C:/Users/dwx/go/pkg/mod/github.com/gogf/gf/v2@v2.0.6/net/ghttp/ghttp_server_handler.go:121
2. runtime error: invalid memory address or nil pointer dereference
 
2022-06-25 01:06:05.283 {a8f8e7ad699dfb16c7e5ca53bebf424f} 200 "GET http localhost:8201 /api/v1/device/deviceCategoryData/recent?categoryId=1&deviceId=1&top=10 HTTP/1.1" 0.080, ::1, "http://192.168.0.195:8888/", "Mozilla/5.0 (Windows NT 10.0; Win64; x64) AppleWebKit/537.36 (KHTML, like Gecko) Chrome/102.0.5005.124 Safari/537.36 Edg/102.0.1245.44", -1, "", ""
Stack:
1. 读取数据失败
   1).  iotfast/internal/app/device/service.(*deviceCategoryDataImpl).Recent
    	E:/src/iotfast/internal/app/device/service/device_category_data.go:125
   2).  iotfast/internal/app/device/controller.(*deviceCategoryDataController).Recent
    	E:/src/iotfast/internal/app/device/controller/device_category_data.go:52
   3).  github.com/gogf/gf/v2/net/ghttp.(*middleware).callHandlerFunc.func1
    	C:/Users/dwx/go/pkg/mod/github.com/gogf/gf/v2@v2.0.6/net/ghttp/ghttp_request_middleware.go:151
   4).  github.com/gogf/gf/v2/net/ghttp.niceCallFunc
    	C:/Users/dwx/go/pkg/mod/github.com/gogf/gf/v2@v2.0.6/net/ghttp/ghttp_func.go:56
   5).  github.com/gogf/gf/v2/net/ghttp.(*middleware).callHandlerFunc
    	C:/Users/dwx/go/pkg/mod/github.com/gogf/gf/v2@v2.0.6/net/ghttp/ghttp_request_middleware.go:128
   6).  github.com/gogf/gf/v2/net/ghttp.(*middleware).Next.func1
    	C:/Users/dwx/go/pkg/mod/github.com/gogf/gf/v2@v2.0.6/net/ghttp/ghttp_request_middleware.go:74
   7).  github.com/gogf/gf/v2/util/gutil.TryCatch
    	C:/Users/dwx/go/pkg/mod/github.com/gogf/gf/v2@v2.0.6/util/gutil/gutil.go:55
   8).  github.com/gogf/gf/v2/net/ghttp.(*middleware).Next
    	C:/Users/dwx/go/pkg/mod/github.com/gogf/gf/v2@v2.0.6/net/ghttp/ghttp_request_middleware.go:48
   9).  iotfast/internal/app/common/service.(*middlewareImpl).MiddlewareCORS
    	E:/src/iotfast/internal/app/common/service/middleware.go:29
   10). github.com/gogf/gf/v2/net/ghttp.(*middleware).Next.func1.1
    	C:/Users/dwx/go/pkg/mod/github.com/gogf/gf/v2@v2.0.6/net/ghttp/ghttp_request_middleware.go:54
   11). github.com/gogf/gf/v2/net/ghttp.niceCallFunc
    	C:/Users/dwx/go/pkg/mod/github.com/gogf/gf/v2@v2.0.6/net/ghttp/ghttp_func.go:56
   12). github.com/gogf/gf/v2/net/ghttp.(*middleware).Next.func1
    	C:/Users/dwx/go/pkg/mod/github.com/gogf/gf/v2@v2.0.6/net/ghttp/ghttp_request_middleware.go:53
   13). github.com/gogf/gf/v2/util/gutil.TryCatch
    	C:/Users/dwx/go/pkg/mod/github.com/gogf/gf/v2@v2.0.6/util/gutil/gutil.go:55
   14). github.com/gogf/gf/v2/net/ghttp.(*middleware).Next
    	C:/Users/dwx/go/pkg/mod/github.com/gogf/gf/v2@v2.0.6/net/ghttp/ghttp_request_middleware.go:48
   15). github.com/gogf/gf/v2/net/ghttp.MiddlewareHandlerResponse
    	C:/Users/dwx/go/pkg/mod/github.com/gogf/gf/v2@v2.0.6/net/ghttp/ghttp_middleware_handler_response.go:26
   16). github.com/gogf/gf/v2/net/ghttp.(*middleware).Next.func1.1
    	C:/Users/dwx/go/pkg/mod/github.com/gogf/gf/v2@v2.0.6/net/ghttp/ghttp_request_middleware.go:54
   17). github.com/gogf/gf/v2/net/ghttp.niceCallFunc
    	C:/Users/dwx/go/pkg/mod/github.com/gogf/gf/v2@v2.0.6/net/ghttp/ghttp_func.go:56
   18). github.com/gogf/gf/v2/net/ghttp.(*middleware).Next.func1
    	C:/Users/dwx/go/pkg/mod/github.com/gogf/gf/v2@v2.0.6/net/ghttp/ghttp_request_middleware.go:53
   19). github.com/gogf/gf/v2/util/gutil.TryCatch
    	C:/Users/dwx/go/pkg/mod/github.com/gogf/gf/v2@v2.0.6/util/gutil/gutil.go:55
   20). github.com/gogf/gf/v2/net/ghttp.(*middleware).Next
    	C:/Users/dwx/go/pkg/mod/github.com/gogf/gf/v2@v2.0.6/net/ghttp/ghttp_request_middleware.go:48
   21). github.com/gogf/gf/v2/net/ghttp.internalMiddlewareServerTracing
    	C:/Users/dwx/go/pkg/mod/github.com/gogf/gf/v2@v2.0.6/net/ghttp/ghttp_middleware_tracing.go:78
   22). github.com/gogf/gf/v2/net/ghttp.(*middleware).Next.func1.5
    	C:/Users/dwx/go/pkg/mod/github.com/gogf/gf/v2@v2.0.6/net/ghttp/ghttp_request_middleware.go:95
   23). github.com/gogf/gf/v2/net/ghttp.niceCallFunc
    	C:/Users/dwx/go/pkg/mod/github.com/gogf/gf/v2@v2.0.6/net/ghttp/ghttp_func.go:56
   24). github.com/gogf/gf/v2/net/ghttp.(*middleware).Next.func1
    	C:/Users/dwx/go/pkg/mod/github.com/gogf/gf/v2@v2.0.6/net/ghttp/ghttp_request_middleware.go:94
   25). github.com/gogf/gf/v2/util/gutil.TryCatch
    	C:/Users/dwx/go/pkg/mod/github.com/gogf/gf/v2@v2.0.6/util/gutil/gutil.go:55
   26). github.com/gogf/gf/v2/net/ghttp.(*middleware).Next
    	C:/Users/dwx/go/pkg/mod/github.com/gogf/gf/v2@v2.0.6/net/ghttp/ghttp_request_middleware.go:48
   27). github.com/gogf/gf/v2/net/ghttp.(*Server).ServeHTTP
    	C:/Users/dwx/go/pkg/mod/github.com/gogf/gf/v2@v2.0.6/net/ghttp/ghttp_server_handler.go:121
 
2022-06-25 01:06:05.353 {24a61caf699dfb16c8e5ca53462ac663} 200 "GET http localhost:8201 /api/v1/device/deviceCategoryData/recent?categoryId=2&deviceId=1&top=10 HTTP/1.1" 0.130, ::1, "http://192.168.0.195:8888/", "Mozilla/5.0 (Windows NT 10.0; Win64; x64) AppleWebKit/537.36 (KHTML, like Gecko) Chrome/102.0.5005.124 Safari/537.36 Edg/102.0.1245.44", -1, "", ""
Stack:
1. 读取数据失败
   1).  iotfast/internal/app/device/service.(*deviceCategoryDataImpl).Recent
    	E:/src/iotfast/internal/app/device/service/device_category_data.go:125
   2).  iotfast/internal/app/device/controller.(*deviceCategoryDataController).Recent
    	E:/src/iotfast/internal/app/device/controller/device_category_data.go:52
   3).  github.com/gogf/gf/v2/net/ghttp.(*middleware).callHandlerFunc.func1
    	C:/Users/dwx/go/pkg/mod/github.com/gogf/gf/v2@v2.0.6/net/ghttp/ghttp_request_middleware.go:151
   4).  github.com/gogf/gf/v2/net/ghttp.niceCallFunc
    	C:/Users/dwx/go/pkg/mod/github.com/gogf/gf/v2@v2.0.6/net/ghttp/ghttp_func.go:56
   5).  github.com/gogf/gf/v2/net/ghttp.(*middleware).callHandlerFunc
    	C:/Users/dwx/go/pkg/mod/github.com/gogf/gf/v2@v2.0.6/net/ghttp/ghttp_request_middleware.go:128
   6).  github.com/gogf/gf/v2/net/ghttp.(*middleware).Next.func1
    	C:/Users/dwx/go/pkg/mod/github.com/gogf/gf/v2@v2.0.6/net/ghttp/ghttp_request_middleware.go:74
   7).  github.com/gogf/gf/v2/util/gutil.TryCatch
    	C:/Users/dwx/go/pkg/mod/github.com/gogf/gf/v2@v2.0.6/util/gutil/gutil.go:55
   8).  github.com/gogf/gf/v2/net/ghttp.(*middleware).Next
    	C:/Users/dwx/go/pkg/mod/github.com/gogf/gf/v2@v2.0.6/net/ghttp/ghttp_request_middleware.go:48
   9).  iotfast/internal/app/common/service.(*middlewareImpl).MiddlewareCORS
    	E:/src/iotfast/internal/app/common/service/middleware.go:29
   10). github.com/gogf/gf/v2/net/ghttp.(*middleware).Next.func1.1
    	C:/Users/dwx/go/pkg/mod/github.com/gogf/gf/v2@v2.0.6/net/ghttp/ghttp_request_middleware.go:54
   11). github.com/gogf/gf/v2/net/ghttp.niceCallFunc
    	C:/Users/dwx/go/pkg/mod/github.com/gogf/gf/v2@v2.0.6/net/ghttp/ghttp_func.go:56
   12). github.com/gogf/gf/v2/net/ghttp.(*middleware).Next.func1
    	C:/Users/dwx/go/pkg/mod/github.com/gogf/gf/v2@v2.0.6/net/ghttp/ghttp_request_middleware.go:53
   13). github.com/gogf/gf/v2/util/gutil.TryCatch
    	C:/Users/dwx/go/pkg/mod/github.com/gogf/gf/v2@v2.0.6/util/gutil/gutil.go:55
   14). github.com/gogf/gf/v2/net/ghttp.(*middleware).Next
    	C:/Users/dwx/go/pkg/mod/github.com/gogf/gf/v2@v2.0.6/net/ghttp/ghttp_request_middleware.go:48
   15). github.com/gogf/gf/v2/net/ghttp.MiddlewareHandlerResponse
    	C:/Users/dwx/go/pkg/mod/github.com/gogf/gf/v2@v2.0.6/net/ghttp/ghttp_middleware_handler_response.go:26
   16). github.com/gogf/gf/v2/net/ghttp.(*middleware).Next.func1.1
    	C:/Users/dwx/go/pkg/mod/github.com/gogf/gf/v2@v2.0.6/net/ghttp/ghttp_request_middleware.go:54
   17). github.com/gogf/gf/v2/net/ghttp.niceCallFunc
    	C:/Users/dwx/go/pkg/mod/github.com/gogf/gf/v2@v2.0.6/net/ghttp/ghttp_func.go:56
   18). github.com/gogf/gf/v2/net/ghttp.(*middleware).Next.func1
    	C:/Users/dwx/go/pkg/mod/github.com/gogf/gf/v2@v2.0.6/net/ghttp/ghttp_request_middleware.go:53
   19). github.com/gogf/gf/v2/util/gutil.TryCatch
    	C:/Users/dwx/go/pkg/mod/github.com/gogf/gf/v2@v2.0.6/util/gutil/gutil.go:55
   20). github.com/gogf/gf/v2/net/ghttp.(*middleware).Next
    	C:/Users/dwx/go/pkg/mod/github.com/gogf/gf/v2@v2.0.6/net/ghttp/ghttp_request_middleware.go:48
   21). github.com/gogf/gf/v2/net/ghttp.internalMiddlewareServerTracing
    	C:/Users/dwx/go/pkg/mod/github.com/gogf/gf/v2@v2.0.6/net/ghttp/ghttp_middleware_tracing.go:78
   22). github.com/gogf/gf/v2/net/ghttp.(*middleware).Next.func1.5
    	C:/Users/dwx/go/pkg/mod/github.com/gogf/gf/v2@v2.0.6/net/ghttp/ghttp_request_middleware.go:95
   23). github.com/gogf/gf/v2/net/ghttp.niceCallFunc
    	C:/Users/dwx/go/pkg/mod/github.com/gogf/gf/v2@v2.0.6/net/ghttp/ghttp_func.go:56
   24). github.com/gogf/gf/v2/net/ghttp.(*middleware).Next.func1
    	C:/Users/dwx/go/pkg/mod/github.com/gogf/gf/v2@v2.0.6/net/ghttp/ghttp_request_middleware.go:94
   25). github.com/gogf/gf/v2/util/gutil.TryCatch
    	C:/Users/dwx/go/pkg/mod/github.com/gogf/gf/v2@v2.0.6/util/gutil/gutil.go:55
   26). github.com/gogf/gf/v2/net/ghttp.(*middleware).Next
    	C:/Users/dwx/go/pkg/mod/github.com/gogf/gf/v2@v2.0.6/net/ghttp/ghttp_request_middleware.go:48
   27). github.com/gogf/gf/v2/net/ghttp.(*Server).ServeHTTP
    	C:/Users/dwx/go/pkg/mod/github.com/gogf/gf/v2@v2.0.6/net/ghttp/ghttp_server_handler.go:121
 
2022-06-25 01:07:58.853 {68f2881f849dfb161c5d3b6c372aeffd} 200 "GET http localhost:8201 /api/v1/device/deviceCategoryData/recent?categoryId=1&deviceId=1&top=10 HTTP/1.1" 0.076, ::1, "http://192.168.0.195:8888/", "Mozilla/5.0 (Windows NT 10.0; Win64; x64) AppleWebKit/537.36 (KHTML, like Gecko) Chrome/102.0.5005.124 Safari/537.36 Edg/102.0.1245.44", -1, "", ""
Stack:
1. 读取数据失败
   1).  iotfast/internal/app/device/service.(*deviceCategoryDataImpl).Recent
    	E:/src/iotfast/internal/app/device/service/device_category_data.go:125
   2).  iotfast/internal/app/device/controller.(*deviceCategoryDataController).Recent
    	E:/src/iotfast/internal/app/device/controller/device_category_data.go:52
   3).  github.com/gogf/gf/v2/net/ghttp.(*middleware).callHandlerFunc.func1
    	C:/Users/dwx/go/pkg/mod/github.com/gogf/gf/v2@v2.0.6/net/ghttp/ghttp_request_middleware.go:151
   4).  github.com/gogf/gf/v2/net/ghttp.niceCallFunc
    	C:/Users/dwx/go/pkg/mod/github.com/gogf/gf/v2@v2.0.6/net/ghttp/ghttp_func.go:56
   5).  github.com/gogf/gf/v2/net/ghttp.(*middleware).callHandlerFunc
    	C:/Users/dwx/go/pkg/mod/github.com/gogf/gf/v2@v2.0.6/net/ghttp/ghttp_request_middleware.go:128
   6).  github.com/gogf/gf/v2/net/ghttp.(*middleware).Next.func1
    	C:/Users/dwx/go/pkg/mod/github.com/gogf/gf/v2@v2.0.6/net/ghttp/ghttp_request_middleware.go:74
   7).  github.com/gogf/gf/v2/util/gutil.TryCatch
    	C:/Users/dwx/go/pkg/mod/github.com/gogf/gf/v2@v2.0.6/util/gutil/gutil.go:55
   8).  github.com/gogf/gf/v2/net/ghttp.(*middleware).Next
    	C:/Users/dwx/go/pkg/mod/github.com/gogf/gf/v2@v2.0.6/net/ghttp/ghttp_request_middleware.go:48
   9).  iotfast/internal/app/common/service.(*middlewareImpl).MiddlewareCORS
    	E:/src/iotfast/internal/app/common/service/middleware.go:29
   10). github.com/gogf/gf/v2/net/ghttp.(*middleware).Next.func1.1
    	C:/Users/dwx/go/pkg/mod/github.com/gogf/gf/v2@v2.0.6/net/ghttp/ghttp_request_middleware.go:54
   11). github.com/gogf/gf/v2/net/ghttp.niceCallFunc
    	C:/Users/dwx/go/pkg/mod/github.com/gogf/gf/v2@v2.0.6/net/ghttp/ghttp_func.go:56
   12). github.com/gogf/gf/v2/net/ghttp.(*middleware).Next.func1
    	C:/Users/dwx/go/pkg/mod/github.com/gogf/gf/v2@v2.0.6/net/ghttp/ghttp_request_middleware.go:53
   13). github.com/gogf/gf/v2/util/gutil.TryCatch
    	C:/Users/dwx/go/pkg/mod/github.com/gogf/gf/v2@v2.0.6/util/gutil/gutil.go:55
   14). github.com/gogf/gf/v2/net/ghttp.(*middleware).Next
    	C:/Users/dwx/go/pkg/mod/github.com/gogf/gf/v2@v2.0.6/net/ghttp/ghttp_request_middleware.go:48
   15). github.com/gogf/gf/v2/net/ghttp.MiddlewareHandlerResponse
    	C:/Users/dwx/go/pkg/mod/github.com/gogf/gf/v2@v2.0.6/net/ghttp/ghttp_middleware_handler_response.go:26
   16). github.com/gogf/gf/v2/net/ghttp.(*middleware).Next.func1.1
    	C:/Users/dwx/go/pkg/mod/github.com/gogf/gf/v2@v2.0.6/net/ghttp/ghttp_request_middleware.go:54
   17). github.com/gogf/gf/v2/net/ghttp.niceCallFunc
    	C:/Users/dwx/go/pkg/mod/github.com/gogf/gf/v2@v2.0.6/net/ghttp/ghttp_func.go:56
   18). github.com/gogf/gf/v2/net/ghttp.(*middleware).Next.func1
    	C:/Users/dwx/go/pkg/mod/github.com/gogf/gf/v2@v2.0.6/net/ghttp/ghttp_request_middleware.go:53
   19). github.com/gogf/gf/v2/util/gutil.TryCatch
    	C:/Users/dwx/go/pkg/mod/github.com/gogf/gf/v2@v2.0.6/util/gutil/gutil.go:55
   20). github.com/gogf/gf/v2/net/ghttp.(*middleware).Next
    	C:/Users/dwx/go/pkg/mod/github.com/gogf/gf/v2@v2.0.6/net/ghttp/ghttp_request_middleware.go:48
   21). github.com/gogf/gf/v2/net/ghttp.internalMiddlewareServerTracing
    	C:/Users/dwx/go/pkg/mod/github.com/gogf/gf/v2@v2.0.6/net/ghttp/ghttp_middleware_tracing.go:78
   22). github.com/gogf/gf/v2/net/ghttp.(*middleware).Next.func1.5
    	C:/Users/dwx/go/pkg/mod/github.com/gogf/gf/v2@v2.0.6/net/ghttp/ghttp_request_middleware.go:95
   23). github.com/gogf/gf/v2/net/ghttp.niceCallFunc
    	C:/Users/dwx/go/pkg/mod/github.com/gogf/gf/v2@v2.0.6/net/ghttp/ghttp_func.go:56
   24). github.com/gogf/gf/v2/net/ghttp.(*middleware).Next.func1
    	C:/Users/dwx/go/pkg/mod/github.com/gogf/gf/v2@v2.0.6/net/ghttp/ghttp_request_middleware.go:94
   25). github.com/gogf/gf/v2/util/gutil.TryCatch
    	C:/Users/dwx/go/pkg/mod/github.com/gogf/gf/v2@v2.0.6/util/gutil/gutil.go:55
   26). github.com/gogf/gf/v2/net/ghttp.(*middleware).Next
    	C:/Users/dwx/go/pkg/mod/github.com/gogf/gf/v2@v2.0.6/net/ghttp/ghttp_request_middleware.go:48
   27). github.com/gogf/gf/v2/net/ghttp.(*Server).ServeHTTP
    	C:/Users/dwx/go/pkg/mod/github.com/gogf/gf/v2@v2.0.6/net/ghttp/ghttp_server_handler.go:121
 
2022-06-25 01:07:58.897 {4014d51f849dfb161d5d3b6cd7154884} 200 "GET http localhost:8201 /api/v1/device/deviceCategoryData/recent?categoryId=2&deviceId=1&top=10 HTTP/1.1" 0.113, ::1, "http://192.168.0.195:8888/", "Mozilla/5.0 (Windows NT 10.0; Win64; x64) AppleWebKit/537.36 (KHTML, like Gecko) Chrome/102.0.5005.124 Safari/537.36 Edg/102.0.1245.44", -1, "", ""
Stack:
1. 读取数据失败
   1).  iotfast/internal/app/device/service.(*deviceCategoryDataImpl).Recent
    	E:/src/iotfast/internal/app/device/service/device_category_data.go:125
   2).  iotfast/internal/app/device/controller.(*deviceCategoryDataController).Recent
    	E:/src/iotfast/internal/app/device/controller/device_category_data.go:52
   3).  github.com/gogf/gf/v2/net/ghttp.(*middleware).callHandlerFunc.func1
    	C:/Users/dwx/go/pkg/mod/github.com/gogf/gf/v2@v2.0.6/net/ghttp/ghttp_request_middleware.go:151
   4).  github.com/gogf/gf/v2/net/ghttp.niceCallFunc
    	C:/Users/dwx/go/pkg/mod/github.com/gogf/gf/v2@v2.0.6/net/ghttp/ghttp_func.go:56
   5).  github.com/gogf/gf/v2/net/ghttp.(*middleware).callHandlerFunc
    	C:/Users/dwx/go/pkg/mod/github.com/gogf/gf/v2@v2.0.6/net/ghttp/ghttp_request_middleware.go:128
   6).  github.com/gogf/gf/v2/net/ghttp.(*middleware).Next.func1
    	C:/Users/dwx/go/pkg/mod/github.com/gogf/gf/v2@v2.0.6/net/ghttp/ghttp_request_middleware.go:74
   7).  github.com/gogf/gf/v2/util/gutil.TryCatch
    	C:/Users/dwx/go/pkg/mod/github.com/gogf/gf/v2@v2.0.6/util/gutil/gutil.go:55
   8).  github.com/gogf/gf/v2/net/ghttp.(*middleware).Next
    	C:/Users/dwx/go/pkg/mod/github.com/gogf/gf/v2@v2.0.6/net/ghttp/ghttp_request_middleware.go:48
   9).  iotfast/internal/app/common/service.(*middlewareImpl).MiddlewareCORS
    	E:/src/iotfast/internal/app/common/service/middleware.go:29
   10). github.com/gogf/gf/v2/net/ghttp.(*middleware).Next.func1.1
    	C:/Users/dwx/go/pkg/mod/github.com/gogf/gf/v2@v2.0.6/net/ghttp/ghttp_request_middleware.go:54
   11). github.com/gogf/gf/v2/net/ghttp.niceCallFunc
    	C:/Users/dwx/go/pkg/mod/github.com/gogf/gf/v2@v2.0.6/net/ghttp/ghttp_func.go:56
   12). github.com/gogf/gf/v2/net/ghttp.(*middleware).Next.func1
    	C:/Users/dwx/go/pkg/mod/github.com/gogf/gf/v2@v2.0.6/net/ghttp/ghttp_request_middleware.go:53
   13). github.com/gogf/gf/v2/util/gutil.TryCatch
    	C:/Users/dwx/go/pkg/mod/github.com/gogf/gf/v2@v2.0.6/util/gutil/gutil.go:55
   14). github.com/gogf/gf/v2/net/ghttp.(*middleware).Next
    	C:/Users/dwx/go/pkg/mod/github.com/gogf/gf/v2@v2.0.6/net/ghttp/ghttp_request_middleware.go:48
   15). github.com/gogf/gf/v2/net/ghttp.MiddlewareHandlerResponse
    	C:/Users/dwx/go/pkg/mod/github.com/gogf/gf/v2@v2.0.6/net/ghttp/ghttp_middleware_handler_response.go:26
   16). github.com/gogf/gf/v2/net/ghttp.(*middleware).Next.func1.1
    	C:/Users/dwx/go/pkg/mod/github.com/gogf/gf/v2@v2.0.6/net/ghttp/ghttp_request_middleware.go:54
   17). github.com/gogf/gf/v2/net/ghttp.niceCallFunc
    	C:/Users/dwx/go/pkg/mod/github.com/gogf/gf/v2@v2.0.6/net/ghttp/ghttp_func.go:56
   18). github.com/gogf/gf/v2/net/ghttp.(*middleware).Next.func1
    	C:/Users/dwx/go/pkg/mod/github.com/gogf/gf/v2@v2.0.6/net/ghttp/ghttp_request_middleware.go:53
   19). github.com/gogf/gf/v2/util/gutil.TryCatch
    	C:/Users/dwx/go/pkg/mod/github.com/gogf/gf/v2@v2.0.6/util/gutil/gutil.go:55
   20). github.com/gogf/gf/v2/net/ghttp.(*middleware).Next
    	C:/Users/dwx/go/pkg/mod/github.com/gogf/gf/v2@v2.0.6/net/ghttp/ghttp_request_middleware.go:48
   21). github.com/gogf/gf/v2/net/ghttp.internalMiddlewareServerTracing
    	C:/Users/dwx/go/pkg/mod/github.com/gogf/gf/v2@v2.0.6/net/ghttp/ghttp_middleware_tracing.go:78
   22). github.com/gogf/gf/v2/net/ghttp.(*middleware).Next.func1.5
    	C:/Users/dwx/go/pkg/mod/github.com/gogf/gf/v2@v2.0.6/net/ghttp/ghttp_request_middleware.go:95
   23). github.com/gogf/gf/v2/net/ghttp.niceCallFunc
    	C:/Users/dwx/go/pkg/mod/github.com/gogf/gf/v2@v2.0.6/net/ghttp/ghttp_func.go:56
   24). github.com/gogf/gf/v2/net/ghttp.(*middleware).Next.func1
    	C:/Users/dwx/go/pkg/mod/github.com/gogf/gf/v2@v2.0.6/net/ghttp/ghttp_request_middleware.go:94
   25). github.com/gogf/gf/v2/util/gutil.TryCatch
    	C:/Users/dwx/go/pkg/mod/github.com/gogf/gf/v2@v2.0.6/util/gutil/gutil.go:55
   26). github.com/gogf/gf/v2/net/ghttp.(*middleware).Next
    	C:/Users/dwx/go/pkg/mod/github.com/gogf/gf/v2@v2.0.6/net/ghttp/ghttp_request_middleware.go:48
   27). github.com/gogf/gf/v2/net/ghttp.(*Server).ServeHTTP
    	C:/Users/dwx/go/pkg/mod/github.com/gogf/gf/v2@v2.0.6/net/ghttp/ghttp_server_handler.go:121
 
2022-06-25 01:09:34.558 {f48a8a6a9a9dfb16cdca5e28b3b54182} 200 "GET http localhost:8201 /api/v1/device/deviceCategoryData/recent?categoryId=1&deviceId=1&top=10 HTTP/1.1" 0.032, ::1, "http://192.168.0.195:8888/", "Mozilla/5.0 (Windows NT 10.0; Win64; x64) AppleWebKit/537.36 (KHTML, like Gecko) Chrome/102.0.5005.124 Safari/537.36 Edg/102.0.1245.44", -1, "", ""
Stack:
1. 读取数据失败
   1).  iotfast/internal/app/device/service.(*deviceCategoryDataImpl).Recent
    	E:/src/iotfast/internal/app/device/service/device_category_data.go:124
   2).  iotfast/internal/app/device/controller.(*deviceCategoryDataController).Recent
    	E:/src/iotfast/internal/app/device/controller/device_category_data.go:52
   3).  github.com/gogf/gf/v2/net/ghttp.(*middleware).callHandlerFunc.func1
    	C:/Users/dwx/go/pkg/mod/github.com/gogf/gf/v2@v2.0.6/net/ghttp/ghttp_request_middleware.go:151
   4).  github.com/gogf/gf/v2/net/ghttp.niceCallFunc
    	C:/Users/dwx/go/pkg/mod/github.com/gogf/gf/v2@v2.0.6/net/ghttp/ghttp_func.go:56
   5).  github.com/gogf/gf/v2/net/ghttp.(*middleware).callHandlerFunc
    	C:/Users/dwx/go/pkg/mod/github.com/gogf/gf/v2@v2.0.6/net/ghttp/ghttp_request_middleware.go:128
   6).  github.com/gogf/gf/v2/net/ghttp.(*middleware).Next.func1
    	C:/Users/dwx/go/pkg/mod/github.com/gogf/gf/v2@v2.0.6/net/ghttp/ghttp_request_middleware.go:74
   7).  github.com/gogf/gf/v2/util/gutil.TryCatch
    	C:/Users/dwx/go/pkg/mod/github.com/gogf/gf/v2@v2.0.6/util/gutil/gutil.go:55
   8).  github.com/gogf/gf/v2/net/ghttp.(*middleware).Next
    	C:/Users/dwx/go/pkg/mod/github.com/gogf/gf/v2@v2.0.6/net/ghttp/ghttp_request_middleware.go:48
   9).  iotfast/internal/app/common/service.(*middlewareImpl).MiddlewareCORS
    	E:/src/iotfast/internal/app/common/service/middleware.go:29
   10). github.com/gogf/gf/v2/net/ghttp.(*middleware).Next.func1.1
    	C:/Users/dwx/go/pkg/mod/github.com/gogf/gf/v2@v2.0.6/net/ghttp/ghttp_request_middleware.go:54
   11). github.com/gogf/gf/v2/net/ghttp.niceCallFunc
    	C:/Users/dwx/go/pkg/mod/github.com/gogf/gf/v2@v2.0.6/net/ghttp/ghttp_func.go:56
   12). github.com/gogf/gf/v2/net/ghttp.(*middleware).Next.func1
    	C:/Users/dwx/go/pkg/mod/github.com/gogf/gf/v2@v2.0.6/net/ghttp/ghttp_request_middleware.go:53
   13). github.com/gogf/gf/v2/util/gutil.TryCatch
    	C:/Users/dwx/go/pkg/mod/github.com/gogf/gf/v2@v2.0.6/util/gutil/gutil.go:55
   14). github.com/gogf/gf/v2/net/ghttp.(*middleware).Next
    	C:/Users/dwx/go/pkg/mod/github.com/gogf/gf/v2@v2.0.6/net/ghttp/ghttp_request_middleware.go:48
   15). github.com/gogf/gf/v2/net/ghttp.MiddlewareHandlerResponse
    	C:/Users/dwx/go/pkg/mod/github.com/gogf/gf/v2@v2.0.6/net/ghttp/ghttp_middleware_handler_response.go:26
   16). github.com/gogf/gf/v2/net/ghttp.(*middleware).Next.func1.1
    	C:/Users/dwx/go/pkg/mod/github.com/gogf/gf/v2@v2.0.6/net/ghttp/ghttp_request_middleware.go:54
   17). github.com/gogf/gf/v2/net/ghttp.niceCallFunc
    	C:/Users/dwx/go/pkg/mod/github.com/gogf/gf/v2@v2.0.6/net/ghttp/ghttp_func.go:56
   18). github.com/gogf/gf/v2/net/ghttp.(*middleware).Next.func1
    	C:/Users/dwx/go/pkg/mod/github.com/gogf/gf/v2@v2.0.6/net/ghttp/ghttp_request_middleware.go:53
   19). github.com/gogf/gf/v2/util/gutil.TryCatch
    	C:/Users/dwx/go/pkg/mod/github.com/gogf/gf/v2@v2.0.6/util/gutil/gutil.go:55
   20). github.com/gogf/gf/v2/net/ghttp.(*middleware).Next
    	C:/Users/dwx/go/pkg/mod/github.com/gogf/gf/v2@v2.0.6/net/ghttp/ghttp_request_middleware.go:48
   21). github.com/gogf/gf/v2/net/ghttp.internalMiddlewareServerTracing
    	C:/Users/dwx/go/pkg/mod/github.com/gogf/gf/v2@v2.0.6/net/ghttp/ghttp_middleware_tracing.go:78
   22). github.com/gogf/gf/v2/net/ghttp.(*middleware).Next.func1.5
    	C:/Users/dwx/go/pkg/mod/github.com/gogf/gf/v2@v2.0.6/net/ghttp/ghttp_request_middleware.go:95
   23). github.com/gogf/gf/v2/net/ghttp.niceCallFunc
    	C:/Users/dwx/go/pkg/mod/github.com/gogf/gf/v2@v2.0.6/net/ghttp/ghttp_func.go:56
   24). github.com/gogf/gf/v2/net/ghttp.(*middleware).Next.func1
    	C:/Users/dwx/go/pkg/mod/github.com/gogf/gf/v2@v2.0.6/net/ghttp/ghttp_request_middleware.go:94
   25). github.com/gogf/gf/v2/util/gutil.TryCatch
    	C:/Users/dwx/go/pkg/mod/github.com/gogf/gf/v2@v2.0.6/util/gutil/gutil.go:55
   26). github.com/gogf/gf/v2/net/ghttp.(*middleware).Next
    	C:/Users/dwx/go/pkg/mod/github.com/gogf/gf/v2@v2.0.6/net/ghttp/ghttp_request_middleware.go:48
   27). github.com/gogf/gf/v2/net/ghttp.(*Server).ServeHTTP
    	C:/Users/dwx/go/pkg/mod/github.com/gogf/gf/v2@v2.0.6/net/ghttp/ghttp_server_handler.go:121
 
2022-06-25 01:09:34.596 {a8dd956c9a9dfb16cfca5e28cfdedf8d} 200 "GET http localhost:8201 /api/v1/device/deviceCategoryData/recent?categoryId=2&deviceId=1&top=10 HTTP/1.1" 0.036, ::1, "http://192.168.0.195:8888/", "Mozilla/5.0 (Windows NT 10.0; Win64; x64) AppleWebKit/537.36 (KHTML, like Gecko) Chrome/102.0.5005.124 Safari/537.36 Edg/102.0.1245.44", -1, "", ""
Stack:
1. 读取数据失败
   1).  iotfast/internal/app/device/service.(*deviceCategoryDataImpl).Recent
    	E:/src/iotfast/internal/app/device/service/device_category_data.go:124
   2).  iotfast/internal/app/device/controller.(*deviceCategoryDataController).Recent
    	E:/src/iotfast/internal/app/device/controller/device_category_data.go:52
   3).  github.com/gogf/gf/v2/net/ghttp.(*middleware).callHandlerFunc.func1
    	C:/Users/dwx/go/pkg/mod/github.com/gogf/gf/v2@v2.0.6/net/ghttp/ghttp_request_middleware.go:151
   4).  github.com/gogf/gf/v2/net/ghttp.niceCallFunc
    	C:/Users/dwx/go/pkg/mod/github.com/gogf/gf/v2@v2.0.6/net/ghttp/ghttp_func.go:56
   5).  github.com/gogf/gf/v2/net/ghttp.(*middleware).callHandlerFunc
    	C:/Users/dwx/go/pkg/mod/github.com/gogf/gf/v2@v2.0.6/net/ghttp/ghttp_request_middleware.go:128
   6).  github.com/gogf/gf/v2/net/ghttp.(*middleware).Next.func1
    	C:/Users/dwx/go/pkg/mod/github.com/gogf/gf/v2@v2.0.6/net/ghttp/ghttp_request_middleware.go:74
   7).  github.com/gogf/gf/v2/util/gutil.TryCatch
    	C:/Users/dwx/go/pkg/mod/github.com/gogf/gf/v2@v2.0.6/util/gutil/gutil.go:55
   8).  github.com/gogf/gf/v2/net/ghttp.(*middleware).Next
    	C:/Users/dwx/go/pkg/mod/github.com/gogf/gf/v2@v2.0.6/net/ghttp/ghttp_request_middleware.go:48
   9).  iotfast/internal/app/common/service.(*middlewareImpl).MiddlewareCORS
    	E:/src/iotfast/internal/app/common/service/middleware.go:29
   10). github.com/gogf/gf/v2/net/ghttp.(*middleware).Next.func1.1
    	C:/Users/dwx/go/pkg/mod/github.com/gogf/gf/v2@v2.0.6/net/ghttp/ghttp_request_middleware.go:54
   11). github.com/gogf/gf/v2/net/ghttp.niceCallFunc
    	C:/Users/dwx/go/pkg/mod/github.com/gogf/gf/v2@v2.0.6/net/ghttp/ghttp_func.go:56
   12). github.com/gogf/gf/v2/net/ghttp.(*middleware).Next.func1
    	C:/Users/dwx/go/pkg/mod/github.com/gogf/gf/v2@v2.0.6/net/ghttp/ghttp_request_middleware.go:53
   13). github.com/gogf/gf/v2/util/gutil.TryCatch
    	C:/Users/dwx/go/pkg/mod/github.com/gogf/gf/v2@v2.0.6/util/gutil/gutil.go:55
   14). github.com/gogf/gf/v2/net/ghttp.(*middleware).Next
    	C:/Users/dwx/go/pkg/mod/github.com/gogf/gf/v2@v2.0.6/net/ghttp/ghttp_request_middleware.go:48
   15). github.com/gogf/gf/v2/net/ghttp.MiddlewareHandlerResponse
    	C:/Users/dwx/go/pkg/mod/github.com/gogf/gf/v2@v2.0.6/net/ghttp/ghttp_middleware_handler_response.go:26
   16). github.com/gogf/gf/v2/net/ghttp.(*middleware).Next.func1.1
    	C:/Users/dwx/go/pkg/mod/github.com/gogf/gf/v2@v2.0.6/net/ghttp/ghttp_request_middleware.go:54
   17). github.com/gogf/gf/v2/net/ghttp.niceCallFunc
    	C:/Users/dwx/go/pkg/mod/github.com/gogf/gf/v2@v2.0.6/net/ghttp/ghttp_func.go:56
   18). github.com/gogf/gf/v2/net/ghttp.(*middleware).Next.func1
    	C:/Users/dwx/go/pkg/mod/github.com/gogf/gf/v2@v2.0.6/net/ghttp/ghttp_request_middleware.go:53
   19). github.com/gogf/gf/v2/util/gutil.TryCatch
    	C:/Users/dwx/go/pkg/mod/github.com/gogf/gf/v2@v2.0.6/util/gutil/gutil.go:55
   20). github.com/gogf/gf/v2/net/ghttp.(*middleware).Next
    	C:/Users/dwx/go/pkg/mod/github.com/gogf/gf/v2@v2.0.6/net/ghttp/ghttp_request_middleware.go:48
   21). github.com/gogf/gf/v2/net/ghttp.internalMiddlewareServerTracing
    	C:/Users/dwx/go/pkg/mod/github.com/gogf/gf/v2@v2.0.6/net/ghttp/ghttp_middleware_tracing.go:78
   22). github.com/gogf/gf/v2/net/ghttp.(*middleware).Next.func1.5
    	C:/Users/dwx/go/pkg/mod/github.com/gogf/gf/v2@v2.0.6/net/ghttp/ghttp_request_middleware.go:95
   23). github.com/gogf/gf/v2/net/ghttp.niceCallFunc
    	C:/Users/dwx/go/pkg/mod/github.com/gogf/gf/v2@v2.0.6/net/ghttp/ghttp_func.go:56
   24). github.com/gogf/gf/v2/net/ghttp.(*middleware).Next.func1
    	C:/Users/dwx/go/pkg/mod/github.com/gogf/gf/v2@v2.0.6/net/ghttp/ghttp_request_middleware.go:94
   25). github.com/gogf/gf/v2/util/gutil.TryCatch
    	C:/Users/dwx/go/pkg/mod/github.com/gogf/gf/v2@v2.0.6/util/gutil/gutil.go:55
   26). github.com/gogf/gf/v2/net/ghttp.(*middleware).Next
    	C:/Users/dwx/go/pkg/mod/github.com/gogf/gf/v2@v2.0.6/net/ghttp/ghttp_request_middleware.go:48
   27). github.com/gogf/gf/v2/net/ghttp.(*Server).ServeHTTP
    	C:/Users/dwx/go/pkg/mod/github.com/gogf/gf/v2@v2.0.6/net/ghttp/ghttp_server_handler.go:121
 
2022-06-25 01:11:00.558 {14430d6fae9dfb16b176bc76ae0d0c3b} 200 "GET http localhost:8201 /api/v1/device/deviceCategoryData/recent?categoryId=1&deviceId=1&top=10 HTTP/1.1" 0.057, ::1, "http://192.168.0.195:8888/", "Mozilla/5.0 (Windows NT 10.0; Win64; x64) AppleWebKit/537.36 (KHTML, like Gecko) Chrome/102.0.5005.124 Safari/537.36 Edg/102.0.1245.44", -1, "", ""
Stack:
1. 读取数据失败
   1).  iotfast/internal/app/device/service.(*deviceCategoryDataImpl).Recent
    	E:/src/iotfast/internal/app/device/service/device_category_data.go:124
   2).  iotfast/internal/app/device/controller.(*deviceCategoryDataController).Recent
    	E:/src/iotfast/internal/app/device/controller/device_category_data.go:52
   3).  github.com/gogf/gf/v2/net/ghttp.(*middleware).callHandlerFunc.func1
    	C:/Users/dwx/go/pkg/mod/github.com/gogf/gf/v2@v2.0.6/net/ghttp/ghttp_request_middleware.go:151
   4).  github.com/gogf/gf/v2/net/ghttp.niceCallFunc
    	C:/Users/dwx/go/pkg/mod/github.com/gogf/gf/v2@v2.0.6/net/ghttp/ghttp_func.go:56
   5).  github.com/gogf/gf/v2/net/ghttp.(*middleware).callHandlerFunc
    	C:/Users/dwx/go/pkg/mod/github.com/gogf/gf/v2@v2.0.6/net/ghttp/ghttp_request_middleware.go:128
   6).  github.com/gogf/gf/v2/net/ghttp.(*middleware).Next.func1
    	C:/Users/dwx/go/pkg/mod/github.com/gogf/gf/v2@v2.0.6/net/ghttp/ghttp_request_middleware.go:74
   7).  github.com/gogf/gf/v2/util/gutil.TryCatch
    	C:/Users/dwx/go/pkg/mod/github.com/gogf/gf/v2@v2.0.6/util/gutil/gutil.go:55
   8).  github.com/gogf/gf/v2/net/ghttp.(*middleware).Next
    	C:/Users/dwx/go/pkg/mod/github.com/gogf/gf/v2@v2.0.6/net/ghttp/ghttp_request_middleware.go:48
   9).  iotfast/internal/app/common/service.(*middlewareImpl).MiddlewareCORS
    	E:/src/iotfast/internal/app/common/service/middleware.go:29
   10). github.com/gogf/gf/v2/net/ghttp.(*middleware).Next.func1.1
    	C:/Users/dwx/go/pkg/mod/github.com/gogf/gf/v2@v2.0.6/net/ghttp/ghttp_request_middleware.go:54
   11). github.com/gogf/gf/v2/net/ghttp.niceCallFunc
    	C:/Users/dwx/go/pkg/mod/github.com/gogf/gf/v2@v2.0.6/net/ghttp/ghttp_func.go:56
   12). github.com/gogf/gf/v2/net/ghttp.(*middleware).Next.func1
    	C:/Users/dwx/go/pkg/mod/github.com/gogf/gf/v2@v2.0.6/net/ghttp/ghttp_request_middleware.go:53
   13). github.com/gogf/gf/v2/util/gutil.TryCatch
    	C:/Users/dwx/go/pkg/mod/github.com/gogf/gf/v2@v2.0.6/util/gutil/gutil.go:55
   14). github.com/gogf/gf/v2/net/ghttp.(*middleware).Next
    	C:/Users/dwx/go/pkg/mod/github.com/gogf/gf/v2@v2.0.6/net/ghttp/ghttp_request_middleware.go:48
   15). github.com/gogf/gf/v2/net/ghttp.MiddlewareHandlerResponse
    	C:/Users/dwx/go/pkg/mod/github.com/gogf/gf/v2@v2.0.6/net/ghttp/ghttp_middleware_handler_response.go:26
   16). github.com/gogf/gf/v2/net/ghttp.(*middleware).Next.func1.1
    	C:/Users/dwx/go/pkg/mod/github.com/gogf/gf/v2@v2.0.6/net/ghttp/ghttp_request_middleware.go:54
   17). github.com/gogf/gf/v2/net/ghttp.niceCallFunc
    	C:/Users/dwx/go/pkg/mod/github.com/gogf/gf/v2@v2.0.6/net/ghttp/ghttp_func.go:56
   18). github.com/gogf/gf/v2/net/ghttp.(*middleware).Next.func1
    	C:/Users/dwx/go/pkg/mod/github.com/gogf/gf/v2@v2.0.6/net/ghttp/ghttp_request_middleware.go:53
   19). github.com/gogf/gf/v2/util/gutil.TryCatch
    	C:/Users/dwx/go/pkg/mod/github.com/gogf/gf/v2@v2.0.6/util/gutil/gutil.go:55
   20). github.com/gogf/gf/v2/net/ghttp.(*middleware).Next
    	C:/Users/dwx/go/pkg/mod/github.com/gogf/gf/v2@v2.0.6/net/ghttp/ghttp_request_middleware.go:48
   21). github.com/gogf/gf/v2/net/ghttp.internalMiddlewareServerTracing
    	C:/Users/dwx/go/pkg/mod/github.com/gogf/gf/v2@v2.0.6/net/ghttp/ghttp_middleware_tracing.go:78
   22). github.com/gogf/gf/v2/net/ghttp.(*middleware).Next.func1.5
    	C:/Users/dwx/go/pkg/mod/github.com/gogf/gf/v2@v2.0.6/net/ghttp/ghttp_request_middleware.go:95
   23). github.com/gogf/gf/v2/net/ghttp.niceCallFunc
    	C:/Users/dwx/go/pkg/mod/github.com/gogf/gf/v2@v2.0.6/net/ghttp/ghttp_func.go:56
   24). github.com/gogf/gf/v2/net/ghttp.(*middleware).Next.func1
    	C:/Users/dwx/go/pkg/mod/github.com/gogf/gf/v2@v2.0.6/net/ghttp/ghttp_request_middleware.go:94
   25). github.com/gogf/gf/v2/util/gutil.TryCatch
    	C:/Users/dwx/go/pkg/mod/github.com/gogf/gf/v2@v2.0.6/util/gutil/gutil.go:55
   26). github.com/gogf/gf/v2/net/ghttp.(*middleware).Next
    	C:/Users/dwx/go/pkg/mod/github.com/gogf/gf/v2@v2.0.6/net/ghttp/ghttp_request_middleware.go:48
   27). github.com/gogf/gf/v2/net/ghttp.(*Server).ServeHTTP
    	C:/Users/dwx/go/pkg/mod/github.com/gogf/gf/v2@v2.0.6/net/ghttp/ghttp_server_handler.go:121
 
2022-06-25 01:11:00.591 {0002fe6eae9dfb16b076bc76d0f2cf2a} 200 "GET http localhost:8201 /api/v1/device/deviceCategoryData/recent?categoryId=2&deviceId=1&top=10 HTTP/1.1" 0.091, ::1, "http://192.168.0.195:8888/", "Mozilla/5.0 (Windows NT 10.0; Win64; x64) AppleWebKit/537.36 (KHTML, like Gecko) Chrome/102.0.5005.124 Safari/537.36 Edg/102.0.1245.44", -1, "", ""
Stack:
1. 读取数据失败
   1).  iotfast/internal/app/device/service.(*deviceCategoryDataImpl).Recent
    	E:/src/iotfast/internal/app/device/service/device_category_data.go:124
   2).  iotfast/internal/app/device/controller.(*deviceCategoryDataController).Recent
    	E:/src/iotfast/internal/app/device/controller/device_category_data.go:52
   3).  github.com/gogf/gf/v2/net/ghttp.(*middleware).callHandlerFunc.func1
    	C:/Users/dwx/go/pkg/mod/github.com/gogf/gf/v2@v2.0.6/net/ghttp/ghttp_request_middleware.go:151
   4).  github.com/gogf/gf/v2/net/ghttp.niceCallFunc
    	C:/Users/dwx/go/pkg/mod/github.com/gogf/gf/v2@v2.0.6/net/ghttp/ghttp_func.go:56
   5).  github.com/gogf/gf/v2/net/ghttp.(*middleware).callHandlerFunc
    	C:/Users/dwx/go/pkg/mod/github.com/gogf/gf/v2@v2.0.6/net/ghttp/ghttp_request_middleware.go:128
   6).  github.com/gogf/gf/v2/net/ghttp.(*middleware).Next.func1
    	C:/Users/dwx/go/pkg/mod/github.com/gogf/gf/v2@v2.0.6/net/ghttp/ghttp_request_middleware.go:74
   7).  github.com/gogf/gf/v2/util/gutil.TryCatch
    	C:/Users/dwx/go/pkg/mod/github.com/gogf/gf/v2@v2.0.6/util/gutil/gutil.go:55
   8).  github.com/gogf/gf/v2/net/ghttp.(*middleware).Next
    	C:/Users/dwx/go/pkg/mod/github.com/gogf/gf/v2@v2.0.6/net/ghttp/ghttp_request_middleware.go:48
   9).  iotfast/internal/app/common/service.(*middlewareImpl).MiddlewareCORS
    	E:/src/iotfast/internal/app/common/service/middleware.go:29
   10). github.com/gogf/gf/v2/net/ghttp.(*middleware).Next.func1.1
    	C:/Users/dwx/go/pkg/mod/github.com/gogf/gf/v2@v2.0.6/net/ghttp/ghttp_request_middleware.go:54
   11). github.com/gogf/gf/v2/net/ghttp.niceCallFunc
    	C:/Users/dwx/go/pkg/mod/github.com/gogf/gf/v2@v2.0.6/net/ghttp/ghttp_func.go:56
   12). github.com/gogf/gf/v2/net/ghttp.(*middleware).Next.func1
    	C:/Users/dwx/go/pkg/mod/github.com/gogf/gf/v2@v2.0.6/net/ghttp/ghttp_request_middleware.go:53
   13). github.com/gogf/gf/v2/util/gutil.TryCatch
    	C:/Users/dwx/go/pkg/mod/github.com/gogf/gf/v2@v2.0.6/util/gutil/gutil.go:55
   14). github.com/gogf/gf/v2/net/ghttp.(*middleware).Next
    	C:/Users/dwx/go/pkg/mod/github.com/gogf/gf/v2@v2.0.6/net/ghttp/ghttp_request_middleware.go:48
   15). github.com/gogf/gf/v2/net/ghttp.MiddlewareHandlerResponse
    	C:/Users/dwx/go/pkg/mod/github.com/gogf/gf/v2@v2.0.6/net/ghttp/ghttp_middleware_handler_response.go:26
   16). github.com/gogf/gf/v2/net/ghttp.(*middleware).Next.func1.1
    	C:/Users/dwx/go/pkg/mod/github.com/gogf/gf/v2@v2.0.6/net/ghttp/ghttp_request_middleware.go:54
   17). github.com/gogf/gf/v2/net/ghttp.niceCallFunc
    	C:/Users/dwx/go/pkg/mod/github.com/gogf/gf/v2@v2.0.6/net/ghttp/ghttp_func.go:56
   18). github.com/gogf/gf/v2/net/ghttp.(*middleware).Next.func1
    	C:/Users/dwx/go/pkg/mod/github.com/gogf/gf/v2@v2.0.6/net/ghttp/ghttp_request_middleware.go:53
   19). github.com/gogf/gf/v2/util/gutil.TryCatch
    	C:/Users/dwx/go/pkg/mod/github.com/gogf/gf/v2@v2.0.6/util/gutil/gutil.go:55
   20). github.com/gogf/gf/v2/net/ghttp.(*middleware).Next
    	C:/Users/dwx/go/pkg/mod/github.com/gogf/gf/v2@v2.0.6/net/ghttp/ghttp_request_middleware.go:48
   21). github.com/gogf/gf/v2/net/ghttp.internalMiddlewareServerTracing
    	C:/Users/dwx/go/pkg/mod/github.com/gogf/gf/v2@v2.0.6/net/ghttp/ghttp_middleware_tracing.go:78
   22). github.com/gogf/gf/v2/net/ghttp.(*middleware).Next.func1.5
    	C:/Users/dwx/go/pkg/mod/github.com/gogf/gf/v2@v2.0.6/net/ghttp/ghttp_request_middleware.go:95
   23). github.com/gogf/gf/v2/net/ghttp.niceCallFunc
    	C:/Users/dwx/go/pkg/mod/github.com/gogf/gf/v2@v2.0.6/net/ghttp/ghttp_func.go:56
   24). github.com/gogf/gf/v2/net/ghttp.(*middleware).Next.func1
    	C:/Users/dwx/go/pkg/mod/github.com/gogf/gf/v2@v2.0.6/net/ghttp/ghttp_request_middleware.go:94
   25). github.com/gogf/gf/v2/util/gutil.TryCatch
    	C:/Users/dwx/go/pkg/mod/github.com/gogf/gf/v2@v2.0.6/util/gutil/gutil.go:55
   26). github.com/gogf/gf/v2/net/ghttp.(*middleware).Next
    	C:/Users/dwx/go/pkg/mod/github.com/gogf/gf/v2@v2.0.6/net/ghttp/ghttp_request_middleware.go:48
   27). github.com/gogf/gf/v2/net/ghttp.(*Server).ServeHTTP
    	C:/Users/dwx/go/pkg/mod/github.com/gogf/gf/v2@v2.0.6/net/ghttp/ghttp_server_handler.go:121
 
2022-06-25 01:13:02.564 {48de71d8ca9dfb167f55d14551745198} 200 "GET http localhost:8201 /api/v1/device/deviceCategoryData/recent?categoryId=1&deviceId=1&top=10 HTTP/1.1" 0.035, ::1, "http://192.168.0.195:8888/", "Mozilla/5.0 (Windows NT 10.0; Win64; x64) AppleWebKit/537.36 (KHTML, like Gecko) Chrome/102.0.5005.124 Safari/537.36 Edg/102.0.1245.44", -1, "", ""
Stack:
1. 读取数据失败
   1).  iotfast/internal/app/device/service.(*deviceCategoryDataImpl).Recent
    	E:/src/iotfast/internal/app/device/service/device_category_data.go:124
   2).  iotfast/internal/app/device/controller.(*deviceCategoryDataController).Recent
    	E:/src/iotfast/internal/app/device/controller/device_category_data.go:52
   3).  github.com/gogf/gf/v2/net/ghttp.(*middleware).callHandlerFunc.func1
    	C:/Users/dwx/go/pkg/mod/github.com/gogf/gf/v2@v2.0.6/net/ghttp/ghttp_request_middleware.go:151
   4).  github.com/gogf/gf/v2/net/ghttp.niceCallFunc
    	C:/Users/dwx/go/pkg/mod/github.com/gogf/gf/v2@v2.0.6/net/ghttp/ghttp_func.go:56
   5).  github.com/gogf/gf/v2/net/ghttp.(*middleware).callHandlerFunc
    	C:/Users/dwx/go/pkg/mod/github.com/gogf/gf/v2@v2.0.6/net/ghttp/ghttp_request_middleware.go:128
   6).  github.com/gogf/gf/v2/net/ghttp.(*middleware).Next.func1
    	C:/Users/dwx/go/pkg/mod/github.com/gogf/gf/v2@v2.0.6/net/ghttp/ghttp_request_middleware.go:74
   7).  github.com/gogf/gf/v2/util/gutil.TryCatch
    	C:/Users/dwx/go/pkg/mod/github.com/gogf/gf/v2@v2.0.6/util/gutil/gutil.go:55
   8).  github.com/gogf/gf/v2/net/ghttp.(*middleware).Next
    	C:/Users/dwx/go/pkg/mod/github.com/gogf/gf/v2@v2.0.6/net/ghttp/ghttp_request_middleware.go:48
   9).  iotfast/internal/app/common/service.(*middlewareImpl).MiddlewareCORS
    	E:/src/iotfast/internal/app/common/service/middleware.go:29
   10). github.com/gogf/gf/v2/net/ghttp.(*middleware).Next.func1.1
    	C:/Users/dwx/go/pkg/mod/github.com/gogf/gf/v2@v2.0.6/net/ghttp/ghttp_request_middleware.go:54
   11). github.com/gogf/gf/v2/net/ghttp.niceCallFunc
    	C:/Users/dwx/go/pkg/mod/github.com/gogf/gf/v2@v2.0.6/net/ghttp/ghttp_func.go:56
   12). github.com/gogf/gf/v2/net/ghttp.(*middleware).Next.func1
    	C:/Users/dwx/go/pkg/mod/github.com/gogf/gf/v2@v2.0.6/net/ghttp/ghttp_request_middleware.go:53
   13). github.com/gogf/gf/v2/util/gutil.TryCatch
    	C:/Users/dwx/go/pkg/mod/github.com/gogf/gf/v2@v2.0.6/util/gutil/gutil.go:55
   14). github.com/gogf/gf/v2/net/ghttp.(*middleware).Next
    	C:/Users/dwx/go/pkg/mod/github.com/gogf/gf/v2@v2.0.6/net/ghttp/ghttp_request_middleware.go:48
   15). github.com/gogf/gf/v2/net/ghttp.MiddlewareHandlerResponse
    	C:/Users/dwx/go/pkg/mod/github.com/gogf/gf/v2@v2.0.6/net/ghttp/ghttp_middleware_handler_response.go:26
   16). github.com/gogf/gf/v2/net/ghttp.(*middleware).Next.func1.1
    	C:/Users/dwx/go/pkg/mod/github.com/gogf/gf/v2@v2.0.6/net/ghttp/ghttp_request_middleware.go:54
   17). github.com/gogf/gf/v2/net/ghttp.niceCallFunc
    	C:/Users/dwx/go/pkg/mod/github.com/gogf/gf/v2@v2.0.6/net/ghttp/ghttp_func.go:56
   18). github.com/gogf/gf/v2/net/ghttp.(*middleware).Next.func1
    	C:/Users/dwx/go/pkg/mod/github.com/gogf/gf/v2@v2.0.6/net/ghttp/ghttp_request_middleware.go:53
   19). github.com/gogf/gf/v2/util/gutil.TryCatch
    	C:/Users/dwx/go/pkg/mod/github.com/gogf/gf/v2@v2.0.6/util/gutil/gutil.go:55
   20). github.com/gogf/gf/v2/net/ghttp.(*middleware).Next
    	C:/Users/dwx/go/pkg/mod/github.com/gogf/gf/v2@v2.0.6/net/ghttp/ghttp_request_middleware.go:48
   21). github.com/gogf/gf/v2/net/ghttp.internalMiddlewareServerTracing
    	C:/Users/dwx/go/pkg/mod/github.com/gogf/gf/v2@v2.0.6/net/ghttp/ghttp_middleware_tracing.go:78
   22). github.com/gogf/gf/v2/net/ghttp.(*middleware).Next.func1.5
    	C:/Users/dwx/go/pkg/mod/github.com/gogf/gf/v2@v2.0.6/net/ghttp/ghttp_request_middleware.go:95
   23). github.com/gogf/gf/v2/net/ghttp.niceCallFunc
    	C:/Users/dwx/go/pkg/mod/github.com/gogf/gf/v2@v2.0.6/net/ghttp/ghttp_func.go:56
   24). github.com/gogf/gf/v2/net/ghttp.(*middleware).Next.func1
    	C:/Users/dwx/go/pkg/mod/github.com/gogf/gf/v2@v2.0.6/net/ghttp/ghttp_request_middleware.go:94
   25). github.com/gogf/gf/v2/util/gutil.TryCatch
    	C:/Users/dwx/go/pkg/mod/github.com/gogf/gf/v2@v2.0.6/util/gutil/gutil.go:55
   26). github.com/gogf/gf/v2/net/ghttp.(*middleware).Next
    	C:/Users/dwx/go/pkg/mod/github.com/gogf/gf/v2@v2.0.6/net/ghttp/ghttp_request_middleware.go:48
   27). github.com/gogf/gf/v2/net/ghttp.(*Server).ServeHTTP
    	C:/Users/dwx/go/pkg/mod/github.com/gogf/gf/v2@v2.0.6/net/ghttp/ghttp_server_handler.go:121
 
2022-06-25 01:13:02.583 {48de71d8ca9dfb168055d145bed7b953} 200 "GET http localhost:8201 /api/v1/device/deviceCategoryData/recent?categoryId=2&deviceId=1&top=10 HTTP/1.1" 0.051, ::1, "http://192.168.0.195:8888/", "Mozilla/5.0 (Windows NT 10.0; Win64; x64) AppleWebKit/537.36 (KHTML, like Gecko) Chrome/102.0.5005.124 Safari/537.36 Edg/102.0.1245.44", -1, "", ""
Stack:
1. 读取数据失败
   1).  iotfast/internal/app/device/service.(*deviceCategoryDataImpl).Recent
    	E:/src/iotfast/internal/app/device/service/device_category_data.go:124
   2).  iotfast/internal/app/device/controller.(*deviceCategoryDataController).Recent
    	E:/src/iotfast/internal/app/device/controller/device_category_data.go:52
   3).  github.com/gogf/gf/v2/net/ghttp.(*middleware).callHandlerFunc.func1
    	C:/Users/dwx/go/pkg/mod/github.com/gogf/gf/v2@v2.0.6/net/ghttp/ghttp_request_middleware.go:151
   4).  github.com/gogf/gf/v2/net/ghttp.niceCallFunc
    	C:/Users/dwx/go/pkg/mod/github.com/gogf/gf/v2@v2.0.6/net/ghttp/ghttp_func.go:56
   5).  github.com/gogf/gf/v2/net/ghttp.(*middleware).callHandlerFunc
    	C:/Users/dwx/go/pkg/mod/github.com/gogf/gf/v2@v2.0.6/net/ghttp/ghttp_request_middleware.go:128
   6).  github.com/gogf/gf/v2/net/ghttp.(*middleware).Next.func1
    	C:/Users/dwx/go/pkg/mod/github.com/gogf/gf/v2@v2.0.6/net/ghttp/ghttp_request_middleware.go:74
   7).  github.com/gogf/gf/v2/util/gutil.TryCatch
    	C:/Users/dwx/go/pkg/mod/github.com/gogf/gf/v2@v2.0.6/util/gutil/gutil.go:55
   8).  github.com/gogf/gf/v2/net/ghttp.(*middleware).Next
    	C:/Users/dwx/go/pkg/mod/github.com/gogf/gf/v2@v2.0.6/net/ghttp/ghttp_request_middleware.go:48
   9).  iotfast/internal/app/common/service.(*middlewareImpl).MiddlewareCORS
    	E:/src/iotfast/internal/app/common/service/middleware.go:29
   10). github.com/gogf/gf/v2/net/ghttp.(*middleware).Next.func1.1
    	C:/Users/dwx/go/pkg/mod/github.com/gogf/gf/v2@v2.0.6/net/ghttp/ghttp_request_middleware.go:54
   11). github.com/gogf/gf/v2/net/ghttp.niceCallFunc
    	C:/Users/dwx/go/pkg/mod/github.com/gogf/gf/v2@v2.0.6/net/ghttp/ghttp_func.go:56
   12). github.com/gogf/gf/v2/net/ghttp.(*middleware).Next.func1
    	C:/Users/dwx/go/pkg/mod/github.com/gogf/gf/v2@v2.0.6/net/ghttp/ghttp_request_middleware.go:53
   13). github.com/gogf/gf/v2/util/gutil.TryCatch
    	C:/Users/dwx/go/pkg/mod/github.com/gogf/gf/v2@v2.0.6/util/gutil/gutil.go:55
   14). github.com/gogf/gf/v2/net/ghttp.(*middleware).Next
    	C:/Users/dwx/go/pkg/mod/github.com/gogf/gf/v2@v2.0.6/net/ghttp/ghttp_request_middleware.go:48
   15). github.com/gogf/gf/v2/net/ghttp.MiddlewareHandlerResponse
    	C:/Users/dwx/go/pkg/mod/github.com/gogf/gf/v2@v2.0.6/net/ghttp/ghttp_middleware_handler_response.go:26
   16). github.com/gogf/gf/v2/net/ghttp.(*middleware).Next.func1.1
    	C:/Users/dwx/go/pkg/mod/github.com/gogf/gf/v2@v2.0.6/net/ghttp/ghttp_request_middleware.go:54
   17). github.com/gogf/gf/v2/net/ghttp.niceCallFunc
    	C:/Users/dwx/go/pkg/mod/github.com/gogf/gf/v2@v2.0.6/net/ghttp/ghttp_func.go:56
   18). github.com/gogf/gf/v2/net/ghttp.(*middleware).Next.func1
    	C:/Users/dwx/go/pkg/mod/github.com/gogf/gf/v2@v2.0.6/net/ghttp/ghttp_request_middleware.go:53
   19). github.com/gogf/gf/v2/util/gutil.TryCatch
    	C:/Users/dwx/go/pkg/mod/github.com/gogf/gf/v2@v2.0.6/util/gutil/gutil.go:55
   20). github.com/gogf/gf/v2/net/ghttp.(*middleware).Next
    	C:/Users/dwx/go/pkg/mod/github.com/gogf/gf/v2@v2.0.6/net/ghttp/ghttp_request_middleware.go:48
   21). github.com/gogf/gf/v2/net/ghttp.internalMiddlewareServerTracing
    	C:/Users/dwx/go/pkg/mod/github.com/gogf/gf/v2@v2.0.6/net/ghttp/ghttp_middleware_tracing.go:78
   22). github.com/gogf/gf/v2/net/ghttp.(*middleware).Next.func1.5
    	C:/Users/dwx/go/pkg/mod/github.com/gogf/gf/v2@v2.0.6/net/ghttp/ghttp_request_middleware.go:95
   23). github.com/gogf/gf/v2/net/ghttp.niceCallFunc
    	C:/Users/dwx/go/pkg/mod/github.com/gogf/gf/v2@v2.0.6/net/ghttp/ghttp_func.go:56
   24). github.com/gogf/gf/v2/net/ghttp.(*middleware).Next.func1
    	C:/Users/dwx/go/pkg/mod/github.com/gogf/gf/v2@v2.0.6/net/ghttp/ghttp_request_middleware.go:94
   25). github.com/gogf/gf/v2/util/gutil.TryCatch
    	C:/Users/dwx/go/pkg/mod/github.com/gogf/gf/v2@v2.0.6/util/gutil/gutil.go:55
   26). github.com/gogf/gf/v2/net/ghttp.(*middleware).Next
    	C:/Users/dwx/go/pkg/mod/github.com/gogf/gf/v2@v2.0.6/net/ghttp/ghttp_request_middleware.go:48
   27). github.com/gogf/gf/v2/net/ghttp.(*Server).ServeHTTP
    	C:/Users/dwx/go/pkg/mod/github.com/gogf/gf/v2@v2.0.6/net/ghttp/ghttp_server_handler.go:121
 
2022-06-25 01:15:24.148 {082037cdeb9dfb16ee3afb49896a340e} 200 "GET http localhost:8201 /api/v1/device/deviceCategoryData/recent?categoryId=1&deviceId=1&top=10 HTTP/1.1" 0.076, ::1, "http://192.168.0.195:8888/", "Mozilla/5.0 (Windows NT 10.0; Win64; x64) AppleWebKit/537.36 (KHTML, like Gecko) Chrome/102.0.5005.124 Safari/537.36 Edg/102.0.1245.44", -1, "", ""
Stack:
1. 读取数据失败
   1).  iotfast/internal/app/device/service.(*deviceCategoryDataImpl).Recent
    	E:/src/iotfast/internal/app/device/service/device_category_data.go:124
   2).  iotfast/internal/app/device/controller.(*deviceCategoryDataController).Recent
    	E:/src/iotfast/internal/app/device/controller/device_category_data.go:52
   3).  github.com/gogf/gf/v2/net/ghttp.(*middleware).callHandlerFunc.func1
    	C:/Users/dwx/go/pkg/mod/github.com/gogf/gf/v2@v2.0.6/net/ghttp/ghttp_request_middleware.go:151
   4).  github.com/gogf/gf/v2/net/ghttp.niceCallFunc
    	C:/Users/dwx/go/pkg/mod/github.com/gogf/gf/v2@v2.0.6/net/ghttp/ghttp_func.go:56
   5).  github.com/gogf/gf/v2/net/ghttp.(*middleware).callHandlerFunc
    	C:/Users/dwx/go/pkg/mod/github.com/gogf/gf/v2@v2.0.6/net/ghttp/ghttp_request_middleware.go:128
   6).  github.com/gogf/gf/v2/net/ghttp.(*middleware).Next.func1
    	C:/Users/dwx/go/pkg/mod/github.com/gogf/gf/v2@v2.0.6/net/ghttp/ghttp_request_middleware.go:74
   7).  github.com/gogf/gf/v2/util/gutil.TryCatch
    	C:/Users/dwx/go/pkg/mod/github.com/gogf/gf/v2@v2.0.6/util/gutil/gutil.go:55
   8).  github.com/gogf/gf/v2/net/ghttp.(*middleware).Next
    	C:/Users/dwx/go/pkg/mod/github.com/gogf/gf/v2@v2.0.6/net/ghttp/ghttp_request_middleware.go:48
   9).  iotfast/internal/app/common/service.(*middlewareImpl).MiddlewareCORS
    	E:/src/iotfast/internal/app/common/service/middleware.go:29
   10). github.com/gogf/gf/v2/net/ghttp.(*middleware).Next.func1.1
    	C:/Users/dwx/go/pkg/mod/github.com/gogf/gf/v2@v2.0.6/net/ghttp/ghttp_request_middleware.go:54
   11). github.com/gogf/gf/v2/net/ghttp.niceCallFunc
    	C:/Users/dwx/go/pkg/mod/github.com/gogf/gf/v2@v2.0.6/net/ghttp/ghttp_func.go:56
   12). github.com/gogf/gf/v2/net/ghttp.(*middleware).Next.func1
    	C:/Users/dwx/go/pkg/mod/github.com/gogf/gf/v2@v2.0.6/net/ghttp/ghttp_request_middleware.go:53
   13). github.com/gogf/gf/v2/util/gutil.TryCatch
    	C:/Users/dwx/go/pkg/mod/github.com/gogf/gf/v2@v2.0.6/util/gutil/gutil.go:55
   14). github.com/gogf/gf/v2/net/ghttp.(*middleware).Next
    	C:/Users/dwx/go/pkg/mod/github.com/gogf/gf/v2@v2.0.6/net/ghttp/ghttp_request_middleware.go:48
   15). github.com/gogf/gf/v2/net/ghttp.MiddlewareHandlerResponse
    	C:/Users/dwx/go/pkg/mod/github.com/gogf/gf/v2@v2.0.6/net/ghttp/ghttp_middleware_handler_response.go:26
   16). github.com/gogf/gf/v2/net/ghttp.(*middleware).Next.func1.1
    	C:/Users/dwx/go/pkg/mod/github.com/gogf/gf/v2@v2.0.6/net/ghttp/ghttp_request_middleware.go:54
   17). github.com/gogf/gf/v2/net/ghttp.niceCallFunc
    	C:/Users/dwx/go/pkg/mod/github.com/gogf/gf/v2@v2.0.6/net/ghttp/ghttp_func.go:56
   18). github.com/gogf/gf/v2/net/ghttp.(*middleware).Next.func1
    	C:/Users/dwx/go/pkg/mod/github.com/gogf/gf/v2@v2.0.6/net/ghttp/ghttp_request_middleware.go:53
   19). github.com/gogf/gf/v2/util/gutil.TryCatch
    	C:/Users/dwx/go/pkg/mod/github.com/gogf/gf/v2@v2.0.6/util/gutil/gutil.go:55
   20). github.com/gogf/gf/v2/net/ghttp.(*middleware).Next
    	C:/Users/dwx/go/pkg/mod/github.com/gogf/gf/v2@v2.0.6/net/ghttp/ghttp_request_middleware.go:48
   21). github.com/gogf/gf/v2/net/ghttp.internalMiddlewareServerTracing
    	C:/Users/dwx/go/pkg/mod/github.com/gogf/gf/v2@v2.0.6/net/ghttp/ghttp_middleware_tracing.go:78
   22). github.com/gogf/gf/v2/net/ghttp.(*middleware).Next.func1.5
    	C:/Users/dwx/go/pkg/mod/github.com/gogf/gf/v2@v2.0.6/net/ghttp/ghttp_request_middleware.go:95
   23). github.com/gogf/gf/v2/net/ghttp.niceCallFunc
    	C:/Users/dwx/go/pkg/mod/github.com/gogf/gf/v2@v2.0.6/net/ghttp/ghttp_func.go:56
   24). github.com/gogf/gf/v2/net/ghttp.(*middleware).Next.func1
    	C:/Users/dwx/go/pkg/mod/github.com/gogf/gf/v2@v2.0.6/net/ghttp/ghttp_request_middleware.go:94
   25). github.com/gogf/gf/v2/util/gutil.TryCatch
    	C:/Users/dwx/go/pkg/mod/github.com/gogf/gf/v2@v2.0.6/util/gutil/gutil.go:55
   26). github.com/gogf/gf/v2/net/ghttp.(*middleware).Next
    	C:/Users/dwx/go/pkg/mod/github.com/gogf/gf/v2@v2.0.6/net/ghttp/ghttp_request_middleware.go:48
   27). github.com/gogf/gf/v2/net/ghttp.(*Server).ServeHTTP
    	C:/Users/dwx/go/pkg/mod/github.com/gogf/gf/v2@v2.0.6/net/ghttp/ghttp_server_handler.go:121
 
2022-06-25 01:15:24.181 {3cd58dceeb9dfb16ef3afb49c49a50e3} 200 "GET http localhost:8201 /api/v1/device/deviceCategoryData/recent?categoryId=2&deviceId=1&top=10 HTTP/1.1" 0.084, ::1, "http://192.168.0.195:8888/", "Mozilla/5.0 (Windows NT 10.0; Win64; x64) AppleWebKit/537.36 (KHTML, like Gecko) Chrome/102.0.5005.124 Safari/537.36 Edg/102.0.1245.44", -1, "", ""
Stack:
1. 读取数据失败
   1).  iotfast/internal/app/device/service.(*deviceCategoryDataImpl).Recent
    	E:/src/iotfast/internal/app/device/service/device_category_data.go:124
   2).  iotfast/internal/app/device/controller.(*deviceCategoryDataController).Recent
    	E:/src/iotfast/internal/app/device/controller/device_category_data.go:52
   3).  github.com/gogf/gf/v2/net/ghttp.(*middleware).callHandlerFunc.func1
    	C:/Users/dwx/go/pkg/mod/github.com/gogf/gf/v2@v2.0.6/net/ghttp/ghttp_request_middleware.go:151
   4).  github.com/gogf/gf/v2/net/ghttp.niceCallFunc
    	C:/Users/dwx/go/pkg/mod/github.com/gogf/gf/v2@v2.0.6/net/ghttp/ghttp_func.go:56
   5).  github.com/gogf/gf/v2/net/ghttp.(*middleware).callHandlerFunc
    	C:/Users/dwx/go/pkg/mod/github.com/gogf/gf/v2@v2.0.6/net/ghttp/ghttp_request_middleware.go:128
   6).  github.com/gogf/gf/v2/net/ghttp.(*middleware).Next.func1
    	C:/Users/dwx/go/pkg/mod/github.com/gogf/gf/v2@v2.0.6/net/ghttp/ghttp_request_middleware.go:74
   7).  github.com/gogf/gf/v2/util/gutil.TryCatch
    	C:/Users/dwx/go/pkg/mod/github.com/gogf/gf/v2@v2.0.6/util/gutil/gutil.go:55
   8).  github.com/gogf/gf/v2/net/ghttp.(*middleware).Next
    	C:/Users/dwx/go/pkg/mod/github.com/gogf/gf/v2@v2.0.6/net/ghttp/ghttp_request_middleware.go:48
   9).  iotfast/internal/app/common/service.(*middlewareImpl).MiddlewareCORS
    	E:/src/iotfast/internal/app/common/service/middleware.go:29
   10). github.com/gogf/gf/v2/net/ghttp.(*middleware).Next.func1.1
    	C:/Users/dwx/go/pkg/mod/github.com/gogf/gf/v2@v2.0.6/net/ghttp/ghttp_request_middleware.go:54
   11). github.com/gogf/gf/v2/net/ghttp.niceCallFunc
    	C:/Users/dwx/go/pkg/mod/github.com/gogf/gf/v2@v2.0.6/net/ghttp/ghttp_func.go:56
   12). github.com/gogf/gf/v2/net/ghttp.(*middleware).Next.func1
    	C:/Users/dwx/go/pkg/mod/github.com/gogf/gf/v2@v2.0.6/net/ghttp/ghttp_request_middleware.go:53
   13). github.com/gogf/gf/v2/util/gutil.TryCatch
    	C:/Users/dwx/go/pkg/mod/github.com/gogf/gf/v2@v2.0.6/util/gutil/gutil.go:55
   14). github.com/gogf/gf/v2/net/ghttp.(*middleware).Next
    	C:/Users/dwx/go/pkg/mod/github.com/gogf/gf/v2@v2.0.6/net/ghttp/ghttp_request_middleware.go:48
   15). github.com/gogf/gf/v2/net/ghttp.MiddlewareHandlerResponse
    	C:/Users/dwx/go/pkg/mod/github.com/gogf/gf/v2@v2.0.6/net/ghttp/ghttp_middleware_handler_response.go:26
   16). github.com/gogf/gf/v2/net/ghttp.(*middleware).Next.func1.1
    	C:/Users/dwx/go/pkg/mod/github.com/gogf/gf/v2@v2.0.6/net/ghttp/ghttp_request_middleware.go:54
   17). github.com/gogf/gf/v2/net/ghttp.niceCallFunc
    	C:/Users/dwx/go/pkg/mod/github.com/gogf/gf/v2@v2.0.6/net/ghttp/ghttp_func.go:56
   18). github.com/gogf/gf/v2/net/ghttp.(*middleware).Next.func1
    	C:/Users/dwx/go/pkg/mod/github.com/gogf/gf/v2@v2.0.6/net/ghttp/ghttp_request_middleware.go:53
   19). github.com/gogf/gf/v2/util/gutil.TryCatch
    	C:/Users/dwx/go/pkg/mod/github.com/gogf/gf/v2@v2.0.6/util/gutil/gutil.go:55
   20). github.com/gogf/gf/v2/net/ghttp.(*middleware).Next
    	C:/Users/dwx/go/pkg/mod/github.com/gogf/gf/v2@v2.0.6/net/ghttp/ghttp_request_middleware.go:48
   21). github.com/gogf/gf/v2/net/ghttp.internalMiddlewareServerTracing
    	C:/Users/dwx/go/pkg/mod/github.com/gogf/gf/v2@v2.0.6/net/ghttp/ghttp_middleware_tracing.go:78
   22). github.com/gogf/gf/v2/net/ghttp.(*middleware).Next.func1.5
    	C:/Users/dwx/go/pkg/mod/github.com/gogf/gf/v2@v2.0.6/net/ghttp/ghttp_request_middleware.go:95
   23). github.com/gogf/gf/v2/net/ghttp.niceCallFunc
    	C:/Users/dwx/go/pkg/mod/github.com/gogf/gf/v2@v2.0.6/net/ghttp/ghttp_func.go:56
   24). github.com/gogf/gf/v2/net/ghttp.(*middleware).Next.func1
    	C:/Users/dwx/go/pkg/mod/github.com/gogf/gf/v2@v2.0.6/net/ghttp/ghttp_request_middleware.go:94
   25). github.com/gogf/gf/v2/util/gutil.TryCatch
    	C:/Users/dwx/go/pkg/mod/github.com/gogf/gf/v2@v2.0.6/util/gutil/gutil.go:55
   26). github.com/gogf/gf/v2/net/ghttp.(*middleware).Next
    	C:/Users/dwx/go/pkg/mod/github.com/gogf/gf/v2@v2.0.6/net/ghttp/ghttp_request_middleware.go:48
   27). github.com/gogf/gf/v2/net/ghttp.(*Server).ServeHTTP
    	C:/Users/dwx/go/pkg/mod/github.com/gogf/gf/v2@v2.0.6/net/ghttp/ghttp_server_handler.go:121
 
2022-06-25 18:14:51.784 {98de72738dd5fb169b553d2a6cdb1649} 200 "POST http localhost:8201 /api/v1/system/menu/add HTTP/1.1" 0.192, ::1, "http://192.168.0.195:8888/", "Mozilla/5.0 (Windows NT 10.0; Win64; x64) AppleWebKit/537.36 (KHTML, like Gecko) Chrome/102.0.5005.124 Safari/537.36 Edg/102.0.1245.44", -1, "", ""
Stack:
1. 接口规则已经存在
   1).  iotfast/internal/app/system/service.(*ruleImpl).Add
    	E:/src/iotfast/internal/app/system/service/sys_auth_rule.go:123
   2).  iotfast/internal/app/system/controller.(*menuController).Add
    	E:/src/iotfast/internal/app/system/controller/sys_auth_rule.go:42
   3).  github.com/gogf/gf/v2/net/ghttp.(*middleware).callHandlerFunc.func1
    	C:/Users/dwx/go/pkg/mod/github.com/gogf/gf/v2@v2.0.6/net/ghttp/ghttp_request_middleware.go:151
   4).  github.com/gogf/gf/v2/net/ghttp.niceCallFunc
    	C:/Users/dwx/go/pkg/mod/github.com/gogf/gf/v2@v2.0.6/net/ghttp/ghttp_func.go:56
   5).  github.com/gogf/gf/v2/net/ghttp.(*middleware).callHandlerFunc
    	C:/Users/dwx/go/pkg/mod/github.com/gogf/gf/v2@v2.0.6/net/ghttp/ghttp_request_middleware.go:128
   6).  github.com/gogf/gf/v2/net/ghttp.(*middleware).Next.func1
    	C:/Users/dwx/go/pkg/mod/github.com/gogf/gf/v2@v2.0.6/net/ghttp/ghttp_request_middleware.go:74
   7).  github.com/gogf/gf/v2/util/gutil.TryCatch
    	C:/Users/dwx/go/pkg/mod/github.com/gogf/gf/v2@v2.0.6/util/gutil/gutil.go:55
   8).  github.com/gogf/gf/v2/net/ghttp.(*middleware).Next
    	C:/Users/dwx/go/pkg/mod/github.com/gogf/gf/v2@v2.0.6/net/ghttp/ghttp_request_middleware.go:48
   9).  iotfast/internal/app/system/service.(*middlewareImpl).Auth
    	E:/src/iotfast/internal/app/system/service/middleware.go:81
   10). github.com/gogf/gf/v2/net/ghttp.(*middleware).Next.func1.1
    	C:/Users/dwx/go/pkg/mod/github.com/gogf/gf/v2@v2.0.6/net/ghttp/ghttp_request_middleware.go:54
   11). github.com/gogf/gf/v2/net/ghttp.niceCallFunc
    	C:/Users/dwx/go/pkg/mod/github.com/gogf/gf/v2@v2.0.6/net/ghttp/ghttp_func.go:56
   12). github.com/gogf/gf/v2/net/ghttp.(*middleware).Next.func1
    	C:/Users/dwx/go/pkg/mod/github.com/gogf/gf/v2@v2.0.6/net/ghttp/ghttp_request_middleware.go:53
   13). github.com/gogf/gf/v2/util/gutil.TryCatch
    	C:/Users/dwx/go/pkg/mod/github.com/gogf/gf/v2@v2.0.6/util/gutil/gutil.go:55
   14). github.com/gogf/gf/v2/net/ghttp.(*middleware).Next
    	C:/Users/dwx/go/pkg/mod/github.com/gogf/gf/v2@v2.0.6/net/ghttp/ghttp_request_middleware.go:48
   15). iotfast/internal/app/system/service.(*middlewareImpl).Ctx
    	E:/src/iotfast/internal/app/system/service/middleware.go:54
   16). github.com/gogf/gf/v2/net/ghttp.(*middleware).Next.func1.1
    	C:/Users/dwx/go/pkg/mod/github.com/gogf/gf/v2@v2.0.6/net/ghttp/ghttp_request_middleware.go:54
   17). github.com/gogf/gf/v2/net/ghttp.niceCallFunc
    	C:/Users/dwx/go/pkg/mod/github.com/gogf/gf/v2@v2.0.6/net/ghttp/ghttp_func.go:56
   18). github.com/gogf/gf/v2/net/ghttp.(*middleware).Next.func1
    	C:/Users/dwx/go/pkg/mod/github.com/gogf/gf/v2@v2.0.6/net/ghttp/ghttp_request_middleware.go:53
   19). github.com/gogf/gf/v2/util/gutil.TryCatch
    	C:/Users/dwx/go/pkg/mod/github.com/gogf/gf/v2@v2.0.6/util/gutil/gutil.go:55
   20). github.com/gogf/gf/v2/net/ghttp.(*middleware).Next
    	C:/Users/dwx/go/pkg/mod/github.com/gogf/gf/v2@v2.0.6/net/ghttp/ghttp_request_middleware.go:48
   21). iotfast/internal/app/common/service.(*middlewareImpl).MiddlewareCORS
    	E:/src/iotfast/internal/app/common/service/middleware.go:29
   22). github.com/gogf/gf/v2/net/ghttp.(*middleware).Next.func1.1
    	C:/Users/dwx/go/pkg/mod/github.com/gogf/gf/v2@v2.0.6/net/ghttp/ghttp_request_middleware.go:54
   23). github.com/gogf/gf/v2/net/ghttp.niceCallFunc
    	C:/Users/dwx/go/pkg/mod/github.com/gogf/gf/v2@v2.0.6/net/ghttp/ghttp_func.go:56
   24). github.com/gogf/gf/v2/net/ghttp.(*middleware).Next.func1
    	C:/Users/dwx/go/pkg/mod/github.com/gogf/gf/v2@v2.0.6/net/ghttp/ghttp_request_middleware.go:53
   25). github.com/gogf/gf/v2/util/gutil.TryCatch
    	C:/Users/dwx/go/pkg/mod/github.com/gogf/gf/v2@v2.0.6/util/gutil/gutil.go:55
   26). github.com/gogf/gf/v2/net/ghttp.(*middleware).Next
    	C:/Users/dwx/go/pkg/mod/github.com/gogf/gf/v2@v2.0.6/net/ghttp/ghttp_request_middleware.go:48
   27). github.com/gogf/gf/v2/net/ghttp.MiddlewareHandlerResponse
    	C:/Users/dwx/go/pkg/mod/github.com/gogf/gf/v2@v2.0.6/net/ghttp/ghttp_middleware_handler_response.go:26
   28). github.com/gogf/gf/v2/net/ghttp.(*middleware).Next.func1.1
    	C:/Users/dwx/go/pkg/mod/github.com/gogf/gf/v2@v2.0.6/net/ghttp/ghttp_request_middleware.go:54
   29). github.com/gogf/gf/v2/net/ghttp.niceCallFunc
    	C:/Users/dwx/go/pkg/mod/github.com/gogf/gf/v2@v2.0.6/net/ghttp/ghttp_func.go:56
   30). github.com/gogf/gf/v2/net/ghttp.(*middleware).Next.func1
    	C:/Users/dwx/go/pkg/mod/github.com/gogf/gf/v2@v2.0.6/net/ghttp/ghttp_request_middleware.go:53
 
2022-06-25 19:49:36.604 {cc8e5f1cb9dafb160b30864c1418db22} 200 "GET http localhost:8201 /api/v1/device/deviceCategoryData/recent?pageNum=0&pageSize=0&categoryId=1&deviceId=1 HTTP/1.1" 0.036, ::1, "http://192.168.0.195:8888/", "Mozilla/5.0 (Windows NT 10.0; Win64; x64) AppleWebKit/537.36 (KHTML, like Gecko) Chrome/102.0.5005.124 Safari/537.36 Edg/102.0.1245.44", -1, "", ""
Stack:
1. 读取总表数失败
   1).  iotfast/internal/app/device/service.(*deviceCategoryDataImpl).Recent
    	E:/src/iotfast/internal/app/device/service/device_category_data.go:121
   2).  iotfast/internal/app/device/controller.(*deviceCategoryDataController).Recent
    	E:/src/iotfast/internal/app/device/controller/device_category_data.go:45
   3).  github.com/gogf/gf/v2/net/ghttp.(*middleware).callHandlerFunc.func1
    	C:/Users/dwx/go/pkg/mod/github.com/gogf/gf/v2@v2.0.6/net/ghttp/ghttp_request_middleware.go:151
   4).  github.com/gogf/gf/v2/net/ghttp.niceCallFunc
    	C:/Users/dwx/go/pkg/mod/github.com/gogf/gf/v2@v2.0.6/net/ghttp/ghttp_func.go:56
   5).  github.com/gogf/gf/v2/net/ghttp.(*middleware).callHandlerFunc
    	C:/Users/dwx/go/pkg/mod/github.com/gogf/gf/v2@v2.0.6/net/ghttp/ghttp_request_middleware.go:128
   6).  github.com/gogf/gf/v2/net/ghttp.(*middleware).Next.func1
    	C:/Users/dwx/go/pkg/mod/github.com/gogf/gf/v2@v2.0.6/net/ghttp/ghttp_request_middleware.go:74
   7).  github.com/gogf/gf/v2/util/gutil.TryCatch
    	C:/Users/dwx/go/pkg/mod/github.com/gogf/gf/v2@v2.0.6/util/gutil/gutil.go:55
   8).  github.com/gogf/gf/v2/net/ghttp.(*middleware).Next
    	C:/Users/dwx/go/pkg/mod/github.com/gogf/gf/v2@v2.0.6/net/ghttp/ghttp_request_middleware.go:48
   9).  iotfast/internal/app/common/service.(*middlewareImpl).MiddlewareCORS
    	E:/src/iotfast/internal/app/common/service/middleware.go:29
   10). github.com/gogf/gf/v2/net/ghttp.(*middleware).Next.func1.1
    	C:/Users/dwx/go/pkg/mod/github.com/gogf/gf/v2@v2.0.6/net/ghttp/ghttp_request_middleware.go:54
   11). github.com/gogf/gf/v2/net/ghttp.niceCallFunc
    	C:/Users/dwx/go/pkg/mod/github.com/gogf/gf/v2@v2.0.6/net/ghttp/ghttp_func.go:56
   12). github.com/gogf/gf/v2/net/ghttp.(*middleware).Next.func1
    	C:/Users/dwx/go/pkg/mod/github.com/gogf/gf/v2@v2.0.6/net/ghttp/ghttp_request_middleware.go:53
   13). github.com/gogf/gf/v2/util/gutil.TryCatch
    	C:/Users/dwx/go/pkg/mod/github.com/gogf/gf/v2@v2.0.6/util/gutil/gutil.go:55
   14). github.com/gogf/gf/v2/net/ghttp.(*middleware).Next
    	C:/Users/dwx/go/pkg/mod/github.com/gogf/gf/v2@v2.0.6/net/ghttp/ghttp_request_middleware.go:48
   15). github.com/gogf/gf/v2/net/ghttp.MiddlewareHandlerResponse
    	C:/Users/dwx/go/pkg/mod/github.com/gogf/gf/v2@v2.0.6/net/ghttp/ghttp_middleware_handler_response.go:26
   16). github.com/gogf/gf/v2/net/ghttp.(*middleware).Next.func1.1
    	C:/Users/dwx/go/pkg/mod/github.com/gogf/gf/v2@v2.0.6/net/ghttp/ghttp_request_middleware.go:54
   17). github.com/gogf/gf/v2/net/ghttp.niceCallFunc
    	C:/Users/dwx/go/pkg/mod/github.com/gogf/gf/v2@v2.0.6/net/ghttp/ghttp_func.go:56
   18). github.com/gogf/gf/v2/net/ghttp.(*middleware).Next.func1
    	C:/Users/dwx/go/pkg/mod/github.com/gogf/gf/v2@v2.0.6/net/ghttp/ghttp_request_middleware.go:53
   19). github.com/gogf/gf/v2/util/gutil.TryCatch
    	C:/Users/dwx/go/pkg/mod/github.com/gogf/gf/v2@v2.0.6/util/gutil/gutil.go:55
   20). github.com/gogf/gf/v2/net/ghttp.(*middleware).Next
    	C:/Users/dwx/go/pkg/mod/github.com/gogf/gf/v2@v2.0.6/net/ghttp/ghttp_request_middleware.go:48
   21). github.com/gogf/gf/v2/net/ghttp.internalMiddlewareServerTracing
    	C:/Users/dwx/go/pkg/mod/github.com/gogf/gf/v2@v2.0.6/net/ghttp/ghttp_middleware_tracing.go:78
   22). github.com/gogf/gf/v2/net/ghttp.(*middleware).Next.func1.5
    	C:/Users/dwx/go/pkg/mod/github.com/gogf/gf/v2@v2.0.6/net/ghttp/ghttp_request_middleware.go:95
   23). github.com/gogf/gf/v2/net/ghttp.niceCallFunc
    	C:/Users/dwx/go/pkg/mod/github.com/gogf/gf/v2@v2.0.6/net/ghttp/ghttp_func.go:56
   24). github.com/gogf/gf/v2/net/ghttp.(*middleware).Next.func1
    	C:/Users/dwx/go/pkg/mod/github.com/gogf/gf/v2@v2.0.6/net/ghttp/ghttp_request_middleware.go:94
   25). github.com/gogf/gf/v2/util/gutil.TryCatch
    	C:/Users/dwx/go/pkg/mod/github.com/gogf/gf/v2@v2.0.6/util/gutil/gutil.go:55
   26). github.com/gogf/gf/v2/net/ghttp.(*middleware).Next
    	C:/Users/dwx/go/pkg/mod/github.com/gogf/gf/v2@v2.0.6/net/ghttp/ghttp_request_middleware.go:48
   27). github.com/gogf/gf/v2/net/ghttp.(*Server).ServeHTTP
    	C:/Users/dwx/go/pkg/mod/github.com/gogf/gf/v2@v2.0.6/net/ghttp/ghttp_server_handler.go:121
 
