2022-06-21 21:51:38.258 [INFO] {6c15e28d0fa7fa161ce6cf25339fe6f4} [GToken][params:{"AuthExcludePaths":"[\"/api/v1/system/xxx\",\"/api/v1/system/xxx2\"]","AuthFailMsg":"请求错误或登录超时","AuthPaths":"","CacheKey":"gfToken_","CacheMode":1,"EncryptKey":"49c54195e750b04e74a8429b17aefc77","LoginPath":"","LogoutPath":"","MiddlewareType":1,"MultiLogin":true,"Timeout":10800,"TokenDelimiter":"_"}]start...  
2022-06-21 21:51:38.260 [ERRO] {6c15e28d0fa7fa161ce6cf25339fe6f4} [GToken]LoginPath or LoginBeforeFunc not set 
Stack:
1.  iotfast/library/libGtoken.(*GToken).Middleware
    G:/OCM/private/iotfast/library/libGtoken/gtoken_group.go:27
2.  iotfast/internal/route.BindSystemController.func1
    G:/OCM/private/iotfast/internal/route/system_router.go:30
3.  github.com/gogf/gf/v2/net/ghttp.(*RouterGroup).Group
    C:/Users/Administrator/go/pkg/mod/github.com/gogf/gf/v2@v2.0.6/net/ghttp/ghttp_server_router_group.go:134
4.  iotfast/internal/route.BindSystemController
    G:/OCM/private/iotfast/internal/route/system_router.go:19
5.  iotfast/internal/route.BindController.func1
    G:/OCM/private/iotfast/internal/route/router.go:22
6.  github.com/gogf/gf/v2/net/ghttp.(*RouterGroup).Group
    C:/Users/Administrator/go/pkg/mod/github.com/gogf/gf/v2@v2.0.6/net/ghttp/ghttp_server_router_group.go:134
7.  iotfast/internal/route.BindController
    G:/OCM/private/iotfast/internal/route/router.go:15
8.  iotfast/internal/cmd.glob..func1.1
    G:/OCM/private/iotfast/internal/cmd/cmd.go:50
9.  github.com/gogf/gf/v2/net/ghttp.(*Server).Group
    C:/Users/Administrator/go/pkg/mod/github.com/gogf/gf/v2@v2.0.6/net/ghttp/ghttp_server_router_group.go:90
10. iotfast/internal/cmd.glob..func1
    G:/OCM/private/iotfast/internal/cmd/cmd.go:49
11. github.com/gogf/gf/v2/os/gcmd.(*Command).doRun
    C:/Users/Administrator/go/pkg/mod/github.com/gogf/gf/v2@v2.0.6/os/gcmd/gcmd_command_run.go:117
12. github.com/gogf/gf/v2/os/gcmd.(*Command).RunWithValueError
    C:/Users/Administrator/go/pkg/mod/github.com/gogf/gf/v2@v2.0.6/os/gcmd/gcmd_command_run.go:68
13. github.com/gogf/gf/v2/os/gcmd.(*Command).RunWithValue
    C:/Users/Administrator/go/pkg/mod/github.com/gogf/gf/v2@v2.0.6/os/gcmd/gcmd_command_run.go:32
14. github.com/gogf/gf/v2/os/gcmd.(*Command).Run
    C:/Users/Administrator/go/pkg/mod/github.com/gogf/gf/v2@v2.0.6/os/gcmd/gcmd_command_run.go:26
15. main.main
    G:/OCM/private/iotfast/main.go:12
16. runtime.main
    D:/Go/src/runtime/proc.go:250
17. runtime.goexit
    D:/Go/src/runtime/asm_amd64.s:1571
 
2022-06-21 22:03:07.127 [ERRO] {a8b08feaafa7fa1642e6cf258135660f} Error 1103: Incorrect table name 'device_info,device_kind,device_label,device_label_data,device_status,device_category_data,device_cat', select * from information_schema.tables where table_name NOT LIKE 'qrtz_%' and table_name NOT LIKE 'gen_%'  and table_schema = (select database())  and table_name in ('device_info,device_kind,device_label,device_label_data,device_status,device_category_data,device_categoty,device_group')
Stack:
1.  iotfast/internal/app/system/service.(*sysGenTableImpl).SelectDbTableListByNames
    G:/OCM/private/iotfast/internal/app/system/service/sys_gen_table.go:175
2.  iotfast/internal/app/system/controller.(*genTableController).ImportGenTable
    G:/OCM/private/iotfast/internal/app/system/controller/gen_table.go:49
3.  reflect.Value.call
    D:/Go/src/reflect/value.go:556
4.  reflect.Value.Call
    D:/Go/src/reflect/value.go:339
5.  github.com/gogf/gf/v2/net/ghttp.(*middleware).callHandlerFunc.func1
    C:/Users/Administrator/go/pkg/mod/github.com/gogf/gf/v2@v2.0.6/net/ghttp/ghttp_request_middleware.go:151
6.  github.com/gogf/gf/v2/net/ghttp.niceCallFunc
    C:/Users/Administrator/go/pkg/mod/github.com/gogf/gf/v2@v2.0.6/net/ghttp/ghttp_func.go:56
7.  github.com/gogf/gf/v2/net/ghttp.(*middleware).callHandlerFunc
    C:/Users/Administrator/go/pkg/mod/github.com/gogf/gf/v2@v2.0.6/net/ghttp/ghttp_request_middleware.go:128
8.  github.com/gogf/gf/v2/net/ghttp.(*middleware).Next.func1
    C:/Users/Administrator/go/pkg/mod/github.com/gogf/gf/v2@v2.0.6/net/ghttp/ghttp_request_middleware.go:74
9.  github.com/gogf/gf/v2/util/gutil.TryCatch
    C:/Users/Administrator/go/pkg/mod/github.com/gogf/gf/v2@v2.0.6/util/gutil/gutil.go:55
10. github.com/gogf/gf/v2/net/ghttp.(*middleware).Next
    C:/Users/Administrator/go/pkg/mod/github.com/gogf/gf/v2@v2.0.6/net/ghttp/ghttp_request_middleware.go:48
11. iotfast/internal/app/system/service.(*middlewareImpl).Auth
    G:/OCM/private/iotfast/internal/app/system/service/middleware.go:81
12. github.com/gogf/gf/v2/net/ghttp.(*middleware).Next.func1.1
    C:/Users/Administrator/go/pkg/mod/github.com/gogf/gf/v2@v2.0.6/net/ghttp/ghttp_request_middleware.go:54
13. github.com/gogf/gf/v2/net/ghttp.niceCallFunc
    C:/Users/Administrator/go/pkg/mod/github.com/gogf/gf/v2@v2.0.6/net/ghttp/ghttp_func.go:56
14. github.com/gogf/gf/v2/net/ghttp.(*middleware).Next.func1
    C:/Users/Administrator/go/pkg/mod/github.com/gogf/gf/v2@v2.0.6/net/ghttp/ghttp_request_middleware.go:53
15. github.com/gogf/gf/v2/util/gutil.TryCatch
    C:/Users/Administrator/go/pkg/mod/github.com/gogf/gf/v2@v2.0.6/util/gutil/gutil.go:55
16. github.com/gogf/gf/v2/net/ghttp.(*middleware).Next
    C:/Users/Administrator/go/pkg/mod/github.com/gogf/gf/v2@v2.0.6/net/ghttp/ghttp_request_middleware.go:48
17. iotfast/internal/app/system/service.(*middlewareImpl).Ctx
    G:/OCM/private/iotfast/internal/app/system/service/middleware.go:54
18. github.com/gogf/gf/v2/net/ghttp.(*middleware).Next.func1.1
    C:/Users/Administrator/go/pkg/mod/github.com/gogf/gf/v2@v2.0.6/net/ghttp/ghttp_request_middleware.go:54
19. github.com/gogf/gf/v2/net/ghttp.niceCallFunc
    C:/Users/Administrator/go/pkg/mod/github.com/gogf/gf/v2@v2.0.6/net/ghttp/ghttp_func.go:56
20. github.com/gogf/gf/v2/net/ghttp.(*middleware).Next.func1
    C:/Users/Administrator/go/pkg/mod/github.com/gogf/gf/v2@v2.0.6/net/ghttp/ghttp_request_middleware.go:53
21. github.com/gogf/gf/v2/util/gutil.TryCatch
    C:/Users/Administrator/go/pkg/mod/github.com/gogf/gf/v2@v2.0.6/util/gutil/gutil.go:55
22. github.com/gogf/gf/v2/net/ghttp.(*middleware).Next
    C:/Users/Administrator/go/pkg/mod/github.com/gogf/gf/v2@v2.0.6/net/ghttp/ghttp_request_middleware.go:48
23. iotfast/internal/app/common/service.(*middlewareImpl).MiddlewareCORS
    G:/OCM/private/iotfast/internal/app/common/service/middleware.go:29
24. github.com/gogf/gf/v2/net/ghttp.(*middleware).Next.func1.1
    C:/Users/Administrator/go/pkg/mod/github.com/gogf/gf/v2@v2.0.6/net/ghttp/ghttp_request_middleware.go:54
25. github.com/gogf/gf/v2/net/ghttp.niceCallFunc
    C:/Users/Administrator/go/pkg/mod/github.com/gogf/gf/v2@v2.0.6/net/ghttp/ghttp_func.go:56
26. github.com/gogf/gf/v2/net/ghttp.(*middleware).Next.func1
    C:/Users/Administrator/go/pkg/mod/github.com/gogf/gf/v2@v2.0.6/net/ghttp/ghttp_request_middleware.go:53
27. github.com/gogf/gf/v2/util/gutil.TryCatch
    C:/Users/Administrator/go/pkg/mod/github.com/gogf/gf/v2@v2.0.6/util/gutil/gutil.go:55
28. github.com/gogf/gf/v2/net/ghttp.(*middleware).Next
    C:/Users/Administrator/go/pkg/mod/github.com/gogf/gf/v2@v2.0.6/net/ghttp/ghttp_request_middleware.go:48
29. github.com/gogf/gf/v2/net/ghttp.MiddlewareHandlerResponse
    C:/Users/Administrator/go/pkg/mod/github.com/gogf/gf/v2@v2.0.6/net/ghttp/ghttp_middleware_handler_response.go:26
30. github.com/gogf/gf/v2/net/ghttp.(*middleware).Next.func1.1
    C:/Users/Administrator/go/pkg/mod/github.com/gogf/gf/v2@v2.0.6/net/ghttp/ghttp_request_middleware.go:54
31. github.com/gogf/gf/v2/net/ghttp.niceCallFunc
    C:/Users/Administrator/go/pkg/mod/github.com/gogf/gf/v2@v2.0.6/net/ghttp/ghttp_func.go:56
32. github.com/gogf/gf/v2/net/ghttp.(*middleware).Next.func1
    C:/Users/Administrator/go/pkg/mod/github.com/gogf/gf/v2@v2.0.6/net/ghttp/ghttp_request_middleware.go:53
33. github.com/gogf/gf/v2/util/gutil.TryCatch
    C:/Users/Administrator/go/pkg/mod/github.com/gogf/gf/v2@v2.0.6/util/gutil/gutil.go:55
34. github.com/gogf/gf/v2/net/ghttp.(*middleware).Next
    C:/Users/Administrator/go/pkg/mod/github.com/gogf/gf/v2@v2.0.6/net/ghttp/ghttp_request_middleware.go:48
35. github.com/gogf/gf/v2/net/ghttp.internalMiddlewareServerTracing
    C:/Users/Administrator/go/pkg/mod/github.com/gogf/gf/v2@v2.0.6/net/ghttp/ghttp_middleware_tracing.go:78
36. github.com/gogf/gf/v2/net/ghttp.(*middleware).Next.func1.5
    C:/Users/Administrator/go/pkg/mod/github.com/gogf/gf/v2@v2.0.6/net/ghttp/ghttp_request_middleware.go:95
37. github.com/gogf/gf/v2/net/ghttp.niceCallFunc
    C:/Users/Administrator/go/pkg/mod/github.com/gogf/gf/v2@v2.0.6/net/ghttp/ghttp_func.go:56
38. github.com/gogf/gf/v2/net/ghttp.(*middleware).Next.func1
    C:/Users/Administrator/go/pkg/mod/github.com/gogf/gf/v2@v2.0.6/net/ghttp/ghttp_request_middleware.go:94
39. github.com/gogf/gf/v2/util/gutil.TryCatch
    C:/Users/Administrator/go/pkg/mod/github.com/gogf/gf/v2@v2.0.6/util/gutil/gutil.go:55
40. github.com/gogf/gf/v2/net/ghttp.(*middleware).Next
    C:/Users/Administrator/go/pkg/mod/github.com/gogf/gf/v2@v2.0.6/net/ghttp/ghttp_request_middleware.go:48
41. github.com/gogf/gf/v2/net/ghttp.(*Server).ServeHTTP
    C:/Users/Administrator/go/pkg/mod/github.com/gogf/gf/v2@v2.0.6/net/ghttp/ghttp_server_handler.go:121
42. net/http.HandlerFunc.ServeHTTP
    D:/Go/src/net/http/server.go:2084
43. net/http.serverHandler.ServeHTTP
    D:/Go/src/net/http/server.go:2916
44. net/http.(*conn).serve
    D:/Go/src/net/http/server.go:1966
45. runtime.goexit
    D:/Go/src/runtime/asm_amd64.s:1571
 
2022-06-21 22:03:29.671 [ERRO] {b083932eb5a7fa1644e6cf25001ea2bb} Error 1103: Incorrect table name 'device_info,device_kind,device_label,device_label_data,device_status,device_category_data,device_cat', select * from information_schema.tables where table_name NOT LIKE 'qrtz_%' and table_name NOT LIKE 'gen_%'  and table_schema = (select database())  and table_name in ('device_info,device_kind,device_label,device_label_data,device_status,device_category_data,device_categoty,device_group')
Stack:
1.  iotfast/internal/app/system/service.(*sysGenTableImpl).SelectDbTableListByNames
    G:/OCM/private/iotfast/internal/app/system/service/sys_gen_table.go:175
2.  iotfast/internal/app/system/controller.(*genTableController).ImportGenTable
    G:/OCM/private/iotfast/internal/app/system/controller/gen_table.go:49
3.  reflect.Value.call
    D:/Go/src/reflect/value.go:556
4.  reflect.Value.Call
    D:/Go/src/reflect/value.go:339
5.  github.com/gogf/gf/v2/net/ghttp.(*middleware).callHandlerFunc.func1
    C:/Users/Administrator/go/pkg/mod/github.com/gogf/gf/v2@v2.0.6/net/ghttp/ghttp_request_middleware.go:151
6.  github.com/gogf/gf/v2/net/ghttp.niceCallFunc
    C:/Users/Administrator/go/pkg/mod/github.com/gogf/gf/v2@v2.0.6/net/ghttp/ghttp_func.go:56
7.  github.com/gogf/gf/v2/net/ghttp.(*middleware).callHandlerFunc
    C:/Users/Administrator/go/pkg/mod/github.com/gogf/gf/v2@v2.0.6/net/ghttp/ghttp_request_middleware.go:128
8.  github.com/gogf/gf/v2/net/ghttp.(*middleware).Next.func1
    C:/Users/Administrator/go/pkg/mod/github.com/gogf/gf/v2@v2.0.6/net/ghttp/ghttp_request_middleware.go:74
9.  github.com/gogf/gf/v2/util/gutil.TryCatch
    C:/Users/Administrator/go/pkg/mod/github.com/gogf/gf/v2@v2.0.6/util/gutil/gutil.go:55
10. github.com/gogf/gf/v2/net/ghttp.(*middleware).Next
    C:/Users/Administrator/go/pkg/mod/github.com/gogf/gf/v2@v2.0.6/net/ghttp/ghttp_request_middleware.go:48
11. iotfast/internal/app/system/service.(*middlewareImpl).Auth
    G:/OCM/private/iotfast/internal/app/system/service/middleware.go:81
12. github.com/gogf/gf/v2/net/ghttp.(*middleware).Next.func1.1
    C:/Users/Administrator/go/pkg/mod/github.com/gogf/gf/v2@v2.0.6/net/ghttp/ghttp_request_middleware.go:54
13. github.com/gogf/gf/v2/net/ghttp.niceCallFunc
    C:/Users/Administrator/go/pkg/mod/github.com/gogf/gf/v2@v2.0.6/net/ghttp/ghttp_func.go:56
14. github.com/gogf/gf/v2/net/ghttp.(*middleware).Next.func1
    C:/Users/Administrator/go/pkg/mod/github.com/gogf/gf/v2@v2.0.6/net/ghttp/ghttp_request_middleware.go:53
15. github.com/gogf/gf/v2/util/gutil.TryCatch
    C:/Users/Administrator/go/pkg/mod/github.com/gogf/gf/v2@v2.0.6/util/gutil/gutil.go:55
16. github.com/gogf/gf/v2/net/ghttp.(*middleware).Next
    C:/Users/Administrator/go/pkg/mod/github.com/gogf/gf/v2@v2.0.6/net/ghttp/ghttp_request_middleware.go:48
17. iotfast/internal/app/system/service.(*middlewareImpl).Ctx
    G:/OCM/private/iotfast/internal/app/system/service/middleware.go:54
18. github.com/gogf/gf/v2/net/ghttp.(*middleware).Next.func1.1
    C:/Users/Administrator/go/pkg/mod/github.com/gogf/gf/v2@v2.0.6/net/ghttp/ghttp_request_middleware.go:54
19. github.com/gogf/gf/v2/net/ghttp.niceCallFunc
    C:/Users/Administrator/go/pkg/mod/github.com/gogf/gf/v2@v2.0.6/net/ghttp/ghttp_func.go:56
20. github.com/gogf/gf/v2/net/ghttp.(*middleware).Next.func1
    C:/Users/Administrator/go/pkg/mod/github.com/gogf/gf/v2@v2.0.6/net/ghttp/ghttp_request_middleware.go:53
21. github.com/gogf/gf/v2/util/gutil.TryCatch
    C:/Users/Administrator/go/pkg/mod/github.com/gogf/gf/v2@v2.0.6/util/gutil/gutil.go:55
22. github.com/gogf/gf/v2/net/ghttp.(*middleware).Next
    C:/Users/Administrator/go/pkg/mod/github.com/gogf/gf/v2@v2.0.6/net/ghttp/ghttp_request_middleware.go:48
23. iotfast/internal/app/common/service.(*middlewareImpl).MiddlewareCORS
    G:/OCM/private/iotfast/internal/app/common/service/middleware.go:29
24. github.com/gogf/gf/v2/net/ghttp.(*middleware).Next.func1.1
    C:/Users/Administrator/go/pkg/mod/github.com/gogf/gf/v2@v2.0.6/net/ghttp/ghttp_request_middleware.go:54
25. github.com/gogf/gf/v2/net/ghttp.niceCallFunc
    C:/Users/Administrator/go/pkg/mod/github.com/gogf/gf/v2@v2.0.6/net/ghttp/ghttp_func.go:56
26. github.com/gogf/gf/v2/net/ghttp.(*middleware).Next.func1
    C:/Users/Administrator/go/pkg/mod/github.com/gogf/gf/v2@v2.0.6/net/ghttp/ghttp_request_middleware.go:53
27. github.com/gogf/gf/v2/util/gutil.TryCatch
    C:/Users/Administrator/go/pkg/mod/github.com/gogf/gf/v2@v2.0.6/util/gutil/gutil.go:55
28. github.com/gogf/gf/v2/net/ghttp.(*middleware).Next
    C:/Users/Administrator/go/pkg/mod/github.com/gogf/gf/v2@v2.0.6/net/ghttp/ghttp_request_middleware.go:48
29. github.com/gogf/gf/v2/net/ghttp.MiddlewareHandlerResponse
    C:/Users/Administrator/go/pkg/mod/github.com/gogf/gf/v2@v2.0.6/net/ghttp/ghttp_middleware_handler_response.go:26
30. github.com/gogf/gf/v2/net/ghttp.(*middleware).Next.func1.1
    C:/Users/Administrator/go/pkg/mod/github.com/gogf/gf/v2@v2.0.6/net/ghttp/ghttp_request_middleware.go:54
31. github.com/gogf/gf/v2/net/ghttp.niceCallFunc
    C:/Users/Administrator/go/pkg/mod/github.com/gogf/gf/v2@v2.0.6/net/ghttp/ghttp_func.go:56
32. github.com/gogf/gf/v2/net/ghttp.(*middleware).Next.func1
    C:/Users/Administrator/go/pkg/mod/github.com/gogf/gf/v2@v2.0.6/net/ghttp/ghttp_request_middleware.go:53
33. github.com/gogf/gf/v2/util/gutil.TryCatch
    C:/Users/Administrator/go/pkg/mod/github.com/gogf/gf/v2@v2.0.6/util/gutil/gutil.go:55
34. github.com/gogf/gf/v2/net/ghttp.(*middleware).Next
    C:/Users/Administrator/go/pkg/mod/github.com/gogf/gf/v2@v2.0.6/net/ghttp/ghttp_request_middleware.go:48
35. github.com/gogf/gf/v2/net/ghttp.internalMiddlewareServerTracing
    C:/Users/Administrator/go/pkg/mod/github.com/gogf/gf/v2@v2.0.6/net/ghttp/ghttp_middleware_tracing.go:78
36. github.com/gogf/gf/v2/net/ghttp.(*middleware).Next.func1.5
    C:/Users/Administrator/go/pkg/mod/github.com/gogf/gf/v2@v2.0.6/net/ghttp/ghttp_request_middleware.go:95
37. github.com/gogf/gf/v2/net/ghttp.niceCallFunc
    C:/Users/Administrator/go/pkg/mod/github.com/gogf/gf/v2@v2.0.6/net/ghttp/ghttp_func.go:56
38. github.com/gogf/gf/v2/net/ghttp.(*middleware).Next.func1
    C:/Users/Administrator/go/pkg/mod/github.com/gogf/gf/v2@v2.0.6/net/ghttp/ghttp_request_middleware.go:94
39. github.com/gogf/gf/v2/util/gutil.TryCatch
    C:/Users/Administrator/go/pkg/mod/github.com/gogf/gf/v2@v2.0.6/util/gutil/gutil.go:55
40. github.com/gogf/gf/v2/net/ghttp.(*middleware).Next
    C:/Users/Administrator/go/pkg/mod/github.com/gogf/gf/v2@v2.0.6/net/ghttp/ghttp_request_middleware.go:48
41. github.com/gogf/gf/v2/net/ghttp.(*Server).ServeHTTP
    C:/Users/Administrator/go/pkg/mod/github.com/gogf/gf/v2@v2.0.6/net/ghttp/ghttp_server_handler.go:121
42. net/http.HandlerFunc.ServeHTTP
    D:/Go/src/net/http/server.go:2084
43. net/http.serverHandler.ServeHTTP
    D:/Go/src/net/http/server.go:2916
44. net/http.(*conn).serve
    D:/Go/src/net/http/server.go:1966
45. runtime.goexit
    D:/Go/src/runtime/asm_amd64.s:1571
 
2022-06-21 22:13:43.112 {e0b0960244a8fa165be6cf2579b4194a} delet ids:[0] 
2022-06-21 22:14:07.156 {d0066e9e49a8fa1661e6cf258c631ef0} delet ids:[0] 
2022-06-21 22:22:07.706 {3ca97a81b9a8fa168be6cf25088d0cd0} delet ids:[0] 
2022-06-21 22:22:20.744 {f4213589bca8fa168fe6cf25806b70c0} delet ids:[81] 
2022-06-21 22:22:24.440 {6c77de66bda8fa1693e6cf2587440d8f} delet ids:[85] 
2022-06-21 22:26:31.452 {985cf7e9f6a8fa16b1e6cf2541f05890} delet ids:[0] 
2022-06-21 22:42:09.405 {e823484cd1a9fa1607e7cf25b0c0a482} delet ids:[94 95] 
2022-06-21 22:45:07.566 {cc8f71c7faa9fa160de7cf255cd39f40} delet ids:[97 96] 
2022-06-21 22:46:56.423 {bc58dd1f14aafa161be7cf25e8c3ae97} delet ids:[100 101 102 103 104 105] 
2022-06-21 22:47:04.297 {200834f515aafa1621e7cf25096f30b1} delet ids:[99] 
2022-06-21 22:47:10.734 {14d0dd7417aafa1625e7cf253c82c25e} delet ids:[98] 
