2022-07-16 14:02:22.324 [INFO] {e4981a2ef6390217a2ec8e5a7d296964} [GToken][params:{"AuthExcludePaths":"[\"/api/v1/system/xxx\",\"/api/v1/system/xxx2\"]","AuthFailMsg":"请求错误或登录超时","AuthPaths":"","CacheKey":"gfToken_","CacheMode":1,"EncryptKey":"49c54195e750b04e74a8429b17aefc77","LoginPath":"","LogoutPath":"","MiddlewareType":1,"MultiLogin":true,"Timeout":10800,"TokenDelimiter":"_"}]start...  
2022-07-16 14:02:22.326 [ERRO] {e4981a2ef6390217a2ec8e5a7d296964} [GToken]LoginPath or LoginBeforeFunc not set 
Stack:
1.  github.com/xiaodingding/iotfast/library/libGtoken.(*GToken).Middleware
    E:/src/iotfast/library/libGtoken/gtoken_group.go:27
2.  github.com/xiaodingding/iotfast/server/http/route.BindSystemController.func1
    E:/src/iotfast/server/http/route/system_router.go:30
3.  github.com/gogf/gf/v2/net/ghttp.(*RouterGroup).Group
    C:/Users/dwx/go/pkg/mod/github.com/gogf/gf/v2@v2.0.6/net/ghttp/ghttp_server_router_group.go:134
4.  github.com/xiaodingding/iotfast/server/http/route.BindSystemController
    E:/src/iotfast/server/http/route/system_router.go:19
5.  github.com/xiaodingding/iotfast/server/http/route.BindController.func1
    E:/src/iotfast/server/http/route/router.go:22
6.  github.com/gogf/gf/v2/net/ghttp.(*RouterGroup).Group
    C:/Users/dwx/go/pkg/mod/github.com/gogf/gf/v2@v2.0.6/net/ghttp/ghttp_server_router_group.go:134
7.  github.com/xiaodingding/iotfast/server/http/route.BindController
    E:/src/iotfast/server/http/route/router.go:15
8.  github.com/xiaodingding/iotfast/internal/cmd.glob..func1.1
    E:/src/iotfast/internal/cmd/cmd.go:61
9.  github.com/gogf/gf/v2/net/ghttp.(*Server).Group
    C:/Users/dwx/go/pkg/mod/github.com/gogf/gf/v2@v2.0.6/net/ghttp/ghttp_server_router_group.go:90
10. github.com/xiaodingding/iotfast/internal/cmd.glob..func1
    E:/src/iotfast/internal/cmd/cmd.go:60
 
2022-07-16 14:03:11.692 [DEBU] client id:MQTT_FX_Client is closed with error:   
2022-07-16 14:12:22.150 [INFO] {58dc7ed6813a02177902fb5bfa4e7c6d} [GToken][params:{"AuthExcludePaths":"[\"/api/v1/system/xxx\",\"/api/v1/system/xxx2\"]","AuthFailMsg":"请求错误或登录超时","AuthPaths":"","CacheKey":"gfToken_","CacheMode":1,"EncryptKey":"49c54195e750b04e74a8429b17aefc77","LoginPath":"","LogoutPath":"","MiddlewareType":1,"MultiLogin":true,"Timeout":10800,"TokenDelimiter":"_"}]start...  
2022-07-16 14:12:22.152 [ERRO] {58dc7ed6813a02177902fb5bfa4e7c6d} [GToken]LoginPath or LoginBeforeFunc not set 
Stack:
1.  github.com/xiaodingding/iotfast/library/libGtoken.(*GToken).Middleware
    E:/src/iotfast/library/libGtoken/gtoken_group.go:27
2.  github.com/xiaodingding/iotfast/server/http/route.BindSystemController.func1
    E:/src/iotfast/server/http/route/system_router.go:30
3.  github.com/gogf/gf/v2/net/ghttp.(*RouterGroup).Group
    C:/Users/dwx/go/pkg/mod/github.com/gogf/gf/v2@v2.0.6/net/ghttp/ghttp_server_router_group.go:134
4.  github.com/xiaodingding/iotfast/server/http/route.BindSystemController
    E:/src/iotfast/server/http/route/system_router.go:19
5.  github.com/xiaodingding/iotfast/server/http/route.BindController.func1
    E:/src/iotfast/server/http/route/router.go:22
6.  github.com/gogf/gf/v2/net/ghttp.(*RouterGroup).Group
    C:/Users/dwx/go/pkg/mod/github.com/gogf/gf/v2@v2.0.6/net/ghttp/ghttp_server_router_group.go:134
7.  github.com/xiaodingding/iotfast/server/http/route.BindController
    E:/src/iotfast/server/http/route/router.go:15
8.  github.com/xiaodingding/iotfast/internal/cmd.glob..func1.1
    E:/src/iotfast/internal/cmd/cmd.go:61
9.  github.com/gogf/gf/v2/net/ghttp.(*Server).Group
    C:/Users/dwx/go/pkg/mod/github.com/gogf/gf/v2@v2.0.6/net/ghttp/ghttp_server_router_group.go:90
10. github.com/xiaodingding/iotfast/internal/cmd.glob..func1
    E:/src/iotfast/internal/cmd/cmd.go:60
 
2022-07-16 14:13:08.820 [DEBU] client id:MQTT_FX_Client is closed with error:  read tcp 127.0.0.1:1883->127.0.0.1:51055: use of closed network connection 
2022-07-16 14:13:56.352 [INFO] {d05461c5973a0217cda03c5252df8b09} [GToken][params:{"AuthExcludePaths":"[\"/api/v1/system/xxx\",\"/api/v1/system/xxx2\"]","AuthFailMsg":"请求错误或登录超时","AuthPaths":"","CacheKey":"gfToken_","CacheMode":1,"EncryptKey":"49c54195e750b04e74a8429b17aefc77","LoginPath":"","LogoutPath":"","MiddlewareType":1,"MultiLogin":true,"Timeout":10800,"TokenDelimiter":"_"}]start...  
2022-07-16 14:13:56.354 [ERRO] {d05461c5973a0217cda03c5252df8b09} [GToken]LoginPath or LoginBeforeFunc not set 
Stack:
1.  github.com/xiaodingding/iotfast/library/libGtoken.(*GToken).Middleware
    E:/src/iotfast/library/libGtoken/gtoken_group.go:27
2.  github.com/xiaodingding/iotfast/server/http/route.BindSystemController.func1
    E:/src/iotfast/server/http/route/system_router.go:30
3.  github.com/gogf/gf/v2/net/ghttp.(*RouterGroup).Group
    C:/Users/dwx/go/pkg/mod/github.com/gogf/gf/v2@v2.0.6/net/ghttp/ghttp_server_router_group.go:134
4.  github.com/xiaodingding/iotfast/server/http/route.BindSystemController
    E:/src/iotfast/server/http/route/system_router.go:19
5.  github.com/xiaodingding/iotfast/server/http/route.BindController.func1
    E:/src/iotfast/server/http/route/router.go:22
6.  github.com/gogf/gf/v2/net/ghttp.(*RouterGroup).Group
    C:/Users/dwx/go/pkg/mod/github.com/gogf/gf/v2@v2.0.6/net/ghttp/ghttp_server_router_group.go:134
7.  github.com/xiaodingding/iotfast/server/http/route.BindController
    E:/src/iotfast/server/http/route/router.go:15
8.  github.com/xiaodingding/iotfast/internal/cmd.glob..func1.1
    E:/src/iotfast/internal/cmd/cmd.go:61
9.  github.com/gogf/gf/v2/net/ghttp.(*Server).Group
    C:/Users/dwx/go/pkg/mod/github.com/gogf/gf/v2@v2.0.6/net/ghttp/ghttp_server_router_group.go:90
10. github.com/xiaodingding/iotfast/internal/cmd.glob..func1
    E:/src/iotfast/internal/cmd/cmd.go:60
 
2022-07-16 14:15:25.442 [DEBU] client id:MQTT_FX_Client is closed with error:  read tcp 127.0.0.1:1883->127.0.0.1:51195: use of closed network connection 
