2022-06-24 00:00:44.526 {d49e0342444bfb16257e0936dc61b66b} req param:&{{} 0      {[] 1 10 }} 
 
2022-06-24 00:03:12.751 [INFO] {50fbe9c4664bfb1633984d3545903ca2} [GToken][params:{"AuthExcludePaths":"[\"/api/v1/system/xxx\",\"/api/v1/system/xxx2\"]","AuthFailMsg":"请求错误或登录超时","AuthPaths":"","CacheKey":"gfToken_","CacheMode":1,"EncryptKey":"49c54195e750b04e74a8429b17aefc77","LoginPath":"","LogoutPath":"","MiddlewareType":1,"MultiLogin":true,"Timeout":10800,"TokenDelimiter":"_"}]start...  
2022-06-24 00:03:12.753 [ERRO] {50fbe9c4664bfb1633984d3545903ca2} [GToken]LoginPath or LoginBeforeFunc not set 
Stack:
1.  iotfast/library/libGtoken.(*GToken).Middleware
    E:/src/iotfast/library/libGtoken/gtoken_group.go:27
2.  iotfast/internal/route.BindSystemController.func1
    E:/src/iotfast/internal/route/system_router.go:30
3.  github.com/gogf/gf/v2/net/ghttp.(*RouterGroup).Group
    C:/Users/dwx/go/pkg/mod/github.com/gogf/gf/v2@v2.0.6/net/ghttp/ghttp_server_router_group.go:134
4.  iotfast/internal/route.BindSystemController
    E:/src/iotfast/internal/route/system_router.go:19
5.  iotfast/internal/route.BindController.func1
    E:/src/iotfast/internal/route/router.go:22
6.  github.com/gogf/gf/v2/net/ghttp.(*RouterGroup).Group
    C:/Users/dwx/go/pkg/mod/github.com/gogf/gf/v2@v2.0.6/net/ghttp/ghttp_server_router_group.go:134
7.  iotfast/internal/route.BindController
    E:/src/iotfast/internal/route/router.go:15
8.  iotfast/internal/cmd.glob..func1.1
    E:/src/iotfast/internal/cmd/cmd.go:50
9.  github.com/gogf/gf/v2/net/ghttp.(*Server).Group
    C:/Users/dwx/go/pkg/mod/github.com/gogf/gf/v2@v2.0.6/net/ghttp/ghttp_server_router_group.go:90
10. iotfast/internal/cmd.glob..func1
    E:/src/iotfast/internal/cmd/cmd.go:49
11. github.com/gogf/gf/v2/os/gcmd.(*Command).doRun
    C:/Users/dwx/go/pkg/mod/github.com/gogf/gf/v2@v2.0.6/os/gcmd/gcmd_command_run.go:117
12. github.com/gogf/gf/v2/os/gcmd.(*Command).RunWithValueError
    C:/Users/dwx/go/pkg/mod/github.com/gogf/gf/v2@v2.0.6/os/gcmd/gcmd_command_run.go:68
13. github.com/gogf/gf/v2/os/gcmd.(*Command).RunWithValue
    C:/Users/dwx/go/pkg/mod/github.com/gogf/gf/v2@v2.0.6/os/gcmd/gcmd_command_run.go:32
14. github.com/gogf/gf/v2/os/gcmd.(*Command).Run
    C:/Users/dwx/go/pkg/mod/github.com/gogf/gf/v2@v2.0.6/os/gcmd/gcmd_command_run.go:26
15. main.main
    E:/src/iotfast/main.go:12
 
2022-06-24 00:03:23.532 {b00a7d47694bfb1640984d354ed327bd} req param:&{{} 0      {[] 1 10 }} 
 
2022-06-24 00:11:51.747 [INFO] {005b719bdf4bfb16887356153a409647} [GToken][params:{"AuthExcludePaths":"[\"/api/v1/system/xxx\",\"/api/v1/system/xxx2\"]","AuthFailMsg":"请求错误或登录超时","AuthPaths":"","CacheKey":"gfToken_","CacheMode":1,"EncryptKey":"49c54195e750b04e74a8429b17aefc77","LoginPath":"","LogoutPath":"","MiddlewareType":1,"MultiLogin":true,"Timeout":10800,"TokenDelimiter":"_"}]start...  
2022-06-24 00:11:51.748 [ERRO] {005b719bdf4bfb16887356153a409647} [GToken]LoginPath or LoginBeforeFunc not set 
Stack:
1.  iotfast/library/libGtoken.(*GToken).Middleware
    E:/src/iotfast/library/libGtoken/gtoken_group.go:27
2.  iotfast/internal/route.BindSystemController.func1
    E:/src/iotfast/internal/route/system_router.go:30
3.  github.com/gogf/gf/v2/net/ghttp.(*RouterGroup).Group
    C:/Users/dwx/go/pkg/mod/github.com/gogf/gf/v2@v2.0.6/net/ghttp/ghttp_server_router_group.go:134
4.  iotfast/internal/route.BindSystemController
    E:/src/iotfast/internal/route/system_router.go:19
5.  iotfast/internal/route.BindController.func1
    E:/src/iotfast/internal/route/router.go:22
6.  github.com/gogf/gf/v2/net/ghttp.(*RouterGroup).Group
    C:/Users/dwx/go/pkg/mod/github.com/gogf/gf/v2@v2.0.6/net/ghttp/ghttp_server_router_group.go:134
7.  iotfast/internal/route.BindController
    E:/src/iotfast/internal/route/router.go:15
8.  iotfast/internal/cmd.glob..func1.1
    E:/src/iotfast/internal/cmd/cmd.go:50
9.  github.com/gogf/gf/v2/net/ghttp.(*Server).Group
    C:/Users/dwx/go/pkg/mod/github.com/gogf/gf/v2@v2.0.6/net/ghttp/ghttp_server_router_group.go:90
10. iotfast/internal/cmd.glob..func1
    E:/src/iotfast/internal/cmd/cmd.go:49
11. github.com/gogf/gf/v2/os/gcmd.(*Command).doRun
    C:/Users/dwx/go/pkg/mod/github.com/gogf/gf/v2@v2.0.6/os/gcmd/gcmd_command_run.go:117
12. github.com/gogf/gf/v2/os/gcmd.(*Command).RunWithValueError
    C:/Users/dwx/go/pkg/mod/github.com/gogf/gf/v2@v2.0.6/os/gcmd/gcmd_command_run.go:68
13. github.com/gogf/gf/v2/os/gcmd.(*Command).RunWithValue
    C:/Users/dwx/go/pkg/mod/github.com/gogf/gf/v2@v2.0.6/os/gcmd/gcmd_command_run.go:32
14. github.com/gogf/gf/v2/os/gcmd.(*Command).Run
    C:/Users/dwx/go/pkg/mod/github.com/gogf/gf/v2@v2.0.6/os/gcmd/gcmd_command_run.go:26
15. main.main
    E:/src/iotfast/main.go:12
 
2022-06-24 00:13:54.583 {fc4f1a35fc4bfb168f735615e22a2bf5} req param:&{{} 0      {[] 1 10 }} 
 
2022-06-24 00:15:30.354 {34737a81124cfb1695735615db2d50a5} req param:&{{} 0      {[] 1 10 }} 
 
2022-06-24 00:16:36.383 {808525e1214cfb169c735615101dd826} req param:&{{} 0      {[] 1 10 }} 
 
2022-06-24 00:19:33.479 {74a4df1c4b4cfb16a6735615e013dc15} req param:&{{} 0      {[] 1 10 }} 
 
