2022-06-27 22:39:26.735 [INFO] {34e542d42681fc1685d8d31199a15272} [GToken][params:{"AuthExcludePaths":"[\"/api/v1/system/xxx\",\"/api/v1/system/xxx2\"]","AuthFailMsg":"请求错误或登录超时","AuthPaths":"","CacheKey":"gfToken_","CacheMode":1,"EncryptKey":"49c54195e750b04e74a8429b17aefc77","LoginPath":"","LogoutPath":"","MiddlewareType":1,"MultiLogin":true,"Timeout":10800,"TokenDelimiter":"_"}]start...  
2022-06-27 22:39:26.737 [ERRO] {34e542d42681fc1685d8d31199a15272} [GToken]LoginPath or LoginBeforeFunc not set 
Stack:
1.  iotfast/library/libGtoken.(*GToken).Middleware
    E:/src/iotfast/library/libGtoken/gtoken_group.go:27
2.  iotfast/internal/route.BindSystemController.func1
    E:/src/iotfast/internal/route/system_router.go:30
3.  github.com/gogf/gf/v2/net/ghttp.(*RouterGroup).Group
    C:/Users/dwx/go/pkg/mod/github.com/gogf/gf/v2@v2.0.6/net/ghttp/ghttp_server_router_group.go:134
4.  iotfast/internal/route.BindSystemController
    E:/src/iotfast/internal/route/system_router.go:19
5.  iotfast/internal/route.BindController.func1
    E:/src/iotfast/internal/route/router.go:22
6.  github.com/gogf/gf/v2/net/ghttp.(*RouterGroup).Group
    C:/Users/dwx/go/pkg/mod/github.com/gogf/gf/v2@v2.0.6/net/ghttp/ghttp_server_router_group.go:134
7.  iotfast/internal/route.BindController
    E:/src/iotfast/internal/route/router.go:15
8.  iotfast/internal/cmd.glob..func1.1
    E:/src/iotfast/internal/cmd/cmd.go:58
9.  github.com/gogf/gf/v2/net/ghttp.(*Server).Group
    C:/Users/dwx/go/pkg/mod/github.com/gogf/gf/v2@v2.0.6/net/ghttp/ghttp_server_router_group.go:90
10. iotfast/internal/cmd.glob..func1
    E:/src/iotfast/internal/cmd/cmd.go:57
 
2022-06-27 22:40:39.769 [INFO] {50ce6cd53781fc16180af10974ee201c} [GToken][params:{"AuthExcludePaths":"[\"/api/v1/system/xxx\",\"/api/v1/system/xxx2\"]","AuthFailMsg":"请求错误或登录超时","AuthPaths":"","CacheKey":"gfToken_","CacheMode":1,"EncryptKey":"49c54195e750b04e74a8429b17aefc77","LoginPath":"","LogoutPath":"","MiddlewareType":1,"MultiLogin":true,"Timeout":10800,"TokenDelimiter":"_"}]start...  
2022-06-27 22:40:39.771 [ERRO] {50ce6cd53781fc16180af10974ee201c} [GToken]LoginPath or LoginBeforeFunc not set 
Stack:
1.  iotfast/library/libGtoken.(*GToken).Middleware
    E:/src/iotfast/library/libGtoken/gtoken_group.go:27
2.  iotfast/internal/route.BindSystemController.func1
    E:/src/iotfast/internal/route/system_router.go:30
3.  github.com/gogf/gf/v2/net/ghttp.(*RouterGroup).Group
    C:/Users/dwx/go/pkg/mod/github.com/gogf/gf/v2@v2.0.6/net/ghttp/ghttp_server_router_group.go:134
4.  iotfast/internal/route.BindSystemController
    E:/src/iotfast/internal/route/system_router.go:19
5.  iotfast/internal/route.BindController.func1
    E:/src/iotfast/internal/route/router.go:22
6.  github.com/gogf/gf/v2/net/ghttp.(*RouterGroup).Group
    C:/Users/dwx/go/pkg/mod/github.com/gogf/gf/v2@v2.0.6/net/ghttp/ghttp_server_router_group.go:134
7.  iotfast/internal/route.BindController
    E:/src/iotfast/internal/route/router.go:15
8.  iotfast/internal/cmd.glob..func1.1
    E:/src/iotfast/internal/cmd/cmd.go:58
9.  github.com/gogf/gf/v2/net/ghttp.(*Server).Group
    C:/Users/dwx/go/pkg/mod/github.com/gogf/gf/v2@v2.0.6/net/ghttp/ghttp_server_router_group.go:90
10. iotfast/internal/cmd.glob..func1
    E:/src/iotfast/internal/cmd/cmd.go:57
 
2022-06-27 22:42:49.400 {54a206045681fc16270af10960173360} req param:&{{} 0      {[] 1 10 }} 
 
2022-06-27 23:22:28.070 [INFO] {9885cbd77f83fc16b40e2216927568db} [GToken][params:{"AuthExcludePaths":"[\"/api/v1/system/xxx\",\"/api/v1/system/xxx2\"]","AuthFailMsg":"请求错误或登录超时","AuthPaths":"","CacheKey":"gfToken_","CacheMode":1,"EncryptKey":"49c54195e750b04e74a8429b17aefc77","LoginPath":"","LogoutPath":"","MiddlewareType":1,"MultiLogin":true,"Timeout":10800,"TokenDelimiter":"_"}]start...  
2022-06-27 23:22:28.100 [ERRO] {9885cbd77f83fc16b40e2216927568db} [GToken]LoginPath or LoginBeforeFunc not set 
Stack:
1.  iotfast/library/libGtoken.(*GToken).Middleware
    E:/src/iotfast/library/libGtoken/gtoken_group.go:27
2.  iotfast/internal/route.BindSystemController.func1
    E:/src/iotfast/internal/route/system_router.go:30
3.  github.com/gogf/gf/v2/net/ghttp.(*RouterGroup).Group
    C:/Users/dwx/go/pkg/mod/github.com/gogf/gf/v2@v2.0.6/net/ghttp/ghttp_server_router_group.go:134
4.  iotfast/internal/route.BindSystemController
    E:/src/iotfast/internal/route/system_router.go:19
5.  iotfast/internal/route.BindController.func1
    E:/src/iotfast/internal/route/router.go:22
6.  github.com/gogf/gf/v2/net/ghttp.(*RouterGroup).Group
    C:/Users/dwx/go/pkg/mod/github.com/gogf/gf/v2@v2.0.6/net/ghttp/ghttp_server_router_group.go:134
7.  iotfast/internal/route.BindController
    E:/src/iotfast/internal/route/router.go:15
8.  iotfast/internal/cmd.glob..func1.1
    E:/src/iotfast/internal/cmd/cmd.go:58
9.  github.com/gogf/gf/v2/net/ghttp.(*Server).Group
    C:/Users/dwx/go/pkg/mod/github.com/gogf/gf/v2@v2.0.6/net/ghttp/ghttp_server_router_group.go:90
10. iotfast/internal/cmd.glob..func1
    E:/src/iotfast/internal/cmd/cmd.go:57
11. github.com/gogf/gf/v2/os/gcmd.(*Command).doRun
    C:/Users/dwx/go/pkg/mod/github.com/gogf/gf/v2@v2.0.6/os/gcmd/gcmd_command_run.go:117
12. github.com/gogf/gf/v2/os/gcmd.(*Command).RunWithValueError
    C:/Users/dwx/go/pkg/mod/github.com/gogf/gf/v2@v2.0.6/os/gcmd/gcmd_command_run.go:77
13. github.com/gogf/gf/v2/os/gcmd.(*Command).RunWithValue
    C:/Users/dwx/go/pkg/mod/github.com/gogf/gf/v2@v2.0.6/os/gcmd/gcmd_command_run.go:32
14. github.com/gogf/gf/v2/os/gcmd.(*Command).Run
    C:/Users/dwx/go/pkg/mod/github.com/gogf/gf/v2@v2.0.6/os/gcmd/gcmd_command_run.go:26
15. main.main
    E:/src/iotfast/main.go:18
 
2022-06-27 23:24:33.335 {442ebad69c83fc16c60e22161329fd28} curDir:E:\src\iotfast, packageName:/internal/app, key:jsApi, path:E:/src/iotfast/web/src/api/test/mqttTopicRecord.ts 
2022-06-27 23:24:33.385 {442ebad69c83fc16c60e22161329fd28} curDir:E:\src\iotfast, packageName:/internal/app, key:vue, path:E:/src/iotfast/web/src/views/test/mqttTopicRecord/index.vue 
2022-06-27 23:24:33.396 {442ebad69c83fc16c60e22161329fd28} curDir:E:\src\iotfast, packageName:/internal/app, key:dao_internal, path:E:\src\iotfast/internal/app/test//dao/internal/mqtt_topic_record.go 
2022-06-27 23:24:33.404 {442ebad69c83fc16c60e22161329fd28} curDir:E:\src\iotfast, packageName:/internal/app, key:model_do, path:E:\src\iotfast/internal/app/test//model/do/mqtt_topic_record.go 
2022-06-27 23:24:33.409 {442ebad69c83fc16c60e22161329fd28} curDir:E:\src\iotfast, packageName:/internal/app, key:model_entity, path:E:\src\iotfast/internal/app/test//model/entity/mqtt_topic_record.go 
2022-06-27 23:24:33.421 {442ebad69c83fc16c60e22161329fd28} curDir:E:\src\iotfast, packageName:/internal/app, key:controller, path:E:\src\iotfast/internal/app/test//controller/mqtt_topic_record.go 
2022-06-27 23:24:33.436 {442ebad69c83fc16c60e22161329fd28} curDir:E:\src\iotfast, packageName:/internal/app, key:service, path:E:\src\iotfast/internal/app/test//service/mqtt_topic_record.go 
2022-06-27 23:24:33.582 {442ebad69c83fc16c60e22161329fd28} curDir:E:\src\iotfast, packageName:/internal/app, key:sql, path:E:\src\iotfast/resource/data/gen_sql//internal/app/mqtt_topic_record.sql 
2022-06-27 23:24:33.610 {442ebad69c83fc16c60e22161329fd28} curDir:E:\src\iotfast, packageName:/internal/app, key:goApi, path: 
2022-06-27 23:24:33.631 {442ebad69c83fc16c60e22161329fd28} curDir:E:\src\iotfast, packageName:/internal/app, key:dao, path:E:\src\iotfast/internal/app/test//dao/mqtt_topic_record.go 
2022-06-27 23:25:34.431 [INFO] {10bed13bab83fc1603a7bd1871217f7e} [GToken][params:{"AuthExcludePaths":"[\"/api/v1/system/xxx\",\"/api/v1/system/xxx2\"]","AuthFailMsg":"请求错误或登录超时","AuthPaths":"","CacheKey":"gfToken_","CacheMode":1,"EncryptKey":"49c54195e750b04e74a8429b17aefc77","LoginPath":"","LogoutPath":"","MiddlewareType":1,"MultiLogin":true,"Timeout":10800,"TokenDelimiter":"_"}]start...  
2022-06-27 23:25:34.441 [ERRO] {10bed13bab83fc1603a7bd1871217f7e} [GToken]LoginPath or LoginBeforeFunc not set 
Stack:
1.  iotfast/library/libGtoken.(*GToken).Middleware
    E:/src/iotfast/library/libGtoken/gtoken_group.go:27
2.  iotfast/internal/route.BindSystemController.func1
    E:/src/iotfast/internal/route/system_router.go:30
3.  github.com/gogf/gf/v2/net/ghttp.(*RouterGroup).Group
    C:/Users/dwx/go/pkg/mod/github.com/gogf/gf/v2@v2.0.6/net/ghttp/ghttp_server_router_group.go:134
4.  iotfast/internal/route.BindSystemController
    E:/src/iotfast/internal/route/system_router.go:19
5.  iotfast/internal/route.BindController.func1
    E:/src/iotfast/internal/route/router.go:22
6.  github.com/gogf/gf/v2/net/ghttp.(*RouterGroup).Group
    C:/Users/dwx/go/pkg/mod/github.com/gogf/gf/v2@v2.0.6/net/ghttp/ghttp_server_router_group.go:134
7.  iotfast/internal/route.BindController
    E:/src/iotfast/internal/route/router.go:15
8.  iotfast/internal/cmd.glob..func1.1
    E:/src/iotfast/internal/cmd/cmd.go:58
9.  github.com/gogf/gf/v2/net/ghttp.(*Server).Group
    C:/Users/dwx/go/pkg/mod/github.com/gogf/gf/v2@v2.0.6/net/ghttp/ghttp_server_router_group.go:90
10. iotfast/internal/cmd.glob..func1
    E:/src/iotfast/internal/cmd/cmd.go:57
11. github.com/gogf/gf/v2/os/gcmd.(*Command).doRun
    C:/Users/dwx/go/pkg/mod/github.com/gogf/gf/v2@v2.0.6/os/gcmd/gcmd_command_run.go:117
12. github.com/gogf/gf/v2/os/gcmd.(*Command).RunWithValueError
    C:/Users/dwx/go/pkg/mod/github.com/gogf/gf/v2@v2.0.6/os/gcmd/gcmd_command_run.go:77
13. github.com/gogf/gf/v2/os/gcmd.(*Command).RunWithValue
    C:/Users/dwx/go/pkg/mod/github.com/gogf/gf/v2@v2.0.6/os/gcmd/gcmd_command_run.go:32
14. github.com/gogf/gf/v2/os/gcmd.(*Command).Run
    C:/Users/dwx/go/pkg/mod/github.com/gogf/gf/v2@v2.0.6/os/gcmd/gcmd_command_run.go:26
15. main.main
    E:/src/iotfast/main.go:18
 
2022-06-27 23:26:19.209 [INFO] {6865b5a8b583fc1660f6ab3634f93c2d} [GToken][params:{"AuthExcludePaths":"[\"/api/v1/system/xxx\",\"/api/v1/system/xxx2\"]","AuthFailMsg":"请求错误或登录超时","AuthPaths":"","CacheKey":"gfToken_","CacheMode":1,"EncryptKey":"49c54195e750b04e74a8429b17aefc77","LoginPath":"","LogoutPath":"","MiddlewareType":1,"MultiLogin":true,"Timeout":10800,"TokenDelimiter":"_"}]start...  
2022-06-27 23:26:19.211 [ERRO] {6865b5a8b583fc1660f6ab3634f93c2d} [GToken]LoginPath or LoginBeforeFunc not set 
Stack:
1.  iotfast/library/libGtoken.(*GToken).Middleware
    E:/src/iotfast/library/libGtoken/gtoken_group.go:27
2.  iotfast/internal/route.BindSystemController.func1
    E:/src/iotfast/internal/route/system_router.go:30
3.  github.com/gogf/gf/v2/net/ghttp.(*RouterGroup).Group
    C:/Users/dwx/go/pkg/mod/github.com/gogf/gf/v2@v2.0.6/net/ghttp/ghttp_server_router_group.go:134
4.  iotfast/internal/route.BindSystemController
    E:/src/iotfast/internal/route/system_router.go:19
5.  iotfast/internal/route.BindController.func1
    E:/src/iotfast/internal/route/router.go:22
6.  github.com/gogf/gf/v2/net/ghttp.(*RouterGroup).Group
    C:/Users/dwx/go/pkg/mod/github.com/gogf/gf/v2@v2.0.6/net/ghttp/ghttp_server_router_group.go:134
7.  iotfast/internal/route.BindController
    E:/src/iotfast/internal/route/router.go:15
8.  iotfast/internal/cmd.glob..func1.1
    E:/src/iotfast/internal/cmd/cmd.go:58
9.  github.com/gogf/gf/v2/net/ghttp.(*Server).Group
    C:/Users/dwx/go/pkg/mod/github.com/gogf/gf/v2@v2.0.6/net/ghttp/ghttp_server_router_group.go:90
10. iotfast/internal/cmd.glob..func1
    E:/src/iotfast/internal/cmd/cmd.go:57
11. github.com/gogf/gf/v2/os/gcmd.(*Command).doRun
    C:/Users/dwx/go/pkg/mod/github.com/gogf/gf/v2@v2.0.6/os/gcmd/gcmd_command_run.go:117
12. github.com/gogf/gf/v2/os/gcmd.(*Command).RunWithValueError
    C:/Users/dwx/go/pkg/mod/github.com/gogf/gf/v2@v2.0.6/os/gcmd/gcmd_command_run.go:77
13. github.com/gogf/gf/v2/os/gcmd.(*Command).RunWithValue
    C:/Users/dwx/go/pkg/mod/github.com/gogf/gf/v2@v2.0.6/os/gcmd/gcmd_command_run.go:32
14. github.com/gogf/gf/v2/os/gcmd.(*Command).Run
    C:/Users/dwx/go/pkg/mod/github.com/gogf/gf/v2@v2.0.6/os/gcmd/gcmd_command_run.go:26
15. main.main
    E:/src/iotfast/main.go:18
 
2022-06-27 23:27:48.360 {7c7eb255ca83fc166cf6ab3665140846} curDir:E:\src\iotfast, packageName:/internal/app, key:jsApi, path:E:/src/iotfast/web/src/api/mqtt/mqttTopicRecord.ts 
2022-06-27 23:27:48.367 {7c7eb255ca83fc166cf6ab3665140846} curDir:E:\src\iotfast, packageName:/internal/app, key:vue, path:E:/src/iotfast/web/src/views/mqtt/mqttTopicRecord/index.vue 
2022-06-27 23:27:48.375 {7c7eb255ca83fc166cf6ab3665140846} curDir:E:\src\iotfast, packageName:/internal/app, key:goApi, path: 
2022-06-27 23:27:48.382 {7c7eb255ca83fc166cf6ab3665140846} curDir:E:\src\iotfast, packageName:/internal/app, key:model_do, path:E:\src\iotfast/internal/app/mqtt//model/do/mqtt_topic_record.go 
2022-06-27 23:27:48.396 {7c7eb255ca83fc166cf6ab3665140846} curDir:E:\src\iotfast, packageName:/internal/app, key:model_entity, path:E:\src\iotfast/internal/app/mqtt//model/entity/mqtt_topic_record.go 
2022-06-27 23:27:48.400 {7c7eb255ca83fc166cf6ab3665140846} curDir:E:\src\iotfast, packageName:/internal/app, key:controller, path:E:\src\iotfast/internal/app/mqtt//controller/mqtt_topic_record.go 
2022-06-27 23:27:48.405 {7c7eb255ca83fc166cf6ab3665140846} curDir:E:\src\iotfast, packageName:/internal/app, key:service, path:E:\src\iotfast/internal/app/mqtt//service/mqtt_topic_record.go 
2022-06-27 23:27:48.409 {7c7eb255ca83fc166cf6ab3665140846} curDir:E:\src\iotfast, packageName:/internal/app, key:sql, path:E:\src\iotfast/resource/data/gen_sql//internal/app/mqtt_topic_record.sql 
2022-06-27 23:27:48.414 {7c7eb255ca83fc166cf6ab3665140846} curDir:E:\src\iotfast, packageName:/internal/app, key:dao, path:E:\src\iotfast/internal/app/mqtt//dao/mqtt_topic_record.go 
2022-06-27 23:27:48.450 {7c7eb255ca83fc166cf6ab3665140846} curDir:E:\src\iotfast, packageName:/internal/app, key:dao_internal, path:E:\src\iotfast/internal/app/mqtt//dao/internal/mqtt_topic_record.go 
2022-06-27 23:29:01.936 {50912b7bdb83fc167bf6ab36fdc0e8f7} curDir:E:\src\iotfast, packageName:/internal/app, key:goApi, path: 
2022-06-27 23:29:01.955 {50912b7bdb83fc167bf6ab36fdc0e8f7} curDir:E:\src\iotfast, packageName:/internal/app, key:dao, path:E:\src\iotfast/internal/app/mqtt//dao/mqtt_topic_record.go 
2022-06-27 23:29:01.963 {50912b7bdb83fc167bf6ab36fdc0e8f7} curDir:E:\src\iotfast, packageName:/internal/app, key:model_do, path:E:\src\iotfast/internal/app/mqtt//model/do/mqtt_topic_record.go 
2022-06-27 23:29:01.966 {50912b7bdb83fc167bf6ab36fdc0e8f7} curDir:E:\src\iotfast, packageName:/internal/app, key:model_entity, path:E:\src\iotfast/internal/app/mqtt//model/entity/mqtt_topic_record.go 
2022-06-27 23:29:01.966 {50912b7bdb83fc167bf6ab36fdc0e8f7} curDir:E:\src\iotfast, packageName:/internal/app, key:sql, path:E:\src\iotfast/resource/data/gen_sql//internal/app/mqtt_topic_record.sql 
2022-06-27 23:29:01.981 {50912b7bdb83fc167bf6ab36fdc0e8f7} curDir:E:\src\iotfast, packageName:/internal/app, key:dao_internal, path:E:\src\iotfast/internal/app/mqtt//dao/internal/mqtt_topic_record.go 
2022-06-27 23:29:01.983 {50912b7bdb83fc167bf6ab36fdc0e8f7} curDir:E:\src\iotfast, packageName:/internal/app, key:controller, path:E:\src\iotfast/internal/app/mqtt//controller/mqtt_topic_record.go 
2022-06-27 23:29:01.986 {50912b7bdb83fc167bf6ab36fdc0e8f7} curDir:E:\src\iotfast, packageName:/internal/app, key:service, path:E:\src\iotfast/internal/app/mqtt//service/mqtt_topic_record.go 
2022-06-27 23:29:01.986 {50912b7bdb83fc167bf6ab36fdc0e8f7} curDir:E:\src\iotfast, packageName:/internal/app, key:jsApi, path:E:/src/iotfast/web/src/api/mqtt/mqttTopicRecord.ts 
2022-06-27 23:29:01.987 {50912b7bdb83fc167bf6ab36fdc0e8f7} curDir:E:\src\iotfast, packageName:/internal/app, key:vue, path:E:/src/iotfast/web/src/views/mqtt/mqttTopicRecord/index.vue 
2022-06-27 23:29:33.162 {cc0d86c1e283fc167df6ab366c1f4515} curDir:E:\src\iotfast, packageName:/internal/app, key:sql, path:E:\src\iotfast/resource/data/gen_sql//internal/app/mqtt_topic_record.sql 
2022-06-27 23:29:33.163 {cc0d86c1e283fc167df6ab366c1f4515} curDir:E:\src\iotfast, packageName:/internal/app, key:jsApi, path:E:/src/iotfast/web/src/api/mqtt/mqttTopicRecord.ts 
2022-06-27 23:29:33.167 {cc0d86c1e283fc167df6ab366c1f4515} curDir:E:\src\iotfast, packageName:/internal/app, key:dao_internal, path:E:\src\iotfast/internal/app/mqtt//dao/internal/mqtt_topic_record.go 
2022-06-27 23:29:33.168 {cc0d86c1e283fc167df6ab366c1f4515} curDir:E:\src\iotfast, packageName:/internal/app, key:controller, path:E:\src\iotfast/internal/app/mqtt//controller/mqtt_topic_record.go 
2022-06-27 23:29:33.174 {cc0d86c1e283fc167df6ab366c1f4515} curDir:E:\src\iotfast, packageName:/internal/app, key:service, path:E:\src\iotfast/internal/app/mqtt//service/mqtt_topic_record.go 
2022-06-27 23:29:33.181 {cc0d86c1e283fc167df6ab366c1f4515} curDir:E:\src\iotfast, packageName:/internal/app, key:model_entity, path:E:\src\iotfast/internal/app/mqtt//model/entity/mqtt_topic_record.go 
2022-06-27 23:29:33.203 {cc0d86c1e283fc167df6ab366c1f4515} curDir:E:\src\iotfast, packageName:/internal/app, key:vue, path:E:/src/iotfast/web/src/views/mqtt/mqttTopicRecord/index.vue 
2022-06-27 23:29:33.209 {cc0d86c1e283fc167df6ab366c1f4515} curDir:E:\src\iotfast, packageName:/internal/app, key:goApi, path: 
2022-06-27 23:29:33.211 {cc0d86c1e283fc167df6ab366c1f4515} curDir:E:\src\iotfast, packageName:/internal/app, key:dao, path:E:\src\iotfast/internal/app/mqtt//dao/mqtt_topic_record.go 
2022-06-27 23:29:33.214 {cc0d86c1e283fc167df6ab366c1f4515} curDir:E:\src\iotfast, packageName:/internal/app, key:model_do, path:E:\src\iotfast/internal/app/mqtt//model/do/mqtt_topic_record.go 
2022-06-27 23:31:12.398 {38764cddf983fc1684f6ab36383af17b} curDir:E:\src\iotfast, packageName:/internal/app, key:dao, path:E:\src\iotfast/internal/app/mqtt//dao/mqtt_topic_record.go 
2022-06-27 23:31:12.409 {38764cddf983fc1684f6ab36383af17b} curDir:E:\src\iotfast, packageName:/internal/app, key:model_do, path:E:\src\iotfast/internal/app/mqtt//model/do/mqtt_topic_record.go 
2022-06-27 23:31:12.409 {38764cddf983fc1684f6ab36383af17b} curDir:E:\src\iotfast, packageName:/internal/app, key:sql, path:E:\src\iotfast/resource/data/gen_sql//internal/app/mqtt_topic_record.sql 
2022-06-27 23:31:12.413 {38764cddf983fc1684f6ab36383af17b} curDir:E:\src\iotfast, packageName:/internal/app, key:vue, path:E:/src/iotfast/web/src/views/mqtt/mqttTopicRecord/index.vue 
2022-06-27 23:31:12.429 {38764cddf983fc1684f6ab36383af17b} curDir:E:\src\iotfast, packageName:/internal/app, key:goApi, path: 
2022-06-27 23:31:12.438 {38764cddf983fc1684f6ab36383af17b} curDir:E:\src\iotfast, packageName:/internal/app, key:dao_internal, path:E:\src\iotfast/internal/app/mqtt//dao/internal/mqtt_topic_record.go 
2022-06-27 23:31:12.458 {38764cddf983fc1684f6ab36383af17b} curDir:E:\src\iotfast, packageName:/internal/app, key:model_entity, path:E:\src\iotfast/internal/app/mqtt//model/entity/mqtt_topic_record.go 
2022-06-27 23:31:12.480 {38764cddf983fc1684f6ab36383af17b} curDir:E:\src\iotfast, packageName:/internal/app, key:controller, path:E:\src\iotfast/internal/app/mqtt//controller/mqtt_topic_record.go 
2022-06-27 23:31:12.489 {38764cddf983fc1684f6ab36383af17b} curDir:E:\src\iotfast, packageName:/internal/app, key:service, path:E:\src\iotfast/internal/app/mqtt//service/mqtt_topic_record.go 
2022-06-27 23:31:12.491 {38764cddf983fc1684f6ab36383af17b} curDir:E:\src\iotfast, packageName:/internal/app, key:jsApi, path:E:/src/iotfast/web/src/api/mqtt/mqttTopicRecord.ts 
2022-06-27 23:31:22.857 {ace4b746fc83fc1686f6ab36d475b487} curDir:E:\src\iotfast, packageName:/internal/app, key:sql, path:E:\src\iotfast/resource/data/gen_sql//internal/app/mqtt_msg_record.sql 
2022-06-27 23:31:22.871 {ace4b746fc83fc1686f6ab36d475b487} curDir:E:\src\iotfast, packageName:/internal/app, key:jsApi, path:E:/src/iotfast/web/src/api/mqtt/mqttMsgRecord.ts 
2022-06-27 23:31:22.887 {ace4b746fc83fc1686f6ab36d475b487} curDir:E:\src\iotfast, packageName:/internal/app, key:dao, path:E:\src\iotfast/internal/app/mqtt//dao/mqtt_msg_record.go 
2022-06-27 23:31:22.891 {ace4b746fc83fc1686f6ab36d475b487} curDir:E:\src\iotfast, packageName:/internal/app, key:dao_internal, path:E:\src\iotfast/internal/app/mqtt//dao/internal/mqtt_msg_record.go 
2022-06-27 23:31:22.900 {ace4b746fc83fc1686f6ab36d475b487} curDir:E:\src\iotfast, packageName:/internal/app, key:model_do, path:E:\src\iotfast/internal/app/mqtt//model/do/mqtt_msg_record.go 
2022-06-27 23:31:22.902 {ace4b746fc83fc1686f6ab36d475b487} curDir:E:\src\iotfast, packageName:/internal/app, key:model_entity, path:E:\src\iotfast/internal/app/mqtt//model/entity/mqtt_msg_record.go 
2022-06-27 23:31:22.905 {ace4b746fc83fc1686f6ab36d475b487} curDir:E:\src\iotfast, packageName:/internal/app, key:controller, path:E:\src\iotfast/internal/app/mqtt//controller/mqtt_msg_record.go 
2022-06-27 23:31:22.908 {ace4b746fc83fc1686f6ab36d475b487} curDir:E:\src\iotfast, packageName:/internal/app, key:service, path:E:\src\iotfast/internal/app/mqtt//service/mqtt_msg_record.go 
2022-06-27 23:31:22.916 {ace4b746fc83fc1686f6ab36d475b487} curDir:E:\src\iotfast, packageName:/internal/app, key:vue, path:E:/src/iotfast/web/src/views/mqtt/mqttMsgRecord/index.vue 
2022-06-27 23:31:22.922 {ace4b746fc83fc1686f6ab36d475b487} curDir:E:\src\iotfast, packageName:/internal/app, key:goApi, path: 
2022-06-27 23:36:31.264 [INFO] {ec810e2a4484fc16c8df97706997fde9} [GToken][params:{"AuthExcludePaths":"[\"/api/v1/system/xxx\",\"/api/v1/system/xxx2\"]","AuthFailMsg":"请求错误或登录超时","AuthPaths":"","CacheKey":"gfToken_","CacheMode":1,"EncryptKey":"49c54195e750b04e74a8429b17aefc77","LoginPath":"","LogoutPath":"","MiddlewareType":1,"MultiLogin":true,"Timeout":10800,"TokenDelimiter":"_"}]start...  
2022-06-27 23:36:31.280 [ERRO] {ec810e2a4484fc16c8df97706997fde9} [GToken]LoginPath or LoginBeforeFunc not set 
Stack:
1.  iotfast/library/libGtoken.(*GToken).Middleware
    E:/src/iotfast/library/libGtoken/gtoken_group.go:27
2.  iotfast/internal/route.BindSystemController.func1
    E:/src/iotfast/internal/route/system_router.go:30
3.  github.com/gogf/gf/v2/net/ghttp.(*RouterGroup).Group
    C:/Users/dwx/go/pkg/mod/github.com/gogf/gf/v2@v2.0.6/net/ghttp/ghttp_server_router_group.go:134
4.  iotfast/internal/route.BindSystemController
    E:/src/iotfast/internal/route/system_router.go:19
5.  iotfast/internal/route.BindController.func1
    E:/src/iotfast/internal/route/router.go:22
6.  github.com/gogf/gf/v2/net/ghttp.(*RouterGroup).Group
    C:/Users/dwx/go/pkg/mod/github.com/gogf/gf/v2@v2.0.6/net/ghttp/ghttp_server_router_group.go:134
7.  iotfast/internal/route.BindController
    E:/src/iotfast/internal/route/router.go:15
8.  iotfast/internal/cmd.glob..func1.1
    E:/src/iotfast/internal/cmd/cmd.go:58
9.  github.com/gogf/gf/v2/net/ghttp.(*Server).Group
    C:/Users/dwx/go/pkg/mod/github.com/gogf/gf/v2@v2.0.6/net/ghttp/ghttp_server_router_group.go:90
10. iotfast/internal/cmd.glob..func1
    E:/src/iotfast/internal/cmd/cmd.go:57
11. github.com/gogf/gf/v2/os/gcmd.(*Command).doRun
    C:/Users/dwx/go/pkg/mod/github.com/gogf/gf/v2@v2.0.6/os/gcmd/gcmd_command_run.go:117
12. github.com/gogf/gf/v2/os/gcmd.(*Command).RunWithValueError
    C:/Users/dwx/go/pkg/mod/github.com/gogf/gf/v2@v2.0.6/os/gcmd/gcmd_command_run.go:77
13. github.com/gogf/gf/v2/os/gcmd.(*Command).RunWithValue
    C:/Users/dwx/go/pkg/mod/github.com/gogf/gf/v2@v2.0.6/os/gcmd/gcmd_command_run.go:32
14. github.com/gogf/gf/v2/os/gcmd.(*Command).Run
    C:/Users/dwx/go/pkg/mod/github.com/gogf/gf/v2@v2.0.6/os/gcmd/gcmd_command_run.go:26
15. main.main
    E:/src/iotfast/main.go:18
 
2022-06-27 23:49:02.936 {b00ed02bf384fc1640e09770b10a4fa0} req param:&{{} 0      {[] 1 10 }} 
 
