2022-07-02 23:04:35.947 [INFO] {546fd20e6d0bfe16b4ab5f6ba2866d34} [GToken][params:{"AuthExcludePaths":"[\"/api/v1/system/xxx\",\"/api/v1/system/xxx2\"]","AuthFailMsg":"请求错误或登录超时","AuthPaths":"","CacheKey":"gfToken_","CacheMode":1,"EncryptKey":"49c54195e750b04e74a8429b17aefc77","LoginPath":"","LogoutPath":"","MiddlewareType":1,"MultiLogin":true,"Timeout":10800,"TokenDelimiter":"_"}]start...  
2022-07-02 23:04:35.949 [ERRO] {546fd20e6d0bfe16b4ab5f6ba2866d34} [GToken]LoginPath or LoginBeforeFunc not set 
Stack:
1.  iotfast/library/libGtoken.(*GToken).Middleware
    E:/src/iotfast/library/libGtoken/gtoken_group.go:27
2.  iotfast/internal/route.BindSystemController.func1
    E:/src/iotfast/internal/route/system_router.go:30
3.  github.com/gogf/gf/v2/net/ghttp.(*RouterGroup).Group
    C:/Users/dwx/go/pkg/mod/github.com/gogf/gf/v2@v2.0.6/net/ghttp/ghttp_server_router_group.go:134
4.  iotfast/internal/route.BindSystemController
    E:/src/iotfast/internal/route/system_router.go:19
5.  iotfast/internal/route.BindController.func1
    E:/src/iotfast/internal/route/router.go:22
6.  github.com/gogf/gf/v2/net/ghttp.(*RouterGroup).Group
    C:/Users/dwx/go/pkg/mod/github.com/gogf/gf/v2@v2.0.6/net/ghttp/ghttp_server_router_group.go:134
7.  iotfast/internal/route.BindController
    E:/src/iotfast/internal/route/router.go:15
8.  iotfast/internal/cmd.glob..func1.1
    E:/src/iotfast/internal/cmd/cmd.go:60
9.  github.com/gogf/gf/v2/net/ghttp.(*Server).Group
    C:/Users/dwx/go/pkg/mod/github.com/gogf/gf/v2@v2.0.6/net/ghttp/ghttp_server_router_group.go:90
10. iotfast/internal/cmd.glob..func1
    E:/src/iotfast/internal/cmd/cmd.go:59
11. github.com/gogf/gf/v2/os/gcmd.(*Command).doRun
    C:/Users/dwx/go/pkg/mod/github.com/gogf/gf/v2@v2.0.6/os/gcmd/gcmd_command_run.go:117
12. github.com/gogf/gf/v2/os/gcmd.(*Command).RunWithValueError
    C:/Users/dwx/go/pkg/mod/github.com/gogf/gf/v2@v2.0.6/os/gcmd/gcmd_command_run.go:77
13. github.com/gogf/gf/v2/os/gcmd.(*Command).RunWithValue
    C:/Users/dwx/go/pkg/mod/github.com/gogf/gf/v2@v2.0.6/os/gcmd/gcmd_command_run.go:32
14. github.com/gogf/gf/v2/os/gcmd.(*Command).Run
    C:/Users/dwx/go/pkg/mod/github.com/gogf/gf/v2@v2.0.6/os/gcmd/gcmd_command_run.go:26
15. main.main
    E:/src/iotfast/main.go:18
 
2022-07-02 23:40:26.378 [INFO] {f4cf80be610dfe160c45e707631ef968} [GToken][params:{"AuthExcludePaths":"[\"/api/v1/system/xxx\",\"/api/v1/system/xxx2\"]","AuthFailMsg":"请求错误或登录超时","AuthPaths":"","CacheKey":"gfToken_","CacheMode":1,"EncryptKey":"49c54195e750b04e74a8429b17aefc77","LoginPath":"","LogoutPath":"","MiddlewareType":1,"MultiLogin":true,"Timeout":10800,"TokenDelimiter":"_"}]start...  
2022-07-02 23:40:26.383 [ERRO] {f4cf80be610dfe160c45e707631ef968} [GToken]LoginPath or LoginBeforeFunc not set 
Stack:
1.  iotfast/library/libGtoken.(*GToken).Middleware
    E:/src/iotfast/library/libGtoken/gtoken_group.go:27
2.  iotfast/internal/route.BindSystemController.func1
    E:/src/iotfast/internal/route/system_router.go:30
3.  github.com/gogf/gf/v2/net/ghttp.(*RouterGroup).Group
    C:/Users/dwx/go/pkg/mod/github.com/gogf/gf/v2@v2.0.6/net/ghttp/ghttp_server_router_group.go:134
4.  iotfast/internal/route.BindSystemController
    E:/src/iotfast/internal/route/system_router.go:19
5.  iotfast/internal/route.BindController.func1
    E:/src/iotfast/internal/route/router.go:22
6.  github.com/gogf/gf/v2/net/ghttp.(*RouterGroup).Group
    C:/Users/dwx/go/pkg/mod/github.com/gogf/gf/v2@v2.0.6/net/ghttp/ghttp_server_router_group.go:134
7.  iotfast/internal/route.BindController
    E:/src/iotfast/internal/route/router.go:15
8.  iotfast/internal/cmd.glob..func1.1
    E:/src/iotfast/internal/cmd/cmd.go:60
9.  github.com/gogf/gf/v2/net/ghttp.(*Server).Group
    C:/Users/dwx/go/pkg/mod/github.com/gogf/gf/v2@v2.0.6/net/ghttp/ghttp_server_router_group.go:90
10. iotfast/internal/cmd.glob..func1
    E:/src/iotfast/internal/cmd/cmd.go:59
11. github.com/gogf/gf/v2/os/gcmd.(*Command).doRun
    C:/Users/dwx/go/pkg/mod/github.com/gogf/gf/v2@v2.0.6/os/gcmd/gcmd_command_run.go:117
12. github.com/gogf/gf/v2/os/gcmd.(*Command).RunWithValueError
    C:/Users/dwx/go/pkg/mod/github.com/gogf/gf/v2@v2.0.6/os/gcmd/gcmd_command_run.go:77
13. github.com/gogf/gf/v2/os/gcmd.(*Command).RunWithValue
    C:/Users/dwx/go/pkg/mod/github.com/gogf/gf/v2@v2.0.6/os/gcmd/gcmd_command_run.go:32
14. github.com/gogf/gf/v2/os/gcmd.(*Command).Run
    C:/Users/dwx/go/pkg/mod/github.com/gogf/gf/v2@v2.0.6/os/gcmd/gcmd_command_run.go:26
15. main.main
    E:/src/iotfast/main.go:18
 
2022-07-02 23:44:21.475 {e0ef627b980dfe163245e707e000a3bb} delet ids:[92 93 91 90 89 88 86 87] 
2022-07-02 23:45:27.913 {b491badfa70dfe163a45e7076ebff505} curDir:E:\src\iotfast, packageName:/internal/app, key:service, path:E:\src\iotfast/internal/app/mqtt//service/mqtt_status.go 
2022-07-02 23:45:27.930 {b491badfa70dfe163a45e7076ebff505} curDir:E:\src\iotfast, packageName:/internal/app, key:dao, path:E:\src\iotfast/internal/app/mqtt//dao/mqtt_status.go 
2022-07-02 23:45:27.932 {b491badfa70dfe163a45e7076ebff505} curDir:E:\src\iotfast, packageName:/internal/app, key:dao_internal, path:E:\src\iotfast/internal/app/mqtt//dao/internal/mqtt_status.go 
2022-07-02 23:45:27.934 {b491badfa70dfe163a45e7076ebff505} curDir:E:\src\iotfast, packageName:/internal/app, key:controller, path:E:\src\iotfast/internal/app/mqtt//controller/mqtt_status.go 
2022-07-02 23:45:27.960 {b491badfa70dfe163a45e7076ebff505} curDir:E:\src\iotfast, packageName:/internal/app, key:sql, path:E:\src\iotfast/resource/data/gen_sql//internal/app/mqtt_status.sql 
2022-07-02 23:45:27.978 {b491badfa70dfe163a45e7076ebff505} curDir:E:\src\iotfast, packageName:/internal/app, key:jsApi, path:E:/src/iotfast/web/src/api/mqtt/mqttStatus.ts 
2022-07-02 23:45:27.981 {b491badfa70dfe163a45e7076ebff505} curDir:E:\src\iotfast, packageName:/internal/app, key:vue, path:E:/src/iotfast/web/src/views/mqtt/mqttStatus/index.vue 
2022-07-02 23:45:27.984 {b491badfa70dfe163a45e7076ebff505} curDir:E:\src\iotfast, packageName:/internal/app, key:goApi, path: 
2022-07-02 23:45:27.987 {b491badfa70dfe163a45e7076ebff505} curDir:E:\src\iotfast, packageName:/internal/app, key:model_do, path:E:\src\iotfast/internal/app/mqtt//model/do/mqtt_status.go 
2022-07-02 23:45:27.990 {b491badfa70dfe163a45e7076ebff505} curDir:E:\src\iotfast, packageName:/internal/app, key:model_entity, path:E:\src\iotfast/internal/app/mqtt//model/entity/mqtt_status.go 
2022-07-02 23:45:37.950 {b0edd53caa0dfe163d45e7070e589f75} curDir:E:\src\iotfast, packageName:/internal/app, key:goApi, path: 
2022-07-02 23:45:37.953 {b0edd53caa0dfe163d45e7070e589f75} curDir:E:\src\iotfast, packageName:/internal/app, key:dao, path:E:\src\iotfast/internal/app/mqtt//dao/mqtt_topic.go 
2022-07-02 23:45:37.955 {b0edd53caa0dfe163d45e7070e589f75} curDir:E:\src\iotfast, packageName:/internal/app, key:dao_internal, path:E:\src\iotfast/internal/app/mqtt//dao/internal/mqtt_topic.go 
2022-07-02 23:45:37.958 {b0edd53caa0dfe163d45e7070e589f75} curDir:E:\src\iotfast, packageName:/internal/app, key:controller, path:E:\src\iotfast/internal/app/mqtt//controller/mqtt_topic.go 
2022-07-02 23:45:37.961 {b0edd53caa0dfe163d45e7070e589f75} curDir:E:\src\iotfast, packageName:/internal/app, key:service, path:E:\src\iotfast/internal/app/mqtt//service/mqtt_topic.go 
2022-07-02 23:45:38.010 {b0edd53caa0dfe163d45e7070e589f75} curDir:E:\src\iotfast, packageName:/internal/app, key:sql, path:E:\src\iotfast/resource/data/gen_sql//internal/app/mqtt_topic.sql 
2022-07-02 23:45:38.014 {b0edd53caa0dfe163d45e7070e589f75} curDir:E:\src\iotfast, packageName:/internal/app, key:jsApi, path:E:/src/iotfast/web/src/api/mqtt/mqttTopic.ts 
2022-07-02 23:45:38.019 {b0edd53caa0dfe163d45e7070e589f75} curDir:E:\src\iotfast, packageName:/internal/app, key:model_do, path:E:\src\iotfast/internal/app/mqtt//model/do/mqtt_topic.go 
2022-07-02 23:45:38.023 {b0edd53caa0dfe163d45e7070e589f75} curDir:E:\src\iotfast, packageName:/internal/app, key:model_entity, path:E:\src\iotfast/internal/app/mqtt//model/entity/mqtt_topic.go 
2022-07-02 23:45:38.027 {b0edd53caa0dfe163d45e7070e589f75} curDir:E:\src\iotfast, packageName:/internal/app, key:vue, path:E:/src/iotfast/web/src/views/mqtt/mqttTopic/index.vue 
2022-07-02 23:49:50.568 [INFO] {d05db41ae50dfe1678ea4d69af6c73bd} [GToken][params:{"AuthExcludePaths":"[\"/api/v1/system/xxx\",\"/api/v1/system/xxx2\"]","AuthFailMsg":"请求错误或登录超时","AuthPaths":"","CacheKey":"gfToken_","CacheMode":1,"EncryptKey":"49c54195e750b04e74a8429b17aefc77","LoginPath":"","LogoutPath":"","MiddlewareType":1,"MultiLogin":true,"Timeout":10800,"TokenDelimiter":"_"}]start...  
2022-07-02 23:49:50.571 [ERRO] {d05db41ae50dfe1678ea4d69af6c73bd} [GToken]LoginPath or LoginBeforeFunc not set 
Stack:
1.  iotfast/library/libGtoken.(*GToken).Middleware
    E:/src/iotfast/library/libGtoken/gtoken_group.go:27
2.  iotfast/internal/route.BindSystemController.func1
    E:/src/iotfast/internal/route/system_router.go:30
3.  github.com/gogf/gf/v2/net/ghttp.(*RouterGroup).Group
    C:/Users/dwx/go/pkg/mod/github.com/gogf/gf/v2@v2.0.6/net/ghttp/ghttp_server_router_group.go:134
4.  iotfast/internal/route.BindSystemController
    E:/src/iotfast/internal/route/system_router.go:19
5.  iotfast/internal/route.BindController.func1
    E:/src/iotfast/internal/route/router.go:22
6.  github.com/gogf/gf/v2/net/ghttp.(*RouterGroup).Group
    C:/Users/dwx/go/pkg/mod/github.com/gogf/gf/v2@v2.0.6/net/ghttp/ghttp_server_router_group.go:134
7.  iotfast/internal/route.BindController
    E:/src/iotfast/internal/route/router.go:15
8.  iotfast/internal/cmd.glob..func1.1
    E:/src/iotfast/internal/cmd/cmd.go:60
9.  github.com/gogf/gf/v2/net/ghttp.(*Server).Group
    C:/Users/dwx/go/pkg/mod/github.com/gogf/gf/v2@v2.0.6/net/ghttp/ghttp_server_router_group.go:90
10. iotfast/internal/cmd.glob..func1
    E:/src/iotfast/internal/cmd/cmd.go:59
11. github.com/gogf/gf/v2/os/gcmd.(*Command).doRun
    C:/Users/dwx/go/pkg/mod/github.com/gogf/gf/v2@v2.0.6/os/gcmd/gcmd_command_run.go:117
12. github.com/gogf/gf/v2/os/gcmd.(*Command).RunWithValueError
    C:/Users/dwx/go/pkg/mod/github.com/gogf/gf/v2@v2.0.6/os/gcmd/gcmd_command_run.go:77
13. github.com/gogf/gf/v2/os/gcmd.(*Command).RunWithValue
    C:/Users/dwx/go/pkg/mod/github.com/gogf/gf/v2@v2.0.6/os/gcmd/gcmd_command_run.go:32
14. github.com/gogf/gf/v2/os/gcmd.(*Command).Run
    C:/Users/dwx/go/pkg/mod/github.com/gogf/gf/v2@v2.0.6/os/gcmd/gcmd_command_run.go:26
15. main.main
    E:/src/iotfast/main.go:18
 
2022-07-02 23:56:34.149 {14612b12430efe16c1ea4d693616e011} req param:&{{} 0      {[] 1 10 }} 
 
