2022-07-22 09:58:51.361 [DEBU] {5cf2e1a6270404173b6886525282ee26} [ 70 ms] [default] [rows:21 ] SHOW FULL COLUMNS FROM `sys_user` 
2022-07-22 09:58:51.374 [DEBU] {5cf2e1a6270404173b6886525282ee26} [  8 ms] [default] [rows:1  ] SELECT `id`,`user_name`,`user_nickname`,`user_password`,`user_salt`,`user_status`,`is_admin`,`avatar`,`dept_id` FROM `sys_user` WHERE (`user_name`='demo') AND `deleted_at` IS NULL LIMIT 1 
2022-07-22 09:58:51.391 [DEBU] {5cf2e1a6270404173b6886525282ee26} [  6 ms] [default] [rows:1  ] UPDATE `sys_user` SET `last_login_ip`='::1',`last_login_time`='2022-07-22 09:58:51',`updated_at`='2022-07-22 09:58:51' WHERE (`id`=31) AND `deleted_at` IS NULL 
2022-07-22 09:58:51.411 [DEBU] {5cf2e1a6270404173b6886525282ee26} [  8 ms] [default] [rows:8  ] SHOW FULL COLUMNS FROM `sys_role` 
2022-07-22 09:58:51.417 [DEBU] {5cf2e1a6270404173b6886525282ee26} [  5 ms] [default] [rows:6  ] SELECT `id`,`status`,`list_order`,`name`,`remark`,`data_scope`,`created_at`,`updated_at` FROM `sys_role` ORDER BY `list_order` asc,`id` asc 
2022-07-22 09:58:51.430 [DEBU] {ecee61b8270404173e6886528cdd815d} [  8 ms] [default] [rows:7  ] SHOW FULL COLUMNS FROM `casbin_rule` 
2022-07-22 09:58:51.434 [DEBU] {78dbe3b8270404173f68865252029d1b} [  3 ms] [default] [rows:33 ] SELECT `ptype`,`v0`,`v1`,`v2`,`v3`,`v4`,`v5` FROM `casbin_rule` 
2022-07-22 09:58:51.441 [DEBU] {d0903fb9270404174068865238deae3c} [  4 ms] [default] [rows:33 ] SELECT `ptype`,`v0`,`v1`,`v2`,`v3`,`v4`,`v5` FROM `casbin_rule` 
2022-07-22 09:58:51.467 [DEBU] {5cf2e1a6270404173b6886525282ee26} [ 13 ms] [default] [rows:25 ] SHOW FULL COLUMNS FROM `sys_auth_rule` 
2022-07-22 09:58:51.474 [DEBU] {5cf2e1a6270404173b6886525282ee26} [  7 ms] [default] [rows:110] SELECT `id`,`pid`,`name`,`title`,`icon`,`condition`,`remark`,`menu_type`,`weigh`,`is_hide`,`is_cached`,`is_affix`,`path`,`redirect`,`component`,`is_iframe`,`is_link`,`link_url` FROM `sys_auth_rule` WHERE `deleted_at` IS NULL ORDER BY `weigh` desc,`id` asc 
2022-07-22 09:58:51.826 [DEBU] {5cf2e1a6270404173b6886525282ee26} [  8 ms] [default] [rows:10 ] SHOW FULL COLUMNS FROM `sys_login_log` 
2022-07-22 09:58:51.833 [DEBU] {5cf2e1a6270404173b6886525282ee26} [  6 ms] [default] [rows:1  ] INSERT INTO `sys_login_log`(`login_name`,`msg`,`os`,`login_time`,`browser`,`module`,`status`,`ipaddr`,`login_location`) VALUES('demo','登录成功','Windows 10','2022-07-22 09:58:51','Edge','系统后台',1,'::1','云南省 昆明市')  
2022-07-22 10:13:11.571 [DEBU] {74d7d9fcef040417355d5211d7981188} [  4 ms] [default] [rows:21 ] PRAGMA TABLE_INFO(sys_user) 
2022-07-22 10:13:11.592 [DEBU] {74d7d9fcef040417355d5211d7981188} [ 10 ms] [default] [rows:1  ] SELECT `id`,`user_name`,`user_nickname`,`user_password`,`user_salt`,`user_status`,`is_admin`,`avatar`,`dept_id` FROM `sys_user` WHERE (`user_name`='demo') AND `deleted_at` IS NULL LIMIT 1 
2022-07-22 10:13:11.692 [DEBU] {74d7d9fcef040417355d5211d7981188} [ 98 ms] [default] [rows:1  ] UPDATE `sys_user` SET `last_login_ip`='::1',`last_login_time`='2022-07-22 10:13:11',`updated_at`='2022-07-22 10:13:11' WHERE (`id`=31) AND `deleted_at` IS NULL 
2022-07-22 10:13:11.695 [DEBU] {74d7d9fcef040417355d5211d7981188} [  2 ms] [default] [rows:8  ] PRAGMA TABLE_INFO(sys_role) 
2022-07-22 10:13:11.699 [DEBU] {74d7d9fcef040417355d5211d7981188} [  3 ms] [default] [rows:6  ] SELECT `id`,`status`,`list_order`,`name`,`remark`,`data_scope`,`created_at`,`updated_at` FROM `sys_role` ORDER BY `list_order` asc,`id` asc 
2022-07-22 10:13:11.703 [DEBU] {fc0d0405f0040417385d5211ea88bbbc} [  2 ms] [default] [rows:7  ] PRAGMA TABLE_INFO(casbin_rule) 
2022-07-22 10:13:11.706 [DEBU] {cc2b2a05f0040417395d521102e96833} [  2 ms] [default] [rows:33 ] SELECT `ptype`,`v0`,`v1`,`v2`,`v3`,`v4`,`v5` FROM `casbin_rule` 
2022-07-22 10:13:11.710 [DEBU] {146e6805f00404173a5d521112947e2a} [  2 ms] [default] [rows:33 ] SELECT `ptype`,`v0`,`v1`,`v2`,`v3`,`v4`,`v5` FROM `casbin_rule` 
2022-07-22 10:13:11.715 [DEBU] {74d7d9fcef040417355d5211d7981188} [  3 ms] [default] [rows:25 ] PRAGMA TABLE_INFO(sys_auth_rule) 
2022-07-22 10:13:11.723 [DEBU] {74d7d9fcef040417355d5211d7981188} [  7 ms] [default] [rows:110] SELECT `id`,`pid`,`name`,`title`,`icon`,`condition`,`remark`,`menu_type`,`weigh`,`is_hide`,`is_cached`,`is_affix`,`path`,`redirect`,`component`,`is_iframe`,`is_link`,`link_url` FROM `sys_auth_rule` WHERE `deleted_at` IS NULL ORDER BY `weigh` desc,`id` asc 
2022-07-22 10:13:11.948 [DEBU] {74d7d9fcef040417355d5211d7981188} [  3 ms] [default] [rows:10 ] PRAGMA TABLE_INFO(sys_login_log) 
2022-07-22 10:13:12.048 [DEBU] {74d7d9fcef040417355d5211d7981188} [ 99 ms] [default] [rows:1  ] INSERT INTO `sys_login_log`(`browser`,`ipaddr`,`status`,`login_location`,`module`,`login_name`,`login_time`,`os`,`msg`) VALUES('Edge','::1',1,'云南省 昆明市','系统后台','demo','2022-07-22 10:13:11','Windows 10','登录成功')  
