2022-07-22 09:53:52.254 [INFO] {40007210e2030417a2fa860c95b3878d} [GToken][params:{"AuthExcludePaths":"[\"/api/v1/system/xxx\",\"/api/v1/system/xxx2\"]","AuthFailMsg":"请求错误或登录超时","AuthPaths":"","CacheKey":"gfToken_","CacheMode":1,"EncryptKey":"49c54195e750b04e74a8429b17aefc77","LoginPath":"","LogoutPath":"","MiddlewareType":1,"MultiLogin":true,"Timeout":10800,"TokenDelimiter":"_"}]start...  
2022-07-22 09:53:52.277 [ERRO] {40007210e2030417a2fa860c95b3878d} [GToken]LoginPath or LoginBeforeFunc not set 
Stack:
1.  github.com/xiaodingding/iotfast/library/libGtoken.(*GToken).Middleware
    /mnt/e/src/iotfast/library/libGtoken/gtoken_group.go:27
2.  github.com/xiaodingding/iotfast/server/http/route.BindSystemController.func1
    /mnt/e/src/iotfast/server/http/route/system_router.go:30
3.  github.com/gogf/gf/v2/net/ghttp.(*RouterGroup).Group
    /home/dwx/go/pkg/mod/github.com/gogf/gf/v2@v2.0.6/net/ghttp/ghttp_server_router_group.go:134
4.  github.com/xiaodingding/iotfast/server/http/route.BindSystemController
    /mnt/e/src/iotfast/server/http/route/system_router.go:19
5.  github.com/xiaodingding/iotfast/server/http/route.BindController.func1
    /mnt/e/src/iotfast/server/http/route/router.go:22
6.  github.com/gogf/gf/v2/net/ghttp.(*RouterGroup).Group
    /home/dwx/go/pkg/mod/github.com/gogf/gf/v2@v2.0.6/net/ghttp/ghttp_server_router_group.go:134
7.  github.com/xiaodingding/iotfast/server/http/route.BindController
    /mnt/e/src/iotfast/server/http/route/router.go:15
8.  github.com/xiaodingding/iotfast/internal/cmd.glob..func1.1
    /mnt/e/src/iotfast/internal/cmd/cmd.go:62
9.  github.com/gogf/gf/v2/net/ghttp.(*Server).Group
    /home/dwx/go/pkg/mod/github.com/gogf/gf/v2@v2.0.6/net/ghttp/ghttp_server_router_group.go:90
10. github.com/xiaodingding/iotfast/internal/cmd.glob..func1
    /mnt/e/src/iotfast/internal/cmd/cmd.go:61
11. github.com/gogf/gf/v2/os/gcmd.(*Command).doRun
    /home/dwx/go/pkg/mod/github.com/gogf/gf/v2@v2.0.6/os/gcmd/gcmd_command_run.go:117
12. github.com/gogf/gf/v2/os/gcmd.(*Command).RunWithValueError
    /home/dwx/go/pkg/mod/github.com/gogf/gf/v2@v2.0.6/os/gcmd/gcmd_command_run.go:77
13. github.com/gogf/gf/v2/os/gcmd.(*Command).RunWithValue
    /home/dwx/go/pkg/mod/github.com/gogf/gf/v2@v2.0.6/os/gcmd/gcmd_command_run.go:32
14. github.com/gogf/gf/v2/os/gcmd.(*Command).Run
    /home/dwx/go/pkg/mod/github.com/gogf/gf/v2@v2.0.6/os/gcmd/gcmd_command_run.go:26
15. main.main
    /mnt/e/src/iotfast/main.go:18
 
2022-07-22 09:55:28.446 [INFO] {0cc60976f8030417366886526df27cd8} [GToken][params:{"AuthExcludePaths":"[\"/api/v1/system/xxx\",\"/api/v1/system/xxx2\"]","AuthFailMsg":"请求错误或登录超时","AuthPaths":"","CacheKey":"gfToken_","CacheMode":1,"EncryptKey":"49c54195e750b04e74a8429b17aefc77","LoginPath":"","LogoutPath":"","MiddlewareType":1,"MultiLogin":true,"Timeout":10800,"TokenDelimiter":"_"}]start...  
2022-07-22 09:55:28.453 [ERRO] {0cc60976f8030417366886526df27cd8} [GToken]LoginPath or LoginBeforeFunc not set 
Stack:
1.  github.com/xiaodingding/iotfast/library/libGtoken.(*GToken).Middleware
    E:/src/iotfast/library/libGtoken/gtoken_group.go:27
2.  github.com/xiaodingding/iotfast/server/http/route.BindSystemController.func1
    E:/src/iotfast/server/http/route/system_router.go:30
3.  github.com/gogf/gf/v2/net/ghttp.(*RouterGroup).Group
    C:/Users/dwx/go/pkg/mod/github.com/gogf/gf/v2@v2.0.6/net/ghttp/ghttp_server_router_group.go:134
4.  github.com/xiaodingding/iotfast/server/http/route.BindSystemController
    E:/src/iotfast/server/http/route/system_router.go:19
5.  github.com/xiaodingding/iotfast/server/http/route.BindController.func1
    E:/src/iotfast/server/http/route/router.go:22
6.  github.com/gogf/gf/v2/net/ghttp.(*RouterGroup).Group
    C:/Users/dwx/go/pkg/mod/github.com/gogf/gf/v2@v2.0.6/net/ghttp/ghttp_server_router_group.go:134
7.  github.com/xiaodingding/iotfast/server/http/route.BindController
    E:/src/iotfast/server/http/route/router.go:15
8.  github.com/xiaodingding/iotfast/internal/cmd.glob..func1.1
    E:/src/iotfast/internal/cmd/cmd.go:62
9.  github.com/gogf/gf/v2/net/ghttp.(*Server).Group
    C:/Users/dwx/go/pkg/mod/github.com/gogf/gf/v2@v2.0.6/net/ghttp/ghttp_server_router_group.go:90
10. github.com/xiaodingding/iotfast/internal/cmd.glob..func1
    E:/src/iotfast/internal/cmd/cmd.go:61
11. github.com/gogf/gf/v2/os/gcmd.(*Command).doRun
    C:/Users/dwx/go/pkg/mod/github.com/gogf/gf/v2@v2.0.6/os/gcmd/gcmd_command_run.go:117
12. github.com/gogf/gf/v2/os/gcmd.(*Command).RunWithValueError
    C:/Users/dwx/go/pkg/mod/github.com/gogf/gf/v2@v2.0.6/os/gcmd/gcmd_command_run.go:77
13. github.com/gogf/gf/v2/os/gcmd.(*Command).RunWithValue
    C:/Users/dwx/go/pkg/mod/github.com/gogf/gf/v2@v2.0.6/os/gcmd/gcmd_command_run.go:32
14. github.com/gogf/gf/v2/os/gcmd.(*Command).Run
    C:/Users/dwx/go/pkg/mod/github.com/gogf/gf/v2@v2.0.6/os/gcmd/gcmd_command_run.go:26
15. main.main
    E:/src/iotfast/main.go:18
 
2022-07-22 09:59:35.695 [INFO] {48f9380732040417f29a38674a7ff163} [GToken][params:{"AuthExcludePaths":"[\"/api/v1/system/xxx\",\"/api/v1/system/xxx2\"]","AuthFailMsg":"请求错误或登录超时","AuthPaths":"","CacheKey":"gfToken_","CacheMode":1,"EncryptKey":"49c54195e750b04e74a8429b17aefc77","LoginPath":"","LogoutPath":"","MiddlewareType":1,"MultiLogin":true,"Timeout":10800,"TokenDelimiter":"_"}]start...  
2022-07-22 09:59:35.697 [ERRO] {48f9380732040417f29a38674a7ff163} [GToken]LoginPath or LoginBeforeFunc not set 
Stack:
1.  github.com/xiaodingding/iotfast/library/libGtoken.(*GToken).Middleware
    E:/src/iotfast/library/libGtoken/gtoken_group.go:27
2.  github.com/xiaodingding/iotfast/server/http/route.BindSystemController.func1
    E:/src/iotfast/server/http/route/system_router.go:30
3.  github.com/gogf/gf/v2/net/ghttp.(*RouterGroup).Group
    C:/Users/dwx/go/pkg/mod/github.com/gogf/gf/v2@v2.0.6/net/ghttp/ghttp_server_router_group.go:134
4.  github.com/xiaodingding/iotfast/server/http/route.BindSystemController
    E:/src/iotfast/server/http/route/system_router.go:19
5.  github.com/xiaodingding/iotfast/server/http/route.BindController.func1
    E:/src/iotfast/server/http/route/router.go:22
6.  github.com/gogf/gf/v2/net/ghttp.(*RouterGroup).Group
    C:/Users/dwx/go/pkg/mod/github.com/gogf/gf/v2@v2.0.6/net/ghttp/ghttp_server_router_group.go:134
7.  github.com/xiaodingding/iotfast/server/http/route.BindController
    E:/src/iotfast/server/http/route/router.go:15
8.  github.com/xiaodingding/iotfast/internal/cmd.glob..func1.1
    E:/src/iotfast/internal/cmd/cmd.go:62
9.  github.com/gogf/gf/v2/net/ghttp.(*Server).Group
    C:/Users/dwx/go/pkg/mod/github.com/gogf/gf/v2@v2.0.6/net/ghttp/ghttp_server_router_group.go:90
10. github.com/xiaodingding/iotfast/internal/cmd.glob..func1
    E:/src/iotfast/internal/cmd/cmd.go:61
11. github.com/gogf/gf/v2/os/gcmd.(*Command).doRun
    C:/Users/dwx/go/pkg/mod/github.com/gogf/gf/v2@v2.0.6/os/gcmd/gcmd_command_run.go:117
12. github.com/gogf/gf/v2/os/gcmd.(*Command).RunWithValueError
    C:/Users/dwx/go/pkg/mod/github.com/gogf/gf/v2@v2.0.6/os/gcmd/gcmd_command_run.go:77
13. github.com/gogf/gf/v2/os/gcmd.(*Command).RunWithValue
    C:/Users/dwx/go/pkg/mod/github.com/gogf/gf/v2@v2.0.6/os/gcmd/gcmd_command_run.go:32
14. github.com/gogf/gf/v2/os/gcmd.(*Command).Run
    C:/Users/dwx/go/pkg/mod/github.com/gogf/gf/v2@v2.0.6/os/gcmd/gcmd_command_run.go:26
15. main.main
    E:/src/iotfast/main.go:18
 
2022-07-22 10:02:22.461 [INFO] {2cf23ddb58040417d653854117caa9c4} [GToken][params:{"AuthExcludePaths":"[\"/api/v1/system/xxx\",\"/api/v1/system/xxx2\"]","AuthFailMsg":"请求错误或登录超时","AuthPaths":"","CacheKey":"gfToken_","CacheMode":1,"EncryptKey":"49c54195e750b04e74a8429b17aefc77","LoginPath":"","LogoutPath":"","MiddlewareType":1,"MultiLogin":true,"Timeout":10800,"TokenDelimiter":"_"}]start...  
2022-07-22 10:02:22.467 [ERRO] {2cf23ddb58040417d653854117caa9c4} [GToken]LoginPath or LoginBeforeFunc not set 
Stack:
1.  github.com/xiaodingding/iotfast/library/libGtoken.(*GToken).Middleware
    E:/src/iotfast/library/libGtoken/gtoken_group.go:27
2.  github.com/xiaodingding/iotfast/server/http/route.BindSystemController.func1
    E:/src/iotfast/server/http/route/system_router.go:30
3.  github.com/gogf/gf/v2/net/ghttp.(*RouterGroup).Group
    C:/Users/dwx/go/pkg/mod/github.com/gogf/gf/v2@v2.0.6/net/ghttp/ghttp_server_router_group.go:134
4.  github.com/xiaodingding/iotfast/server/http/route.BindSystemController
    E:/src/iotfast/server/http/route/system_router.go:19
5.  github.com/xiaodingding/iotfast/server/http/route.BindController.func1
    E:/src/iotfast/server/http/route/router.go:22
6.  github.com/gogf/gf/v2/net/ghttp.(*RouterGroup).Group
    C:/Users/dwx/go/pkg/mod/github.com/gogf/gf/v2@v2.0.6/net/ghttp/ghttp_server_router_group.go:134
7.  github.com/xiaodingding/iotfast/server/http/route.BindController
    E:/src/iotfast/server/http/route/router.go:15
8.  github.com/xiaodingding/iotfast/internal/cmd.glob..func1.1
    E:/src/iotfast/internal/cmd/cmd.go:62
9.  github.com/gogf/gf/v2/net/ghttp.(*Server).Group
    C:/Users/dwx/go/pkg/mod/github.com/gogf/gf/v2@v2.0.6/net/ghttp/ghttp_server_router_group.go:90
10. github.com/xiaodingding/iotfast/internal/cmd.glob..func1
    E:/src/iotfast/internal/cmd/cmd.go:61
11. github.com/gogf/gf/v2/os/gcmd.(*Command).doRun
    C:/Users/dwx/go/pkg/mod/github.com/gogf/gf/v2@v2.0.6/os/gcmd/gcmd_command_run.go:117
12. github.com/gogf/gf/v2/os/gcmd.(*Command).RunWithValueError
    C:/Users/dwx/go/pkg/mod/github.com/gogf/gf/v2@v2.0.6/os/gcmd/gcmd_command_run.go:77
13. github.com/gogf/gf/v2/os/gcmd.(*Command).RunWithValue
    C:/Users/dwx/go/pkg/mod/github.com/gogf/gf/v2@v2.0.6/os/gcmd/gcmd_command_run.go:32
14. github.com/gogf/gf/v2/os/gcmd.(*Command).Run
    C:/Users/dwx/go/pkg/mod/github.com/gogf/gf/v2@v2.0.6/os/gcmd/gcmd_command_run.go:26
15. main.main
    E:/src/iotfast/main.go:18
 
2022-07-22 10:04:27.092 [INFO] {70d3cedf75040417fc032172a9a9b8af} [GToken][params:{"AuthExcludePaths":"[\"/api/v1/system/xxx\",\"/api/v1/system/xxx2\"]","AuthFailMsg":"请求错误或登录超时","AuthPaths":"","CacheKey":"gfToken_","CacheMode":1,"EncryptKey":"49c54195e750b04e74a8429b17aefc77","LoginPath":"","LogoutPath":"","MiddlewareType":1,"MultiLogin":true,"Timeout":10800,"TokenDelimiter":"_"}]start...  
2022-07-22 10:04:27.096 [ERRO] {70d3cedf75040417fc032172a9a9b8af} [GToken]LoginPath or LoginBeforeFunc not set 
Stack:
1.  github.com/xiaodingding/iotfast/library/libGtoken.(*GToken).Middleware
    E:/src/iotfast/library/libGtoken/gtoken_group.go:27
2.  github.com/xiaodingding/iotfast/server/http/route.BindSystemController.func1
    E:/src/iotfast/server/http/route/system_router.go:30
3.  github.com/gogf/gf/v2/net/ghttp.(*RouterGroup).Group
    C:/Users/dwx/go/pkg/mod/github.com/gogf/gf/v2@v2.0.6/net/ghttp/ghttp_server_router_group.go:134
4.  github.com/xiaodingding/iotfast/server/http/route.BindSystemController
    E:/src/iotfast/server/http/route/system_router.go:19
5.  github.com/xiaodingding/iotfast/server/http/route.BindController.func1
    E:/src/iotfast/server/http/route/router.go:22
6.  github.com/gogf/gf/v2/net/ghttp.(*RouterGroup).Group
    C:/Users/dwx/go/pkg/mod/github.com/gogf/gf/v2@v2.0.6/net/ghttp/ghttp_server_router_group.go:134
7.  github.com/xiaodingding/iotfast/server/http/route.BindController
    E:/src/iotfast/server/http/route/router.go:15
8.  github.com/xiaodingding/iotfast/internal/cmd.glob..func1.1
    E:/src/iotfast/internal/cmd/cmd.go:62
9.  github.com/gogf/gf/v2/net/ghttp.(*Server).Group
    C:/Users/dwx/go/pkg/mod/github.com/gogf/gf/v2@v2.0.6/net/ghttp/ghttp_server_router_group.go:90
10. github.com/xiaodingding/iotfast/internal/cmd.glob..func1
    E:/src/iotfast/internal/cmd/cmd.go:61
11. github.com/gogf/gf/v2/os/gcmd.(*Command).doRun
    C:/Users/dwx/go/pkg/mod/github.com/gogf/gf/v2@v2.0.6/os/gcmd/gcmd_command_run.go:117
12. github.com/gogf/gf/v2/os/gcmd.(*Command).RunWithValueError
    C:/Users/dwx/go/pkg/mod/github.com/gogf/gf/v2@v2.0.6/os/gcmd/gcmd_command_run.go:77
13. github.com/gogf/gf/v2/os/gcmd.(*Command).RunWithValue
    C:/Users/dwx/go/pkg/mod/github.com/gogf/gf/v2@v2.0.6/os/gcmd/gcmd_command_run.go:32
14. github.com/gogf/gf/v2/os/gcmd.(*Command).Run
    C:/Users/dwx/go/pkg/mod/github.com/gogf/gf/v2@v2.0.6/os/gcmd/gcmd_command_run.go:26
15. main.main
    E:/src/iotfast/main.go:19
 
2022-07-22 10:08:19.516 [INFO] {585a6bfdab04041714f66858a54f553b} [GToken][params:{"AuthExcludePaths":"[\"/api/v1/system/xxx\",\"/api/v1/system/xxx2\"]","AuthFailMsg":"请求错误或登录超时","AuthPaths":"","CacheKey":"gfToken_","CacheMode":1,"EncryptKey":"49c54195e750b04e74a8429b17aefc77","LoginPath":"","LogoutPath":"","MiddlewareType":1,"MultiLogin":true,"Timeout":10800,"TokenDelimiter":"_"}]start...  
2022-07-22 10:08:19.519 [ERRO] {585a6bfdab04041714f66858a54f553b} [GToken]LoginPath or LoginBeforeFunc not set 
Stack:
1.  github.com/xiaodingding/iotfast/library/libGtoken.(*GToken).Middleware
    E:/src/iotfast/library/libGtoken/gtoken_group.go:27
2.  github.com/xiaodingding/iotfast/server/http/route.BindSystemController.func1
    E:/src/iotfast/server/http/route/system_router.go:30
3.  github.com/gogf/gf/v2/net/ghttp.(*RouterGroup).Group
    C:/Users/dwx/go/pkg/mod/github.com/gogf/gf/v2@v2.0.6/net/ghttp/ghttp_server_router_group.go:134
4.  github.com/xiaodingding/iotfast/server/http/route.BindSystemController
    E:/src/iotfast/server/http/route/system_router.go:19
5.  github.com/xiaodingding/iotfast/server/http/route.BindController.func1
    E:/src/iotfast/server/http/route/router.go:22
6.  github.com/gogf/gf/v2/net/ghttp.(*RouterGroup).Group
    C:/Users/dwx/go/pkg/mod/github.com/gogf/gf/v2@v2.0.6/net/ghttp/ghttp_server_router_group.go:134
7.  github.com/xiaodingding/iotfast/server/http/route.BindController
    E:/src/iotfast/server/http/route/router.go:15
8.  github.com/xiaodingding/iotfast/internal/cmd.glob..func1.1
    E:/src/iotfast/internal/cmd/cmd.go:62
9.  github.com/gogf/gf/v2/net/ghttp.(*Server).Group
    C:/Users/dwx/go/pkg/mod/github.com/gogf/gf/v2@v2.0.6/net/ghttp/ghttp_server_router_group.go:90
10. github.com/xiaodingding/iotfast/internal/cmd.glob..func1
    E:/src/iotfast/internal/cmd/cmd.go:61
11. github.com/gogf/gf/v2/os/gcmd.(*Command).doRun
    C:/Users/dwx/go/pkg/mod/github.com/gogf/gf/v2@v2.0.6/os/gcmd/gcmd_command_run.go:117
12. github.com/gogf/gf/v2/os/gcmd.(*Command).RunWithValueError
    C:/Users/dwx/go/pkg/mod/github.com/gogf/gf/v2@v2.0.6/os/gcmd/gcmd_command_run.go:77
13. github.com/gogf/gf/v2/os/gcmd.(*Command).RunWithValue
    C:/Users/dwx/go/pkg/mod/github.com/gogf/gf/v2@v2.0.6/os/gcmd/gcmd_command_run.go:32
14. github.com/gogf/gf/v2/os/gcmd.(*Command).Run
    C:/Users/dwx/go/pkg/mod/github.com/gogf/gf/v2@v2.0.6/os/gcmd/gcmd_command_run.go:26
15. main.main
    E:/src/iotfast/main.go:19
 
2022-07-22 10:12:56.266 [INFO] {7002fb6cec040417335d52112d677f86} [GToken][params:{"AuthExcludePaths":"[\"/api/v1/system/xxx\",\"/api/v1/system/xxx2\"]","AuthFailMsg":"请求错误或登录超时","AuthPaths":"","CacheKey":"gfToken_","CacheMode":1,"EncryptKey":"49c54195e750b04e74a8429b17aefc77","LoginPath":"","LogoutPath":"","MiddlewareType":1,"MultiLogin":true,"Timeout":10800,"TokenDelimiter":"_"}]start...  
2022-07-22 10:12:56.289 [ERRO] {7002fb6cec040417335d52112d677f86} [GToken]LoginPath or LoginBeforeFunc not set 
Stack:
1.  github.com/xiaodingding/iotfast/library/libGtoken.(*GToken).Middleware
    E:/src/iotfast/library/libGtoken/gtoken_group.go:27
2.  github.com/xiaodingding/iotfast/server/http/route.BindSystemController.func1
    E:/src/iotfast/server/http/route/system_router.go:30
3.  github.com/gogf/gf/v2/net/ghttp.(*RouterGroup).Group
    C:/Users/dwx/go/pkg/mod/github.com/gogf/gf/v2@v2.0.6/net/ghttp/ghttp_server_router_group.go:134
4.  github.com/xiaodingding/iotfast/server/http/route.BindSystemController
    E:/src/iotfast/server/http/route/system_router.go:19
5.  github.com/xiaodingding/iotfast/server/http/route.BindController.func1
    E:/src/iotfast/server/http/route/router.go:22
6.  github.com/gogf/gf/v2/net/ghttp.(*RouterGroup).Group
    C:/Users/dwx/go/pkg/mod/github.com/gogf/gf/v2@v2.0.6/net/ghttp/ghttp_server_router_group.go:134
7.  github.com/xiaodingding/iotfast/server/http/route.BindController
    E:/src/iotfast/server/http/route/router.go:15
8.  github.com/xiaodingding/iotfast/internal/cmd.glob..func1.1
    E:/src/iotfast/internal/cmd/cmd.go:62
9.  github.com/gogf/gf/v2/net/ghttp.(*Server).Group
    C:/Users/dwx/go/pkg/mod/github.com/gogf/gf/v2@v2.0.6/net/ghttp/ghttp_server_router_group.go:90
10. github.com/xiaodingding/iotfast/internal/cmd.glob..func1
    E:/src/iotfast/internal/cmd/cmd.go:61
11. github.com/gogf/gf/v2/os/gcmd.(*Command).doRun
    C:/Users/dwx/go/pkg/mod/github.com/gogf/gf/v2@v2.0.6/os/gcmd/gcmd_command_run.go:117
12. github.com/gogf/gf/v2/os/gcmd.(*Command).RunWithValueError
    C:/Users/dwx/go/pkg/mod/github.com/gogf/gf/v2@v2.0.6/os/gcmd/gcmd_command_run.go:77
13. github.com/gogf/gf/v2/os/gcmd.(*Command).RunWithValue
    C:/Users/dwx/go/pkg/mod/github.com/gogf/gf/v2@v2.0.6/os/gcmd/gcmd_command_run.go:32
14. github.com/gogf/gf/v2/os/gcmd.(*Command).Run
    C:/Users/dwx/go/pkg/mod/github.com/gogf/gf/v2@v2.0.6/os/gcmd/gcmd_command_run.go:26
15. main.main
    E:/src/iotfast/main.go:20
 
