2022-07-14 00:00:42.510 id:0, sn:1 
2022-07-14 00:00:42.585 time: 2022-07-12 01:02:03 2022-07-12 01:02:03 
2022-07-14 00:00:42.585 pdata time: 2022-07-12 01:02:03 2022-07-12 01:02:03 
2022-07-14 00:00:42.586 pdata time: 2022-07-12 01:02:03 2022-07-12 01:02:03 
2022-07-14 00:01:48.158 id:0, sn:1 
2022-07-14 00:01:48.250 time: 2022-07-12 01:02:03 2022-07-12 01:02:03 
2022-07-14 00:01:48.250 pdata time: 2022-07-12 01:02:03 2022-07-12 01:02:03 
2022-07-14 00:01:48.252 pdata time: 2022-07-12 01:02:03 2022-07-12 01:02:03 
2022-07-14 00:01:48.253 save data info {"CategoryId":1,"DeviceId":1,"DataInt":0,"DataStr":"","DataDouble":23.2,"CreatedAt":"2022-07-12 01:02:03"} {"CategoryId":1,"Name":"temperature","Type":6,"Data":23.2,"Time":"2022-07-12 01:02:03","Ratio":""} 
2022-07-14 00:01:48.295 save data info {"CategoryId":2,"DeviceId":1,"DataInt":0,"DataStr":"","DataDouble":20,"CreatedAt":"2022-07-12 01:02:03"} {"CategoryId":2,"Name":"humidity","Type":6,"Data":20,"Time":"2022-07-12 01:02:03","Ratio":""} 
2022-07-14 00:05:35.764 id:0, sn:1 
2022-07-14 00:05:35.939 time: 2022-07-12 01:02:03 2022-07-12 01:02:03 
2022-07-14 00:05:35.939 pdata time: 2022-07-12 01:02:03 2022-07-12 01:02:03 
2022-07-14 00:05:35.939 pdata time: 2022-07-12 01:02:03 2022-07-12 01:02:03 
2022-07-14 00:05:35.940 save data info {"CategoryId":1,"DeviceId":1,"DataInt":0,"DataStr":"","DataDouble":23.2,"CreatedAt":"2022-07-12 01:02:03"} {"CategoryId":1,"Name":"temperature","Type":6,"Data":23.2,"Time":"2022-07-12 01:02:03","Ratio":""} 
2022-07-14 00:05:35.960 save data info {"CategoryId":2,"DeviceId":1,"DataInt":0,"DataStr":"","DataDouble":20,"CreatedAt":"2022-07-12 01:02:03"} {"CategoryId":2,"Name":"humidity","Type":6,"Data":20,"Time":"2022-07-12 01:02:03","Ratio":""} 
2022-07-14 00:07:54.498 id:0, sn:1 
2022-07-14 00:07:54.599 time: 2022-07-12 01:02:03 2022-07-12 01:02:03 
2022-07-14 00:07:54.601 pdata time: 2022-07-12 01:02:03 2022-07-12 01:02:03 
2022-07-14 00:07:54.602 pdata time: 2022-07-12 01:02:03 2022-07-12 01:02:03 
2022-07-14 00:07:54.602 save data info {"CategoryId":1,"DeviceId":1,"DataInt":0,"DataStr":"","DataDouble":23.2,"time":"2022-07-12 01:02:03"} {"CategoryId":1,"Name":"temperature","Type":6,"Data":23.2,"Time":"2022-07-12 01:02:03","Ratio":""} 
2022-07-14 00:07:54.627 save data info {"CategoryId":2,"DeviceId":1,"DataInt":0,"DataStr":"","DataDouble":20,"time":"2022-07-12 01:02:03"} {"CategoryId":2,"Name":"humidity","Type":6,"Data":20,"Time":"2022-07-12 01:02:03","Ratio":""} 
2022-07-14 00:09:12.523 id:0, sn:1 
2022-07-14 00:09:12.732 time: 2022-07-12 01:02:03 2022-07-12 01:02:03 
2022-07-14 00:09:12.732 pdata time: 2022-07-12 01:02:03 2022-07-12 01:02:03 
2022-07-14 00:09:12.732 pdata time: 2022-07-12 01:02:03 2022-07-12 01:02:03 
2022-07-14 00:09:12.733 save data info {"CategoryId":1,"DeviceId":1,"DataInt":0,"DataStr":"","DataDouble":23.2,"CreatedAt":"2022-07-12 01:02:03"} {"CategoryId":1,"Name":"temperature","Type":6,"Data":23.2,"Time":"2022-07-12 01:02:03","Ratio":""} 
2022-07-14 00:09:12.758 save data info {"CategoryId":2,"DeviceId":1,"DataInt":0,"DataStr":"","DataDouble":20,"CreatedAt":"2022-07-12 01:02:03"} {"CategoryId":2,"Name":"humidity","Type":6,"Data":20,"Time":"2022-07-12 01:02:03","Ratio":""} 
2022-07-14 00:09:17.658 id:0, sn:1 
2022-07-14 00:09:17.771 time: 2022-07-12 01:02:03 2022-07-12 01:02:03 
2022-07-14 00:09:17.775 pdata time: 2022-07-12 01:02:03 2022-07-12 01:02:03 
2022-07-14 00:09:17.782 pdata time: 2022-07-12 01:02:03 2022-07-12 01:02:03 
2022-07-14 00:09:17.790 save data info {"CategoryId":1,"DeviceId":1,"DataInt":0,"DataStr":"","DataDouble":23.2,"CreatedAt":"2022-07-12 01:02:03"} {"CategoryId":1,"Name":"temperature","Type":6,"Data":23.2,"Time":"2022-07-12 01:02:03","Ratio":""} 
2022-07-14 00:09:17.803 save data info {"CategoryId":2,"DeviceId":1,"DataInt":0,"DataStr":"","DataDouble":20,"CreatedAt":"2022-07-12 01:02:03"} {"CategoryId":2,"Name":"humidity","Type":6,"Data":20,"Time":"2022-07-12 01:02:03","Ratio":""} 
2022-07-14 00:15:52.584 id:0, sn:1 
2022-07-14 00:15:52.661 time: 2022-07-12 01:02:03 2022-07-12 01:02:03 
2022-07-14 00:15:52.662 pdata time: 2022-07-12 01:02:03 2022-07-12 01:02:03 
2022-07-14 00:15:52.662 pdata time: 2022-07-12 01:02:03 2022-07-12 01:02:03 
2022-07-14 00:15:52.663 save data info {"CategoryId":1,"DeviceId":1,"DataInt":0,"DataStr":"","DataDouble":23.2,"CreatedAt":"2022-07-12 01:02:03"} {"CategoryId":1,"Name":"temperature","Type":6,"Data":23.2,"Time":"2022-07-12 01:02:03","Ratio":""} 
2022-07-14 00:15:52.690 save data info {"CategoryId":2,"DeviceId":1,"DataInt":0,"DataStr":"","DataDouble":20,"CreatedAt":"2022-07-12 01:02:03"} {"CategoryId":2,"Name":"humidity","Type":6,"Data":20,"Time":"2022-07-12 01:02:03","Ratio":""} 
2022-07-14 00:17:01.215 id:0, sn:1 
2022-07-14 00:17:01.306 time: 2022-07-12 01:02:03 2022-07-12 01:02:03 
2022-07-14 00:17:01.306 pdata time: 2022-07-12 01:02:03 2022-07-12 01:02:03 
2022-07-14 00:17:01.307 pdata time: 2022-07-12 01:02:03 2022-07-12 01:02:03 
2022-07-14 00:17:01.309 save data info {"CategoryId":1,"DeviceId":1,"DataInt":0,"DataStr":"","DataDouble":23.2,"createdAt":"2022-07-12 01:02:03"} {"CategoryId":1,"Name":"temperature","Type":6,"Data":23.2,"Time":"2022-07-12 01:02:03","Ratio":""} 
2022-07-14 00:17:01.400 save data info {"CategoryId":2,"DeviceId":1,"DataInt":0,"DataStr":"","DataDouble":20,"createdAt":"2022-07-12 01:02:03"} {"CategoryId":2,"Name":"humidity","Type":6,"Data":20,"Time":"2022-07-12 01:02:03","Ratio":""} 
2022-07-14 00:18:01.111 id:0, sn:1 
2022-07-14 00:18:01.229 time: 2022-07-12 01:02:03 2022-07-12 01:02:03 
2022-07-14 00:18:01.256 pdata time: 2022-07-12 01:02:03 2022-07-12 01:02:03 
2022-07-14 00:18:01.262 pdata time: 2022-07-12 01:02:03 2022-07-12 01:02:03 
2022-07-14 00:18:01.266 save data info {"CategoryId":1,"DeviceId":1,"DataInt":0,"DataStr":"","DataDouble":23.2,"createdAt":"2022-07-12 01:02:03"} {"CategoryId":1,"Name":"temperature","Type":6,"Data":23.2,"Time":"2022-07-12 01:02:03","Ratio":""} 
2022-07-14 00:18:01.332 save data info {"CategoryId":2,"DeviceId":1,"DataInt":0,"DataStr":"","DataDouble":20,"createdAt":"2022-07-12 01:02:03"} {"CategoryId":2,"Name":"humidity","Type":6,"Data":20,"Time":"2022-07-12 01:02:03","Ratio":""} 
2022-07-14 00:21:54.270 id:0, sn:1 
2022-07-14 00:21:54.432 time: 2022-07-12 01:02:03 2022-07-12 01:02:03 
2022-07-14 00:21:54.437 pdata time: 2022-07-12 01:02:03 2022-07-12 01:02:03 
2022-07-14 00:21:54.449 pdata time: 2022-07-12 01:02:03 2022-07-12 01:02:03 
2022-07-14 00:21:54.451 save data info {"CategoryId":1,"DeviceId":1,"DataInt":0,"DataStr":"","DataDouble":23.2,"CreatedAt":"2022-07-12 01:02:03"} {"CategoryId":1,"Name":"temperature","Type":6,"Data":23.2,"Time":"2022-07-12 01:02:03","Ratio":""} 
2022-07-14 00:21:54.487 save data info {"CategoryId":2,"DeviceId":1,"DataInt":0,"DataStr":"","DataDouble":20,"CreatedAt":"2022-07-12 01:02:03"} {"CategoryId":2,"Name":"humidity","Type":6,"Data":20,"Time":"2022-07-12 01:02:03","Ratio":""} 
2022-07-14 00:33:59.567 id:0, sn:1 
2022-07-14 00:33:59.723 time: 2022-07-12 01:02:03 2022-07-12 01:02:03 
2022-07-14 00:33:59.723 pdata time: 2022-07-12 01:02:03 2022-07-12 01:02:03 
2022-07-14 00:33:59.724 pdata time: 2022-07-12 01:02:03 2022-07-12 01:02:03 
2022-07-14 00:33:59.724 save data info {"CategoryId":1,"DeviceId":1,"DataInt":0,"DataStr":"","DataDouble":23.2,"CreatedAt":"2022-07-12 01:02:03"} {"CategoryId":1,"Name":"temperature","Type":6,"Data":23.2,"Time":"2022-07-12 01:02:03","Ratio":""} 
2022-07-14 00:33:59.766 save data info {"CategoryId":2,"DeviceId":1,"DataInt":0,"DataStr":"","DataDouble":20,"CreatedAt":"2022-07-12 01:02:03"} {"CategoryId":2,"Name":"humidity","Type":6,"Data":20,"Time":"2022-07-12 01:02:03","Ratio":""} 
2022-07-14 00:38:34.486 id:0, sn:1 
2022-07-14 00:38:34.615 time: 2022-07-12 01:02:03 2022-07-12 01:02:03 
2022-07-14 00:38:34.616 pdata time: 2022-07-12 01:02:03 2022-07-12 01:02:03 
2022-07-14 00:38:34.616 pdata time: 2022-07-12 01:02:03 2022-07-12 01:02:03 
2022-07-14 00:38:34.617 save data info {"CategoryId":1,"DeviceId":1,"DataInt":0,"DataStr":"","DataDouble":23.2,"CreatedAt":"2022-07-12 01:02:03"} {"CategoryId":1,"Name":"temperature","Type":6,"Data":23.2,"Time":"2022-07-12 01:02:03","Ratio":""} 
2022-07-14 00:38:34.631 [ERRO] save device data err:Error 1064: You have an error in your SQL syntax; check the manual that corresponds to your MySQL server version for the right syntax to use near '23.200000, 2022-07-12 01:02:03)' at line 1, INSERT INTO `device_category_data`(`category_id`,`device_id`,`data_int`,`data_str`,`data_double`, `created_at`) VALUES(1, 1,0,,23.200000, 2022-07-12 01:02:03) 
Stack:
1.  github.com/xiaodingding/iotfast/library/libCodec.(*mqttCodecImpl).Save
    E:/src/iotfast/library/libCodec/mqtt_codec.go:182
2.  github.com/xiaodingding/iotfast/server/mqtt/plugin/device.(*Device).OnMsgArrivedWrapper.func1
    E:/src/iotfast/server/mqtt/plugin/device/hooks.go:160
3.  github.com/xiaodingding/iotfast/server/mqtt/server.(*client).publishHandler
    E:/src/iotfast/server/mqtt/server/client.go:1049
4.  github.com/xiaodingding/iotfast/server/mqtt/server.(*client).readHandle
    E:/src/iotfast/server/mqtt/server/client.go:1314
5.  github.com/xiaodingding/iotfast/server/mqtt/server.(*client).serve.func4
    E:/src/iotfast/server/mqtt/server/client.go:1471
 
2022-07-14 00:39:59.117 id:0, sn:1 
2022-07-14 00:39:59.332 time: 2022-07-12 01:02:03 2022-07-12 01:02:03 
2022-07-14 00:39:59.346 pdata time: 2022-07-12 01:02:03 2022-07-12 01:02:03 
2022-07-14 00:39:59.354 pdata time: 2022-07-12 01:02:03 2022-07-12 01:02:03 
2022-07-14 00:39:59.356 save data info {"CategoryId":1,"DeviceId":1,"DataInt":0,"DataStr":"","DataDouble":23.2,"CreatedAt":"2022-07-12 01:02:03"} {"CategoryId":1,"Name":"temperature","Type":6,"Data":23.2,"Time":"2022-07-12 01:02:03","Ratio":""} 
2022-07-14 00:39:59.380 [ERRO] save device data err:Error 1064: You have an error in your SQL syntax; check the manual that corresponds to your MySQL server version for the right syntax to use near '01:02:03)' at line 1, INSERT INTO `device_category_data`(`category_id`,`device_id`,`data_int`,`data_str`,`data_double`, `created_at`) VALUES(1, 1,0,'', 23.2, 2022-07-12 01:02:03) 
Stack:
1.  github.com/xiaodingding/iotfast/library/libCodec.(*mqttCodecImpl).Save
    E:/src/iotfast/library/libCodec/mqtt_codec.go:182
2.  github.com/xiaodingding/iotfast/server/mqtt/plugin/device.(*Device).OnMsgArrivedWrapper.func1
    E:/src/iotfast/server/mqtt/plugin/device/hooks.go:160
3.  github.com/xiaodingding/iotfast/server/mqtt/server.(*client).publishHandler
    E:/src/iotfast/server/mqtt/server/client.go:1049
4.  github.com/xiaodingding/iotfast/server/mqtt/server.(*client).readHandle
    E:/src/iotfast/server/mqtt/server/client.go:1314
5.  github.com/xiaodingding/iotfast/server/mqtt/server.(*client).serve.func4
    E:/src/iotfast/server/mqtt/server/client.go:1471
 
2022-07-14 00:43:33.571 id:0, sn:1 
2022-07-14 00:43:33.754 time: 2022-07-12 01:02:03 2022-07-12 01:02:03 
2022-07-14 00:43:33.754 pdata time: 2022-07-12 01:02:03 2022-07-12 01:02:03 
2022-07-14 00:43:33.754 pdata time: 2022-07-12 01:02:03 2022-07-12 01:02:03 
2022-07-14 00:43:33.755 save data info {"CategoryId":1,"DeviceId":1,"DataInt":0,"DataStr":"","DataDouble":23.2,"CreatedAt":"2022-07-12 01:02:03"} {"CategoryId":1,"Name":"temperature","Type":6,"Data":23.2,"Time":"2022-07-12 01:02:03","Ratio":""} 
2022-07-14 00:43:33.768 save data info {"CategoryId":2,"DeviceId":1,"DataInt":0,"DataStr":"","DataDouble":20,"CreatedAt":"2022-07-12 01:02:03"} {"CategoryId":2,"Name":"humidity","Type":6,"Data":20,"Time":"2022-07-12 01:02:03","Ratio":""} 
2022-07-14 00:50:32.176 id:0, sn:1 
2022-07-14 00:50:32.367 time: 2022-07-12 01:02:03 2022-07-12 01:02:03 
2022-07-14 00:50:32.369 pdata time: 2022-07-12 01:02:03 2022-07-12 01:02:03 
2022-07-14 00:50:32.373 pdata time: 2022-07-12 01:02:03 2022-07-12 01:02:03 
2022-07-14 00:50:32.373 save data info {"CategoryId":1,"DeviceId":1,"DataInt":0,"DataStr":"","DataDouble":23.2,"CreatedAt":"2022-07-12 01:02:03"} {"CategoryId":1,"Name":"temperature","Type":6,"Data":23.2,"Time":"2022-07-12 01:02:03","Ratio":""} 
2022-07-14 00:50:32.392 save data info {"CategoryId":2,"DeviceId":1,"DataInt":0,"DataStr":"","DataDouble":20,"CreatedAt":"2022-07-12 01:02:03"} {"CategoryId":2,"Name":"humidity","Type":6,"Data":20,"Time":"2022-07-12 01:02:03","Ratio":""} 
2022-07-14 00:54:19.622 id:0, sn:1 
2022-07-14 00:54:19.794 time: 2022-07-12 01:02:03 2022-07-12 01:02:03 
2022-07-14 00:54:19.809 pdata time: 2022-07-12 01:02:03 2022-07-12 01:02:03 
2022-07-14 00:54:19.810 pdata time: 2022-07-12 01:02:03 2022-07-12 01:02:03 
2022-07-14 00:54:19.810 save data info {"CategoryId":1,"DeviceId":1,"DataInt":0,"DataStr":"","DataDouble":23.2,"CreatedAt":"2022-07-12 01:02:03"} {"CategoryId":1,"Name":"temperature","Type":6,"Data":23.2,"Time":"2022-07-12 01:02:03","Ratio":""} 
2022-07-14 00:54:19.824 [ERRO] save device data err:Error 1054: Unknown column 'category_id ' in 'field list', INSERT INTO `device_category_data`(`category_id `,`device_id`,`data_int`,`data_str`,`data_double`, `created_at`) VALUES(1,1,0,'',23.2,'2022-07-12 01:02:03')
Stack:
1.  github.com/xiaodingding/iotfast/library/libCodec.(*mqttCodecImpl).Save
    E:/src/iotfast/library/libCodec/mqtt_codec.go:182
2.  github.com/xiaodingding/iotfast/server/mqtt/plugin/device.(*Device).OnMsgArrivedWrapper.func1
    E:/src/iotfast/server/mqtt/plugin/device/hooks.go:160
3.  github.com/xiaodingding/iotfast/server/mqtt/server.(*client).publishHandler
    E:/src/iotfast/server/mqtt/server/client.go:1049
4.  github.com/xiaodingding/iotfast/server/mqtt/server.(*client).readHandle
    E:/src/iotfast/server/mqtt/server/client.go:1314
5.  github.com/xiaodingding/iotfast/server/mqtt/server.(*client).serve.func4
    E:/src/iotfast/server/mqtt/server/client.go:1471
 
2022-07-14 00:55:10.222 id:0, sn:1 
2022-07-14 00:55:10.312 time: 2022-07-12 01:02:03 2022-07-12 01:02:03 
2022-07-14 00:55:10.323 pdata time: 2022-07-12 01:02:03 2022-07-12 01:02:03 
2022-07-14 00:55:10.342 pdata time: 2022-07-12 01:02:03 2022-07-12 01:02:03 
2022-07-14 00:55:10.350 save data info {"CategoryId":1,"DeviceId":1,"DataInt":0,"DataStr":"","DataDouble":23.2,"CreatedAt":"2022-07-12 01:02:03"} {"CategoryId":1,"Name":"temperature","Type":6,"Data":23.2,"Time":"2022-07-12 01:02:03","Ratio":""} 
2022-07-14 00:55:10.388 save data info {"CategoryId":2,"DeviceId":1,"DataInt":0,"DataStr":"","DataDouble":20,"CreatedAt":"2022-07-12 01:02:03"} {"CategoryId":2,"Name":"humidity","Type":6,"Data":20,"Time":"2022-07-12 01:02:03","Ratio":""} 
2022-07-14 21:35:50.005 id:0, sn:1 
2022-07-14 21:35:50.130 time: 2022-07-12 01:02:03 2022-07-12 01:02:03 
2022-07-14 21:35:50.130 pdata time: 2022-07-12 01:02:03 2022-07-12 01:02:03 
2022-07-14 21:35:50.131 pdata time: 2022-07-12 01:02:03 2022-07-12 01:02:03 
2022-07-14 21:35:50.132 save data info {"CategoryId":1,"DeviceId":1,"DataInt":0,"DataStr":"","DataDouble":23.2,"CreatedAt":"2022-07-12 01:02:03"} {"CategoryId":1,"Name":"temperature","Type":6,"Data":23.2,"Time":"2022-07-12 01:02:03","Ratio":""} 
2022-07-14 21:35:50.176 save data info {"CategoryId":2,"DeviceId":1,"DataInt":0,"DataStr":"","DataDouble":20,"CreatedAt":"2022-07-12 01:02:03"} {"CategoryId":2,"Name":"humidity","Type":6,"Data":20,"Time":"2022-07-12 01:02:03","Ratio":""} 
2022-07-14 21:47:46.654 [INFO] {dc324aaf32b60117a3515a2f217d4a6d} [GToken][params:{"AuthExcludePaths":"[\"/api/v1/system/xxx\",\"/api/v1/system/xxx2\"]","AuthFailMsg":"请求错误或登录超时","AuthPaths":"","CacheKey":"gfToken_","CacheMode":1,"EncryptKey":"49c54195e750b04e74a8429b17aefc77","LoginPath":"","LogoutPath":"","MiddlewareType":1,"MultiLogin":true,"Timeout":10800,"TokenDelimiter":"_"}]start...  
2022-07-14 21:47:46.656 [ERRO] {dc324aaf32b60117a3515a2f217d4a6d} [GToken]LoginPath or LoginBeforeFunc not set 
Stack:
1.  github.com/xiaodingding/iotfast/library/libGtoken.(*GToken).Middleware
    E:/src/iotfast/library/libGtoken/gtoken_group.go:27
2.  github.com/xiaodingding/iotfast/server/http/route.BindSystemController.func1
    E:/src/iotfast/server/http/route/system_router.go:30
3.  github.com/gogf/gf/v2/net/ghttp.(*RouterGroup).Group
    C:/Users/dwx/go/pkg/mod/github.com/gogf/gf/v2@v2.0.6/net/ghttp/ghttp_server_router_group.go:134
4.  github.com/xiaodingding/iotfast/server/http/route.BindSystemController
    E:/src/iotfast/server/http/route/system_router.go:19
5.  github.com/xiaodingding/iotfast/server/http/route.BindController.func1
    E:/src/iotfast/server/http/route/router.go:22
6.  github.com/gogf/gf/v2/net/ghttp.(*RouterGroup).Group
    C:/Users/dwx/go/pkg/mod/github.com/gogf/gf/v2@v2.0.6/net/ghttp/ghttp_server_router_group.go:134
7.  github.com/xiaodingding/iotfast/server/http/route.BindController
    E:/src/iotfast/server/http/route/router.go:15
8.  github.com/xiaodingding/iotfast/internal/cmd.glob..func1.1
    E:/src/iotfast/internal/cmd/cmd.go:61
9.  github.com/gogf/gf/v2/net/ghttp.(*Server).Group
    C:/Users/dwx/go/pkg/mod/github.com/gogf/gf/v2@v2.0.6/net/ghttp/ghttp_server_router_group.go:90
10. github.com/xiaodingding/iotfast/internal/cmd.glob..func1
    E:/src/iotfast/internal/cmd/cmd.go:60
11. github.com/gogf/gf/v2/os/gcmd.(*Command).doRun
    C:/Users/dwx/go/pkg/mod/github.com/gogf/gf/v2@v2.0.6/os/gcmd/gcmd_command_run.go:117
12. github.com/gogf/gf/v2/os/gcmd.(*Command).RunWithValueError
    C:/Users/dwx/go/pkg/mod/github.com/gogf/gf/v2@v2.0.6/os/gcmd/gcmd_command_run.go:77
13. github.com/gogf/gf/v2/os/gcmd.(*Command).RunWithValue
    C:/Users/dwx/go/pkg/mod/github.com/gogf/gf/v2@v2.0.6/os/gcmd/gcmd_command_run.go:32
14. github.com/gogf/gf/v2/os/gcmd.(*Command).Run
    C:/Users/dwx/go/pkg/mod/github.com/gogf/gf/v2@v2.0.6/os/gcmd/gcmd_command_run.go:26
15. main.main
    E:/src/iotfast/main.go:18
 
2022-07-14 21:49:59.232 {b0328d8d51b60117b0515a2f8029293d} req param:&{{} 0      {[] 1 10 }} 
 
2022-07-14 21:50:23.338 {0c0f672a57b60117ba515a2fb8d35654} req param:&{{} 0      {[] 1 10 }} 
 
2022-07-14 21:51:30.438 {38bcdec966b60117c9515a2f788ebc6e} req param:&{{} 0      {[] 1 10 }} 
 
2022-07-14 22:34:59.886 {c8cd1459c6b80117e1515a2f1fd083ea} req param:&{{} 0      {[] 1 10 }} 
 
2022-07-14 22:35:30.419 {e427f474cdb80117e7515a2fe0201753} req param:&{{} 0      {[] 1 10 }} 
 
2022-07-14 22:36:10.518 {846f16cbd6b80117f5515a2fb43fa669} req param:&{{} 0      {[] 1 10 }} 
 
2022-07-14 22:43:21.412 {107d561e3bb901171e525a2ffe7b2603} req param:&{{} 0      {[] 1 10 }} 
 
2022-07-14 22:44:25.617 {d08743114ab9011728525a2fbbf84214} req param:&{{} 0      {[] 1 10 }} 
 
2022-07-14 22:44:39.487 {84dcf24b4db901172e525a2f6c9726c3} req param:&{{} 0      {[] 1 10 }} 
 
2022-07-14 22:52:47.619 {1425e8f2beb9011768525a2f5c29c6de} req param:&{{} 0      {[] 1 10 }} 
 
