2022-07-16 14:02:54.269 [DEBU] {e0a7b599fd390217a3ec8e5a6f9f01a4} [ 75 ms] [default] [rows:11 ] SHOW FULL COLUMNS FROM `device_info` 
2022-07-16 14:02:54.294 [DEBU] {a85a729efd390217a4ec8e5a7e5dd846} [ 21 ms] [default] [rows:1  ] SELECT `id`,`name`,`group`,`sn`,`pwd`,`kind`,`logo`,`monitor`,`location`,`created_at`,`updated_at` FROM `device_info` WHERE sn='1' and pwd='1' LIMIT 1 
2022-07-16 14:02:54.311 [DEBU] {bc12e19ffd390217a5ec8e5a935df5ad} [ 14 ms] [default] [rows:7  ] SHOW FULL COLUMNS FROM `mqtt_status` 
2022-07-16 14:02:54.326 [DEBU] {48abd4a0fd390217a6ec8e5a99d35f39} [ 13 ms] [default] [rows:1  ] SELECT `id`,`name`,`clientId`,`status`,`userName`,`created_at`,`updated_at` FROM `mqtt_status` WHERE `clientId`='MQTT_FX_Client' LIMIT 1 
2022-07-16 14:02:54.390 [DEBU] {54b5cca1fd390217a7ec8e5a739e21c9} [ 61 ms] [default] [rows:1  ] UPDATE `mqtt_status` SET `name`='127.0.0.1:54385',`clientId`='MQTT_FX_Client',`status`=1,`userName`='1',`updated_at`='2022-07-16 14:02:54' WHERE `id`=2 
2022-07-16 14:02:54.444 [DEBU] {c88c87a5fd390217a8ec8e5aea326f7d} [ 52 ms] [default] [rows:1  ] SELECT `id`,`name`,`group`,`sn`,`pwd`,`kind`,`logo`,`monitor`,`location`,`created_at`,`updated_at` FROM `device_info` WHERE sn = '1' LIMIT 1 
2022-07-16 14:02:54.481 [DEBU] {283099a9fd390217a9ec8e5a1e62eee3} [ 21 ms] [default] [rows:7  ] SHOW FULL COLUMNS FROM `device_status` 
2022-07-16 14:02:54.487 [DEBU] {e86edfaafd390217aaec8e5a7461525e} [  5 ms] [default] [rows:0  ] UPDATE `device_status` SET `status`=1,`up_time`=1657951374,`down_time`=1657951374 WHERE device_id = 1 
2022-07-16 14:03:11.700 [DEBU] {7ca8caac013a0217abec8e5a2d71d1b5} [  6 ms] [default] [rows:1  ] SELECT `id`,`name`,`clientId`,`status`,`userName`,`created_at`,`updated_at` FROM `mqtt_status` WHERE `clientId`='MQTT_FX_Client' LIMIT 1 
2022-07-16 14:03:11.713 [DEBU] {88f84aad013a0217acec8e5af9243557} [ 11 ms] [default] [rows:1  ] UPDATE `mqtt_status` SET `updated_at`='2022-07-16 14:03:11',`name`='127.0.0.1:54385',`clientId`='MQTT_FX_Client',`status`=0,`userName`='1' WHERE `id`=2 
2022-07-16 14:03:11.722 [DEBU] {54a206ae013a0217adec8e5abb36d07e} [  8 ms] [default] [rows:9  ] SHOW FULL COLUMNS FROM `mqtt_topic` 
2022-07-16 14:03:11.729 [DEBU] {d85484ae013a0217aeec8e5a23cd6df2} [  6 ms] [default] [rows:0  ] DELETE FROM `mqtt_topic` WHERE clientId = ('MQTT_FX_Client') 
2022-07-16 14:03:11.793 [DEBU] {2caafdae013a0217afec8e5a71109ae4} [ 62 ms] [default] [rows:1  ] SELECT `id`,`name`,`group`,`sn`,`pwd`,`kind`,`logo`,`monitor`,`location`,`created_at`,`updated_at` FROM `device_info` WHERE sn = '1' LIMIT 1 
2022-07-16 14:03:11.831 [DEBU] {a0e9dbb3013a0217b0ec8e5aa8316c6e} [ 19 ms] [default] [rows:0  ] UPDATE `device_status` SET `down_time`=1657951391,`status`=0 WHERE device_id = 1 
2022-07-16 14:12:25.287 [DEBU] {443f3a8f823a02177a02fb5b8d60fe80} [ 39 ms] [default] [rows:11 ] SHOW FULL COLUMNS FROM `device_info` 
2022-07-16 14:12:25.317 [DEBU] {84ac9e91823a02177b02fb5b77b473bb} [ 28 ms] [default] [rows:1  ] SELECT `id`,`name`,`group`,`sn`,`pwd`,`kind`,`logo`,`monitor`,`location`,`created_at`,`updated_at` FROM `device_info` WHERE sn='1' and pwd='1' LIMIT 1 
2022-07-16 14:12:25.328 [DEBU] {6cf45d93823a02177c02fb5b114d4154} [ 10 ms] [default] [rows:7  ] SHOW FULL COLUMNS FROM `mqtt_status` 
2022-07-16 14:12:25.356 [DEBU] {e88b2194823a02177d02fb5bcf58a3a7} [ 25 ms] [default] [rows:1  ] SELECT `id`,`name`,`clientId`,`status`,`userName`,`created_at`,`updated_at` FROM `mqtt_status` WHERE `clientId`='MQTT_FX_Client' LIMIT 1 
2022-07-16 14:12:25.415 [DEBU] {cc06da95823a02177e02fb5bb969496a} [ 55 ms] [default] [rows:1  ] UPDATE `mqtt_status` SET `updated_at`='2022-07-16 14:12:25',`name`='127.0.0.1:51055',`clientId`='MQTT_FX_Client',`status`=1,`userName`='1' WHERE `id`=2 
2022-07-16 14:12:25.428 [DEBU] {1cbf4b99823a02177f02fb5ba8458907} [ 11 ms] [default] [rows:7  ] SHOW FULL COLUMNS FROM `device_status` 
2022-07-16 14:12:25.437 [DEBU] {d4cbfe99823a02178002fb5b4bcd752f} [  8 ms] [default] [rows:1  ] SELECT `id`,`name`,`group`,`sn`,`pwd`,`kind`,`logo`,`monitor`,`location`,`created_at`,`updated_at` FROM `device_info` LEFT JOIN `device_status` ON (device_status.device_id=device_info.id) WHERE `device_info`.`sn`='1' LIMIT 1 
2022-07-16 14:12:25.460 [DEBU] {dca0949a823a02178102fb5be1c6726f} [ 21 ms] [default] [rows:1  ] INSERT INTO `device_status`(`status`,`up_time`,`down_time`) VALUES(1,1657951945,1657951945)  
2022-07-16 14:13:08.863 [DEBU] {ecc43ab68c3a02178202fb5b29fce919} [ 11 ms] [default] [rows:1  ] SELECT `id`,`name`,`clientId`,`status`,`userName`,`created_at`,`updated_at` FROM `mqtt_status` WHERE `clientId`='MQTT_FX_Client' LIMIT 1 
2022-07-16 14:13:08.872 [DEBU] {0470eab68c3a02178302fb5bfc1488f7} [  8 ms] [default] [rows:1  ] UPDATE `mqtt_status` SET `updated_at`='2022-07-16 14:13:08',`name`='127.0.0.1:51055',`clientId`='MQTT_FX_Client',`status`=0,`userName`='1' WHERE `id`=2 
2022-07-16 14:13:08.886 [DEBU] {308364b78c3a02178402fb5bc7eba940} [ 14 ms] [default] [rows:9  ] SHOW FULL COLUMNS FROM `mqtt_topic` 
2022-07-16 14:13:08.913 [DEBU] {645a49b88c3a02178502fb5b00a1b088} [ 26 ms] [default] [rows:0  ] DELETE FROM `mqtt_topic` WHERE clientId = ('MQTT_FX_Client') 
2022-07-16 14:13:08.952 [DEBU] {4486e6b98c3a02178602fb5b8f71e3f7} [ 39 ms] [default] [rows:1  ] SELECT `id`,`name`,`group`,`sn`,`pwd`,`kind`,`logo`,`monitor`,`location`,`created_at`,`updated_at` FROM `device_info` LEFT JOIN `device_status` ON (device_status.device_id=device_info.id) WHERE `device_info`.`sn`='1' LIMIT 1 
2022-07-16 14:13:08.974 [DEBU] {b06e3fbc8c3a02178702fb5bb0384f96} [ 21 ms] [default] [rows:0  ] UPDATE `device_status` SET `down_time`=1657951988,`status`=0 WHERE device_id = 1 
2022-07-16 14:13:59.807 [DEBU] {f878dd92983a0217cea03c5282e3ebf5} [  8 ms] [default] [rows:11 ] SHOW FULL COLUMNS FROM `device_info` 
2022-07-16 14:13:59.814 [DEBU] {503b6d93983a0217cfa03c52a582d5c9} [  6 ms] [default] [rows:1  ] SELECT `id`,`name`,`group`,`sn`,`pwd`,`kind`,`logo`,`monitor`,`location`,`created_at`,`updated_at` FROM `device_info` WHERE sn='1' and pwd='1' LIMIT 1 
2022-07-16 14:13:59.833 [DEBU] {441c1594983a0217d0a03c5207144111} [ 14 ms] [default] [rows:7  ] SHOW FULL COLUMNS FROM `mqtt_status` 
2022-07-16 14:13:59.844 [DEBU] {9c8b0195983a0217d1a03c52205598ba} [  9 ms] [default] [rows:1  ] SELECT `id`,`name`,`clientId`,`status`,`userName`,`created_at`,`updated_at` FROM `mqtt_status` WHERE `clientId`='MQTT_FX_Client' LIMIT 1 
2022-07-16 14:13:59.857 [DEBU] {cc45cb95983a0217d2a03c525b36cadd} [  9 ms] [default] [rows:1  ] UPDATE `mqtt_status` SET `clientId`='MQTT_FX_Client',`status`=1,`userName`='1',`updated_at`='2022-07-16 14:13:59',`name`='127.0.0.1:51195' WHERE `id`=2 
2022-07-16 14:13:59.865 [DEBU] {e0726b96983a0217d3a03c52866d8e96} [  7 ms] [default] [rows:7  ] SHOW FULL COLUMNS FROM `device_status` 
2022-07-16 14:13:59.875 [DEBU] {a8a0ed96983a0217d4a03c52d323034b} [  8 ms] [default] [rows:1  ] SELECT `id`,`name`,`group`,`sn`,`pwd`,`kind`,`logo`,`monitor`,`location`,`created_at`,`updated_at` FROM `device_info` LEFT JOIN `device_status` ON (device_status.device_id=device_info.id) WHERE `device_info`.`sn`='1' LIMIT 1 
2022-07-16 14:13:59.895 [DEBU] {7c0d7a97983a0217d5a03c529a53a185} [ 19 ms] [default] [rows:1  ] INSERT INTO `device_status`(`up_time`,`down_time`,`status`,`device_id`) VALUES(1657952039,1657952039,1,1)  
2022-07-16 14:15:25.511 [DEBU] {2814bc84ac3a0217d6a03c5256804908} [ 50 ms] [default] [rows:1  ] SELECT `id`,`name`,`clientId`,`status`,`userName`,`created_at`,`updated_at` FROM `mqtt_status` WHERE `clientId`='MQTT_FX_Client' LIMIT 1 
2022-07-16 14:15:25.547 [DEBU] {548a9d88ac3a0217d7a03c52c34ce863} [ 34 ms] [default] [rows:1  ] UPDATE `mqtt_status` SET `name`='127.0.0.1:51195',`clientId`='MQTT_FX_Client',`status`=0,`userName`='1',`updated_at`='2022-07-16 14:15:25' WHERE `id`=2 
2022-07-16 14:15:25.567 [DEBU] {c85a7a8aac3a0217d8a03c526fa30a03} [ 10 ms] [default] [rows:9  ] SHOW FULL COLUMNS FROM `mqtt_topic` 
2022-07-16 14:15:25.592 [DEBU] {90841e8bac3a0217d9a03c5281b801b4} [ 24 ms] [default] [rows:0  ] DELETE FROM `mqtt_topic` WHERE clientId = ('MQTT_FX_Client') 
2022-07-16 14:15:25.602 [DEBU] {6063a08cac3a0217daa03c521edc2e35} [  9 ms] [default] [rows:1  ] SELECT `id`,`name`,`group`,`sn`,`pwd`,`kind`,`logo`,`monitor`,`location`,`created_at`,`updated_at` FROM `device_info` LEFT JOIN `device_status` ON (device_status.device_id=device_info.id) WHERE `device_info`.`sn`='1' LIMIT 1 
2022-07-16 14:15:25.610 [DEBU] {e8973d8dac3a0217dba03c52922972f2} [  6 ms] [default] [rows:1  ] UPDATE `device_status` SET `status`=0,`down_time`=1657952125 WHERE device_id = 1 
