2022-07-28 10:23:35.776 [DEBU] {acf328b9fcdc0517e5e6650937b3104d} [ 24 ms] [default] [rows:10 ] SHOW FULL COLUMNS FROM `link_serial` 
2022-07-28 10:23:35.784 [DEBU] {6463b9bafcdc0517e6e66509e014161c} [  6 ms] [default] [rows:1  ] SELECT `id`,`name`,`mark`,`serial_name`,`serial_baund`,`serial_parity`,`serial_data`,`serial_stop`,`created_at`,`updated_at` FROM `link_serial` ORDER BY `id` asc 
2022-07-28 10:43:14.294 [DEBU] {1ccec91e0fde051781369d479e2bf8fd} [ 16 ms] [default] [rows:10 ] SHOW FULL COLUMNS FROM `link_serial` 
2022-07-28 10:43:14.306 [DEBU] {1469db1f0fde051782369d47634a86be} [ 10 ms] [default] [rows:1  ] SELECT `id`,`name`,`mark`,`serial_name`,`serial_baund`,`serial_parity`,`serial_data`,`serial_stop`,`created_at`,`updated_at` FROM `link_serial` ORDER BY `id` asc 
2022-07-28 11:00:59.003 [DEBU] {c8df140407df0517eebe5871b4dc909e} [ 21 ms] [default] [rows:10 ] SHOW FULL COLUMNS FROM `link_serial` 
2022-07-28 11:00:59.011 [DEBU] {3cad810507df0517efbe587114adc309} [  5 ms] [default] [rows:1  ] SELECT `id`,`name`,`mark`,`serial_name`,`serial_baund`,`serial_parity`,`serial_data`,`serial_stop`,`created_at`,`updated_at` FROM `link_serial` ORDER BY `id` asc 
2022-07-28 11:07:33.357 [DEBU] {14211dd662df0517f0be5871c85af08b} [ 10 ms] [default] [rows:1  ] SELECT `id`,`name`,`mark`,`serial_name`,`serial_baund`,`serial_parity`,`serial_data`,`serial_stop`,`created_at`,`updated_at` FROM `link_serial` ORDER BY `id` asc 
2022-07-28 11:09:52.638 [DEBU] {400d5d3a83df0517910b5f376903db19} [ 77 ms] [default] [rows:21 ] SHOW FULL COLUMNS FROM `sys_user` 
2022-07-28 11:09:52.731 [DEBU] {400d5d3a83df0517910b5f376903db19} [ 39 ms] [default] [rows:1  ] SELECT `id`,`user_name`,`user_nickname`,`user_password`,`user_salt`,`user_status`,`is_admin`,`avatar`,`dept_id` FROM `sys_user` WHERE (`user_name`='demo') AND `deleted_at` IS NULL LIMIT 1 
2022-07-28 11:09:52.773 [DEBU] {400d5d3a83df0517910b5f376903db19} [ 27 ms] [default] [rows:1  ] UPDATE `sys_user` SET `last_login_time`='2022-07-28 11:09:52',`updated_at`='2022-07-28 11:09:52',`last_login_ip`='::1' WHERE (`id`=31) AND `deleted_at` IS NULL 
2022-07-28 11:09:52.908 [DEBU] {400d5d3a83df0517910b5f376903db19} [ 24 ms] [default] [rows:8  ] SHOW FULL COLUMNS FROM `sys_role` 
2022-07-28 11:09:52.916 [DEBU] {400d5d3a83df0517910b5f376903db19} [  6 ms] [default] [rows:6  ] SELECT `id`,`status`,`list_order`,`name`,`remark`,`data_scope`,`created_at`,`updated_at` FROM `sys_role` ORDER BY `list_order` asc,`id` asc 
2022-07-28 11:09:52.972 [DEBU] {2857635783df0517940b5f37cc577ddd} [ 17 ms] [default] [rows:7  ] SHOW FULL COLUMNS FROM `casbin_rule` 
2022-07-28 11:09:52.985 [DEBU] {94ac695883df0517950b5f371319b521} [ 13 ms] [default] [rows:33 ] SELECT `ptype`,`v0`,`v1`,`v2`,`v3`,`v4`,`v5` FROM `casbin_rule` 
2022-07-28 11:09:53.012 [DEBU] {a8d2325a83df0517960b5f3710266f74} [ 10 ms] [default] [rows:33 ] SELECT `ptype`,`v0`,`v1`,`v2`,`v3`,`v4`,`v5` FROM `casbin_rule` 
2022-07-28 11:09:53.047 [DEBU] {400d5d3a83df0517910b5f376903db19} [ 11 ms] [default] [rows:25 ] SHOW FULL COLUMNS FROM `sys_auth_rule` 
2022-07-28 11:09:53.118 [DEBU] {400d5d3a83df0517910b5f376903db19} [ 70 ms] [default] [rows:110] SELECT `id`,`pid`,`name`,`title`,`icon`,`condition`,`remark`,`menu_type`,`weigh`,`is_hide`,`is_cached`,`is_affix`,`path`,`redirect`,`component`,`is_iframe`,`is_link`,`link_url` FROM `sys_auth_rule` WHERE `deleted_at` IS NULL ORDER BY `weigh` desc,`id` asc 
2022-07-28 11:09:53.230 [DEBU] {400d5d3a83df0517910b5f376903db19} [ 14 ms] [default] [rows:10 ] SHOW FULL COLUMNS FROM `sys_login_log` 
2022-07-28 11:09:53.286 [DEBU] {400d5d3a83df0517910b5f376903db19} [ 54 ms] [default] [rows:1  ] INSERT INTO `sys_login_log`(`login_time`,`msg`,`login_location`,`browser`,`login_name`,`ipaddr`,`os`,`module`,`status`) VALUES('2022-07-28 11:09:53','登录成功','云南省 昆明市','Edge','demo','::1','Windows 10','系统后台',1)  
2022-07-28 11:10:01.585 [DEBU] {543de05285df0517a40b5f37ad4520db} [  7 ms] [default] [rows:10 ] SHOW FULL COLUMNS FROM `link_serial` 
2022-07-28 11:10:01.594 [DEBU] {543de05285df0517a40b5f37ad4520db} [  8 ms] [default] [rows:1  ] SELECT COUNT(1) FROM `link_serial` 
2022-07-28 11:10:01.603 [DEBU] {543de05285df0517a40b5f37ad4520db} [  8 ms] [default] [rows:1  ] SELECT `id`,`name`,`mark`,`serial_name`,`serial_baund`,`serial_parity`,`serial_data`,`serial_stop`,`created_at`,`updated_at` FROM `link_serial` ORDER BY `id` asc LIMIT 0,10 
2022-07-28 11:10:05.983 [DEBU] {34aeec5d86df0517a60b5f37636e5496} [ 32 ms] [default] [rows:1  ] SELECT `id`,`name`,`mark`,`serial_name`,`serial_baund`,`serial_parity`,`serial_data`,`serial_stop`,`created_at`,`updated_at` FROM `link_serial` WHERE `id`=1 LIMIT 1 
2022-07-28 11:10:15.446 [DEBU] {444e4a8f88df0517a80b5f37679a51c8} [ 77 ms] [default] [rows:1  ] UPDATE `link_serial` SET `serial_data`=8,`serial_stop`=1,`serial_baund`=115200,`serial_name`='com1',`name`='com1',`mark`='com1',`updated_at`='2022-07-28 11:10:15',`serial_parity`=0 WHERE `id`=1 
2022-07-28 11:10:15.584 [DEBU] {9055019988df0517a90b5f37d2069d78} [ 53 ms] [default] [rows:1  ] SELECT COUNT(1) FROM `link_serial` 
2022-07-28 11:10:15.618 [DEBU] {9055019988df0517a90b5f37d2069d78} [ 31 ms] [default] [rows:1  ] SELECT `id`,`name`,`mark`,`serial_name`,`serial_baund`,`serial_parity`,`serial_data`,`serial_stop`,`created_at`,`updated_at` FROM `link_serial` ORDER BY `id` asc LIMIT 0,10 
2022-07-28 11:10:19.682 [DEBU] {30960f9089df0517ab0b5f371ee49825} [  6 ms] [default] [rows:1  ] SELECT COUNT(1) FROM `link_serial` 
2022-07-28 11:10:19.688 [DEBU] {30960f9089df0517ab0b5f371ee49825} [  4 ms] [default] [rows:1  ] SELECT `id`,`name`,`mark`,`serial_name`,`serial_baund`,`serial_parity`,`serial_data`,`serial_stop`,`created_at`,`updated_at` FROM `link_serial` ORDER BY `id` asc LIMIT 0,10 
2022-07-28 11:11:04.722 [DEBU] {d06a1f0b94df0517ad0b5f37e3122571} [ 30 ms] [default] [rows:1  ] SELECT COUNT(1) FROM `link_serial` 
2022-07-28 11:11:04.734 [DEBU] {d06a1f0b94df0517ad0b5f37e3122571} [ 11 ms] [default] [rows:1  ] SELECT `id`,`name`,`mark`,`serial_name`,`serial_baund`,`serial_parity`,`serial_data`,`serial_stop`,`created_at`,`updated_at` FROM `link_serial` ORDER BY `id` asc LIMIT 0,10 
2022-07-28 11:12:37.698 [DEBU] {0ce416b2a9df051713d73a5462a5a0b9} [ 11 ms] [default] [rows:10 ] SHOW FULL COLUMNS FROM `link_serial` 
2022-07-28 11:12:37.704 [DEBU] {0ce416b2a9df051713d73a5462a5a0b9} [  5 ms] [default] [rows:1  ] SELECT COUNT(1) FROM `link_serial` 
2022-07-28 11:12:37.714 [DEBU] {0ce416b2a9df051713d73a5462a5a0b9} [  7 ms] [default] [rows:1  ] SELECT `id`,`name`,`mark`,`serial_name`,`serial_baund`,`serial_parity`,`serial_data`,`serial_stop`,`created_at`,`updated_at` FROM `link_serial` ORDER BY `id` asc LIMIT 0,10 
2022-07-28 11:13:05.075 [DEBU] {a4616911b0df051715d73a5473259e11} [ 19 ms] [default] [rows:1  ] SELECT COUNT(1) FROM `link_serial` 
2022-07-28 11:13:05.100 [DEBU] {a4616911b0df051715d73a5473259e11} [ 24 ms] [default] [rows:1  ] SELECT `id`,`name`,`mark`,`serial_name`,`serial_baund`,`serial_parity`,`serial_data`,`serial_stop`,`created_at`,`updated_at` FROM `link_serial` ORDER BY `id` asc LIMIT 0,10 
2022-07-28 11:15:43.392 [DEBU] {b021d8edd4df05172a985a5656c2a70a} [ 18 ms] [default] [rows:10 ] SHOW FULL COLUMNS FROM `link_serial` 
2022-07-28 11:15:43.409 [DEBU] {b021d8edd4df05172a985a5656c2a70a} [ 16 ms] [default] [rows:1  ] SELECT COUNT(1) FROM `link_serial` 
2022-07-28 11:15:43.417 [DEBU] {b021d8edd4df05172a985a5656c2a70a} [  7 ms] [default] [rows:1  ] SELECT `id`,`name`,`mark`,`serial_name`,`serial_baund`,`serial_parity`,`serial_data`,`serial_stop`,`created_at`,`updated_at` FROM `link_serial` ORDER BY `id` asc LIMIT 0,10 
2022-07-28 11:16:02.679 [DEBU] {645a1d6cd9df0517c4169c60b104c273} [  9 ms] [default] [rows:10 ] SHOW FULL COLUMNS FROM `link_serial` 
2022-07-28 11:16:02.688 [DEBU] {1c77c56cd9df0517c5169c604d8c12aa} [  7 ms] [default] [rows:1  ] SELECT `id`,`name`,`mark`,`serial_name`,`serial_baund`,`serial_parity`,`serial_data`,`serial_stop`,`created_at`,`updated_at` FROM `link_serial` ORDER BY `id` asc 
2022-07-28 11:16:27.106 [DEBU] {180f411bdfdf0517c6169c6093a3742d} [ 23 ms] [default] [rows:1  ] SELECT `id`,`name`,`mark`,`serial_name`,`serial_baund`,`serial_parity`,`serial_data`,`serial_stop`,`created_at`,`updated_at` FROM `link_serial` ORDER BY `id` asc 
2022-07-28 11:18:05.730 [DEBU] {d8f74812f6df05178e4246745057497d} [ 12 ms] [default] [rows:10 ] SHOW FULL COLUMNS FROM `link_serial` 
2022-07-28 11:18:05.744 [DEBU] {d8f74812f6df05178e4246745057497d} [  6 ms] [default] [rows:1  ] SELECT COUNT(1) FROM `link_serial` 
2022-07-28 11:18:05.751 [DEBU] {d8f74812f6df05178e4246745057497d} [  7 ms] [default] [rows:1  ] SELECT `id`,`name`,`mark`,`serial_name`,`serial_baund`,`serial_parity`,`serial_data`,`serial_stop`,`created_at`,`updated_at` FROM `link_serial` ORDER BY `id` asc LIMIT 0,10 
2022-07-28 11:18:07.703 [DEBU] {08fa3688f6df051791424674e04fc38c} [  7 ms] [default] [rows:1  ] SELECT `id`,`name`,`mark`,`serial_name`,`serial_baund`,`serial_parity`,`serial_data`,`serial_stop`,`created_at`,`updated_at` FROM `link_serial` WHERE `id`=1 LIMIT 1 
2022-07-28 11:18:18.473 [DEBU] {d8efba09f9df05179342467479581aee} [ 14 ms] [default] [rows:1  ] UPDATE `link_serial` SET `serial_stop`=1,`serial_data`=8,`serial_name`='com2',`serial_baund`=115200,`name`='com2',`mark`='com2',`updated_at`='2022-07-28 11:18:18',`serial_parity`=0 WHERE `id`=1 
2022-07-28 11:18:18.568 [DEBU] {d081ee0ff9df051795424674fdb420a7} [  5 ms] [default] [rows:1  ] SELECT COUNT(1) FROM `link_serial` 
2022-07-28 11:18:18.576 [DEBU] {d081ee0ff9df051795424674fdb420a7} [  6 ms] [default] [rows:1  ] SELECT `id`,`name`,`mark`,`serial_name`,`serial_baund`,`serial_parity`,`serial_data`,`serial_stop`,`created_at`,`updated_at` FROM `link_serial` ORDER BY `id` asc LIMIT 0,10 
2022-07-28 11:18:36.596 [DEBU] {40c2d041fddf05172e6ce12c2c7d394a} [ 17 ms] [default] [rows:10 ] SHOW FULL COLUMNS FROM `link_serial` 
2022-07-28 11:18:36.612 [DEBU] {5403f342fddf05172f6ce12c405b3fd3} [ 14 ms] [default] [rows:1  ] SELECT `id`,`name`,`mark`,`serial_name`,`serial_baund`,`serial_parity`,`serial_data`,`serial_stop`,`created_at`,`updated_at` FROM `link_serial` ORDER BY `id` asc 
2022-07-28 11:19:09.447 [DEBU] {04968ae804e00517306ce12c604c821d} [  6 ms] [default] [rows:1  ] SELECT `id`,`name`,`mark`,`serial_name`,`serial_baund`,`serial_parity`,`serial_data`,`serial_stop`,`created_at`,`updated_at` FROM `link_serial` ORDER BY `id` asc 
2022-07-28 11:30:04.141 [DEBU] {e002e1559de00517bda1b30732d95f21} [ 29 ms] [default] [rows:25 ] SHOW FULL COLUMNS FROM `sys_auth_rule` 
2022-07-28 11:30:04.153 [DEBU] {e002e1559de00517bda1b30732d95f21} [  9 ms] [default] [rows:110] SELECT `id`,`pid`,`name`,`title`,`icon`,`condition`,`remark`,`menu_type`,`weigh`,`is_hide`,`is_cached`,`is_affix`,`path`,`redirect`,`component`,`is_iframe`,`is_link`,`link_url` FROM `sys_auth_rule` WHERE `deleted_at` IS NULL ORDER BY `weigh` desc,`id` asc 
2022-07-28 11:30:04.238 [DEBU] {e002e1559de00517bda1b30732d95f21} [ 13 ms] [default] [rows:8  ] SHOW FULL COLUMNS FROM `sys_role` 
2022-07-28 11:30:04.249 [DEBU] {e002e1559de00517bda1b30732d95f21} [  8 ms] [default] [rows:6  ] SELECT `id`,`status`,`list_order`,`name`,`remark`,`data_scope`,`created_at`,`updated_at` FROM `sys_role` ORDER BY `list_order` asc,`id` asc 
2022-07-28 11:30:04.265 [DEBU] {8cf1605e9de00517c0a1b307f14e575e} [ 12 ms] [default] [rows:7  ] SHOW FULL COLUMNS FROM `casbin_rule` 
2022-07-28 11:30:04.295 [DEBU] {3c6d435f9de00517c1a1b30785566613} [ 26 ms] [default] [rows:33 ] SELECT `ptype`,`v0`,`v1`,`v2`,`v3`,`v4`,`v5` FROM `casbin_rule` 
2022-07-28 11:30:04.310 [DEBU] {487e06619de00517c2a1b307eecf5fa0} [ 12 ms] [default] [rows:33 ] SELECT `ptype`,`v0`,`v1`,`v2`,`v3`,`v4`,`v5` FROM `casbin_rule` 
2022-07-28 11:30:23.238 [DEBU] {1c5e0ec9a1e00517c7a1b307a0421812} [ 15 ms] [default] [rows:21 ] SHOW FULL COLUMNS FROM `sys_user` 
2022-07-28 11:30:23.249 [DEBU] {1c5e0ec9a1e00517c7a1b307a0421812} [  9 ms] [default] [rows:1  ] SELECT `id`,`user_name`,`user_nickname`,`user_password`,`user_salt`,`user_status`,`is_admin`,`avatar`,`dept_id` FROM `sys_user` WHERE (`user_name`='demo') AND `deleted_at` IS NULL LIMIT 1 
2022-07-28 11:30:23.281 [DEBU] {1c5e0ec9a1e00517c7a1b307a0421812} [ 31 ms] [default] [rows:1  ] UPDATE `sys_user` SET `updated_at`='2022-07-28 11:30:23',`last_login_ip`='::1',`last_login_time`='2022-07-28 11:30:23' WHERE (`id`=31) AND `deleted_at` IS NULL 
2022-07-28 11:30:23.483 [DEBU] {1c5e0ec9a1e00517c7a1b307a0421812} [ 34 ms] [default] [rows:10 ] SHOW FULL COLUMNS FROM `sys_login_log` 
2022-07-28 11:30:23.555 [DEBU] {1c5e0ec9a1e00517c7a1b307a0421812} [ 67 ms] [default] [rows:1  ] INSERT INTO `sys_login_log`(`ipaddr`,`login_location`,`login_time`,`module`,`status`,`browser`,`login_name`,`os`,`msg`) VALUES('::1','云南省 昆明市','2022-07-28 11:30:23','系统后台',1,'Edge','demo','Windows 10','登录成功')  
2022-07-28 11:30:34.585 [DEBU] {0c1bc46da4e00517cca1b30793784f11} [  9 ms] [default] [rows:10 ] SHOW FULL COLUMNS FROM `link_serial` 
2022-07-28 11:30:34.595 [DEBU] {0c1bc46da4e00517cca1b30793784f11} [  8 ms] [default] [rows:1  ] SELECT COUNT(1) FROM `link_serial` 
2022-07-28 11:30:34.602 [DEBU] {0c1bc46da4e00517cca1b30793784f11} [  6 ms] [default] [rows:1  ] SELECT `id`,`name`,`mark`,`serial_name`,`serial_baund`,`serial_parity`,`serial_data`,`serial_stop`,`created_at`,`updated_at` FROM `link_serial` ORDER BY `id` asc LIMIT 0,10 
2022-07-28 11:31:04.617 [DEBU] {2082e56aabe0051721757a783a914b65} [ 24 ms] [default] [rows:10 ] SHOW FULL COLUMNS FROM `link_serial` 
2022-07-28 11:31:04.626 [DEBU] {68166c6cabe0051722757a789fa2b261} [  8 ms] [default] [rows:1  ] SELECT `id`,`name`,`mark`,`serial_name`,`serial_baund`,`serial_parity`,`serial_data`,`serial_stop`,`created_at`,`updated_at` FROM `link_serial` ORDER BY `id` asc 
