2022-06-24 00:00:11.345 [DEBU] {2811a5873c4bfb16197e0936e385f7fd} [ 10 ms] [default] [rows:72 ] SELECT `id`,`pid`,`name`,`title`,`icon`,`condition`,`remark`,`menu_type`,`weigh`,`is_hide`,`is_cached`,`is_affix`,`path`,`redirect`,`component`,`is_iframe`,`is_link`,`link_url` FROM `sys_auth_rule` WHERE `deleted_at` IS NULL ORDER BY `weigh` desc,`id` asc 
2022-06-24 00:00:36.807 [DEBU] {dc24ea74424bfb161e7e0936f24020cb} [ 16 ms] [default] [rows:72 ] SELECT `id`,`pid`,`name`,`title`,`icon`,`condition`,`remark`,`menu_type`,`weigh`,`is_hide`,`is_cached`,`is_affix`,`path`,`redirect`,`component`,`is_iframe`,`is_link`,`link_url` FROM `sys_auth_rule` WHERE `deleted_at` IS NULL ORDER BY `weigh` desc,`id` asc 
2022-06-24 00:00:44.804 [DEBU] {5c21e541444bfb16247e09363b7cbbe7} [279 ms] [default] [rows:1  ] SELECT COUNT(1) FROM `device_group` 
2022-06-24 00:00:44.958 [DEBU] {04df9152444bfb16267e0936538936f9} [155 ms] [default] [rows:1  ] SELECT COUNT(1) FROM `device_info` 
2022-06-24 00:00:45.061 [DEBU] {d49e0342444bfb16257e0936dc61b66b} [166 ms] [default] [rows:1  ] SELECT COUNT(1) FROM `device_kind` 
2022-06-24 00:00:45.062 [DEBU] {5c21e541444bfb16247e09363b7cbbe7} [167 ms] [default] [rows:1  ] SELECT `id`,`name`,`created_at`,`updated_at` FROM `device_group` ORDER BY `id` asc LIMIT 0,10 
2022-06-24 00:00:45.167 [DEBU] {d49e0342444bfb16257e0936dc61b66b} [ 13 ms] [default] [rows:3  ] SELECT `id`,`name`,`mark`,`time_out`,`created_at`,`updated_at` FROM `device_kind` ORDER BY `id` asc LIMIT 0,10 
2022-06-24 00:00:45.065 [DEBU] {04df9152444bfb16267e0936538936f9} [  5 ms] [default] [rows:1  ] SELECT `id`,`name`,`group`,`sn`,`pwd`,`kind`,`logo`,`monitor`,`location`,`created_at`,`updated_at` FROM `device_info` LEFT JOIN `device_status` ON (device_status.status_id=device_info.id) ORDER BY `id` asc LIMIT 0,10 
2022-06-24 00:03:21.494 [DEBU] {8050a1cc684bfb1636984d35f192a649} [ 21 ms] [default] [rows:21 ] SHOW FULL COLUMNS FROM `sys_user` 
2022-06-24 00:03:21.518 [DEBU] {8050a1cc684bfb1636984d35f192a649} [ 19 ms] [default] [rows:1  ] SELECT `id`,`user_name`,`user_nickname`,`user_password`,`user_salt`,`user_status`,`is_admin`,`avatar`,`dept_id` FROM `sys_user` WHERE (`user_name`='demo') AND `deleted_at` IS NULL LIMIT 1 
2022-06-24 00:03:21.532 [DEBU] {8050a1cc684bfb1636984d35f192a649} [ 12 ms] [default] [rows:1  ] UPDATE `sys_user` SET `last_login_time`='2022-06-24 00:03:21',`last_login_ip`='::1',`updated_at`='2022-06-24 00:03:21' WHERE (`id`=31) AND `deleted_at` IS NULL 
2022-06-24 00:03:21.552 [DEBU] {8050a1cc684bfb1636984d35f192a649} [ 18 ms] [default] [rows:8  ] SHOW FULL COLUMNS FROM `sys_role` 
2022-06-24 00:03:21.558 [DEBU] {8050a1cc684bfb1636984d35f192a649} [  6 ms] [default] [rows:6  ] SELECT `id`,`status`,`list_order`,`name`,`remark`,`data_scope`,`created_at`,`updated_at` FROM `sys_role` ORDER BY `list_order` asc,`id` asc 
2022-06-24 00:03:21.567 [DEBU] {68c8f5d1684bfb1639984d3515322c27} [  7 ms] [default] [rows:7  ] SHOW FULL COLUMNS FROM `casbin_rule` 
2022-06-24 00:03:21.574 [DEBU] {3c5d73d2684bfb163a984d35cffcf489} [  6 ms] [default] [rows:33 ] SELECT `ptype`,`v0`,`v1`,`v2`,`v3`,`v4`,`v5` FROM `casbin_rule` 
2022-06-24 00:03:21.582 [DEBU] {c4e0eed2684bfb163b984d35e7ac2232} [  6 ms] [default] [rows:33 ] SELECT `ptype`,`v0`,`v1`,`v2`,`v3`,`v4`,`v5` FROM `casbin_rule` 
2022-06-24 00:03:21.595 [DEBU] {8050a1cc684bfb1636984d35f192a649} [ 11 ms] [default] [rows:25 ] SHOW FULL COLUMNS FROM `sys_auth_rule` 
2022-06-24 00:03:21.602 [DEBU] {8050a1cc684bfb1636984d35f192a649} [  7 ms] [default] [rows:72 ] SELECT `id`,`pid`,`name`,`title`,`icon`,`condition`,`remark`,`menu_type`,`weigh`,`is_hide`,`is_cached`,`is_affix`,`path`,`redirect`,`component`,`is_iframe`,`is_link`,`link_url` FROM `sys_auth_rule` WHERE `deleted_at` IS NULL ORDER BY `weigh` desc,`id` asc 
2022-06-24 00:03:21.649 [DEBU] {8050a1cc684bfb1636984d35f192a649} [ 11 ms] [default] [rows:10 ] SHOW FULL COLUMNS FROM `sys_login_log` 
2022-06-24 00:03:21.660 [DEBU] {8050a1cc684bfb1636984d35f192a649} [ 10 ms] [default] [rows:1  ] INSERT INTO `sys_login_log`(`login_location`,`module`,`ipaddr`,`login_time`,`login_name`,`browser`,`status`,`msg`,`os`) VALUES('','系统后台','::1','2022-06-24 00:03:21','demo','Edge',1,'登录成功','Windows 10')  
2022-06-24 00:03:23.576 [DEBU] {503f9447694bfb1641984d350ec75300} [ 43 ms] [default] [rows:4  ] SHOW FULL COLUMNS FROM `device_group` 
2022-06-24 00:03:23.585 [DEBU] {503f9447694bfb1641984d350ec75300} [  8 ms] [default] [rows:1  ] SELECT COUNT(1) FROM `device_group` 
2022-06-24 00:03:23.589 [DEBU] {b00a7d47694bfb1640984d354ed327bd} [ 11 ms] [default] [rows:6  ] SHOW FULL COLUMNS FROM `device_kind` 
2022-06-24 00:03:23.600 [DEBU] {b00a7d47694bfb1640984d354ed327bd} [ 11 ms] [default] [rows:1  ] SELECT COUNT(1) FROM `device_kind` 
2022-06-24 00:03:23.605 [DEBU] {241dcc49694bfb1642984d350ac390f5} [ 15 ms] [default] [rows:11 ] SHOW FULL COLUMNS FROM `device_info` 
2022-06-24 00:03:23.611 [DEBU] {b00a7d47694bfb1640984d354ed327bd} [  4 ms] [default] [rows:3  ] SELECT `id`,`name`,`mark`,`time_out`,`created_at`,`updated_at` FROM `device_kind` ORDER BY `id` asc LIMIT 0,10 
2022-06-24 00:03:23.612 [DEBU] {241dcc49694bfb1642984d350ac390f5} [  6 ms] [default] [rows:1  ] SELECT COUNT(1) FROM `device_info` 
2022-06-24 00:03:23.613 [DEBU] {503f9447694bfb1641984d350ec75300} [  6 ms] [default] [rows:1  ] SELECT `id`,`name`,`created_at`,`updated_at` FROM `device_group` ORDER BY `id` asc LIMIT 0,10 
2022-06-24 00:03:23.626 [DEBU] {241dcc49694bfb1642984d350ac390f5} [ 12 ms] [default] [rows:7  ] SHOW FULL COLUMNS FROM `device_status` 
2022-06-24 00:03:23.631 [DEBU] {241dcc49694bfb1642984d350ac390f5} [  5 ms] [default] [rows:1  ] SELECT `id`,`name`,`group`,`sn`,`pwd`,`kind`,`logo`,`monitor`,`location`,`created_at`,`updated_at` FROM `device_info` LEFT JOIN `device_status` ON (device_status.status_id=device_info.id) ORDER BY `id` asc LIMIT 0,10 
2022-06-24 00:07:49.384 [DEBU] {c4baef2ca74bfb1647984d35fe2b77eb} [ 10 ms] [default] [rows:1  ] SELECT `id`,`name`,`group`,`sn`,`pwd`,`kind`,`logo`,`monitor`,`location`,`created_at`,`updated_at` FROM `device_info` WHERE `id`=1 LIMIT 1 
2022-06-24 00:07:49.393 [DEBU] {c4baef2ca74bfb1646984d35b5933310} [ 19 ms] [default] [rows:1  ] SELECT `id`,`name`,`group`,`sn`,`pwd`,`kind`,`logo`,`monitor`,`location`,`created_at`,`updated_at` FROM `device_info` WHERE `id`=1 LIMIT 1 
2022-06-24 00:07:49.384 [DEBU] {e481f92ca74bfb1648984d356dd38996} [ 10 ms] [default] [rows:1  ] SELECT `id`,`name`,`group`,`sn`,`pwd`,`kind`,`logo`,`monitor`,`location`,`created_at`,`updated_at` FROM `device_info` WHERE `id`=1 LIMIT 1 
2022-06-24 00:08:10.483 [DEBU] {1c23c816ac4bfb164a984d35e9fea482} [  5 ms] [default] [rows:1  ] SELECT `id`,`name`,`group`,`sn`,`pwd`,`kind`,`logo`,`monitor`,`location`,`created_at`,`updated_at` FROM `device_info` WHERE `id`=1 LIMIT 1 
2022-06-24 00:12:01.143 [DEBU] {680312cae14bfb168a73561520457314} [ 24 ms] [default] [rows:11 ] SHOW FULL COLUMNS FROM `device_info` 
2022-06-24 00:12:01.152 [DEBU] {680312cae14bfb168a73561520457314} [  8 ms] [default] [rows:7  ] SHOW FULL COLUMNS FROM `device_status` 
2022-06-24 00:12:01.159 [DEBU] {680312cae14bfb168a73561520457314} [  6 ms] [default] [rows:1  ] SELECT `id`,`name`,`group`,`sn`,`pwd`,`kind`,`logo`,`monitor`,`location`,`created_at`,`updated_at` FROM `device_info` LEFT JOIN `device_status` ON (device_status.status_id=device_info.id) WHERE `device_info`.`id`=1 LIMIT 1 
2022-06-24 00:13:54.591 [DEBU] {d4090b35fc4bfb168e735615276b0c82} [  8 ms] [default] [rows:4  ] SHOW FULL COLUMNS FROM `device_group` 
2022-06-24 00:13:54.601 [DEBU] {fc4f1a35fc4bfb16907356150d1038fd} [  8 ms] [default] [rows:1  ] SELECT COUNT(1) FROM `device_info` 
2022-06-24 00:13:54.603 [DEBU] {d4090b35fc4bfb168e735615276b0c82} [ 11 ms] [default] [rows:1  ] SELECT COUNT(1) FROM `device_group` 
2022-06-24 00:13:54.603 [DEBU] {fc4f1a35fc4bfb168f735615e22a2bf5} [ 10 ms] [default] [rows:6  ] SHOW FULL COLUMNS FROM `device_kind` 
2022-06-24 00:13:54.610 [DEBU] {fc4f1a35fc4bfb16907356150d1038fd} [  5 ms] [default] [rows:1  ] SELECT `id`,`name`,`group`,`sn`,`pwd`,`kind`,`logo`,`monitor`,`location`,`created_at`,`updated_at` FROM `device_info` LEFT JOIN `device_status` ON (device_status.status_id=device_info.id) ORDER BY `id` asc LIMIT 0,10 
2022-06-24 00:13:54.610 [DEBU] {fc4f1a35fc4bfb168f735615e22a2bf5} [  6 ms] [default] [rows:1  ] SELECT COUNT(1) FROM `device_kind` 
2022-06-24 00:13:54.619 [DEBU] {d4090b35fc4bfb168e735615276b0c82} [ 14 ms] [default] [rows:1  ] SELECT `id`,`name`,`created_at`,`updated_at` FROM `device_group` ORDER BY `id` asc LIMIT 0,10 
2022-06-24 00:13:54.636 [DEBU] {fc4f1a35fc4bfb168f735615e22a2bf5} [ 17 ms] [default] [rows:3  ] SELECT `id`,`name`,`mark`,`time_out`,`created_at`,`updated_at` FROM `device_kind` ORDER BY `id` asc LIMIT 0,10 
2022-06-24 00:15:30.365 [DEBU] {5ce31e81124cfb1694735615a6e4b941} [ 15 ms] [default] [rows:1  ] SELECT COUNT(1) FROM `device_group` 
2022-06-24 00:15:30.372 [DEBU] {34737a81124cfb1695735615db2d50a5} [ 14 ms] [default] [rows:1  ] SELECT COUNT(1) FROM `device_kind` 
2022-06-24 00:15:30.374 [DEBU] {14f44582124cfb1696735615869f059c} [  6 ms] [default] [rows:1  ] SELECT COUNT(1) FROM `device_info` 
2022-06-24 00:15:30.377 [DEBU] {5ce31e81124cfb1694735615a6e4b941} [  6 ms] [default] [rows:1  ] SELECT `id`,`name`,`created_at`,`updated_at` FROM `device_group` ORDER BY `id` asc LIMIT 0,10 
2022-06-24 00:15:30.377 [DEBU] {34737a81124cfb1695735615db2d50a5} [  5 ms] [default] [rows:3  ] SELECT `id`,`name`,`mark`,`time_out`,`created_at`,`updated_at` FROM `device_kind` ORDER BY `id` asc LIMIT 0,10 
2022-06-24 00:15:30.395 [DEBU] {14f44582124cfb1696735615869f059c} [ 21 ms] [default] [rows:1  ] SELECT `id`,`name`,`group`,`sn`,`pwd`,`kind`,`logo`,`monitor`,`location`,`created_at`,`updated_at` FROM `device_info` LEFT JOIN `device_status` ON (device_status.status_id=device_info.id) ORDER BY `id` asc LIMIT 0,10 
2022-06-24 00:16:36.379 [DEBU] {acfd90e0214cfb169a735615a8c35bf2} [  4 ms] [default] [rows:1  ] SELECT COUNT(1) FROM `device_group` 
2022-06-24 00:16:36.388 [DEBU] {04d8eae0214cfb169b73561595950fac} [  5 ms] [default] [rows:1  ] SELECT COUNT(1) FROM `device_info` 
2022-06-24 00:16:36.389 [DEBU] {acfd90e0214cfb169a735615a8c35bf2} [  7 ms] [default] [rows:1  ] SELECT `id`,`name`,`created_at`,`updated_at` FROM `device_group` ORDER BY `id` asc LIMIT 0,10 
2022-06-24 00:16:36.390 [DEBU] {808525e1214cfb169c735615101dd826} [  5 ms] [default] [rows:1  ] SELECT COUNT(1) FROM `device_kind` 
2022-06-24 00:16:36.396 [DEBU] {04d8eae0214cfb169b73561595950fac} [  8 ms] [default] [rows:1  ] SELECT `id`,`name`,`group`,`sn`,`pwd`,`kind`,`logo`,`monitor`,`location`,`created_at`,`updated_at` FROM `device_info` LEFT JOIN `device_status` ON (device_status.status_id=device_info.id) ORDER BY `id` asc LIMIT 0,10 
2022-06-24 00:16:36.396 [DEBU] {808525e1214cfb169c735615101dd826} [  5 ms] [default] [rows:3  ] SELECT `id`,`name`,`mark`,`time_out`,`created_at`,`updated_at` FROM `device_kind` ORDER BY `id` asc LIMIT 0,10 
2022-06-24 00:16:46.944 [DEBU] {44d62f56244cfb169e7356153cb81867} [  7 ms] [default] [rows:1  ] SELECT `id`,`name`,`group`,`sn`,`pwd`,`kind`,`logo`,`monitor`,`location`,`created_at`,`updated_at` FROM `device_info` LEFT JOIN `device_status` ON (device_status.status_id=device_info.id) WHERE `device_info`.`id`=1 LIMIT 1 
2022-06-24 00:18:43.891 [DEBU] {4cb5d9903f4cfb16a0735615ff2386f6} [  5 ms] [default] [rows:1  ] SELECT `id`,`name`,`group`,`sn`,`pwd`,`kind`,`logo`,`monitor`,`location`,`created_at`,`updated_at` FROM `device_info` LEFT JOIN `device_status` ON (device_status.status_id=device_info.id) WHERE `device_info`.`id`=1 LIMIT 1 
2022-06-24 00:19:33.487 [DEBU] {9c1dc11c4b4cfb16a4735615bc07ea1b} [  9 ms] [default] [rows:1  ] SELECT COUNT(1) FROM `device_group` 
2022-06-24 00:19:33.489 [DEBU] {74a4df1c4b4cfb16a6735615e013dc15} [  5 ms] [default] [rows:1  ] SELECT COUNT(1) FROM `device_kind` 
2022-06-24 00:19:33.494 [DEBU] {9c1dc11c4b4cfb16a5735615de86947c} [ 15 ms] [default] [rows:1  ] SELECT COUNT(1) FROM `device_info` 
2022-06-24 00:19:33.499 [DEBU] {74a4df1c4b4cfb16a6735615e013dc15} [  4 ms] [default] [rows:3  ] SELECT `id`,`name`,`mark`,`time_out`,`created_at`,`updated_at` FROM `device_kind` ORDER BY `id` asc LIMIT 0,10 
2022-06-24 00:19:33.500 [DEBU] {9c1dc11c4b4cfb16a4735615bc07ea1b} [  8 ms] [default] [rows:1  ] SELECT `id`,`name`,`created_at`,`updated_at` FROM `device_group` ORDER BY `id` asc LIMIT 0,10 
2022-06-24 00:19:33.508 [DEBU] {9c1dc11c4b4cfb16a5735615de86947c} [ 11 ms] [default] [rows:1  ] SELECT `id`,`name`,`group`,`sn`,`pwd`,`kind`,`logo`,`monitor`,`location`,`created_at`,`updated_at` FROM `device_info` LEFT JOIN `device_status` ON (device_status.status_id=device_info.id) ORDER BY `id` asc LIMIT 0,10 
2022-06-24 00:19:36.301 [DEBU] {3079b5c44b4cfb16a87356151846cae5} [  6 ms] [default] [rows:1  ] SELECT `id`,`name`,`group`,`sn`,`pwd`,`kind`,`logo`,`monitor`,`location`,`created_at`,`updated_at` FROM `device_info` LEFT JOIN `device_status` ON (device_status.status_id=device_info.id) WHERE `device_info`.`id`=1 LIMIT 1 
2022-06-24 00:19:52.482 [DEBU] {b08321894f4cfb16aa7356156ba534ee} [  6 ms] [default] [rows:1  ] SELECT `id`,`name`,`group`,`sn`,`pwd`,`kind`,`logo`,`monitor`,`location`,`created_at`,`updated_at` FROM `device_info` LEFT JOIN `device_status` ON (device_status.status_id=device_info.id) WHERE `device_info`.`id`=1 LIMIT 1 
2022-06-24 00:19:54.324 [DEBU] {b408dff64f4cfb16ac73561544472ee6} [  8 ms] [default] [rows:1  ] SELECT `id`,`name`,`group`,`sn`,`pwd`,`kind`,`logo`,`monitor`,`location`,`created_at`,`updated_at` FROM `device_info` LEFT JOIN `device_status` ON (device_status.status_id=device_info.id) WHERE `device_info`.`id`=1 LIMIT 1 
2022-06-24 00:20:41.417 [DEBU] {b05626ec5a4cfb16ae7356159a48d72f} [ 31 ms] [default] [rows:1  ] SELECT `id`,`name`,`group`,`sn`,`pwd`,`kind`,`logo`,`monitor`,`location`,`created_at`,`updated_at` FROM `device_info` LEFT JOIN `device_status` ON (device_status.status_id=device_info.id) WHERE `device_info`.`id`=1 LIMIT 1 
2022-06-24 00:22:35.424 [DEBU] {00a64379754cfb16b0735615572b0d41} [  6 ms] [default] [rows:1  ] SELECT `id`,`name`,`group`,`sn`,`pwd`,`kind`,`logo`,`monitor`,`location`,`created_at`,`updated_at` FROM `device_info` LEFT JOIN `device_status` ON (device_status.status_id=device_info.id) WHERE `device_info`.`id`=1 LIMIT 1 
2022-06-24 00:22:54.203 [DEBU] {b4266fd8794cfb16b2735615aa7cf11c} [  8 ms] [default] [rows:1  ] SELECT `id`,`name`,`group`,`sn`,`pwd`,`kind`,`logo`,`monitor`,`location`,`created_at`,`updated_at` FROM `device_info` LEFT JOIN `device_status` ON (device_status.status_id=device_info.id) WHERE `device_info`.`id`=1 LIMIT 1 
2022-06-24 00:23:10.226 [DEBU] {70bd94937d4cfb16b4735615d6345ff1} [  6 ms] [default] [rows:1  ] SELECT `id`,`name`,`group`,`sn`,`pwd`,`kind`,`logo`,`monitor`,`location`,`created_at`,`updated_at` FROM `device_info` LEFT JOIN `device_status` ON (device_status.status_id=device_info.id) WHERE `device_info`.`id`=1 LIMIT 1 
2022-06-24 00:23:13.031 [DEBU] {0076cc3a7e4cfb16b6735615e7918d9e} [  6 ms] [default] [rows:1  ] SELECT `id`,`name`,`group`,`sn`,`pwd`,`kind`,`logo`,`monitor`,`location`,`created_at`,`updated_at` FROM `device_info` LEFT JOIN `device_status` ON (device_status.status_id=device_info.id) WHERE `device_info`.`id`=1 LIMIT 1 
2022-06-24 00:24:00.995 [DEBU] {c872f064894cfb16b8735615f6e04d3c} [  7 ms] [default] [rows:1  ] SELECT `id`,`name`,`group`,`sn`,`pwd`,`kind`,`logo`,`monitor`,`location`,`created_at`,`updated_at` FROM `device_info` LEFT JOIN `device_status` ON (device_status.status_id=device_info.id) WHERE `device_info`.`id`=1 LIMIT 1 
2022-06-24 00:24:38.046 [DEBU] {0c736205924cfb16ba735615995ff833} [ 16 ms] [default] [rows:1  ] SELECT `id`,`name`,`group`,`sn`,`pwd`,`kind`,`logo`,`monitor`,`location`,`created_at`,`updated_at` FROM `device_info` LEFT JOIN `device_status` ON (device_status.status_id=device_info.id) WHERE `device_info`.`id`=1 LIMIT 1 
2022-06-24 00:25:55.618 [DEBU] {d45a6815a44cfb16bc7356157d827b4b} [ 12 ms] [default] [rows:1  ] SELECT `id`,`name`,`group`,`sn`,`pwd`,`kind`,`logo`,`monitor`,`location`,`created_at`,`updated_at` FROM `device_info` LEFT JOIN `device_status` ON (device_status.status_id=device_info.id) WHERE `device_info`.`id`=1 LIMIT 1 
2022-06-24 00:26:13.475 [DEBU] {b8bc1d3ea84cfb16be735615e62e2f51} [  6 ms] [default] [rows:1  ] SELECT `id`,`name`,`group`,`sn`,`pwd`,`kind`,`logo`,`monitor`,`location`,`created_at`,`updated_at` FROM `device_info` LEFT JOIN `device_status` ON (device_status.status_id=device_info.id) WHERE `device_info`.`id`=1 LIMIT 1 
2022-06-24 00:26:24.170 [DEBU] {040a96bbaa4cfb16c073561552a5ded5} [  5 ms] [default] [rows:1  ] SELECT `id`,`name`,`group`,`sn`,`pwd`,`kind`,`logo`,`monitor`,`location`,`created_at`,`updated_at` FROM `device_info` LEFT JOIN `device_status` ON (device_status.status_id=device_info.id) WHERE `device_info`.`id`=1 LIMIT 1 
2022-06-24 00:26:26.690 [DEBU] {1433d051ab4cfb16c2735615e4d74c76} [  5 ms] [default] [rows:1  ] SELECT `id`,`name`,`group`,`sn`,`pwd`,`kind`,`logo`,`monitor`,`location`,`created_at`,`updated_at` FROM `device_info` LEFT JOIN `device_status` ON (device_status.status_id=device_info.id) WHERE `device_info`.`id`=1 LIMIT 1 
