2022-07-15 00:05:24.613 [DEBU] {d88b7a63b5bd0117cb525a2ffe458bec} [  8 ms] [default] [rows:1  ] SELECT `id`,`name`,`group`,`sn`,`pwd`,`kind`,`logo`,`monitor`,`location`,`created_at`,`updated_at` FROM `device_info` LEFT JOIN `device_status` ON (device_status.status_id=device_info.id) WHERE `device_info`.`id`=1 LIMIT 1 
2022-07-15 00:05:24.632 [DEBU] {d88b7a63b5bd0117cb525a2ffe458bec} [ 18 ms] [default] [rows:1  ] SELECT `id`,`name`,`mark`,`time_out`,`created_at`,`updated_at` FROM `device_kind` WHERE `id`=1 LIMIT 1 
2022-07-15 00:05:24.638 [DEBU] {d88b7a63b5bd0117cb525a2ffe458bec} [  5 ms] [default] [rows:2  ] SELECT `id`,`kind_id`,`name`,`mark`,`data_type`,`unit`,`ratio`,`format`,`home_show`,`remark`,`created_at`,`updated_at` FROM `device_categoty` WHERE kind_id = 1 ORDER BY `id` asc 
2022-07-15 00:05:24.705 [DEBU] {dcc75d68b5bd0117ce525a2f3ccfb074} [ 18 ms] [default] [rows:1  ] select count(1) from device_category_data where id!=0  and category_id=1 and device_id=1 
2022-07-15 00:05:24.706 [DEBU] {b037c468b5bd0117cf525a2fcf81c65f} [ 13 ms] [default] [rows:1  ] select count(1) from device_category_data where id!=0  and category_id=2 and device_id=1 
2022-07-15 00:05:24.710 [DEBU] {dcc75d68b5bd0117ce525a2f3ccfb074} [  4 ms] [default] [rows:10 ] select data_int as data , id, created_at from device_category_data where id!=0  and category_id=1 and device_id=1 order by id asc limit  0,10 
2022-07-15 00:05:24.712 [DEBU] {b037c468b5bd0117cf525a2fcf81c65f} [  6 ms] [default] [rows:10 ] select data_int as data , id, created_at from device_category_data where id!=0  and category_id=2 and device_id=1 order by id asc limit  0,10 
2022-07-15 00:10:42.483 [DEBU] {9ce59e5effbd0117d1525a2f0945c87b} [126 ms] [default] [rows:1  ] SELECT `id`,`name`,`group`,`sn`,`pwd`,`kind`,`logo`,`monitor`,`location`,`created_at`,`updated_at` FROM `device_info` LEFT JOIN `device_status` ON (device_status.status_id=device_info.id) WHERE `device_info`.`id`=1 LIMIT 1 
2022-07-15 00:10:42.580 [DEBU] {9ce59e5effbd0117d1525a2f0945c87b} [ 66 ms] [default] [rows:1  ] SELECT `id`,`name`,`mark`,`time_out`,`created_at`,`updated_at` FROM `device_kind` WHERE `id`=1 LIMIT 1 
2022-07-15 00:10:42.605 [DEBU] {9ce59e5effbd0117d1525a2f0945c87b} [ 18 ms] [default] [rows:2  ] SELECT `id`,`kind_id`,`name`,`mark`,`data_type`,`unit`,`ratio`,`format`,`home_show`,`remark`,`created_at`,`updated_at` FROM `device_categoty` WHERE kind_id = 1 ORDER BY `id` asc 
2022-07-15 00:10:42.775 [DEBU] {f0e07074ffbd0117d5525a2f2abdff15} [ 58 ms] [default] [rows:1  ] select count(1) from device_category_data where id!=0  and category_id=1 and device_id=1 
2022-07-15 00:10:42.802 [DEBU] {b09e6174ffbd0117d4525a2fddcc793e} [ 87 ms] [default] [rows:1  ] select count(1) from device_category_data where id!=0  and category_id=2 and device_id=1 
2022-07-15 00:10:42.879 [DEBU] {f0e07074ffbd0117d5525a2f2abdff15} [ 56 ms] [default] [rows:10 ] select data_int as data , id, created_at from device_category_data where id!=0  and category_id=1 and device_id=1 order by id asc limit  0,10 
2022-07-15 00:10:42.892 [DEBU] {b09e6174ffbd0117d4525a2fddcc793e} [ 66 ms] [default] [rows:10 ] select data_int as data , id, created_at from device_category_data where id!=0  and category_id=2 and device_id=1 order by id asc limit  0,10 
2022-07-15 00:13:37.775 [DEBU] {dc34e33428be0117d7525a2f40237567} [ 31 ms] [default] [rows:1  ] SELECT `id`,`name`,`group`,`sn`,`pwd`,`kind`,`logo`,`monitor`,`location`,`created_at`,`updated_at` FROM `device_info` LEFT JOIN `device_status` ON (device_status.status_id=device_info.id) WHERE `device_info`.`id`=1 LIMIT 1 
2022-07-15 00:13:37.804 [DEBU] {dc34e33428be0117d7525a2f40237567} [ 26 ms] [default] [rows:1  ] SELECT `id`,`name`,`mark`,`time_out`,`created_at`,`updated_at` FROM `device_kind` WHERE `id`=1 LIMIT 1 
2022-07-15 00:13:37.818 [DEBU] {dc34e33428be0117d7525a2f40237567} [ 12 ms] [default] [rows:2  ] SELECT `id`,`kind_id`,`name`,`mark`,`data_type`,`unit`,`ratio`,`format`,`home_show`,`remark`,`created_at`,`updated_at` FROM `device_categoty` WHERE kind_id = 1 ORDER BY `id` asc 
2022-07-15 00:13:38.004 [DEBU] {10b0be4028be0117db525a2f856bd34c} [ 61 ms] [default] [rows:1  ] select count(1) from device_category_data where id!=0  and category_id=1 and device_id=1 
2022-07-15 00:13:38.005 [DEBU] {f467af4028be0117da525a2f3267e7cb} [ 63 ms] [default] [rows:1  ] select count(1) from device_category_data where id!=0  and category_id=2 and device_id=1 
2022-07-15 00:13:38.012 [DEBU] {10b0be4028be0117db525a2f856bd34c} [  5 ms] [default] [rows:10 ] select data_int as data , id, created_at from device_category_data where id!=0  and category_id=1 and device_id=1 order by id asc limit  0,10 
2022-07-15 00:13:38.048 [DEBU] {f467af4028be0117da525a2f3267e7cb} [ 40 ms] [default] [rows:10 ] select data_int as data , id, created_at from device_category_data where id!=0  and category_id=2 and device_id=1 order by id asc limit  0,10 
2022-07-15 00:15:50.921 [DEBU] {d80bcd3547be0117dd525a2f7ad9fc6a} [ 18 ms] [default] [rows:1  ] SELECT `id`,`name`,`group`,`sn`,`pwd`,`kind`,`logo`,`monitor`,`location`,`created_at`,`updated_at` FROM `device_info` LEFT JOIN `device_status` ON (device_status.status_id=device_info.id) WHERE `device_info`.`id`=1 LIMIT 1 
2022-07-15 00:15:50.961 [DEBU] {d80bcd3547be0117dd525a2f7ad9fc6a} [ 39 ms] [default] [rows:1  ] SELECT `id`,`name`,`mark`,`time_out`,`created_at`,`updated_at` FROM `device_kind` WHERE `id`=1 LIMIT 1 
2022-07-15 00:15:51.029 [DEBU] {d80bcd3547be0117dd525a2f7ad9fc6a} [ 49 ms] [default] [rows:2  ] SELECT `id`,`kind_id`,`name`,`mark`,`data_type`,`unit`,`ratio`,`format`,`home_show`,`remark`,`created_at`,`updated_at` FROM `device_categoty` WHERE kind_id = 1 ORDER BY `id` asc 
2022-07-15 00:15:51.165 [DEBU] {149c514447be0117e0525a2f82804304} [ 18 ms] [default] [rows:1  ] select count(1) from device_category_data where id!=0  and category_id=2 and device_id=1 
2022-07-15 00:15:51.166 [DEBU] {149c514447be0117e1525a2f92741862} [ 18 ms] [default] [rows:1  ] select count(1) from device_category_data where id!=0  and category_id=1 and device_id=1 
2022-07-15 00:15:51.184 [DEBU] {149c514447be0117e1525a2f92741862} [ 14 ms] [default] [rows:10 ] select data_int as data , id, created_at from device_category_data where id!=0  and category_id=1 and device_id=1 order by id asc limit  0,10 
2022-07-15 00:15:51.187 [DEBU] {149c514447be0117e0525a2f82804304} [ 21 ms] [default] [rows:10 ] select data_int as data , id, created_at from device_category_data where id!=0  and category_id=2 and device_id=1 order by id asc limit  0,10 
2022-07-15 00:19:17.113 [DEBU] {089f363877be0117e3525a2fc601fc9d} [ 10 ms] [default] [rows:1  ] SELECT `id`,`name`,`group`,`sn`,`pwd`,`kind`,`logo`,`monitor`,`location`,`created_at`,`updated_at` FROM `device_info` LEFT JOIN `device_status` ON (device_status.status_id=device_info.id) WHERE `device_info`.`id`=1 LIMIT 1 
2022-07-15 00:19:17.121 [DEBU] {089f363877be0117e3525a2fc601fc9d} [  6 ms] [default] [rows:1  ] SELECT `id`,`name`,`mark`,`time_out`,`created_at`,`updated_at` FROM `device_kind` WHERE `id`=1 LIMIT 1 
2022-07-15 00:19:17.127 [DEBU] {089f363877be0117e3525a2fc601fc9d} [  6 ms] [default] [rows:2  ] SELECT `id`,`kind_id`,`name`,`mark`,`data_type`,`unit`,`ratio`,`format`,`home_show`,`remark`,`created_at`,`updated_at` FROM `device_categoty` WHERE kind_id = 1 ORDER BY `id` asc 
2022-07-15 00:19:17.183 [DEBU] {d8d0c63c77be0117e7525a2f2b820320} [  4 ms] [default] [rows:1  ] select count(1) from device_category_data where id!=0  and category_id=1 and device_id=1 
2022-07-15 00:19:17.185 [DEBU] {d8d0c63c77be0117e6525a2f6b4d1457} [  6 ms] [default] [rows:1  ] select count(1) from device_category_data where id!=0  and category_id=2 and device_id=1 
2022-07-15 00:19:17.190 [DEBU] {d8d0c63c77be0117e7525a2f2b820320} [  7 ms] [default] [rows:10 ] select data_int as data , id, created_at from device_category_data where id!=0  and category_id=1 and device_id=1 order by id asc limit  0,10 
2022-07-15 00:19:17.190 [DEBU] {d8d0c63c77be0117e6525a2f6b4d1457} [  5 ms] [default] [rows:10 ] select data_int as data , id, created_at from device_category_data where id!=0  and category_id=2 and device_id=1 order by id asc limit  0,10 
2022-07-15 00:19:46.838 [DEBU] {f4cbe4237ebe0117e9525a2fab112039} [ 11 ms] [default] [rows:1  ] SELECT `id`,`name`,`group`,`sn`,`pwd`,`kind`,`logo`,`monitor`,`location`,`created_at`,`updated_at` FROM `device_info` LEFT JOIN `device_status` ON (device_status.status_id=device_info.id) WHERE `device_info`.`id`=1 LIMIT 1 
2022-07-15 00:19:46.847 [DEBU] {f4cbe4237ebe0117e9525a2fab112039} [  9 ms] [default] [rows:1  ] SELECT `id`,`name`,`mark`,`time_out`,`created_at`,`updated_at` FROM `device_kind` WHERE `id`=1 LIMIT 1 
2022-07-15 00:19:46.853 [DEBU] {f4cbe4237ebe0117e9525a2fab112039} [  5 ms] [default] [rows:2  ] SELECT `id`,`kind_id`,`name`,`mark`,`data_type`,`unit`,`ratio`,`format`,`home_show`,`remark`,`created_at`,`updated_at` FROM `device_categoty` WHERE kind_id = 1 ORDER BY `id` asc 
2022-07-15 00:19:46.906 [DEBU] {18b758287ebe0117ec525a2f75b61ed7} [  5 ms] [default] [rows:1  ] select count(1) from device_category_data where id!=0  and category_id=2 and device_id=1 
2022-07-15 00:19:46.910 [DEBU] {d40472287ebe0117ed525a2f8a3e5e06} [  8 ms] [default] [rows:1  ] select count(1) from device_category_data where id!=0  and category_id=1 and device_id=1 
2022-07-15 00:19:46.917 [DEBU] {d40472287ebe0117ed525a2f8a3e5e06} [  6 ms] [default] [rows:10 ] select data_int as data , id, created_at from device_category_data where id!=0  and category_id=1 and device_id=1 order by id asc limit  0,10 
2022-07-15 00:19:46.920 [DEBU] {18b758287ebe0117ec525a2f75b61ed7} [ 13 ms] [default] [rows:10 ] select data_int as data , id, created_at from device_category_data where id!=0  and category_id=2 and device_id=1 order by id asc limit  0,10 
2022-07-15 00:20:03.989 [DEBU] {4cb14a2282be0117ef525a2f7f8548f6} [ 10 ms] [default] [rows:1  ] SELECT `id`,`name`,`group`,`sn`,`pwd`,`kind`,`logo`,`monitor`,`location`,`created_at`,`updated_at` FROM `device_info` LEFT JOIN `device_status` ON (device_status.status_id=device_info.id) WHERE `device_info`.`id`=1 LIMIT 1 
2022-07-15 00:20:03.997 [DEBU] {4cb14a2282be0117ef525a2f7f8548f6} [  5 ms] [default] [rows:1  ] SELECT `id`,`name`,`mark`,`time_out`,`created_at`,`updated_at` FROM `device_kind` WHERE `id`=1 LIMIT 1 
2022-07-15 00:20:04.003 [DEBU] {4cb14a2282be0117ef525a2f7f8548f6} [  5 ms] [default] [rows:2  ] SELECT `id`,`kind_id`,`name`,`mark`,`data_type`,`unit`,`ratio`,`format`,`home_show`,`remark`,`created_at`,`updated_at` FROM `device_categoty` WHERE kind_id = 1 ORDER BY `id` asc 
2022-07-15 00:20:04.069 [DEBU] {4472462782be0117f3525a2f23e0ecc8} [  6 ms] [default] [rows:1  ] select count(1) from device_category_data where id!=0  and category_id=2 and device_id=1 
2022-07-15 00:20:04.071 [DEBU] {4c833c2782be0117f2525a2f7f5db270} [  9 ms] [default] [rows:1  ] select count(1) from device_category_data where id!=0  and category_id=1 and device_id=1 
2022-07-15 00:20:04.076 [DEBU] {4472462782be0117f3525a2f23e0ecc8} [  7 ms] [default] [rows:10 ] select data_int as data , id, created_at from device_category_data where id!=0  and category_id=2 and device_id=1 order by id asc limit  0,10 
2022-07-15 00:20:04.085 [DEBU] {4c833c2782be0117f2525a2f7f5db270} [ 13 ms] [default] [rows:10 ] select data_int as data , id, created_at from device_category_data where id!=0  and category_id=1 and device_id=1 order by id asc limit  0,10 
2022-07-15 00:21:00.460 [DEBU] {947367488fbe0117f5525a2f6ac1c7f4} [  6 ms] [default] [rows:1  ] SELECT `id`,`name`,`group`,`sn`,`pwd`,`kind`,`logo`,`monitor`,`location`,`created_at`,`updated_at` FROM `device_info` LEFT JOIN `device_status` ON (device_status.status_id=device_info.id) WHERE `device_info`.`id`=1 LIMIT 1 
2022-07-15 00:21:00.473 [DEBU] {947367488fbe0117f5525a2f6ac1c7f4} [ 11 ms] [default] [rows:1  ] SELECT `id`,`name`,`mark`,`time_out`,`created_at`,`updated_at` FROM `device_kind` WHERE `id`=1 LIMIT 1 
2022-07-15 00:21:00.480 [DEBU] {947367488fbe0117f5525a2f6ac1c7f4} [  6 ms] [default] [rows:2  ] SELECT `id`,`kind_id`,`name`,`mark`,`data_type`,`unit`,`ratio`,`format`,`home_show`,`remark`,`created_at`,`updated_at` FROM `device_categoty` WHERE kind_id = 1 ORDER BY `id` asc 
2022-07-15 00:21:00.535 [DEBU] {0c3afc4c8fbe0117f9525a2f1b222ee8} [  5 ms] [default] [rows:1  ] select count(1) from device_category_data where id!=0  and category_id=2 and device_id=1 
2022-07-15 00:21:00.537 [DEBU] {ecfaec4c8fbe0117f8525a2f0bc0dfe4} [  7 ms] [default] [rows:1  ] select count(1) from device_category_data where id!=0  and category_id=1 and device_id=1 
2022-07-15 00:21:00.541 [DEBU] {0c3afc4c8fbe0117f9525a2f1b222ee8} [  6 ms] [default] [rows:10 ] select data_int as data , id, created_at from device_category_data where id!=0  and category_id=2 and device_id=1 order by id asc limit  0,10 
2022-07-15 00:21:00.545 [DEBU] {ecfaec4c8fbe0117f8525a2f0bc0dfe4} [  7 ms] [default] [rows:10 ] select data_int as data , id, created_at from device_category_data where id!=0  and category_id=1 and device_id=1 order by id asc limit  0,10 
2022-07-15 00:21:08.100 [DEBU] {f8ac970f91be0117fd525a2fdf0f3fc7} [ 10 ms] [default] [rows:1  ] select count(1) from device_category_data where id!=0  and category_id=1 and device_id=1 
2022-07-15 00:21:08.102 [DEBU] {f8ac970f91be0117fc525a2f7e43ac55} [ 12 ms] [default] [rows:1  ] SELECT `id`,`kind_id`,`name`,`mark`,`data_type`,`unit`,`ratio`,`format`,`home_show`,`remark`,`created_at`,`updated_at` FROM `device_categoty` WHERE `id`=1 LIMIT 1 
2022-07-15 00:21:08.108 [DEBU] {f8ac970f91be0117fd525a2fdf0f3fc7} [  8 ms] [default] [rows:40 ] select data_int as data , id, created_at from device_category_data where id!=0  and category_id=1 and device_id=1 order by id asc  
2022-07-15 00:21:52.255 [DEBU] {081c94579bbe0117fe525a2f968347f6} [  7 ms] [default] [rows:1  ] SELECT `id`,`name`,`group`,`sn`,`pwd`,`kind`,`logo`,`monitor`,`location`,`created_at`,`updated_at` FROM `device_info` LEFT JOIN `device_status` ON (device_status.status_id=device_info.id) WHERE `device_info`.`id`=1 LIMIT 1 
2022-07-15 00:21:52.262 [DEBU] {081c94579bbe0117fe525a2f968347f6} [  6 ms] [default] [rows:1  ] SELECT `id`,`name`,`mark`,`time_out`,`created_at`,`updated_at` FROM `device_kind` WHERE `id`=1 LIMIT 1 
2022-07-15 00:21:52.270 [DEBU] {081c94579bbe0117fe525a2f968347f6} [  6 ms] [default] [rows:2  ] SELECT `id`,`kind_id`,`name`,`mark`,`data_type`,`unit`,`ratio`,`format`,`home_show`,`remark`,`created_at`,`updated_at` FROM `device_categoty` WHERE kind_id = 1 ORDER BY `id` asc 
2022-07-15 00:21:52.301 [DEBU] {e8c7825a9bbe0117ff525a2f93a5bee3} [  5 ms] [default] [rows:1  ] select count(1) from device_category_data where id!=0  and category_id=1 and device_id=1 
2022-07-15 00:21:52.303 [DEBU] {e8c7825a9bbe011700535a2f160dbfab} [  6 ms] [default] [rows:1  ] select count(1) from device_category_data where id!=0  and category_id=2 and device_id=1 
2022-07-15 00:21:52.307 [DEBU] {e8c7825a9bbe0117ff525a2f93a5bee3} [  5 ms] [default] [rows:10 ] select data_int as data , id, created_at from device_category_data where id!=0  and category_id=1 and device_id=1 order by id asc limit  0,10 
2022-07-15 00:21:52.309 [DEBU] {e8c7825a9bbe011700535a2f160dbfab} [  5 ms] [default] [rows:10 ] select data_int as data , id, created_at from device_category_data where id!=0  and category_id=2 and device_id=1 order by id asc limit  0,10 
2022-07-15 00:22:00.268 [DEBU] {e4940f359dbe011704535a2f7539e13a} [  5 ms] [default] [rows:1  ] SELECT COUNT(1) FROM `device_kind` 
2022-07-15 00:22:00.271 [DEBU] {7cee59359dbe011705535a2f9711cb91} [  8 ms] [default] [rows:1  ] SELECT COUNT(1) FROM `device_info` 
2022-07-15 00:22:00.278 [DEBU] {7cee59359dbe011705535a2f9711cb91} [  6 ms] [default] [rows:1  ] SELECT `id`,`name`,`group`,`sn`,`pwd`,`kind`,`logo`,`monitor`,`location`,`created_at`,`updated_at` FROM `device_info` LEFT JOIN `device_status` ON (device_status.status_id=device_info.id) ORDER BY `id` asc LIMIT 0,10 
2022-07-15 00:22:00.278 [DEBU] {e4940f359dbe011704535a2f7539e13a} [  9 ms] [default] [rows:3  ] SELECT `id`,`name`,`mark`,`time_out`,`created_at`,`updated_at` FROM `device_kind` ORDER BY `id` asc LIMIT 0,10 
2022-07-15 00:22:00.281 [DEBU] {7cee59359dbe011706535a2f2f79eea5} [ 18 ms] [default] [rows:1  ] SELECT COUNT(1) FROM `device_group` 
2022-07-15 00:22:00.295 [DEBU] {7cee59359dbe011706535a2f2f79eea5} [ 12 ms] [default] [rows:1  ] SELECT `id`,`name`,`created_at`,`updated_at` FROM `device_group` ORDER BY `id` asc LIMIT 0,10 
2022-07-15 00:22:09.348 [DEBU] {7cdc79529fbe011707535a2f6cfeda36} [  6 ms] [default] [rows:1  ] SELECT `id`,`name`,`group`,`sn`,`pwd`,`kind`,`logo`,`monitor`,`location`,`created_at`,`updated_at` FROM `device_info` LEFT JOIN `device_status` ON (device_status.status_id=device_info.id) WHERE `device_info`.`id`=1 LIMIT 1 
2022-07-15 00:22:09.355 [DEBU] {7cdc79529fbe011707535a2f6cfeda36} [  6 ms] [default] [rows:1  ] SELECT `id`,`name`,`mark`,`time_out`,`created_at`,`updated_at` FROM `device_kind` WHERE `id`=1 LIMIT 1 
2022-07-15 00:22:09.362 [DEBU] {7cdc79529fbe011707535a2f6cfeda36} [  6 ms] [default] [rows:2  ] SELECT `id`,`kind_id`,`name`,`mark`,`data_type`,`unit`,`ratio`,`format`,`home_show`,`remark`,`created_at`,`updated_at` FROM `device_categoty` WHERE kind_id = 1 ORDER BY `id` asc 
2022-07-15 00:22:09.392 [DEBU] {985a3c559fbe011709535a2f07bd4d80} [  4 ms] [default] [rows:1  ] select count(1) from device_category_data where id!=0  and category_id=2 and device_id=1 
2022-07-15 00:22:09.394 [DEBU] {985a3c559fbe011708535a2fed2c5ed4} [  6 ms] [default] [rows:1  ] select count(1) from device_category_data where id!=0  and category_id=1 and device_id=1 
2022-07-15 00:22:09.398 [DEBU] {985a3c559fbe011709535a2f07bd4d80} [  5 ms] [default] [rows:10 ] select data_int as data , id, created_at from device_category_data where id!=0  and category_id=2 and device_id=1 order by id asc limit  0,10 
2022-07-15 00:22:09.401 [DEBU] {985a3c559fbe011708535a2fed2c5ed4} [  6 ms] [default] [rows:10 ] select data_int as data , id, created_at from device_category_data where id!=0  and category_id=1 and device_id=1 order by id asc limit  0,10 
2022-07-15 00:22:48.863 [DEBU] {e888ca85a8be01170b535a2f00bd010e} [  5 ms] [default] [rows:1  ] SELECT COUNT(1) FROM `device_kind` 
2022-07-15 00:22:48.869 [DEBU] {e888ca85a8be01170b535a2f00bd010e} [  6 ms] [default] [rows:3  ] SELECT `id`,`name`,`mark`,`time_out`,`created_at`,`updated_at` FROM `device_kind` ORDER BY `id` asc LIMIT 0,10 
2022-07-15 00:22:54.498 [DEBU] {74c628d5a9be01170e535a2f569aebba} [ 13 ms] [default] [rows:1  ] SELECT COUNT(1) FROM `device_categoty` WHERE kind_id = 1 
2022-07-15 00:22:54.502 [DEBU] {48bc9ad5a9be01170f535a2f5cfba6d1} [ 10 ms] [default] [rows:1  ] SELECT COUNT(1) FROM `sys_dict_data` WHERE dict_type = 'data_type' 
2022-07-15 00:22:54.507 [DEBU] {74c628d5a9be01170e535a2f569aebba} [  9 ms] [default] [rows:2  ] SELECT `id`,`kind_id`,`name`,`mark`,`data_type`,`unit`,`ratio`,`format`,`home_show`,`remark`,`created_at`,`updated_at` FROM `device_categoty` WHERE kind_id = 1 ORDER BY `id` asc LIMIT 0,10 
2022-07-15 00:22:54.513 [DEBU] {48bc9ad5a9be01170f535a2f5cfba6d1} [  9 ms] [default] [rows:10 ] SELECT `dict_code`,`dict_sort`,`dict_label`,`dict_value`,`dict_type`,`css_class`,`list_class`,`is_default`,`status`,`create_by`,`update_by`,`remark`,`created_at`,`updated_at` FROM `sys_dict_data` WHERE dict_type = 'data_type' ORDER BY `dict_sort` asc,`dict_code` asc LIMIT 0,10 
2022-07-15 00:22:54.514 [DEBU] {74c628d5a9be01170e535a2f569aebba} [  5 ms] [default] [rows:1  ] SELECT `id`,`name`,`mark`,`time_out`,`created_at`,`updated_at` FROM `device_kind` WHERE `id`=1 LIMIT 1 
2022-07-15 00:22:57.331 [DEBU] {d8f9697eaabe011710535a2f18edab8c} [  4 ms] [default] [rows:1  ] SELECT COUNT(1) FROM `device_kind` 
2022-07-15 00:22:57.338 [DEBU] {d8f9697eaabe011710535a2f18edab8c} [  6 ms] [default] [rows:3  ] SELECT `id`,`name`,`mark`,`time_out`,`created_at`,`updated_at` FROM `device_kind` ORDER BY `id` asc LIMIT 0,10 
2022-07-15 00:22:59.011 [DEBU] {dc924fe2aabe011712535a2fc3ea86bb} [ 11 ms] [default] [rows:1  ] SELECT COUNT(1) FROM `sys_dict_data` WHERE dict_type = 'data_type' 
2022-07-15 00:22:59.014 [DEBU] {182da1e2aabe011713535a2fabc551ce} [  9 ms] [default] [rows:1  ] SELECT COUNT(1) FROM `device_categoty` WHERE kind_id = 2 
2022-07-15 00:22:59.024 [DEBU] {dc924fe2aabe011712535a2fc3ea86bb} [ 10 ms] [default] [rows:10 ] SELECT `dict_code`,`dict_sort`,`dict_label`,`dict_value`,`dict_type`,`css_class`,`list_class`,`is_default`,`status`,`create_by`,`update_by`,`remark`,`created_at`,`updated_at` FROM `sys_dict_data` WHERE dict_type = 'data_type' ORDER BY `dict_sort` asc,`dict_code` asc LIMIT 0,10 
2022-07-15 00:22:59.030 [DEBU] {182da1e2aabe011713535a2fabc551ce} [ 14 ms] [default] [rows:0  ] SELECT `id`,`kind_id`,`name`,`mark`,`data_type`,`unit`,`ratio`,`format`,`home_show`,`remark`,`created_at`,`updated_at` FROM `device_categoty` WHERE kind_id = 2 ORDER BY `id` asc LIMIT 0,10 
2022-07-15 00:22:59.039 [DEBU] {182da1e2aabe011713535a2fabc551ce} [  7 ms] [default] [rows:1  ] SELECT `id`,`name`,`mark`,`time_out`,`created_at`,`updated_at` FROM `device_kind` WHERE `id`=2 LIMIT 1 
2022-07-15 00:23:01.355 [DEBU] {3ce3626eabbe011714535a2f09aab559} [  5 ms] [default] [rows:1  ] SELECT COUNT(1) FROM `device_kind` 
2022-07-15 00:23:01.359 [DEBU] {3ce3626eabbe011714535a2f09aab559} [  4 ms] [default] [rows:3  ] SELECT `id`,`name`,`mark`,`time_out`,`created_at`,`updated_at` FROM `device_kind` ORDER BY `id` asc LIMIT 0,10 
2022-07-15 00:23:03.249 [DEBU] {b819eadeabbe011716535a2fbd153739} [ 10 ms] [default] [rows:1  ] SELECT COUNT(1) FROM `sys_dict_data` WHERE dict_type = 'data_type' 
2022-07-15 00:23:03.253 [DEBU] {1c293fdfabbe011717535a2f9ff24684} [  9 ms] [default] [rows:1  ] SELECT COUNT(1) FROM `device_categoty` WHERE kind_id = 3 
2022-07-15 00:23:03.262 [DEBU] {1c293fdfabbe011717535a2f9ff24684} [  8 ms] [default] [rows:0  ] SELECT `id`,`kind_id`,`name`,`mark`,`data_type`,`unit`,`ratio`,`format`,`home_show`,`remark`,`created_at`,`updated_at` FROM `device_categoty` WHERE kind_id = 3 ORDER BY `id` asc LIMIT 0,10 
2022-07-15 00:23:03.264 [DEBU] {b819eadeabbe011716535a2fbd153739} [ 13 ms] [default] [rows:10 ] SELECT `dict_code`,`dict_sort`,`dict_label`,`dict_value`,`dict_type`,`css_class`,`list_class`,`is_default`,`status`,`create_by`,`update_by`,`remark`,`created_at`,`updated_at` FROM `sys_dict_data` WHERE dict_type = 'data_type' ORDER BY `dict_sort` asc,`dict_code` asc LIMIT 0,10 
2022-07-15 00:23:03.278 [DEBU] {1c293fdfabbe011717535a2f9ff24684} [ 14 ms] [default] [rows:1  ] SELECT `id`,`name`,`mark`,`time_out`,`created_at`,`updated_at` FROM `device_kind` WHERE `id`=3 LIMIT 1 
2022-07-15 00:23:04.599 [DEBU] {50379d2facbe011718535a2f384fda86} [  7 ms] [default] [rows:1  ] SELECT COUNT(1) FROM `device_kind` 
2022-07-15 00:23:04.605 [DEBU] {50379d2facbe011718535a2f384fda86} [  4 ms] [default] [rows:3  ] SELECT `id`,`name`,`mark`,`time_out`,`created_at`,`updated_at` FROM `device_kind` ORDER BY `id` asc LIMIT 0,10 
